# Derivatives solution step at time 0 performed in 0 iterations with 1.18351 error
# Key for lines starting with "Step":
# Step Time TStep NIter ResErr SolErr SolConv Out
Step 0 0 0 0 1.18351 0 0 1
Step 1 0.001 0.001 2 1.23642e-07 0 0 1
Step 2 0.002 0.001 2 1.13039e-05 0 0 1
Step 3 0.003 0.001 4 1.40532e-05 0 0 1
Step 4 0.004 0.001 2 1.93964e-05 0 0 1
Step 5 0.005 0.001 2 5.13662e-06 0 0 1
Step 6 0.006 0.001 2 6.87694e-07 0 0 1
Step 7 0.007 0.001 2 3.17736e-06 0 0 1
Step 8 0.008 0.001 2 9.73079e-06 0 0 1
Step 9 0.009 0.001 4 7.58169e-05 0 0 1
Step 10 0.01 0.001 3 1.54833e-07 0 0 1
Step 11 0.011 0.001 3 9.84058e-06 0 0 1
Step 12 0.012 0.001 4 9.03803e-05 0 0 1
Step 13 0.013 0.001 5 4.30214e-05 0 0 1
Step 14 0.014 0.001 5 1.12172e-05 0 0 1
Step 15 0.015 0.001 3 1.50259e-05 0 0 1
Step 16 0.016 0.001 5 5.05423e-05 0 0 1
Step 17 0.017 0.001 3 7.03141e-07 0 0 1
Step 18 0.018 0.001 4 8.49445e-06 0 0 1
Step 19 0.019 0.001 4 2.98006e-06 0 0 1
Step 20 0.02 0.001 1 5.09986e-05 0 0 1
Step 21 0.021 0.001 4 1.15571e-05 0 0 1
Step 22 0.022 0.001 1 7.97292e-05 0 0 1
Step 23 0.023 0.001 1 7.24724e-05 0 0 1
Step 24 0.024 0.001 1 5.87748e-05 0 0 1
Step 25 0.025 0.001 1 4.65658e-05 0 0 1
Step 26 0.026 0.001 1 4.28241e-05 0 0 1
Step 27 0.027 0.001 2 1.14206e-07 0 0 1
Step 28 0.028 0.001 1 1.67165e-05 0 0 1
Step 29 0.029 0.001 1 9.34643e-06 0 0 1
Step 30 0.03 0.001 1 1.08576e-05 0 0 1
Step 31 0.031 0.001 1 1.48965e-05 0 0 1
Step 32 0.032 0.001 1 2.21144e-05 0 0 1
Step 33 0.033 0.001 1 2.82772e-05 0 0 1
Step 34 0.034 0.001 1 2.6854e-05 0 0 1
Step 35 0.035 0.001 1 1.97575e-05 0 0 1
Step 36 0.036 0.001 1 1.15649e-05 0 0 1
Step 37 0.037 0.001 1 1.26638e-05 0 0 1
Step 38 0.038 0.001 1 6.47775e-06 0 0 1
Step 39 0.039 0.001 1 6.4497e-06 0 0 1
Step 40 0.04 0.001 1 8.58139e-06 0 0 1
Step 41 0.041 0.001 1 1.57406e-05 0 0 1
Step 42 0.042 0.001 1 1.46449e-05 0 0 1
Step 43 0.043 0.001 1 1.48319e-05 0 0 1
Step 44 0.044 0.001 1 1.48032e-05 0 0 1
Step 45 0.045 0.001 1 1.26581e-05 0 0 1
Step 46 0.046 0.001 1 1.49173e-05 0 0 1
Step 47 0.047 0.001 1 2.41015e-05 0 0 1
Step 48 0.048 0.001 1 1.69651e-05 0 0 1
Step 49 0.049 0.001 1 3.58043e-05 0 0 1
Step 50 0.05 0.001 1 5.76884e-05 0 0 1
Step 51 0.051 0.001 2 9.94075e-07 0 0 1
Step 52 0.052 0.001 2 1.31959e-07 0 0 1
Step 53 0.053 0.001 2 3.36745e-07 0 0 1
Step 54 0.054 0.001 2 1.48392e-06 0 0 1
Step 55 0.055 0.001 2 2.98074e-07 0 0 1
Step 56 0.056 0.001 1 4.12446e-05 0 0 1
Step 57 0.057 0.001 1 3.21015e-05 0 0 1
Step 58 0.058 0.001 1 2.79026e-05 0 0 1
Step 59 0.059 0.001 1 1.39873e-05 0 0 1
Step 60 0.06 0.001 1 1.34894e-05 0 0 1
Step 61 0.061 0.001 1 1.24383e-05 0 0 1
Step 62 0.062 0.001 4 6.52085e-06 0 0 1
Step 63 0.063 0.001 1 1.85625e-05 0 0 1
Step 64 0.064 0.001 1 1.65737e-05 0 0 1
Step 65 0.065 0.001 1 1.51194e-05 0 0 1
Step 66 0.066 0.001 1 5.9305e-06 0 0 1
Step 67 0.067 0.001 6 5.35647e-05 0 0 1
Step 68 0.068 0.001 2 1.33733e-07 0 0 1
Step 69 0.069 0.001 1 2.43523e-05 0 0 1
Step 70 0.07 0.001 1 1.02536e-05 0 0 1
Step 71 0.071 0.001 1 1.07361e-05 0 0 1
Step 72 0.072 0.001 1 1.0769e-05 0 0 1
Step 73 0.073 0.001 1 1.09533e-05 0 0 1
Step 74 0.074 0.001 1 1.12746e-05 0 0 1
Step 75 0.075 0.001 1 1.34682e-05 0 0 1
Step 76 0.076 0.001 1 1.40257e-05 0 0 1
Step 77 0.077 0.001 1 1.64996e-05 0 0 1
Step 78 0.078 0.001 1 3.43412e-05 0 0 1
Step 79 0.079 0.001 2 1.42634e-07 0 0 1
Step 80 0.08 0.001 2 5.89885e-07 0 0 1
Step 81 0.081 0.001 1 4.72991e-05 0 0 1
Step 82 0.082 0.001 1 6.56572e-05 0 0 1
Step 83 0.083 0.001 1 6.15391e-05 0 0 1
Step 84 0.084 0.001 1 7.83297e-05 0 0 1
Step 85 0.085 0.001 1 5.03678e-05 0 0 1
Step 86 0.086 0.001 1 1.40651e-05 0 0 1
Step 87 0.087 0.001 1 1.13582e-05 0 0 1
Step 88 0.088 0.001 1 7.49154e-06 0 0 1
Step 89 0.089 0.001 1 7.30982e-06 0 0 1
Step 90 0.09 0.001 1 1.56035e-05 0 0 1
Step 91 0.091 0.001 1 6.36897e-06 0 0 1
Step 92 0.092 0.001 1 1.08788e-05 0 0 1
Step 93 0.093 0.001 1 1.11909e-05 0 0 1
Step 94 0.094 0.001 1 1.39009e-05 0 0 1
Step 95 0.095 0.001 1 5.72395e-06 0 0 1
Step 96 0.096 0.001 1 6.76222e-06 0 0 1
Step 97 0.097 0.001 1 5.20028e-06 0 0 1
Step 98 0.098 0.001 1 8.91388e-06 0 0 1
Step 99 0.099 0.001 1 1.10179e-05 0 0 1
Step 100 0.1 0.001 1 9.04391e-06 0 0 1
Step 101 0.101 0.001 1 8.9795e-06 0 0 1
Step 102 0.102 0.001 1 1.0613e-05 0 0 1
Step 103 0.103 0.001 1 1.06483e-05 0 0 1
Step 104 0.104 0.001 1 9.1823e-06 0 0 1
Step 105 0.105 0.001 1 1.30094e-05 0 0 1
Step 106 0.106 0.001 1 1.12592e-05 0 0 1
Step 107 0.107 0.001 1 8.293e-06 0 0 1
Step 108 0.108 0.001 1 1.72535e-05 0 0 1
Step 109 0.109 0.001 1 3.23257e-05 0 0 1
Step 110 0.11 0.001 1 1.53502e-05 0 0 1
Step 111 0.111 0.001 1 3.37709e-05 0 0 1
Step 112 0.112 0.001 2 1.59236e-07 0 0 1
Step 113 0.113 0.001 1 7.73001e-05 0 0 1
Step 114 0.114 0.001 1 4.01295e-05 0 0 1
Step 115 0.115 0.001 1 3.15077e-05 0 0 1
Step 116 0.116 0.001 1 1.76568e-05 0 0 1
Step 117 0.117 0.001 1 1.03897e-05 0 0 1
Step 118 0.118 0.001 1 1.01362e-05 0 0 1
Step 119 0.119 0.001 1 1.01552e-05 0 0 1
Step 120 0.12 0.001 1 8.53974e-06 0 0 1
Step 121 0.121 0.001 1 5.67405e-06 0 0 1
Step 122 0.122 0.001 1 8.6716e-06 0 0 1
Step 123 0.123 0.001 1 8.7588e-06 0 0 1
Step 124 0.124 0.001 1 4.49032e-05 0 0 1
Step 125 0.125 0.001 1 4.1427e-06 0 0 1
Step 126 0.126 0.001 2 3.04118e-07 0 0 1
Step 127 0.127 0.001 1 1.03441e-05 0 0 1
Step 128 0.128 0.001 1 1.05361e-05 0 0 1
Step 129 0.129 0.001 1 8.4609e-06 0 0 1
Step 130 0.13 0.001 1 9.92417e-06 0 0 1
Step 131 0.131 0.001 1 8.32618e-06 0 0 1
Step 132 0.132 0.001 1 8.30576e-06 0 0 1
Step 133 0.133 0.001 1 7.02207e-06 0 0 1
Step 134 0.134 0.001 1 1.39922e-05 0 0 1
Step 135 0.135 0.001 1 1.22889e-05 0 0 1
Step 136 0.136 0.001 1 2.22747e-05 0 0 1
Step 137 0.137 0.001 1 1.42471e-05 0 0 1
Step 138 0.138 0.001 1 1.39693e-05 0 0 1
Step 139 0.139 0.001 1 2.06955e-05 0 0 1
Step 140 0.14 0.001 1 3.10714e-05 0 0 1
Step 141 0.141 0.001 1 2.22432e-05 0 0 1
Step 142 0.142 0.001 1 2.5341e-05 0 0 1
Step 143 0.143 0.001 1 1.90734e-05 0 0 1
Step 144 0.144 0.001 1 4.29193e-05 0 0 1
Step 145 0.145 0.001 1 1.31571e-05 0 0 1
Step 146 0.146 0.001 1 1.69721e-05 0 0 1
Step 147 0.147 0.001 1 1.80481e-05 0 0 1
Step 148 0.148 0.001 1 2.51966e-05 0 0 1
Step 149 0.149 0.001 1 1.30572e-05 0 0 1
Step 150 0.15 0.001 1 8.4981e-06 0 0 1
Step 151 0.151 0.001 1 1.64079e-05 0 0 1
Step 152 0.152 0.001 1 1.07304e-05 0 0 1
Step 153 0.153 0.001 1 1.80859e-05 0 0 1
Step 154 0.154 0.001 1 7.42528e-06 0 0 1
Step 155 0.155 0.001 1 7.45547e-06 0 0 1
Step 156 0.156 0.001 1 8.46205e-06 0 0 1
Step 157 0.157 0.001 1 9.48383e-06 0 0 1
Step 158 0.158 0.001 1 6.85325e-06 0 0 1
Step 159 0.159 0.001 1 7.24096e-06 0 0 1
Step 160 0.16 0.001 1 5.75493e-06 0 0 1
Step 161 0.161 0.001 1 5.77568e-06 0 0 1
Step 162 0.162 0.001 1 7.40673e-06 0 0 1
Step 163 0.163 0.001 1 8.747e-06 0 0 1
Step 164 0.164 0.001 1 9.02052e-06 0 0 1
Step 165 0.165 0.001 1 7.76175e-06 0 0 1
Step 166 0.166 0.001 1 1.19386e-05 0 0 1
Step 167 0.167 0.001 1 1.03126e-05 0 0 1
Step 168 0.168 0.001 1 1.50078e-05 0 0 1
Step 169 0.169 0.001 1 1.31201e-05 0 0 1
Step 170 0.17 0.001 1 2.56122e-05 0 0 1
Step 171 0.171 0.001 1 1.59178e-05 0 0 1
Step 172 0.172 0.001 1 2.2884e-05 0 0 1
Step 173 0.173 0.001 1 1.49845e-05 0 0 1
Step 174 0.174 0.001 1 1.79033e-05 0 0 1
Step 175 0.175 0.001 1 2.64347e-05 0 0 1
Step 176 0.176 0.001 1 1.29818e-05 0 0 1
Step 177 0.177 0.001 1 6.32358e-06 0 0 1
Step 178 0.178 0.001 1 9.01752e-06 0 0 1
Step 179 0.179 0.001 1 7.57849e-06 0 0 1
Step 180 0.18 0.001 1 1.15919e-05 0 0 1
Step 181 0.181 0.001 1 6.96892e-06 0 0 1
Step 182 0.182 0.001 1 1.33071e-05 0 0 1
Step 183 0.183 0.001 1 3.68408e-05 0 0 1
Step 184 0.184 0.001 1 3.6372e-06 0 0 1
Step 185 0.185 0.001 1 8.68408e-06 0 0 1
Step 186 0.186 0.001 1 4.85633e-06 0 0 1
Step 187 0.187 0.001 1 1.1346e-05 0 0 1
Step 188 0.188 0.001 1 9.82059e-06 0 0 1
Step 189 0.189 0.001 1 7.59254e-06 0 0 1
Step 190 0.19 0.001 1 1.23545e-05 0 0 1
Step 191 0.191 0.001 1 1.4146e-05 0 0 1
Step 192 0.192 0.001 1 2.82786e-05 0 0 1
Step 193 0.193 0.001 1 1.41232e-05 0 0 1
Step 194 0.194 0.001 1 1.1704e-05 0 0 1
Step 195 0.195 0.001 1 9.42259e-06 0 0 1
Step 196 0.196 0.001 1 9.47611e-06 0 0 1
Step 197 0.197 0.001 1 1.46038e-05 0 0 1
Step 198 0.198 0.001 1 1.0677e-05 0 0 1
Step 199 0.199 0.001 1 1.72005e-05 0 0 1
Step 200 0.2 0.001 1 1.79382e-05 0 0 1
Step 201 0.201 0.001 3 7.88977e-08 0 0 1
Step 202 0.202 0.001 3 1.04942e-07 0 0 1
Step 203 0.203 0.001 3 7.87508e-08 0 0 1
Step 204 0.204 0.001 3 2.6946e-07 0 0 1
Step 205 0.205 0.001 2 4.9805e-05 0 0 1
Step 206 0.206 0.001 3 1.11968e-07 0 0 1
Step 207 0.207 0.001 3 3.75543e-07 0 0 1
Step 208 0.208 0.001 3 3.55794e-07 0 0 1
Step 209 0.209 0.001 3 2.05075e-07 0 0 1
Step 210 0.21 0.001 3 3.74842e-08 0 0 1
Step 211 0.211 0.001 2 2.49459e-05 0 0 1
Step 212 0.212 0.001 3 1.47504e-07 0 0 1
Step 213 0.213 0.001 3 6.16502e-07 0 0 1
Step 214 0.214 0.001 3 1.17057e-06 0 0 1
Step 215 0.215 0.001 3 1.06883e-06 0 0 1
Step 216 0.216 0.001 3 3.90365e-07 0 0 1
Step 217 0.217 0.001 3 5.83787e-08 0 0 1
Step 218 0.218 0.001 2 1.0289e-05 0 0 1
Step 219 0.219 0.001 3 3.33276e-08 0 0 1
Step 220 0.22 0.001 3 1.69992e-07 0 0 1
Step 221 0.221 0.001 3 4.82964e-07 0 0 1
Step 222 0.222 0.001 3 7.47311e-07 0 0 1
Step 223 0.223 0.001 3 7.59101e-07 0 0 1
Step 224 0.224 0.001 3 5.13889e-07 0 0 1
Step 225 0.225 0.001 3 2.18643e-07 0 0 1
Step 226 0.226 0.001 3 6.86795e-08 0 0 1
Step 227 0.227 0.001 2 3.78607e-05 0 0 1
Step 228 0.228 0.001 3 5.03246e-08 0 0 1
Step 229 0.229 0.001 3 1.09306e-07 0 0 1
Step 230 0.23 0.001 3 2.14793e-07 0 0 1
Step 231 0.231 0.001 3 3.91066e-07 0 0 1
Step 232 0.232 0.001 3 5.89195e-07 0 0 1
Step 233 0.233 0.001 3 6.70036e-07 0 0 1
Step 234 0.234 0.001 3 5.35093e-07 0 0 1
Step 235 0.235 0.001 3 2.77574e-07 0 0 1
Step 236 0.236 0.001 3 7.98606e-08 0 0 1
Step 237 0.237 0.001 3 5.5557e-08 0 0 1
Step 238 0.238 0.001 3 1.34197e-07 0 0 1
Step 239 0.239 0.001 3 2.6422e-07 0 0 1
Step 240 0.24 0.001 3 4.12058e-07 0 0 1
Step 241 0.241 0.001 3 5.50255e-07 0 0 1
Step 242 0.242 0.001 3 6.5693e-07 0 0 1
Step 243 0.243 0.001 3 6.17478e-07 0 0 1
Step 244 0.244 0.001 3 4.37822e-07 0 0 1
Step 245 0.245 0.001 3 2.34478e-07 0 0 1
Step 246 0.246 0.001 3 1.13658e-07 0 0 1
Step 247 0.247 0.001 3 1.19179e-07 0 0 1
Step 248 0.248 0.001 3 2.70697e-07 0 0 1
Step 249 0.249 0.001 3 4.09115e-07 0 0 1
Step 250 0.25 0.001 3 4.43101e-07 0 0 1
Step 251 0.251 0.001 3 4.74029e-07 0 0 1
Step 252 0.252 0.001 3 6.38501e-07 0 0 1
Step 253 0.253 0.001 3 7.06371e-07 0 0 1
Step 254 0.254 0.001 3 5.44192e-07 0 0 1
Step 255 0.255 0.001 3 2.82966e-07 0 0 1
Step 256 0.256 0.001 3 1.36955e-07 0 0 1
Step 257 0.257 0.001 3 3.21921e-07 0 0 1
Step 258 0.258 0.001 3 6.08664e-07 0 0 1
Step 259 0.259 0.001 3 7.26015e-07 0 0 1
Step 260 0.26 0.001 3 5.9899e-07 0 0 1
Step 261 0.261 0.001 3 5.32556e-07 0 0 1
Step 262 0.262 0.001 3 5.95614e-07 0 0 1
Step 263 0.263 0.001 3 5.60214e-07 0 0 1
Step 264 0.264 0.001 3 4.19483e-07 0 0 1
Step 265 0.265 0.001 3 2.7126e-07 0 0 1
Step 266 0.266 0.001 3 3.39753e-07 0 0 1
Step 267 0.267 0.001 3 6.34265e-07 0 0 1
Step 268 0.268 0.001 3 8.32907e-07 0 0 1
Step 269 0.269 0.001 3 7.52499e-07 0 0 1
Step 270 0.27 0.001 3 4.74998e-07 0 0 1
Step 271 0.271 0.001 3 4.66284e-07 0 0 1
Step 272 0.272 0.001 3 6.53403e-07 0 0 1
Step 273 0.273 0.001 3 6.77442e-07 0 0 1
Step 274 0.274 0.001 3 4.87153e-07 0 0 1
Step 275 0.275 0.001 3 3.12843e-07 0 0 1
Step 276 0.276 0.001 3 6.13973e-07 0 0 1
Step 277 0.277 0.001 3 1.08409e-06 0 0 1
Step 278 0.278 0.001 3 1.24815e-06 0 0 1
Step 279 0.279 0.001 3 9.22319e-07 0 0 1
Step 280 0.28 0.001 3 5.21881e-07 0 0 1
Step 281 0.281 0.001 3 5.18153e-07 0 0 1
Step 282 0.282 0.001 3 5.63634e-07 0 0 1
Step 283 0.283 0.001 3 5.43817e-07 0 0 1
Step 284 0.284 0.001 3 4.87712e-07 0 0 1
Step 285 0.285 0.001 3 6.54115e-07 0 0 1
Step 286 0.286 0.001 3 1.09291e-06 0 0 1
Step 287 0.287 0.001 3 1.38298e-06 0 0 1
Step 288 0.288 0.001 3 1.23395e-06 0 0 1
Step 289 0.289 0.001 3 7.35194e-07 0 0 1
Step 290 0.29 0.001 3 3.75715e-07 0 0 1
Step 291 0.291 0.001 3 5.52876e-07 0 0 1
Step 292 0.292 0.001 3 7.44529e-07 0 0 1
Step 293 0.293 0.001 3 7.15408e-07 0 0 1
Step 294 0.294 0.001 3 5.68142e-07 0 0 1
Step 295 0.295 0.001 3 9.66361e-07 0 0 1
Step 296 0.296 0.001 3 1.66078e-06 0 0 1
Step 297 0.297 0.001 3 2.01103e-06 0 0 1
Step 298 0.298 0.001 3 1.58336e-06 0 0 1
Step 299 0.299 0.001 3 7.65008e-07 0 0 1
Step 300 0.3 0.001 3 4.07328e-07 0 0 1
Step 301 0.301 0.001 3 4.98439e-07 0 0 1
Step 302 0.302 0.001 5 5.90661e-06 0 0 1
Step 303 0.303 0.001 3 1.14932e-06 0 0 1
Step 304 0.304 0.001 3 9.66651e-07 0 0 1
Step 305 0.305 0.001 3 1.62913e-06 0 0 1
Step 306 0.306 0.001 3 2.1051e-06 0 0 1
Step 307 0.307 0.001 3 1.97404e-06 0 0 1
Step 308 0.308 0.001 3 1.24315e-06 0 0 1
Step 309 0.309 0.001 3 4.81684e-07 0 0 1
Step 310 0.31 0.001 3 4.08823e-07 0 0 1
Step 311 0.311 0.001 3 6.72491e-07 0 0 1
Step 312 0.312 0.001 3 8.00657e-07 0 0 1
Step 313 0.313 0.001 3 7.62196e-07 0 0 1
Step 314 0.314 0.001 3 1.32249e-06 0 0 1
Step 315 0.315 0.001 3 2.29548e-06 0 0 1
Step 316 0.316 0.001 3 2.89961e-06 0 0 1
Step 317 0.317 0.001 3 2.47157e-06 0 0 1
Step 318 0.318 0.001 3 1.29788e-06 0 0 1
Step 319 0.319 0.001 3 4.18524e-07 0 0 1
Step 320 0.32 0.001 3 4.10103e-07 0 0 1
Step 321 0.321 0.001 3 5.34049e-07 0 0 1
Step 322 0.322 0.001 3 6.96549e-07 0 0 1
Step 323 0.323 0.001 3 1.19398e-06 0 0 1
Step 324 0.324 0.001 3 2.17924e-06 0 0 1
Step 325 0.325 0.001 3 2.86706e-06 0 0 1
Step 326 0.326 0.001 3 2.86947e-06 0 0 1
Step 327 0.327 0.001 3 1.9632e-06 0 0 1
Step 328 0.328 0.001 3 8.30806e-07 0 0 1
Step 329 0.329 0.001 3 2.97285e-07 0 0 1
Step 330 0.33 0.001 3 5.33466e-07 0 0 1
Step 331 0.331 0.001 3 7.75483e-07 0 0 1
Step 332 0.332 0.001 3 8.6408e-07 0 0 1
Step 333 0.333 0.001 3 1.52074e-06 0 0 1
Step 334 0.334 0.001 3 2.75927e-06 0 0 1
Step 335 0.335 0.001 3 3.64292e-06 0 0 1
Step 336 0.336 0.001 3 3.44177e-06 0 0 1
Step 337 0.337 0.001 3 2.08066e-06 0 0 1
Step 338 0.338 0.001 3 6.57908e-07 0 0 1
Step 339 0.339 0.001 3 3.31205e-07 0 0 1
Step 340 0.34 0.001 3 4.59975e-07 0 0 1
Step 341 0.341 0.001 3 6.82133e-07 0 0 1
Step 342 0.342 0.001 3 1.2733e-06 0 0 1
Step 343 0.343 0.001 3 2.59776e-06 0 0 1
Step 344 0.344 0.001 3 3.55432e-06 0 0 1
Step 345 0.345 0.001 3 3.7914e-06 0 0 1
Step 346 0.346 0.001 3 2.884e-06 0 0 1
Step 347 0.347 0.001 3 1.44017e-06 0 0 1
Step 348 0.348 0.001 3 3.67775e-07 0 0 1
Step 349 0.349 0.001 3 4.02926e-07 0 0 1
Step 350 0.35 0.001 3 7.02961e-07 0 0 1
Step 351 0.351 0.001 3 8.91775e-07 0 0 1
Step 352 0.352 0.001 3 1.6213e-06 0 0 1
Step 353 0.353 0.001 3 3.2303e-06 0 0 1
Step 354 0.354 0.001 3 4.38792e-06 0 0 1
Step 355 0.355 0.001 3 4.5594e-06 0 0 1
Step 356 0.356 0.001 3 3.15066e-06 0 0 1
Step 357 0.357 0.001 3 1.24195e-06 0 0 1
Step 358 0.358 0.001 3 2.88012e-07 0 0 1
Step 359 0.359 0.001 3 3.60422e-07 0 0 1
Step 360 0.36 0.001 3 5.72238e-07 0 0 1
Step 361 0.361 0.001 3 1.13087e-06 0 0 1
Step 362 0.362 0.001 3 2.76276e-06 0 0 1
Step 363 0.363 0.001 3 4.09261e-06 0 0 1
Step 364 0.364 0.001 3 4.60146e-06 0 0 1
Step 365 0.365 0.001 3 3.86456e-06 0 0 1
Step 366 0.366 0.001 3 2.18215e-06 0 0 1
Step 367 0.367 0.001 3 6.44064e-07 0 0 1
Step 368 0.368 0.001 3 2.89228e-07 0 0 1
Step 369 0.369 0.001 3 5.7117e-07 0 0 1
Step 370 0.37 0.001 3 8.30417e-07 0 0 1
Step 371 0.371 0.001 3 1.52817e-06 0 0 1
Step 372 0.372 0.001 3 3.48259e-06 0 0 1
Step 373 0.373 0.001 3 4.88683e-06 0 0 1
Step 374 0.374 0.001 3 5.4791e-06 0 0 1
Step 375 0.375 0.001 3 4.26084e-06 0 0 1
Step 376 0.376 0.001 3 2.06244e-06 0 0 1
Step 377 0.377 0.001 3 4.02538e-07 0 0 1
Step 378 0.378 0.001 3 2.86584e-07 0 0 1
Step 379 0.379 0.001 3 4.66466e-07 0 0 1
Step 380 0.38 0.001 3 9.39893e-07 0 0 1
Step 381 0.381 0.001 3 2.69893e-06 0 0 1
Step 382 0.382 0.001 3 4.53638e-06 0 0 1
Step 383 0.383 0.001 3 5.23423e-06 0 0 1
Step 384 0.384 0.001 3 4.82448e-06 0 0 1
Step 385 0.385 0.001 3 3.10794e-06 0 0 1
Step 386 0.386 0.001 3 1.184e-06 0 0 1
Step 387 0.387 0.001 3 2.40889e-07 0 0 1
Step 388 0.388 0.001 3 4.43983e-07 0 0 1
Step 389 0.389 0.001 3 7.3753e-07 0 0 1
Step 390 0.39 0.001 3 1.26737e-06 0 0 1
Step 391 0.391 0.001 3 3.3646e-06 0 0 1
Step 392 0.392 0.001 3 5.17778e-06 0 0 1
Step 393 0.393 0.001 3 6.1178e-06 0 0 1
Step 394 0.394 0.001 3 5.31374e-06 0 0 1
Step 395 0.395 0.001 3 3.03273e-06 0 0 1
Step 396 0.396 0.001 3 7.69835e-07 0 0 1
Step 397 0.397 0.001 3 2.36775e-07 0 0 1
Step 398 0.398 0.001 3 3.74854e-07 0 0 1
Step 399 0.399 0.001 3 7.47154e-07 0 0 1
Step 400 0.4 0.001 3 2.3775e-06 0 0 1
Step 401 0.401 0.001 3 4.77406e-06 0 0 1
Step 402 0.402 0.001 3 5.72545e-06 0 0 1
Step 403 0.403 0.001 3 5.72602e-06 0 0 1
Step 404 0.404 0.001 3 4.11153e-06 0 0 1
Step 405 0.405 0.001 3 1.93686e-06 0 0 1
Step 406 0.406 0.001 3 3.57143e-07 0 0 1
Step 407 0.407 0.001 3 3.30541e-07 0 0 1
Step 408 0.408 0.001 3 6.19892e-07 0 0 1
Step 409 0.409 0.001 3 1.0298e-06 0 0 1
Step 410 0.41 0.001 3 3.11663e-06 0 0 1
Step 411 0.411 0.001 3 5.45513e-06 0 0 1
Step 412 0.412 0.001 3 6.58075e-06 0 0 1
Step 413 0.413 0.001 3 6.34631e-06 0 0 1
Step 414 0.414 0.001 3 4.16631e-06 0 0 1
Step 415 0.415 0.001 3 1.44345e-06 0 0 1
Step 416 0.416 0.001 3 2.17057e-07 0 0 1
Step 417 0.417 0.001 3 2.89715e-07 0 0 1
Step 418 0.418 0.001 3 5.55167e-07 0 0 1
Step 419 0.419 0.001 3 1.84259e-06 0 0 1
Step 420 0.42 0.001 3 4.59859e-06 0 0 1
Step 421 0.421 0.001 3 5.98873e-06 0 0 1
Step 422 0.422 0.001 3 6.31793e-06 0 0 1
Step 423 0.423 0.001 3 4.97599e-06 0 0 1
Step 424 0.424 0.001 3 2.70613e-06 0 0 1
Step 425 0.425 0.001 3 6.5745e-07 0 0 1
Step 426 0.426 0.001 3 2.46597e-07 0 0 1
Step 427 0.427 0.001 3 5.08209e-07 0 0 1
Step 428 0.428 0.001 3 8.29879e-07 0 0 1
Step 429 0.429 0.001 3 2.5944e-06 0 0 1
Step 430 0.43 0.001 3 5.43382e-06 0 0 1
Step 431 0.431 0.001 3 6.7537e-06 0 0 1
Step 432 0.432 0.001 3 7.09851e-06 0 0 1
Step 433 0.433 0.001 3 5.2073e-06 0 0 1
Step 434 0.434 0.001 3 2.3118e-06 0 0 1
Step 435 0.435 0.001 3 3.2673e-07 0 0 1
Step 436 0.436 0.001 3 2.34924e-07 0 0 1
Step 437 0.437 0.001 3 4.33235e-07 0 0 1
Step 438 0.438 0.001 3 1.34193e-06 0 0 1
Step 439 0.439 0.001 3 4.20289e-06 0 0 1
Step 440 0.44 0.001 3 6.18602e-06 0 0 1
Step 441 0.441 0.001 3 6.6992e-06 0 0 1
Step 442 0.442 0.001 3 5.82316e-06 0 0 1
Step 443 0.443 0.001 3 3.59958e-06 0 0 1
Step 444 0.444 0.001 3 1.19213e-06 0 0 1
Step 445 0.445 0.001 3 2.02695e-07 0 0 1
Step 446 0.446 0.001 3 4.02566e-07 0 0 1
Step 447 0.447 0.001 3 6.88577e-07 0 0 1
Step 448 0.448 0.001 3 1.92592e-06 0 0 1
Step 449 0.449 0.001 3 5.04553e-06 0 0 1
Step 450 0.45 0.001 3 6.78304e-06 0 0 1
Step 451 0.451 0.001 3 7.55497e-06 0 0 1
Step 452 0.452 0.001 3 6.11623e-06 0 0 1
Step 453 0.453 0.001 3 3.25091e-06 0 0 1
Step 454 0.454 0.001 3 6.42877e-07 0 0 1
Step 455 0.455 0.001 3 1.90364e-07 0 0 1
Step 456 0.456 0.001 3 3.36705e-07 0 0 1
Step 457 0.457 0.001 3 9.26233e-07 0 0 1
Step 458 0.458 0.001 3 3.56247e-06 0 0 1
Step 459 0.459 0.001 3 6.21554e-06 0 0 1
Step 460 0.46 0.001 3 6.91597e-06 0 0 1
Step 461 0.461 0.001 3 6.5611e-06 0 0 1
Step 462 0.462 0.001 3 4.47275e-06 0 0 1
Step 463 0.463 0.001 3 1.89771e-06 0 0 1
Step 464 0.464 0.001 3 2.6516e-07 0 0 1
Step 465 0.465 0.001 3 3.11336e-07 0 0 1
Step 466 0.466 0.001 3 5.72951e-07 0 0 1
Step 467 0.467 0.001 3 1.37894e-06 0 0 1
Step 468 0.468 0.001 3 4.49666e-06 0 0 1
Step 469 0.469 0.001 3 6.79992e-06 0 0 1
Step 470 0.47 0.001 3 7.76523e-06 0 0 1
Step 471 0.471 0.001 3 6.95718e-06 0 0 1
Step 472 0.472 0.001 3 4.26867e-06 0 0 1
Step 473 0.473 0.001 3 1.20615e-06 0 0 1
Step 474 0.474 0.001 3 1.73377e-07 0 0 1
Step 475 0.475 0.001 3 2.56591e-07 0 0 1
Step 476 0.476 0.001 3 6.19385e-07 0 0 1
Step 477 0.477 0.001 3 2.71986e-06 0 0 1
Step 478 0.478 0.001 3 5.87702e-06 0 0 1
Step 479 0.479 0.001 3 6.93242e-06 0 0 1
Step 480 0.48 0.001 3 7.0186e-06 0 0 1
Step 481 0.481 0.001 3 5.18035e-06 0 0 1
Step 482 0.482 0.001 3 2.61069e-06 0 0 1
Step 483 0.483 0.001 3 4.91611e-07 0 0 1
Step 484 0.484 0.001 3 2.37727e-07 0 0 1
Step 485 0.485 0.001 3 4.82424e-07 0 0 1
Step 486 0.486 0.001 3 9.69082e-07 0 0 1
Step 487 0.487 0.001 3 3.71114e-06 0 0 1
Step 488 0.488 0.001 3 6.62965e-06 0 0 1
Step 489 0.489 0.001 3 7.73247e-06 0 0 1
Step 490 0.49 0.001 3 7.61385e-06 0 0 1
Step 491 0.491 0.001 3 5.20852e-06 0 0 1
Step 492 0.492 0.001 3 1.95699e-06 0 0 1
Step 493 0.493 0.001 3 2.08896e-07 0 0 1
Step 494 0.494 0.001 3 2.10177e-07 0 0 1
Step 495 0.495 0.001 3 4.50268e-07 0 0 1
Step 496 0.496 0.001 3 1.95302e-06 0 0 1
Step 497 0.497 0.001 3 5.345e-06 0 0 1
Step 498 0.498 0.001 3 6.9305e-06 0 0 1
Step 499 0.499 0.001 3 7.27542e-06 0 0 1
Step 500 0.5 0.001 3 5.88838e-06 0 0 1
Step 501 0.501 0.001 3 3.39227e-06 0 0 1
Step 502 0.502 0.001 3 8.98128e-07 0 0 1
Step 503 0.503 0.001 3 1.91479e-07 0 0 1
Step 504 0.504 0.001 3 3.96008e-07 0 0 1
Step 505 0.505 0.001 3 7.10759e-07 0 0 1
Step 506 0.506 0.001 3 2.78802e-06 0 0 1
Step 507 0.507 0.001 3 6.16503e-06 0 0 1
Step 508 0.508 0.001 3 7.56445e-06 0 0 1
Step 509 0.509 0.001 3 8.00311e-06 0 0 1
Step 510 0.51 0.001 3 5.97365e-06 0 0 1
Step 511 0.511 0.001 3 2.77528e-06 0 0 1
Step 512 0.512 0.001 3 3.88982e-07 0 0 1
Step 513 0.513 0.001 3 1.75229e-07 0 0 1
Step 514 0.514 0.001 3 3.4248e-07 0 0 1
Step 515 0.515 0.001 3 1.32747e-06 0 0 1
Step 516 0.516 0.001 3 4.60629e-06 0 0 1
Step 517 0.517 0.001 3 6.85725e-06 0 0 1
Step 518 0.518 0.001 3 7.36461e-06 0 0 1
Step 519 0.519 0.001 3 6.51952e-06 0 0 1
Step 520 0.52 0.001 3 4.15489e-06 0 0 1
Step 521 0.521 0.001 3 1.45466e-06 0 0 1
Step 522 0.522 0.001 3 1.82435e-07 0 0 1
Step 523 0.523 0.001 3 3.20033e-07 0 0 1
Step 524 0.524 0.001 3 5.72539e-07 0 0 1
Step 525 0.525 0.001 3 1.9985e-06 0 0 1
Step 526 0.526 0.001 3 5.55929e-06 0 0 1
Step 527 0.527 0.001 3 7.39532e-06 0 0 1
Step 528 0.528 0.001 3 8.17444e-06 0 0 1
Step 529 0.529 0.001 3 6.70733e-06 0 0 1
Step 530 0.53 0.001 3 3.68914e-06 0 0 1
Step 531 0.531 0.001 3 7.63206e-07 0 0 1
Step 532 0.532 0.001 3 1.60732e-07 0 0 1
Step 533 0.533 0.001 3 2.69178e-07 0 0 1
Step 534 0.534 0.001 3 8.48357e-07 0 0 1
Step 535 0.535 0.001 3 3.66402e-06 0 0 1
Step 536 0.536 0.001 3 6.54751e-06 0 0 1
Step 537 0.537 0.001 3 7.26941e-06 0 0 1
Step 538 0.538 0.001 3 6.96331e-06 0 0 1
Step 539 0.539 0.001 3 4.78222e-06 0 0 1
Step 540 0.54 0.001 3 2.0692e-06 0 0 1
Step 541 0.541 0.001 3 2.90496e-07 0 0 1
Step 542 0.542 0.001 3 2.55566e-07 0 0 1
Step 543 0.543 0.001 3 4.82203e-07 0 0 1
Step 544 0.544 0.001 3 1.3647e-06 0 0 1
Step 545 0.545 0.001 3 4.74693e-06 0 0 1
Step 546 0.546 0.001 3 7.17735e-06 0 0 1
Step 547 0.547 0.001 3 8.14253e-06 0 0 1
Step 548 0.548 0.001 3 7.33009e-06 0 0 1
Step 549 0.549 0.001 3 4.56178e-06 0 0 1
Step 550 0.55 0.001 3 1.31062e-06 0 0 1
Step 551 0.551 0.001 3 1.48978e-07 0 0 1
Step 552 0.552 0.001 3 2.16191e-07 0 0 1
Step 553 0.553 0.001 3 5.6643e-07 0 0 1
Step 554 0.554 0.001 3 2.76589e-06 0 0 1
Step 555 0.555 0.001 3 6.09097e-06 0 0 1
Step 556 0.556 0.001 3 7.15724e-06 0 0 1
Step 557 0.557 0.001 3 7.25656e-06 0 0 1
Step 558 0.558 0.001 3 5.39888e-06 0 0 1
Step 559 0.559 0.001 3 2.76209e-06 0 0 1
Step 560 0.56 0.001 3 5.22864e-07 0 0 1
Step 561 0.561 0.001 3 2.1291e-07 0 0 1
Step 562 0.562 0.001 3 4.21874e-07 0 0 1
Step 563 0.563 0.001 3 9.0896e-07 0 0 1
Step 564 0.564 0.001 3 3.76054e-06 0 0 1
Step 565 0.565 0.001 3 6.78124e-06 0 0 1
Step 566 0.566 0.001 3 7.90966e-06 0 0 1
Step 567 0.567 0.001 3 7.77363e-06 0 0 1
Step 568 0.568 0.001 3 5.29861e-06 0 0 1
Step 569 0.569 0.001 3 1.97853e-06 0 0 1
Step 570 0.57 0.001 3 2.02692e-07 0 0 1
Step 571 0.571 0.001 3 1.79157e-07 0 0 1
Step 572 0.572 0.001 3 4.08758e-07 0 0 1
Step 573 0.573 0.001 3 2.00809e-06 0 0 1
Step 574 0.574 0.001 3 5.45381e-06 0 0 1
Step 575 0.575 0.001 3 7.03795e-06 0 0 1
Step 576 0.576 0.001 3 7.39525e-06 0 0 1
Step 577 0.577 0.001 3 5.9891e-06 0 0 1
Step 578 0.578 0.001 3 3.46453e-06 0 0 1
Step 579 0.579 0.001 3 9.07994e-07 0 0 1
Step 580 0.58 0.001 3 1.73759e-07 0 0 1
Step 581 0.581 0.001 3 3.54732e-07 0 0 1
Step 582 0.582 0.001 3 6.54478e-07 0 0 1
Step 583 0.583 0.001 3 2.84438e-06 0 0 1
Step 584 0.584 0.001 3 6.28863e-06 0 0 1
Step 585 0.585 0.001 3 7.66677e-06 0 0 1
Step 586 0.586 0.001 3 8.06745e-06 0 0 1
Step 587 0.587 0.001 3 5.99738e-06 0 0 1
Step 588 0.588 0.001 3 2.76476e-06 0 0 1
Step 589 0.589 0.001 3 3.83702e-07 0 0 1
Step 590 0.59 0.001 3 1.61875e-07 0 0 1
Step 591 0.591 0.001 3 3.08629e-07 0 0 1
Step 592 0.592 0.001 3 1.3155e-06 0 0 1
Step 593 0.593 0.001 3 4.59256e-06 0 0 1
Step 594 0.594 0.001 3 6.81535e-06 0 0 1
Step 595 0.595 0.001 3 7.35079e-06 0 0 1
Step 596 0.596 0.001 3 6.47323e-06 0 0 1
Step 597 0.597 0.001 3 4.07301e-06 0 0 1
Step 598 0.598 0.001 3 1.39167e-06 0 0 1
Step 599 0.599 0.001 3 1.71467e-07 0 0 1
Step 600 0.6 0.001 3 3.02415e-07 0 0 1
Step 601 0.601 0.001 3 5.3146e-07 0 0 1
Step 602 0.602 0.001 3 2.04701e-06 0 0 1
Step 603 0.603 0.001 3 5.62521e-06 0 0 1
Step 604 0.604 0.001 3 7.40774e-06 0 0 1
Step 605 0.605 0.001 3 8.16771e-06 0 0 1
Step 606 0.606 0.001 3 6.63326e-06 0 0 1
Step 607 0.607 0.001 3 3.59541e-06 0 0 1
Step 608 0.608 0.001 3 7.15531e-07 0 0 1
Step 609 0.609 0.001 3 1.4865e-07 0 0 1
Step 610 0.61 0.001 3 2.54206e-07 0 0 1
Step 611 0.611 0.001 3 8.54917e-07 0 0 1
Step 612 0.612 0.001 3 3.69969e-06 0 0 1
Step 613 0.613 0.001 3 6.505e-06 0 0 1
Step 614 0.614 0.001 3 7.21923e-06 0 0 1
Step 615 0.615 0.001 3 6.8635e-06 0 0 1
Step 616 0.616 0.001 3 4.67204e-06 0 0 1
Step 617 0.617 0.001 3 1.9709e-06 0 0 1
Step 618 0.618 0.001 3 2.65682e-07 0 0 1
Step 619 0.619 0.001 3 2.5161e-07 0 0 1
Step 620 0.62 0.001 3 4.60647e-07 0 0 1
Step 621 0.621 0.001 3 1.37772e-06 0 0 1
Step 622 0.622 0.001 3 4.73835e-06 0 0 1
Step 623 0.623 0.001 3 7.08851e-06 0 0 1
Step 624 0.624 0.001 3 8.05746e-06 0 0 1
Step 625 0.625 0.001 3 7.15229e-06 0 0 1
Step 626 0.626 0.001 3 4.35174e-06 0 0 1
Step 627 0.627 0.001 3 1.18374e-06 0 0 1
Step 628 0.628 0.001 3 1.48088e-07 0 0 1
Step 629 0.629 0.001 3 2.09215e-07 0 0 1
Step 630 0.63 0.001 3 5.70253e-07 0 0 1
Step 631 0.631 0.001 3 2.83937e-06 0 0 1
Step 632 0.632 0.001 3 6.067e-06 0 0 1
Step 633 0.633 0.001 3 7.08261e-06 0 0 1
Step 634 0.634 0.001 3 7.14279e-06 0 0 1
Step 635 0.635 0.001 3 5.25001e-06 0 0 1
Step 636 0.636 0.001 3 2.62621e-06 0 0 1
Step 637 0.637 0.001 3 4.71471e-07 0 0 1
Step 638 0.638 0.001 3 2.12393e-07 0 0 1
Step 639 0.639 0.001 3 4.00717e-07 0 0 1
Step 640 0.64 0.001 4 2.8918e-06 0 0 1
Step 641 0.641 0.001 3 3.84178e-06 0 0 1
Step 642 0.642 0.001 3 6.74433e-06 0 0 1
Step 643 0.643 0.001 3 7.85349e-06 0 0 1
Step 644 0.644 0.001 3 7.5974e-06 0 0 1
Step 645 0.645 0.001 3 5.0782e-06 0 0 1
Step 646 0.646 0.001 3 1.81334e-06 0 0 1
Step 647 0.647 0.001 3 1.82624e-07 0 0 1
Step 648 0.648 0.001 3 1.91677e-07 0 0 1
Step 649 0.649 0.001 3 4.05526e-07 0 0 1
Step 650 0.65 0.001 3 2.03484e-06 0 0 1
Step 651 0.651 0.001 3 5.41849e-06 0 0 1
Step 652 0.652 0.001 3 6.90634e-06 0 0 1
Step 653 0.653 0.001 3 7.2486e-06 0 0 1
Step 654 0.654 0.001 3 5.76531e-06 0 0 1
Step 655 0.655 0.001 3 3.24387e-06 0 0 1
Step 656 0.656 0.001 3 7.99187e-07 0 0 1
Step 657 0.657 0.001 3 1.84441e-07 0 0 1
Step 658 0.658 0.001 3 3.54806e-07 0 0 1
Step 659 0.659 0.001 3 6.66994e-07 0 0 1
Step 660 0.66 0.001 3 2.96677e-06 0 0 1
Step 661 0.661 0.001 3 6.28185e-06 0 0 1
Step 662 0.662 0.001 3 7.59864e-06 0 0 1
Step 663 0.663 0.001 3 7.89734e-06 0 0 1
Step 664 0.664 0.001 3 5.75504e-06 0 0 1
Step 665 0.665 0.001 3 2.54228e-06 0 0 1
Step 666 0.666 0.001 3 3.25581e-07 0 0 1
Step 667 0.667 0.001 3 1.62375e-07 0 0 1
Step 668 0.668 0.001 3 3.12698e-07 0 0 1
Step 669 0.669 0.001 3 1.40215e-06 0 0 1
Step 670 0.67 0.001 3 4.6508e-06 0 0 1
Step 671 0.671 0.001 3 6.70391e-06 0 0 1
Step 672 0.672 0.001 3 7.22198e-06 0 0 1
Step 673 0.673 0.001 3 6.24306e-06 0 0 1
Step 674 0.674 0.001 3 3.84875e-06 0 0 1
Step 675 0.675 0.001 3 1.23651e-06 0 0 1
Step 676 0.676 0.001 3 1.69194e-07 0 0 1
Step 677 0.677 0.001 3 3.02242e-07 0 0 1
Step 678 0.678 0.001 3 5.33741e-07 0 0 1
Step 679 0.679 0.001 3 2.14386e-06 0 0 1
Step 680 0.68 0.001 3 5.61007e-06 0 0 1
Step 681 0.681 0.001 3 7.30363e-06 0 0 1
Step 682 0.682 0.001 3 8.00571e-06 0 0 1
Step 683 0.683 0.001 3 6.34661e-06 0 0 1
Step 684 0.684 0.001 3 3.2904e-06 0 0 1
Step 685 0.685 0.001 3 5.97881e-07 0 0 1
Step 686 0.686 0.001 3 1.51849e-07 0 0 1
Step 687 0.687 0.001 3 2.5931e-07 0 0 1
Step 688 0.688 0.001 3 9.25801e-07 0 0 1
Step 689 0.689 0.001 3 3.83255e-06 0 0 1
Step 690 0.69 0.001 3 6.44787e-06 0 0 1
Step 691 0.691 0.001 3 7.12994e-06 0 0 1
Step 692 0.692 0.001 3 6.66322e-06 0 0 1
Step 693 0.693 0.001 3 4.45237e-06 0 0 1
Step 694 0.694 0.001 3 1.78886e-06 0 0 1
Step 695 0.695 0.001 3 2.22687e-07 0 0 1
Step 696 0.696 0.001 3 2.60751e-07 0 0 1
Step 697 0.697 0.001 3 4.60902e-07 0 0 1
Step 698 0.698 0.001 3 1.48169e-06 0 0 1
Step 699 0.699 0.001 3 4.84471e-06 0 0 1
Step 700 0.7 0.001 3 7.03244e-06 0 0 1
Step 701 0.701 0.001 3 7.96011e-06 0 0 1
Step 702 0.702 0.001 3 6.89557e-06 0 0 1
Step 703 0.703 0.001 3 4.04881e-06 0 0 1
Step 704 0.704 0.001 3 1.02377e-06 0 0 1
Step 705 0.705 0.001 3 1.40421e-07 0 0 1
Step 706 0.706 0.001 3 2.14092e-07 0 0 1
Step 707 0.707 0.001 3 6.15069e-07 0 0 1
Step 708 0.708 0.001 3 2.97707e-06 0 0 1
Step 709 0.709 0.001 3 6.04245e-06 0 0 1
Step 710 0.71 0.001 3 6.97523e-06 0 0 1
Step 711 0.711 0.001 3 6.94718e-06 0 0 1
Step 712 0.712 0.001 3 4.98691e-06 0 0 1
Step 713 0.713 0.001 3 2.37822e-06 0 0 1
Step 714 0.714 0.001 3 3.90397e-07 0 0 1
Step 715 0.715 0.001 3 2.2638e-07 0 0 1
Step 716 0.716 0.001 3 4.08564e-07 0 0 1
Step 717 0.717 0.001 3 1.01349e-06 0 0 1
Step 718 0.718 0.001 3 4.01424e-06 0 0 1
Step 719 0.719 0.001 3 6.72395e-06 0 0 1
Step 720 0.72 0.001 3 7.7928e-06 0 0 1
Step 721 0.721 0.001 3 7.35987e-06 0 0 1
Step 722 0.722 0.001 3 4.78884e-06 0 0 1
Step 723 0.723 0.001 3 1.59043e-06 0 0 1
Step 724 0.724 0.001 3 1.67716e-07 0 0 1
Step 725 0.725 0.001 3 1.82803e-07 0 0 1
Step 726 0.726 0.001 3 4.30198e-07 0 0 1
Step 727 0.727 0.001 3 2.19278e-06 0 0 1
Step 728 0.728 0.001 3 5.47713e-06 0 0 1
Step 729 0.729 0.001 3 6.81668e-06 0 0 1
Step 730 0.73 0.001 3 7.09664e-06 0 0 1
Step 731 0.731 0.001 3 5.51643e-06 0 0 1
Step 732 0.732 0.001 3 2.99418e-06 0 0 1
Step 733 0.733 0.001 3 6.6944e-07 0 0 1
Step 734 0.734 0.001 3 1.87192e-07 0 0 1
Step 735 0.735 0.001 3 3.69598e-07 0 0 1
Step 736 0.736 0.001 3 7.09578e-07 0 0 1
Step 737 0.737 0.001 3 3.136e-06 0 0 1
Step 738 0.738 0.001 3 6.27994e-06 0 0 1
Step 739 0.739 0.001 3 7.54402e-06 0 0 1
Step 740 0.74 0.001 3 7.69593e-06 0 0 1
Step 741 0.741 0.001 3 5.44771e-06 0 0 1
Step 742 0.742 0.001 3 2.254e-06 0 0 1
Step 743 0.743 0.001 3 2.60563e-07 0 0 1
Step 744 0.744 0.001 3 1.72534e-07 0 0 1
Step 745 0.745 0.001 3 3.34167e-07 0 0 1
Step 746 0.746 0.001 3 1.58446e-06 0 0 1
Step 747 0.747 0.001 3 4.80614e-06 0 0 1
Step 748 0.748 0.001 3 6.66127e-06 0 0 1
Step 749 0.749 0.001 3 7.13921e-06 0 0 1
Step 750 0.75 0.001 3 6.01108e-06 0 0 1
Step 751 0.751 0.001 3 3.61073e-06 0 0 1
Step 752 0.752 0.001 3 1.07477e-06 0 0 1
Step 753 0.753 0.001 3 1.70593e-07 0 0 1
Step 754 0.754 0.001 3 3.19669e-07 0 0 1
Step 755 0.755 0.001 3 5.5358e-07 0 0 1
Step 756 0.756 0.001 3 2.32581e-06 0 0 1
Step 757 0.757 0.001 3 5.71547e-06 0 0 1
Step 758 0.758 0.001 3 7.2864e-06 0 0 1
Step 759 0.759 0.001 3 7.88202e-06 0 0 1
Step 760 0.76 0.001 3 6.07018e-06 0 0 1
Step 761 0.761 0.001 3 2.99138e-06 0 0 1
Step 762 0.762 0.001 3 4.87892e-07 0 0 1
Step 763 0.763 0.001 3 1.5598e-07 0 0 1
Step 764 0.764 0.001 3 2.71404e-07 0 0 1
Step 765 0.765 0.001 3 1.04047e-06 0 0 1
Step 766 0.766 0.001 3 4.01392e-06 0 0 1
Step 767 0.767 0.001 3 6.43207e-06 0 0 1
Step 768 0.768 0.001 3 7.06808e-06 0 0 1
Step 769 0.769 0.001 3 6.44495e-06 0 0 1
Step 770 0.77 0.001 3 4.18887e-06 0 0 1
Step 771 0.771 0.001 3 1.57679e-06 0 0 1
Step 772 0.772 0.001 3 1.95957e-07 0 0 1
Step 773 0.773 0.001 3 2.73082e-07 0 0 1
Step 774 0.774 0.001 3 4.77806e-07 0 0 1
Step 775 0.775 0.001 3 1.65775e-06 0 0 1
Step 776 0.776 0.001 3 5.03415e-06 0 0 1
Step 777 0.777 0.001 3 7.03796e-06 0 0 1
Step 778 0.778 0.001 3 7.90319e-06 0 0 1
Step 779 0.779 0.001 3 6.64668e-06 0 0 1
Step 780 0.78 0.001 3 3.76725e-06 0 0 1
Step 781 0.781 0.001 3 8.61651e-07 0 0 1
Step 782 0.782 0.001 3 1.42894e-07 0 0 1
Step 783 0.783 0.001 3 2.24666e-07 0 0 1
Step 784 0.784 0.001 3 6.85834e-07 0 0 1
Step 785 0.785 0.001 3 3.18713e-06 0 0 1
Step 786 0.786 0.001 3 6.08773e-06 0 0 1
Step 787 0.787 0.001 3 6.93921e-06 0 0 1
Step 788 0.788 0.001 3 6.78674e-06 0 0 1
Step 789 0.789 0.001 3 4.74388e-06 0 0 1
Step 790 0.79 0.001 3 2.139e-06 0 0 1
Step 791 0.791 0.001 3 3.17763e-07 0 0 1
Step 792 0.792 0.001 3 2.32444e-07 0 0 1
Step 793 0.793 0.001 3 4.20393e-07 0 0 1
Step 794 0.794 0.001 3 1.13697e-06 0 0 1
Step 795 0.795 0.001 3 4.22128e-06 0 0 1
Step 796 0.796 0.001 3 6.74225e-06 0 0 1
Step 797 0.797 0.001 3 7.77548e-06 0 0 1
Step 798 0.798 0.001 3 7.14238e-06 0 0 1
Step 799 0.799 0.001 3 4.48812e-06 0 0 1
Step 800 0.8 0.001 3 1.3643e-06 0 0 1
Step 801 0.801 0.001 3 1.54396e-07 0 0 1
Step 802 0.802 0.001 3 1.97525e-07 0 0 1
Step 803 0.803 0.001 3 4.79921e-07 0 0 1
Step 804 0.804 0.001 3 2.41552e-06 0 0 1
Step 805 0.805 0.001 3 5.61905e-06 0 0 1
Step 806 0.806 0.001 3 6.81577e-06 0 0 1
Step 807 0.807 0.001 3 7.01097e-06 0 0 1
Step 808 0.808 0.001 3 5.30168e-06 0 0 1
Step 809 0.809 0.001 3 2.76338e-06 0 0 1
Step 810 0.81 0.001 3 5.63492e-07 0 0 1
Step 811 0.811 0.001 3 2.10241e-07 0 0 1
Step 812 0.812 0.001 3 3.78907e-07 0 0 1
Step 813 0.813 0.001 3 7.83735e-07 0 0 1
Step 814 0.814 0.001 3 3.37229e-06 0 0 1
Step 815 0.815 0.001 3 6.3668e-06 0 0 1
Step 816 0.816 0.001 3 7.56506e-06 0 0 1
Step 817 0.817 0.001 3 7.53475e-06 0 0 1
Step 818 0.818 0.001 3 5.17902e-06 0 0 1
Step 819 0.819 0.001 3 1.9983e-06 0 0 1
Step 820 0.82 0.001 3 2.16856e-07 0 0 1
Step 821 0.821 0.001 3 1.74195e-07 0 0 1
Step 822 0.822 0.001 3 3.65222e-07 0 0 1
Step 823 0.823 0.001 3 1.73235e-06 0 0 1
Step 824 0.824 0.001 3 4.99133e-06 0 0 1
Step 825 0.825 0.001 3 6.66037e-06 0 0 1
Step 826 0.826 0.001 3 7.08577e-06 0 0 1
Step 827 0.827 0.001 3 5.80591e-06 0 0 1
Step 828 0.828 0.001 3 3.37354e-06 0 0 1
Step 829 0.829 0.001 3 9.20026e-07 0 0 1
Step 830 0.83 0.001 3 1.76515e-07 0 0 1
Step 831 0.831 0.001 3 3.33375e-07 0 0 1
Step 832 0.832 0.001 3 5.91381e-07 0 0 1
Step 833 0.833 0.001 3 2.56841e-06 0 0 1
Step 834 0.834 0.001 3 5.88241e-06 0 0 1
Step 835 0.835 0.001 3 7.32926e-06 0 0 1
Step 836 0.836 0.001 3 7.79232e-06 0 0 1
Step 837 0.837 0.001 3 5.82833e-06 0 0 1
Step 838 0.838 0.001 3 2.72753e-06 0 0 1
Step 839 0.839 0.001 3 3.9487e-07 0 0 1
Step 840 0.84 0.001 3 1.597e-07 0 0 1
Step 841 0.841 0.001 3 2.85555e-07 0 0 1
Step 842 0.842 0.001 3 1.18253e-06 0 0 1
Step 843 0.843 0.001 3 4.24441e-06 0 0 1
Step 844 0.844 0.001 3 6.46473e-06 0 0 1
Step 845 0.845 0.001 3 7.04922e-06 0 0 1
Step 846 0.846 0.001 3 6.26952e-06 0 0 1
Step 847 0.847 0.001 3 3.96438e-06 0 0 1
Step 848 0.848 0.001 3 1.38134e-06 0 0 1
Step 849 0.849 0.001 3 1.78763e-07 0 0 1
Step 850 0.85 0.001 3 2.87269e-07 0 0 1
Step 851 0.851 0.001 3 4.98638e-07 0 0 1
Step 852 0.852 0.001 3 1.84997e-06 0 0 1
Step 853 0.853 0.001 3 5.2336e-06 0 0 1
Step 854 0.854 0.001 3 7.07463e-06 0 0 1
Step 855 0.855 0.001 3 7.87172e-06 0 0 1
Step 856 0.856 0.001 3 6.42252e-06 0 0 1
Step 857 0.857 0.001 3 3.47435e-06 0 0 1
Step 858 0.858 0.001 3 7.09906e-07 0 0 1
Step 859 0.859 0.001 3 1.5028e-07 0 0 1
Step 860 0.86 0.001 3 2.42505e-07 0 0 1
Step 861 0.861 0.001 3 7.85653e-07 0 0 1
Step 862 0.862 0.001 3 3.45247e-06 0 0 1
Step 863 0.863 0.001 3 6.18351e-06 0 0 1
Step 864 0.864 0.001 3 6.95745e-06 0 0 1
Step 865 0.865 0.001 3 6.65796e-06 0 0 1
Step 866 0.866 0.001 3 4.54591e-06 0 0 1
Step 867 0.867 0.001 3 1.92881e-06 0 0 1
Step 868 0.868 0.001 3 2.68277e-07 0 0 1
Step 869 0.869 0.001 3 2.45526e-07 0 0 1
Step 870 0.87 0.001 3 4.43435e-07 0 0 1
Step 871 0.871 0.001 3 1.27884e-06 0 0 1
Step 872 0.872 0.001 3 4.47469e-06 0 0 1
Step 873 0.873 0.001 3 6.80686e-06 0 0 1
Step 874 0.874 0.001 3 7.79816e-06 0 0 1
Step 875 0.875 0.001 3 6.94734e-06 0 0 1
Step 876 0.876 0.001 3 4.2213e-06 0 0 1
Step 877 0.877 0.001 3 1.16836e-06 0 0 1
Step 878 0.878 0.001 3 1.50123e-07 0 0 1
Step 879 0.879 0.001 3 2.05364e-07 0 0 1
Step 880 0.88 0.001 3 5.39172e-07 0 0 1
Step 881 0.881 0.001 3 2.66066e-06 0 0 1
Step 882 0.882 0.001 3 5.77593e-06 0 0 1
Step 883 0.883 0.001 3 6.83087e-06 0 0 1
Step 884 0.884 0.001 3 6.91974e-06 0 0 1
Step 885 0.885 0.001 3 5.09066e-06 0 0 1
Step 886 0.886 0.001 3 2.53495e-06 0 0 1
Step 887 0.887 0.001 3 5.39542e-07 0 0 1
Step 888 0.888 0.001 3 2.12503e-07 0 0 1
Step 889 0.889 0.001 3 3.94971e-07 0 0 1
Step 890 0.89 0.001 3 8.79795e-07 0 0 1
Step 891 0.891 0.001 3 3.65494e-06 0 0 1
Step 892 0.892 0.001 3 6.48987e-06 0 0 1
Step 893 0.893 0.001 3 7.61734e-06 0 0 1
Step 894 0.894 0.001 3 7.39712e-06 0 0 1
Step 895 0.895 0.001 3 4.93899e-06 0 0 1
Step 896 0.896 0.001 3 1.77251e-06 0 0 1
Step 897 0.897 0.001 3 1.85542e-07 0 0 1
Step 898 0.898 0.001 3 1.83069e-07 0 0 1
Step 899 0.899 0.001 3 3.95949e-07 0 0 1
Step 900 0.9 0.001 3 1.9424e-06 0 0 1
Step 901 0.901 0.001 3 5.19774e-06 0 0 1
Step 902 0.902 0.001 3 6.68799e-06 0 0 1
Step 903 0.903 0.001 3 7.05067e-06 0 0 1
Step 904 0.904 0.001 3 5.61969e-06 0 0 1
Step 905 0.905 0.001 3 3.1483e-06 0 0 1
Step 906 0.906 0.001 3 7.72439e-07 0 0 1
Step 907 0.907 0.001 3 1.85042e-07 0 0 1
Step 908 0.908 0.001 3 3.5221e-07 0 0 1
Step 909 0.909 0.001 3 6.49156e-07 0 0 1
Step 910 0.91 0.001 3 2.82859e-06 0 0 1
Step 911 0.911 0.001 3 6.04447e-06 0 0 1
Step 912 0.912 0.001 3 7.39507e-06 0 0 1
Step 913 0.913 0.001 3 7.7067e-06 0 0 1
Step 914 0.914 0.001 3 5.60188e-06 0 0 1
Step 915 0.915 0.001 3 2.46532e-06 0 0 1
Step 916 0.916 0.001 3 3.16137e-07 0 0 1
Step 917 0.917 0.001 3 1.63753e-07 0 0 1
Step 918 0.918 0.001 3 3.15524e-07 0 0 1
Step 919 0.919 0.001 3 1.3517e-06 0 0 1
Step 920 0.92 0.001 3 4.50208e-06 0 0 1
Step 921 0.921 0.001 3 6.52847e-06 0 0 1
Step 922 0.922 0.001 3 7.06827e-06 0 0 1
Step 923 0.923 0.001 3 6.10939e-06 0 0 1
Step 924 0.924 0.001 3 3.76654e-06 0 0 1
Step 925 0.925 0.001 3 1.21587e-06 0 0 1
Step 926 0.926 0.001 3 1.67906e-07 0 0 1
Step 927 0.927 0.001 3 3.05497e-07 0 0 1
Step 928 0.928 0.001 3 5.2822e-07 0 0 1
Step 929 0.929 0.001 3 2.07545e-06 0 0 1
Step 930 0.93 0.001 3 5.44914e-06 0 0 1
Step 931 0.931 0.001 3 7.15005e-06 0 0 1
Step 932 0.932 0.001 3 7.84498e-06 0 0 1
Step 933 0.933 0.001 3 6.21252e-06 0 0 1
Step 934 0.934 0.001 3 3.21126e-06 0 0 1
Step 935 0.935 0.001 3 5.84822e-07 0 0 1
Step 936 0.936 0.001 3 1.49442e-07 0 0 1
Step 937 0.937 0.001 3 2.55185e-07 0 0 1
Step 938 0.938 0.001 3 9.05943e-07 0 0 1
Step 939 0.939 0.001 3 3.71697e-06 0 0 1
Step 940 0.94 0.001 3 6.28698e-06 0 0 1
Step 941 0.941 0.001 3 6.99146e-06 0 0 1
Step 942 0.942 0.001 3 6.52865e-06 0 0 1
Step 943 0.943 0.001 3 4.34395e-06 0 0 1
Step 944 0.944 0.001 3 1.744e-06 0 0 1
Step 945 0.945 0.001 3 2.28837e-07 0 0 1
Step 946 0.946 0.001 3 2.64058e-07 0 0 1
Step 947 0.947 0.001 3 4.61533e-07 0 0 1
Step 948 0.948 0.001 3 1.45366e-06 0 0 1
Step 949 0.949 0.001 3 4.73948e-06 0 0 1
Step 950 0.95 0.001 3 6.89952e-06 0 0 1
Step 951 0.951 0.001 3 7.82918e-06 0 0 1
Step 952 0.952 0.001 3 6.77689e-06 0 0 1
Step 953 0.953 0.001 3 3.97385e-06 0 0 1
Step 954 0.954 0.001 3 9.9836e-07 0 0 1
Step 955 0.955 0.001 3 1.47089e-07 0 0 1
Step 956 0.956 0.001 3 2.17572e-07 0 0 1
Step 957 0.957 0.001 3 6.08734e-07 0 0 1
Step 958 0.958 0.001 3 2.91446e-06 0 0 1
Step 959 0.959 0.001 3 5.91082e-06 0 0 1
Step 960 0.96 0.001 3 6.86589e-06 0 0 1
Step 961 0.961 0.001 3 6.83742e-06 0 0 1
Step 962 0.962 0.001 3 4.89769e-06 0 0 1
Step 963 0.963 0.001 3 2.32444e-06 0 0 1
Step 964 0.964 0.001 3 3.88744e-07 0 0 1
Step 965 0.965 0.001 3 2.22784e-07 0 0 1
Step 966 0.966 0.001 3 4.12723e-07 0 0 1
Step 967 0.967 0.001 3 9.99995e-07 0 0 1
Step 968 0.968 0.001 3 3.92724e-06 0 0 1
Step 969 0.969 0.001 3 6.60187e-06 0 0 1
Step 970 0.97 0.001 3 7.68472e-06 0 0 1
Step 971 0.971 0.001 3 7.25789e-06 0 0 1
Step 972 0.972 0.001 3 4.69866e-06 0 0 1
Step 973 0.973 0.001 3 1.55025e-06 0 0 1
Step 974 0.974 0.001 3 1.66417e-07 0 0 1
Step 975 0.975 0.001 3 1.94028e-07 0 0 1
Step 976 0.976 0.001 3 4.34215e-07 0 0 1
Step 977 0.977 0.001 3 2.17156e-06 0 0 1
Step 978 0.978 0.001 3 5.40496e-06 0 0 1
Step 979 0.979 0.001 3 6.73544e-06 0 0 1
Step 980 0.98 0.001 3 7.0266e-06 0 0 1
Step 981 0.981 0.001 3 5.43542e-06 0 0 1
Step 982 0.982 0.001 3 2.94458e-06 0 0 1
Step 983 0.983 0.001 3 6.52882e-07 0 0 1
Step 984 0.984 0.001 3 1.90943e-07 0 0 1
Step 985 0.985 0.001 3 3.66515e-07 0 0 1
Step 986 0.986 0.001 3 7.47024e-06 0 0 1
Step 987 0.987 0.001 3 3.09608e-06 0 0 1
Step 988 0.988 0.001 3 6.19908e-06 0 0 1
Step 989 0.989 0.001 3 7.46833e-06 0 0 1
Step 990 0.99 0.001 3 7.60761e-06 0 0 1
Step 991 0.991 0.001 3 5.37767e-06 0 0 1
Step 992 0.992 0.001 3 2.21677e-06 0 0 1
Step 993 0.993 0.001 3 2.61529e-07 0 0 1
Step 994 0.994 0.001 3 1.69504e-07 0 0 1
Step 995 0.995 0.001 3 3.34778e-07 0 0 1
Step 996 0.996 0.001 3 1.54461e-06 0 0 1
Step 997 0.997 0.001 3 4.74304e-06 0 0 1
Step 998 0.998 0.001 3 6.58604e-06 0 0 1
Step 999 0.999 0.001 3 7.06607e-06 0 0 1
Step 1000 1 0.001 3 5.9463e-06 0 0 1
Step 1001 1.001 0.001 3 3.56035e-06 0 0 1
Step 1002 1.002 0.001 3 1.05354e-06 0 0 1
Step 1003 1.003 0.001 3 1.71251e-07 0 0 1
Step 1004 1.004 0.001 3 3.24628e-07 0 0 1
Step 1005 1.005 0.001 3 5.56219e-07 0 0 1
Step 1006 1.006 0.001 3 2.32053e-06 0 0 1
Step 1007 1.007 0.001 3 5.66572e-06 0 0 1
Step 1008 1.008 0.001 3 7.23005e-06 0 0 1
Step 1009 1.009 0.001 3 7.8253e-06 0 0 1
Step 1010 1.01 0.001 3 6.00848e-06 0 0 1
Step 1011 1.011 0.001 3 2.95383e-06 0 0 1
Step 1012 1.012 0.001 3 4.80115e-07 0 0 1
Step 1013 1.013 0.001 3 1.60932e-07 0 0 1
Step 1014 1.014 0.001 3 2.77915e-07 0 0 1
Step 1015 1.015 0.001 3 1.03783e-06 0 0 1
Step 1016 1.016 0.001 3 3.98284e-06 0 0 1
Step 1017 1.017 0.001 3 6.37472e-06 0 0 1
Step 1018 1.018 0.001 3 7.0122e-06 0 0 1
Step 1019 1.019 0.001 3 6.39198e-06 0 0 1
Step 1020 1.02 0.001 3 4.14174e-06 0 0 1
Step 1021 1.021 0.001 3 1.54753e-06 0 0 1
Step 1022 1.022 0.001 3 1.96501e-07 0 0 1
Step 1023 1.023 0.001 3 2.76599e-07 0 0 1
Step 1024 1.024 0.001 3 4.80974e-07 0 0 1
Step 1025 1.025 0.001 3 1.64756e-06 0 0 1
Step 1026 1.026 0.001 3 4.98706e-06 0 0 1
Step 1027 1.027 0.001 3 6.98563e-06 0 0 1
Step 1028 1.028 0.001 3 7.8537e-06 0 0 1
Step 1029 1.029 0.001 3 6.59876e-06 0 0 1
Step 1030 1.03 0.001 3 3.7232e-06 0 0 1
Step 1031 1.031 0.001 3 8.47112e-07 0 0 1
Step 1032 1.032 0.001 3 1.4212e-07 0 0 1
Step 1033 1.033 0.001 3 2.28783e-07 0 0 1
Step 1034 1.034 0.001 3 6.95192e-07 0 0 1
Step 1035 1.035 0.001 3 3.18848e-06 0 0 1
Step 1036 1.036 0.001 3 6.05567e-06 0 0 1
Step 1037 1.037 0.001 3 6.91327e-06 0 0 1
Step 1038 1.038 0.001 3 6.74539e-06 0 0 1
Step 1039 1.039 0.001 3 4.71198e-06 0 0 1
Step 1040 1.04 0.001 3 2.12488e-06 0 0 1
Step 1041 1.041 0.001 3 3.21132e-07 0 0 1
Step 1042 1.042 0.001 3 2.35084e-07 0 0 1
Step 1043 1.043 0.001 3 4.25651e-07 0 0 1
Step 1044 1.044 0.001 3 1.13183e-06 0 0 1
Step 1045 1.045 0.001 3 4.20072e-06 0 0 1
Step 1046 1.046 0.001 3 6.70166e-06 0 0 1
Step 1047 1.047 0.001 3 7.74802e-06 0 0 1
Step 1048 1.048 0.001 3 7.09968e-06 0 0 1
Step 1049 1.049 0.001 3 4.45324e-06 0 0 1
Step 1050 1.05 0.001 3 1.34957e-06 0 0 1
Step 1051 1.051 0.001 3 1.60298e-07 0 0 1
Step 1052 1.052 0.001 3 2.00368e-07 0 0 1
Step 1053 1.053 0.001 3 4.83531e-07 0 0 1
Step 1054 1.054 0.001 3 2.41241e-06 0 0 1
Step 1055 1.055 0.001 3 5.59853e-06 0 0 1
Step 1056 1.056 0.001 3 6.78479e-06 0 0 1
Step 1057 1.057 0.001 3 6.97178e-06 0 0 1
Step 1058 1.058 0.001 3 5.26241e-06 0 0 1
Step 1059 1.059 0.001 3 2.74253e-06 0 0 1
Step 1060 1.06 0.001 3 5.44963e-07 0 0 1
Step 1061 1.061 0.001 3 2.02037e-07 0 0 1
Step 1062 1.062 0.001 3 3.84809e-07 0 0 1
Step 1063 1.063 0.001 3 7.85314e-07 0 0 1
Step 1064 1.064 0.001 3 3.37959e-06 0 0 1
Step 1065 1.065 0.001 3 6.34907e-06 0 0 1
Step 1066 1.066 0.001 3 7.54536e-06 0 0 1
Step 1067 1.067 0.001 3 7.50627e-06 0 0 1
Step 1068 1.068 0.001 3 5.16115e-06 0 0 1
Step 1069 1.069 0.001 3 1.98058e-06 0 0 1
Step 1070 1.07 0.001 3 2.10676e-07 0 0 1
Step 1071 1.071 0.001 3 1.84106e-07 0 0 1
Step 1072 1.072 0.001 3 3.59885e-07 0 0 1
Step 1073 1.073 0.001 3 1.74957e-06 0 0 1
Step 1074 1.074 0.001 3 4.98046e-06 0 0 1
Step 1075 1.075 0.001 3 6.64387e-06 0 0 1
Step 1076 1.076 0.001 3 7.06341e-06 0 0 1
Step 1077 1.077 0.001 3 5.77985e-06 0 0 1
Step 1078 1.078 0.001 3 3.35841e-06 0 0 1
Step 1079 1.079 0.001 3 9.1136e-07 0 0 1
Step 1080 1.08 0.001 3 1.78561e-07 0 0 1
Step 1081 1.081 0.001 3 3.38152e-07 0 0 1
Step 1082 1.082 0.001 3 5.93914e-07 0 0 1
Step 1083 1.083 0.001 3 2.57473e-06 0 0 1
Step 1084 1.084 0.001 3 5.864e-06 0 0 1
Step 1085 1.085 0.001 3 7.31304e-06 0 0 1
Step 1086 1.086 0.001 3 7.7652e-06 0 0 1
Step 1087 1.087 0.001 3 5.80509e-06 0 0 1
Step 1088 1.088 0.001 3 2.70872e-06 0 0 1
Step 1089 1.089 0.001 3 3.88461e-07 0 0 1
Step 1090 1.09 0.001 3 1.66192e-07 0 0 1
Step 1091 1.091 0.001 3 2.90757e-07 0 0 1
Step 1092 1.092 0.001 3 1.18521e-06 0 0 1
Step 1093 1.093 0.001 3 4.2425e-06 0 0 1
Step 1094 1.094 0.001 3 6.4596e-06 0 0 1
Step 1095 1.095 0.001 3 7.04213e-06 0 0 1
Step 1096 1.096 0.001 3 6.25383e-06 0 0 1
Step 1097 1.097 0.001 3 3.95042e-06 0 0 1
Step 1098 1.098 0.001 3 1.37793e-06 0 0 1
Step 1099 1.099 0.001 3 1.86006e-07 0 0 1
Step 1100 1.1 0.001 3 2.92392e-07 0 0 1
Step 1101 1.101 0.001 3 5.03743e-07 0 0 1
Step 1102 1.102 0.001 3 1.85452e-06 0 0 1
Step 1103 1.103 0.001 3 5.22864e-06 0 0 1
Step 1104 1.104 0.001 3 7.0659e-06 0 0 1
Step 1105 1.105 0.001 3 7.86051e-06 0 0 1
Step 1106 1.106 0.001 3 6.40618e-06 0 0 1
Step 1107 1.107 0.001 3 3.45899e-06 0 0 1
Step 1108 1.108 0.001 3 7.03323e-07 0 0 1
Step 1109 1.109 0.001 3 1.47833e-07 0 0 1
Step 1110 1.11 0.001 3 2.42092e-07 0 0 1
Step 1111 1.111 0.001 3 7.90579e-07 0 0 1
Step 1112 1.112 0.001 3 3.45597e-06 0 0 1
Step 1113 1.113 0.001 3 6.18255e-06 0 0 1
Step 1114 1.114 0.001 3 6.94943e-06 0 0 1
Step 1115 1.115 0.001 3 6.64123e-06 0 0 1
Step 1116 1.116 0.001 3 4.53027e-06 0 0 1
Step 1117 1.117 0.001 3 1.92827e-06 0 0 1
Step 1118 1.118 0.001 3 2.64299e-07 0 0 1
Step 1119 1.119 0.001 3 2.49422e-07 0 0 1
Step 1120 1.12 0.001 3 4.4693e-07 0 0 1
Step 1121 1.121 0.001 3 1.28615e-06 0 0 1
Step 1122 1.122 0.001 3 4.48136e-06 0 0 1
Step 1123 1.123 0.001 3 6.80865e-06 0 0 1
Step 1124 1.124 0.001 3 7.80376e-06 0 0 1
Step 1125 1.125 0.001 3 6.94868e-06 0 0 1
Step 1126 1.126 0.001 3 4.21558e-06 0 0 1
Step 1127 1.127 0.001 3 1.16519e-06 0 0 1
Step 1128 1.128 0.001 3 1.43884e-07 0 0 1
Step 1129 1.129 0.001 3 2.08925e-07 0 0 1
Step 1130 1.13 0.001 3 5.40696e-07 0 0 1
Step 1131 1.131 0.001 4 1.58688e-06 0 0 1
Step 1132 1.132 0.001 3 5.77563e-06 0 0 1
Step 1133 1.133 0.001 3 6.82781e-06 0 0 1
Step 1134 1.134 0.001 3 6.90955e-06 0 0 1
Step 1135 1.135 0.001 3 5.08979e-06 0 0 1
Step 1136 1.136 0.001 3 2.52787e-06 0 0 1
Step 1137 1.137 0.001 3 4.87709e-07 0 0 1
Step 1138 1.138 0.001 3 2.14372e-07 0 0 1
Step 1139 1.139 0.001 3 3.99274e-07 0 0 1
Step 1140 1.14 0.001 3 8.85702e-07 0 0 1
Step 1141 1.141 0.001 3 3.6559e-06 0 0 1
Step 1142 1.142 0.001 3 6.4895e-06 0 0 1
Step 1143 1.143 0.001 3 7.6238e-06 0 0 1
Step 1144 1.144 0.001 3 7.39058e-06 0 0 1
Step 1145 1.145 0.001 3 4.9372e-06 0 0 1
Step 1146 1.146 0.001 3 1.76216e-06 0 0 1
Step 1147 1.147 0.001 3 1.83137e-07 0 0 1
Step 1148 1.148 0.001 3 1.79683e-07 0 0 1
Step 1149 1.149 0.001 3 3.98355e-07 0 0 1
Step 1150 1.15 0.001 3 1.94719e-06 0 0 1
Step 1151 1.151 0.001 3 5.206e-06 0 0 1
Step 1152 1.152 0.001 3 6.69776e-06 0 0 1
Step 1153 1.153 0.001 3 7.0535e-06 0 0 1
Step 1154 1.154 0.001 3 5.61239e-06 0 0 1
Step 1155 1.155 0.001 3 3.1514e-06 0 0 1
Step 1156 1.156 0.001 3 7.79726e-07 0 0 1
Step 1157 1.157 0.001 3 1.82759e-07 0 0 1
Step 1158 1.158 0.001 3 3.48525e-07 0 0 1
Step 1159 1.159 0.001 3 6.46101e-07 0 0 1
Step 1160 1.16 0.001 3 2.83224e-06 0 0 1
Step 1161 1.161 0.001 3 6.0432e-06 0 0 1
Step 1162 1.162 0.001 3 7.38903e-06 0 0 1
Step 1163 1.163 0.001 3 7.70514e-06 0 0 1
Step 1164 1.164 0.001 3 5.59834e-06 0 0 1
Step 1165 1.165 0.001 3 2.45731e-06 0 0 1
Step 1166 1.166 0.001 3 3.17166e-07 0 0 1
Step 1167 1.167 0.001 3 1.6275e-07 0 0 1
Step 1168 1.168 0.001 3 3.12332e-07 0 0 1
Step 1169 1.169 0.001 3 1.3499e-06 0 0 1
Step 1170 1.17 0.001 3 4.51266e-06 0 0 1
Step 1171 1.171 0.001 3 6.53574e-06 0 0 1
Step 1172 1.172 0.001 3 7.06097e-06 0 0 1
Step 1173 1.173 0.001 3 6.10969e-06 0 0 1
Step 1174 1.174 0.001 3 3.75562e-06 0 0 1
Step 1175 1.175 0.001 3 1.2088e-06 0 0 1
Step 1176 1.176 0.001 3 1.75583e-07 0 0 1
Step 1177 1.177 0.001 3 3.06213e-07 0 0 1
Step 1178 1.178 0.001 3 5.25593e-07 0 0 1
Step 1179 1.179 0.001 3 2.08528e-06 0 0 1
Step 1180 1.18 0.001 3 5.46168e-06 0 0 1
Step 1181 1.181 0.001 3 7.15107e-06 0 0 1
Step 1182 1.182 0.001 3 7.85173e-06 0 0 1
Step 1183 1.183 0.001 3 6.21177e-06 0 0 1
Step 1184 1.184 0.001 3 3.20853e-06 0 0 1
Step 1185 1.185 0.001 3 5.86686e-07 0 0 1
Step 1186 1.186 0.001 3 1.51228e-07 0 0 1
Step 1187 1.187 0.001 3 2.60117e-07 0 0 1
Step 1188 1.188 0.001 3 9.06337e-07 0 0 1
Step 1189 1.189 0.001 3 3.72325e-06 0 0 1
Step 1190 1.19 0.001 3 6.28959e-06 0 0 1
Step 1191 1.191 0.001 3 6.98755e-06 0 0 1
Step 1192 1.192 0.001 3 6.5272e-06 0 0 1
Step 1193 1.193 0.001 3 4.33332e-06 0 0 1
Step 1194 1.194 0.001 3 1.73268e-06 0 0 1
Step 1195 1.195 0.001 3 2.19766e-07 0 0 1
Step 1196 1.196 0.001 3 2.6079e-07 0 0 1
Step 1197 1.197 0.001 3 4.59572e-07 0 0 1
Step 1198 1.198 0.001 3 1.46363e-06 0 0 1
Step 1199 1.199 0.001 3 4.74699e-06 0 0 1
Step 1200 1.2 0.001 3 6.90426e-06 0 0 1
Step 1201 1.201 0.001 3 7.83324e-06 0 0 1
Step 1202 1.202 0.001 3 6.78027e-06 0 0 1
Step 1203 1.203 0.001 3 3.96858e-06 0 0 1
Step 1204 1.204 0.001 3 9.97155e-07 0 0 1
Step 1205 1.205 0.001 3 1.40384e-07 0 0 1
Step 1206 1.206 0.001 3 2.17284e-07 0 0 1
Step 1207 1.207 0.001 3 6.10064e-07 0 0 1
Step 1208 1.208 0.001 3 2.92132e-06 0 0 1
Step 1209 1.209 0.001 3 5.92665e-06 0 0 1
Step 1210 1.21 0.001 3 6.8743e-06 0 0 1
Step 1211 1.211 0.001 3 6.842e-06 0 0 1
Step 1212 1.212 0.001 3 4.89777e-06 0 0 1
Step 1213 1.213 0.001 3 2.32918e-06 0 0 1
Step 1214 1.214 0.001 3 3.83293e-07 0 0 1
Step 1215 1.215 0.001 3 2.22601e-07 0 0 1
Step 1216 1.216 0.001 3 4.11716e-07 0 0 1
Step 1217 1.217 0.001 3 9.94337e-07 0 0 1
Step 1218 1.218 0.001 3 3.93356e-06 0 0 1
Step 1219 1.219 0.001 3 6.60449e-06 0 0 1
Step 1220 1.22 0.001 3 7.69179e-06 0 0 1
Step 1221 1.221 0.001 3 7.25601e-06 0 0 1
Step 1222 1.222 0.001 3 4.69792e-06 0 0 1
Step 1223 1.223 0.001 3 1.54884e-06 0 0 1
Step 1224 1.224 0.001 3 1.61157e-07 0 0 1
Step 1225 1.225 0.001 3 1.93142e-07 0 0 1
Step 1226 1.226 0.001 3 4.35395e-07 0 0 1
Step 1227 1.227 0.001 3 2.17816e-06 0 0 1
Step 1228 1.228 0.001 3 5.40996e-06 0 0 1
Step 1229 1.229 0.001 3 6.74159e-06 0 0 1
Step 1230 1.23 0.001 3 7.02413e-06 0 0 1
Step 1231 1.231 0.001 3 5.44578e-06 0 0 1
Step 1232 1.232 0.001 3 2.94221e-06 0 0 1
Step 1233 1.233 0.001 3 6.59486e-07 0 0 1
Step 1234 1.234 0.001 3 1.88553e-07 0 0 1
Step 1235 1.235 0.001 3 3.67101e-07 0 0 1
Step 1236 1.236 0.001 3 7.05099e-07 0 0 1
Step 1237 1.237 0.001 3 3.10382e-06 0 0 1
Step 1238 1.238 0.001 3 6.20454e-06 0 0 1
Step 1239 1.239 0.001 3 7.47015e-06 0 0 1
Step 1240 1.24 0.001 3 7.61157e-06 0 0 1
Step 1241 1.241 0.001 3 5.37995e-06 0 0 1
Step 1242 1.242 0.001 3 2.21641e-06 0 0 1
Step 1243 1.243 0.001 3 2.60126e-07 0 0 1
Step 1244 1.244 0.001 3 1.74697e-07 0 0 1
Step 1245 1.245 0.001 3 3.34378e-07 0 0 1
Step 1246 1.246 0.001 3 1.56707e-06 0 0 1
Step 1247 1.247 0.001 3 4.74675e-06 0 0 1
Step 1248 1.248 0.001 3 6.59106e-06 0 0 1
Step 1249 1.249 0.001 3 7.07651e-06 0 0 1
Step 1250 1.25 0.001 3 5.9463e-06 0 0 1
Step 1251 1.251 0.001 3 3.55719e-06 0 0 1
Step 1252 1.252 0.001 3 1.05046e-06 0 0 1
Step 1253 1.253 0.001 3 1.73924e-07 0 0 1
Step 1254 1.254 0.001 3 3.19066e-07 0 0 1
Step 1255 1.255 0.001 3 5.54302e-07 0 0 1
Step 1256 1.256 0.001 3 2.32374e-06 0 0 1
Step 1257 1.257 0.001 3 5.6744e-06 0 0 1
Step 1258 1.258 0.001 3 7.23097e-06 0 0 1
Step 1259 1.259 0.001 3 7.81548e-06 0 0 1
Step 1260 1.26 0.001 3 6.00804e-06 0 0 1
Step 1261 1.261 0.001 3 2.95517e-06 0 0 1
Step 1262 1.262 0.001 3 4.77711e-07 0 0 1
Step 1263 1.263 0.001 3 1.50687e-07 0 0 1
Step 1264 1.264 0.001 3 2.74733e-07 0 0 1
Step 1265 1.265 0.001 3 1.03434e-06 0 0 1
Step 1266 1.266 0.001 3 3.98599e-06 0 0 1
Step 1267 1.267 0.001 3 6.37715e-06 0 0 1
Step 1268 1.268 0.001 3 7.02351e-06 0 0 1
Step 1269 1.269 0.001 3 6.40713e-06 0 0 1
Step 1270 1.27 0.001 3 4.13156e-06 0 0 1
Step 1271 1.271 0.001 3 1.5549e-06 0 0 1
Step 1272 1.272 0.001 3 1.9602e-07 0 0 1
Step 1273 1.273 0.001 3 2.81735e-07 0 0 1
Step 1274 1.274 0.001 3 4.7951e-07 0 0 1
Step 1275 1.275 0.001 3 1.64475e-06 0 0 1
Step 1276 1.276 0.001 3 4.99451e-06 0 0 1
Step 1277 1.277 0.001 3 6.9863e-06 0 0 1
Step 1278 1.278 0.001 3 7.8552e-06 0 0 1
Step 1279 1.279 0.001 3 6.59406e-06 0 0 1
Step 1280 1.28 0.001 3 3.71993e-06 0 0 1
Step 1281 1.281 0.001 3 8.40032e-07 0 0 1
Step 1282 1.282 0.001 3 1.47038e-07 0 0 1
Step 1283 1.283 0.001 3 2.3023e-07 0 0 1
Step 1284 1.284 0.001 3 6.95401e-07 0 0 1
Step 1285 1.285 0.001 3 3.18424e-06 0 0 1
Step 1286 1.286 0.001 3 6.06584e-06 0 0 1
Step 1287 1.287 0.001 3 6.9131e-06 0 0 1
Step 1288 1.288 0.001 3 6.75141e-06 0 0 1
Step 1289 1.289 0.001 3 4.72093e-06 0 0 1
Step 1290 1.29 0.001 3 2.12485e-06 0 0 1
Step 1291 1.291 0.001 3 3.15603e-07 0 0 1
Step 1292 1.292 0.001 3 2.36171e-07 0 0 1
Step 1293 1.293 0.001 3 4.32863e-07 0 0 1
Step 1294 1.294 0.001 3 1.13409e-06 0 0 1
Step 1295 1.295 0.001 3 4.2103e-06 0 0 1
Step 1296 1.296 0.001 3 6.71334e-06 0 0 1
Step 1297 1.297 0.001 3 7.75243e-06 0 0 1
Step 1298 1.298 0.001 3 7.10591e-06 0 0 1
Step 1299 1.299 0.001 3 4.46028e-06 0 0 1
Step 1300 1.3 0.001 3 1.34849e-06 0 0 1
Step 1301 1.301 0.001 3 1.60924e-07 0 0 1
Step 1302 1.302 0.001 3 1.99861e-07 0 0 1
Step 1303 1.303 0.001 3 4.84508e-07 0 0 1
Step 1304 1.304 0.001 3 2.41446e-06 0 0 1
Step 1305 1.305 0.001 3 5.60241e-06 0 0 1
Step 1306 1.306 0.001 3 6.78256e-06 0 0 1
Step 1307 1.307 0.001 3 6.97933e-06 0 0 1
Step 1308 1.308 0.001 3 5.27161e-06 0 0 1
Step 1309 1.309 0.001 3 2.73419e-06 0 0 1
Step 1310 1.31 0.001 3 5.51206e-07 0 0 1
Step 1311 1.311 0.001 3 1.97134e-07 0 0 1
Step 1312 1.312 0.001 3 3.81792e-07 0 0 1
Step 1313 1.313 0.001 3 7.88647e-07 0 0 1
Step 1314 1.314 0.001 3 3.37983e-06 0 0 1
Step 1315 1.315 0.001 3 6.35468e-06 0 0 1
Step 1316 1.316 0.001 3 7.54761e-06 0 0 1
Step 1317 1.317 0.001 3 7.51571e-06 0 0 1
Step 1318 1.318 0.001 3 5.15986e-06 0 0 1
Step 1319 1.319 0.001 3 1.98619e-06 0 0 1
Step 1320 1.32 0.001 3 2.16959e-07 0 0 1
Step 1321 1.321 0.001 3 1.73717e-07 0 0 1
Step 1322 1.322 0.001 3 3.5926e-07 0 0 1
Step 1323 1.323 0.001 3 1.73967e-06 0 0 1
Step 1324 1.324 0.001 3 4.9841e-06 0 0 1
Step 1325 1.325 0.001 3 6.64224e-06 0 0 1
Step 1326 1.326 0.001 3 7.06707e-06 0 0 1
Step 1327 1.327 0.001 3 5.77851e-06 0 0 1
Step 1328 1.328 0.001 3 3.3562e-06 0 0 1
Step 1329 1.329 0.001 3 9.0592e-07 0 0 1
Step 1330 1.33 0.001 3 1.76805e-07 0 0 1
Step 1331 1.331 0.001 3 3.32748e-07 0 0 1
Step 1332 1.332 0.001 3 5.96165e-07 0 0 1
Step 1333 1.333 0.001 3 2.56988e-06 0 0 1
Step 1334 1.334 0.001 3 5.86919e-06 0 0 1
Step 1335 1.335 0.001 3 7.31044e-06 0 0 1
Step 1336 1.336 0.001 3 7.77446e-06 0 0 1
Step 1337 1.337 0.001 3 5.80827e-06 0 0 1
Step 1338 1.338 0.001 3 2.70846e-06 0 0 1
Step 1339 1.339 0.001 3 3.86397e-07 0 0 1
Step 1340 1.34 0.001 3 1.56875e-07 0 0 1
Step 1341 1.341 0.001 3 2.94864e-07 0 0 1
Step 1342 1.342 0.001 3 1.18588e-06 0 0 1
Step 1343 1.343 0.001 3 4.24886e-06 0 0 1
Step 1344 1.344 0.001 3 6.4638e-06 0 0 1
Step 1345 1.345 0.001 3 7.04418e-06 0 0 1
Step 1346 1.346 0.001 3 6.26461e-06 0 0 1
Step 1347 1.347 0.001 3 3.95639e-06 0 0 1
Step 1348 1.348 0.001 3 1.37169e-06 0 0 1
Step 1349 1.349 0.001 3 1.79228e-07 0 0 1
Step 1350 1.35 0.001 3 2.93366e-07 0 0 1
Step 1351 1.351 0.001 3 4.98609e-07 0 0 1
Step 1352 1.352 0.001 3 1.85588e-06 0 0 1
Step 1353 1.353 0.001 3 5.238e-06 0 0 1
Step 1354 1.354 0.001 3 7.07044e-06 0 0 1
Step 1355 1.355 0.001 3 7.86325e-06 0 0 1
Step 1356 1.356 0.001 3 6.40553e-06 0 0 1
Step 1357 1.357 0.001 3 3.46762e-06 0 0 1
Step 1358 1.358 0.001 3 7.07251e-07 0 0 1
Step 1359 1.359 0.001 3 1.47835e-07 0 0 1
Step 1360 1.36 0.001 3 2.45566e-07 0 0 1
Step 1361 1.361 0.001 3 7.93725e-07 0 0 1
Step 1362 1.362 0.001 3 3.44926e-06 0 0 1
Step 1363 1.363 0.001 3 6.18414e-06 0 0 1
Step 1364 1.364 0.001 3 6.94609e-06 0 0 1
Step 1365 1.365 0.001 3 6.64745e-06 0 0 1
Step 1366 1.366 0.001 3 4.52928e-06 0 0 1
Step 1367 1.367 0.001 3 1.91785e-06 0 0 1
Step 1368 1.368 0.001 3 2.58904e-07 0 0 1
Step 1369 1.369 0.001 3 2.5687e-07 0 0 1
Step 1370 1.37 0.001 3 4.48253e-07 0 0 1
Step 1371 1.371 0.001 3 1.28173e-06 0 0 1
Step 1372 1.372 0.001 3 4.47893e-06 0 0 1
Step 1373 1.373 0.001 3 6.81416e-06 0 0 1
Step 1374 1.374 0.001 3 7.79551e-06 0 0 1
Step 1375 1.375 0.001 3 6.94685e-06 0 0 1
Step 1376 1.376 0.001 3 4.21806e-06 0 0 1
Step 1377 1.377 0.001 3 1.1641e-06 0 0 1
Step 1378 1.378 0.001 3 1.49929e-07 0 0 1
Step 1379 1.379 0.001 3 2.10561e-07 0 0 1
Step 1380 1.38 0.001 3 5.40857e-07 0 0 1
Step 1381 1.381 0.001 3 2.66364e-06 0 0 1
Step 1382 1.382 0.001 3 5.77016e-06 0 0 1
Step 1383 1.383 0.001 3 6.82989e-06 0 0 1
Step 1384 1.384 0.001 3 6.91678e-06 0 0 1
Step 1385 1.385 0.001 3 5.08095e-06 0 0 1
Step 1386 1.386 0.001 3 2.53737e-06 0 0 1
Step 1387 1.387 0.001 3 4.56979e-07 0 0 1
Step 1388 1.388 0.001 3 2.10465e-07 0 0 1
Step 1389 1.389 0.001 3 3.95408e-07 0 0 1
Step 1390 1.39 0.001 3 8.85803e-07 0 0 1
Step 1391 1.391 0.001 3 3.65721e-06 0 0 1
Step 1392 1.392 0.001 3 6.48395e-06 0 0 1
Step 1393 1.393 0.001 3 7.6245e-06 0 0 1
Step 1394 1.394 0.001 3 7.39014e-06 0 0 1
Step 1395 1.395 0.001 3 4.92772e-06 0 0 1
Step 1396 1.396 0.001 3 1.76214e-06 0 0 1
Step 1397 1.397 0.001 3 1.88394e-07 0 0 1
Step 1398 1.398 0.001 3 1.76045e-07 0 0 1
Step 1399 1.399 0.001 3 3.90929e-07 0 0 1
Step 1400 1.4 0.001 3 1.94903e-06 0 0 1
Step 1401 1.401 0.001 3 5.20182e-06 0 0 1
Step 1402 1.402 0.001 3 6.69628e-06 0 0 1
Step 1403 1.403 0.001 3 7.0489e-06 0 0 1
Step 1404 1.404 0.001 3 5.61508e-06 0 0 1
Step 1405 1.405 0.001 3 3.15009e-06 0 0 1
Step 1406 1.406 0.001 3 7.80389e-07 0 0 1
Step 1407 1.407 0.001 3 1.82267e-07 0 0 1
Step 1408 1.408 0.001 3 3.52296e-07 0 0 1
Step 1409 1.409 0.001 3 6.48031e-07 0 0 1
Step 1410 1.41 0.001 3 2.83388e-06 0 0 1
Step 1411 1.411 0.001 3 6.04677e-06 0 0 1
Step 1412 1.412 0.001 3 7.39511e-06 0 0 1
Step 1413 1.413 0.001 3 7.7071e-06 0 0 1
Step 1414 1.414 0.001 3 5.59702e-06 0 0 1
Step 1415 1.415 0.001 3 2.46026e-06 0 0 1
Step 1416 1.416 0.001 3 3.18978e-07 0 0 1
Step 1417 1.417 0.001 3 1.67772e-07 0 0 1
Step 1418 1.418 0.001 3 3.11683e-07 0 0 1
Step 1419 1.419 0.001 3 1.35324e-06 0 0 1
Step 1420 1.42 0.001 3 4.51014e-06 0 0 1
Step 1421 1.421 0.001 3 6.52964e-06 0 0 1
Step 1422 1.422 0.001 3 7.06483e-06 0 0 1
Step 1423 1.423 0.001 3 6.1141e-06 0 0 1
Step 1424 1.424 0.001 3 3.76026e-06 0 0 1
Step 1425 1.425 0.001 3 1.20723e-06 0 0 1
Step 1426 1.426 0.001 3 1.69862e-07 0 0 1
Step 1427 1.427 0.001 3 3.03871e-07 0 0 1
Step 1428 1.428 0.001 3 5.24606e-07 0 0 1
Step 1429 1.429 0.001 3 2.07983e-06 0 0 1
Step 1430 1.43 0.001 3 5.46492e-06 0 0 1
Step 1431 1.431 0.001 3 7.15436e-06 0 0 1
Step 1432 1.432 0.001 3 7.8516e-06 0 0 1
Step 1433 1.433 0.001 3 6.21448e-06 0 0 1
Step 1434 1.434 0.001 3 3.20998e-06 0 0 1
Step 1435 1.435 0.001 3 5.84702e-07 0 0 1
Step 1436 1.436 0.001 3 1.56083e-07 0 0 1
Step 1437 1.437 0.001 3 2.57614e-07 0 0 1
Step 1438 1.438 0.001 3 8.98709e-07 0 0 1
Step 1439 1.439 0.001 3 3.71984e-06 0 0 1
Step 1440 1.44 0.001 3 6.29237e-06 0 0 1
Step 1441 1.441 0.001 3 6.9807e-06 0 0 1
Step 1442 1.442 0.001 3 6.52774e-06 0 0 1
Step 1443 1.443 0.001 3 4.33833e-06 0 0 1
Step 1444 1.444 0.001 3 1.73652e-06 0 0 1
Step 1445 1.445 0.001 3 2.17352e-07 0 0 1
Step 1446 1.446 0.001 3 2.61482e-07 0 0 1
Step 1447 1.447 0.001 3 4.60102e-07 0 0 1
Step 1448 1.448 0.001 3 1.45694e-06 0 0 1
Step 1449 1.449 0.001 3 4.74182e-06 0 0 1
Step 1450 1.45 0.001 3 6.90485e-06 0 0 1
Step 1451 1.451 0.001 3 7.83347e-06 0 0 1
Step 1452 1.452 0.001 3 6.77927e-06 0 0 1
Step 1453 1.453 0.001 3 3.96734e-06 0 0 1
Step 1454 1.454 0.001 3 9.96473e-07 0 0 1
Step 1455 1.455 0.001 3 1.43287e-07 0 0 1
Step 1456 1.456 0.001 3 2.20722e-07 0 0 1
Step 1457 1.457 0.001 3 6.12013e-07 0 0 1
Step 1458 1.458 0.001 3 2.92288e-06 0 0 1
Step 1459 1.459 0.001 3 5.9244e-06 0 0 1
Step 1460 1.46 0.001 3 6.86609e-06 0 0 1
Step 1461 1.461 0.001 3 6.84277e-06 0 0 1
Step 1462 1.462 0.001 3 4.90593e-06 0 0 1
Step 1463 1.463 0.001 3 2.33074e-06 0 0 1
Step 1464 1.464 0.001 3 3.81259e-07 0 0 1
Step 1465 1.465 0.001 3 2.22204e-07 0 0 1
Step 1466 1.466 0.001 3 4.10174e-07 0 0 1
Step 1467 1.467 0.001 3 9.96384e-07 0 0 1
Step 1468 1.468 0.001 3 3.94083e-06 0 0 1
Step 1469 1.469 0.001 3 6.60058e-06 0 0 1
Step 1470 1.47 0.001 3 7.68974e-06 0 0 1
Step 1471 1.471 0.001 3 7.25744e-06 0 0 1
Step 1472 1.472 0.001 3 4.69832e-06 0 0 1
Step 1473 1.473 0.001 3 1.55278e-06 0 0 1
Step 1474 1.474 0.001 3 1.66718e-07 0 0 1
Step 1475 1.475 0.001 3 1.85342e-07 0 0 1
Step 1476 1.476 0.001 3 4.37833e-07 0 0 1
Step 1477 1.477 0.001 3 2.17376e-06 0 0 1
Step 1478 1.478 0.001 3 5.40541e-06 0 0 1
Step 1479 1.479 0.001 3 6.7476e-06 0 0 1
Step 1480 1.48 0.001 3 7.0241e-06 0 0 1
Step 1481 1.481 0.001 3 5.44121e-06 0 0 1
Step 1482 1.482 0.001 3 2.93948e-06 0 0 1
Step 1483 1.483 0.001 3 6.60614e-07 0 0 1
Step 1484 1.484 0.001 3 1.90455e-07 0 0 1
Step 1485 1.485 0.001 3 3.67215e-07 0 0 1
Step 1486 1.486 0.001 3 7.07006e-07 0 0 1
Step 1487 1.487 0.001 3 3.10364e-06 0 0 1
Step 1488 1.488 0.001 3 6.20726e-06 0 0 1
Step 1489 1.489 0.001 3 7.47804e-06 0 0 1
Step 1490 1.49 0.001 3 7.62072e-06 0 0 1
Step 1491 1.491 0.001 3 5.38034e-06 0 0 1
Step 1492 1.492 0.001 3 2.21639e-06 0 0 1
Step 1493 1.493 0.001 3 2.62802e-07 0 0 1
Step 1494 1.494 0.001 3 1.6717e-07 0 0 1
Step 1495 1.495 0.001 3 3.35425e-07 0 0 1
Step 1496 1.496 0.001 3 1.62239e-06 0 0 1
Step 1497 1.497 0.001 3 4.74979e-06 0 0 1
Step 1498 1.498 0.001 3 6.59149e-06 0 0 1
Step 1499 1.499 0.001 3 7.06591e-06 0 0 1
Step 1500 1.5 0.001 3 5.9456e-06 0 0 1
Step 1501 1.501 0.001 3 3.55611e-06 0 0 1
Step 1502 1.502 0.001 3 1.05268e-06 0 0 1
Step 1503 1.503 0.001 3 1.78518e-07 0 0 1
Step 1504 1.504 0.001 3 3.24957e-07 0 0 1
Step 1505 1.505 0.001 3 5.57303e-07 0 0 1
Step 1506 1.506 0.001 3 2.32143e-06 0 0 1
Step 1507 1.507 0.001 3 5.672e-06 0 0 1
Step 1508 1.508 0.001 3 7.2305e-06 0 0 1
Step 1509 1.509 0.001 3 7.81801e-06 0 0 1
Step 1510 1.51 0.001 3 6.01011e-06 0 0 1
Step 1511 1.511 0.001 3 2.95931e-06 0 0 1
Step 1512 1.512 0.001 3 4.80477e-07 0 0 1
Step 1513 1.513 0.001 3 1.53011e-07 0 0 1
Step 1514 1.514 0.001 3 2.74967e-07 0 0 1
Step 1515 1.515 0.001 3 1.03873e-06 0 0 1
Step 1516 1.516 0.001 3 3.98877e-06 0 0 1
Step 1517 1.517 0.001 3 6.37821e-06 0 0 1
Step 1518 1.518 0.001 3 7.02511e-06 0 0 1
Step 1519 1.519 0.001 3 6.40203e-06 0 0 1
Step 1520 1.52 0.001 3 4.14596e-06 0 0 1
Step 1521 1.521 0.001 3 1.54729e-06 0 0 1
Step 1522 1.522 0.001 3 1.95305e-07 0 0 1
Step 1523 1.523 0.001 3 2.79645e-07 0 0 1
Step 1524 1.524 0.001 3 4.78738e-07 0 0 1
Step 1525 1.525 0.001 3 1.65196e-06 0 0 1
Step 1526 1.526 0.001 3 4.99324e-06 0 0 1
Step 1527 1.527 0.001 3 6.98409e-06 0 0 1
Step 1528 1.528 0.001 3 7.85989e-06 0 0 1
Step 1529 1.529 0.001 3 6.59716e-06 0 0 1
Step 1530 1.53 0.001 3 3.72048e-06 0 0 1
Step 1531 1.531 0.001 3 8.44049e-07 0 0 1
Step 1532 1.532 0.001 3 1.45531e-07 0 0 1
Step 1533 1.533 0.001 3 2.28156e-07 0 0 1
Step 1534 1.534 0.001 3 6.95724e-07 0 0 1
Step 1535 1.535 0.001 3 3.18402e-06 0 0 1
Step 1536 1.536 0.001 3 6.06408e-06 0 0 1
Step 1537 1.537 0.001 3 6.9094e-06 0 0 1
Step 1538 1.538 0.001 3 6.75447e-06 0 0 1
Step 1539 1.539 0.001 3 4.71982e-06 0 0 1
Step 1540 1.54 0.001 3 2.11627e-06 0 0 1
Step 1541 1.541 0.001 3 3.18859e-07 0 0 1
Step 1542 1.542 0.001 3 2.32297e-07 0 0 1
Step 1543 1.543 0.001 3 4.27748e-07 0 0 1
Step 1544 1.544 0.001 3 1.13156e-06 0 0 1
Step 1545 1.545 0.001 3 4.20962e-06 0 0 1
Step 1546 1.546 0.001 3 6.71363e-06 0 0 1
Step 1547 1.547 0.001 3 7.74505e-06 0 0 1
Step 1548 1.548 0.001 3 7.10292e-06 0 0 1
Step 1549 1.549 0.001 3 4.45944e-06 0 0 1
Step 1550 1.55 0.001 3 1.34854e-06 0 0 1
Step 1551 1.551 0.001 3 1.5481e-07 0 0 1
Step 1552 1.552 0.001 3 2.07201e-07 0 0 1
Step 1553 1.553 0.001 3 4.84965e-07 0 0 1
Step 1554 1.554 0.001 3 2.41775e-06 0 0 1
Step 1555 1.555 0.001 3 5.59201e-06 0 0 1
Step 1556 1.556 0.001 3 6.78578e-06 0 0 1
Step 1557 1.557 0.001 3 6.98235e-06 0 0 1
Step 1558 1.558 0.001 3 5.26749e-06 0 0 1
Step 1559 1.559 0.001 3 2.74242e-06 0 0 1
Step 1560 1.56 0.001 3 5.56839e-07 0 0 1
Step 1561 1.561 0.001 3 2.01083e-07 0 0 1
Step 1562 1.562 0.001 3 3.80921e-07 0 0 1
Step 1563 1.563 0.001 3 7.86572e-07 0 0 1
Step 1564 1.564 0.001 3 3.3751e-06 0 0 1
Step 1565 1.565 0.001 3 6.35234e-06 0 0 1
Step 1566 1.566 0.001 3 7.55073e-06 0 0 1
Step 1567 1.567 0.001 3 7.51328e-06 0 0 1
Step 1568 1.568 0.001 3 5.16087e-06 0 0 1
Step 1569 1.569 0.001 3 1.98736e-06 0 0 1
Step 1570 1.57 0.001 3 2.14937e-07 0 0 1
Step 1571 1.571 0.001 3 1.72485e-07 0 0 1
Step 1572 1.572 0.001 3 3.64768e-07 0 0 1
Step 1573 1.573 0.001 3 1.73301e-06 0 0 1
Step 1574 1.574 0.001 3 4.98727e-06 0 0 1
Step 1575 1.575 0.001 3 6.64508e-06 0 0 1
Step 1576 1.576 0.001 3 7.06513e-06 0 0 1
Step 1577 1.577 0.001 3 5.78654e-06 0 0 1
Step 1578 1.578 0.001 3 3.34976e-06 0 0 1
Step 1579 1.579 0.001 3 9.0874e-07 0 0 1
Step 1580 1.58 0.001 3 1.76857e-07 0 0 1
Step 1581 1.581 0.001 3 3.37712e-07 0 0 1
Step 1582 1.582 0.001 3 5.93648e-07 0 0 1
Step 1583 1.583 0.001 3 2.56678e-06 0 0 1
Step 1584 1.584 0.001 3 5.86379e-06 0 0 1
Step 1585 1.585 0.001 3 7.32025e-06 0 0 1
Step 1586 1.586 0.001 3 7.77352e-06 0 0 1
Step 1587 1.587 0.001 3 5.80983e-06 0 0 1
Step 1588 1.588 0.001 3 2.70247e-06 0 0 1
Step 1589 1.589 0.001 3 3.89605e-07 0 0 1
Step 1590 1.59 0.001 3 1.54017e-07 0 0 1
Step 1591 1.591 0.001 3 2.89392e-07 0 0 1
Step 1592 1.592 0.001 3 1.18671e-06 0 0 1
Step 1593 1.593 0.001 3 4.24999e-06 0 0 1
Step 1594 1.594 0.001 3 6.46428e-06 0 0 1
Step 1595 1.595 0.001 3 7.04889e-06 0 0 1
Step 1596 1.596 0.001 3 6.25393e-06 0 0 1
Step 1597 1.597 0.001 3 3.95169e-06 0 0 1
Step 1598 1.598 0.001 3 1.37223e-06 0 0 1
Step 1599 1.599 0.001 3 1.82413e-07 0 0 1
Step 1600 1.6 0.001 3 2.91806e-07 0 0 1
Step 1601 1.601 0.001 3 4.97295e-07 0 0 1
Step 1602 1.602 0.001 3 1.85702e-06 0 0 1
Step 1603 1.603 0.001 3 5.23387e-06 0 0 1
Step 1604 1.604 0.001 3 7.06851e-06 0 0 1
Step 1605 1.605 0.001 3 7.8653e-06 0 0 1
Step 1606 1.606 0.001 3 6.40962e-06 0 0 1
Step 1607 1.607 0.001 3 3.46463e-06 0 0 1
Step 1608 1.608 0.001 3 7.04577e-07 0 0 1
Step 1609 1.609 0.001 3 1.51941e-07 0 0 1
Step 1610 1.61 0.001 3 2.41648e-07 0 0 1
Step 1611 1.611 0.001 3 7.87072e-07 0 0 1
Step 1612 1.612 0.001 3 3.45006e-06 0 0 1
Step 1613 1.613 0.001 3 6.19048e-06 0 0 1
Step 1614 1.614 0.001 3 6.95407e-06 0 0 1
Step 1615 1.615 0.001 3 6.64501e-06 0 0 1
Step 1616 1.616 0.001 3 4.5328e-06 0 0 1
Step 1617 1.617 0.001 3 1.92441e-06 0 0 1
Step 1618 1.618 0.001 3 2.65586e-07 0 0 1
Step 1619 1.619 0.001 3 2.52621e-07 0 0 1
Step 1620 1.62 0.001 3 4.42293e-07 0 0 1
Step 1621 1.621 0.001 3 1.28478e-06 0 0 1
Step 1622 1.622 0.001 3 4.47541e-06 0 0 1
Step 1623 1.623 0.001 3 6.80568e-06 0 0 1
Step 1624 1.624 0.001 3 7.79741e-06 0 0 1
Step 1625 1.625 0.001 3 6.95453e-06 0 0 1
Step 1626 1.626 0.001 3 4.21706e-06 0 0 1
Step 1627 1.627 0.001 3 1.16446e-06 0 0 1
Step 1628 1.628 0.001 3 1.48386e-07 0 0 1
Step 1629 1.629 0.001 3 2.14261e-07 0 0 1
Step 1630 1.63 0.001 3 5.45169e-07 0 0 1
Step 1631 1.631 0.001 3 2.65961e-06 0 0 1
Step 1632 1.632 0.001 3 5.77315e-06 0 0 1
Step 1633 1.633 0.001 3 6.83042e-06 0 0 1
Step 1634 1.634 0.001 3 6.91627e-06 0 0 1
Step 1635 1.635 0.001 3 5.07842e-06 0 0 1
Step 1636 1.636 0.001 3 2.53155e-06 0 0 1
Step 1637 1.637 0.001 3 4.63288e-07 0 0 1
Step 1638 1.638 0.001 3 2.14898e-07 0 0 1
Step 1639 1.639 0.001 3 4.00476e-07 0 0 1
Step 1640 1.64 0.001 3 8.81614e-07 0 0 1
Step 1641 1.641 0.001 3 3.65879e-06 0 0 1
Step 1642 1.642 0.001 3 6.48299e-06 0 0 1
Step 1643 1.643 0.001 3 7.62198e-06 0 0 1
Step 1644 1.644 0.001 3 7.39348e-06 0 0 1
Step 1645 1.645 0.001 3 4.93174e-06 0 0 1
Step 1646 1.646 0.001 3 1.76282e-06 0 0 1
Step 1647 1.647 0.001 3 1.8503e-07 0 0 1
Step 1648 1.648 0.001 3 1.84226e-07 0 0 1
Step 1649 1.649 0.001 3 3.93836e-07 0 0 1
Step 1650 1.65 0.001 3 1.94535e-06 0 0 1
Step 1651 1.651 0.001 3 5.21076e-06 0 0 1
Step 1652 1.652 0.001 3 6.69455e-06 0 0 1
Step 1653 1.653 0.001 3 7.05204e-06 0 0 1
Step 1654 1.654 0.001 3 5.61591e-06 0 0 1
Step 1655 1.655 0.001 3 3.14489e-06 0 0 1
Step 1656 1.656 0.001 3 7.7715e-07 0 0 1
Step 1657 1.657 0.001 3 1.83287e-07 0 0 1
Step 1658 1.658 0.001 3 3.54544e-07 0 0 1
Step 1659 1.659 0.001 3 6.45376e-07 0 0 1
Step 1660 1.66 0.001 3 2.83518e-06 0 0 1
Step 1661 1.661 0.001 3 6.04548e-06 0 0 1
Step 1662 1.662 0.001 3 7.39818e-06 0 0 1
Step 1663 1.663 0.001 3 7.69874e-06 0 0 1
Step 1664 1.664 0.001 3 5.5965e-06 0 0 1
Step 1665 1.665 0.001 3 2.45679e-06 0 0 1
Step 1666 1.666 0.001 3 3.21786e-07 0 0 1
Step 1667 1.667 0.001 3 1.6259e-07 0 0 1
Step 1668 1.668 0.001 3 3.11825e-07 0 0 1
Step 1669 1.669 0.001 3 1.35227e-06 0 0 1
Step 1670 1.67 0.001 3 4.50297e-06 0 0 1
Step 1671 1.671 0.001 3 6.52789e-06 0 0 1
Step 1672 1.672 0.001 3 7.06837e-06 0 0 1
Step 1673 1.673 0.001 3 6.11334e-06 0 0 1
Step 1674 1.674 0.001 3 3.754e-06 0 0 1
Step 1675 1.675 0.001 3 1.20436e-06 0 0 1
Step 1676 1.676 0.001 3 1.75583e-07 0 0 1
Step 1677 1.677 0.001 3 3.08302e-07 0 0 1
Step 1678 1.678 0.001 3 5.25573e-07 0 0 1
Step 1679 1.679 0.001 3 2.07978e-06 0 0 1
Step 1680 1.68 0.001 3 5.46197e-06 0 0 1
Step 1681 1.681 0.001 3 7.15445e-06 0 0 1
Step 1682 1.682 0.001 3 7.84864e-06 0 0 1
Step 1683 1.683 0.001 3 6.21028e-06 0 0 1
Step 1684 1.684 0.001 3 3.20862e-06 0 0 1
Step 1685 1.685 0.001 3 5.84786e-07 0 0 1
Step 1686 1.686 0.001 3 1.47402e-07 0 0 1
Step 1687 1.687 0.001 3 2.57822e-07 0 0 1
Step 1688 1.688 0.001 3 9.05066e-07 0 0 1
Step 1689 1.689 0.001 3 3.72728e-06 0 0 1
Step 1690 1.69 0.001 3 6.29009e-06 0 0 1
Step 1691 1.691 0.001 3 6.98205e-06 0 0 1
Step 1692 1.692 0.001 3 6.53109e-06 0 0 1
Step 1693 1.693 0.001 3 4.34547e-06 0 0 1
Step 1694 1.694 0.001 3 1.73914e-06 0 0 1
Step 1695 1.695 0.001 3 2.28987e-07 0 0 1
Step 1696 1.696 0.001 3 2.6141e-07 0 0 1
Step 1697 1.697 0.001 3 4.58796e-07 0 0 1
Step 1698 1.698 0.001 3 1.45993e-06 0 0 1
Step 1699 1.699 0.001 3 4.74124e-06 0 0 1
Step 1700 1.7 0.001 3 6.90214e-06 0 0 1
Step 1701 1.701 0.001 3 7.83502e-06 0 0 1
Step 1702 1.702 0.001 3 6.77951e-06 0 0 1
Step 1703 1.703 0.001 3 3.96963e-06 0 0 1
Step 1704 1.704 0.001 3 9.96686e-07 0 0 1
Step 1705 1.705 0.001 3 1.4736e-07 0 0 1
Step 1706 1.706 0.001 3 2.17124e-07 0 0 1
Step 1707 1.707 0.001 3 6.12703e-07 0 0 1
Step 1708 1.708 0.001 3 2.91831e-06 0 0 1
Step 1709 1.709 0.001 3 5.92514e-06 0 0 1
Step 1710 1.71 0.001 3 6.87239e-06 0 0 1
Step 1711 1.711 0.001 3 6.84093e-06 0 0 1
Step 1712 1.712 0.001 3 4.9036e-06 0 0 1
Step 1713 1.713 0.001 3 2.32445e-06 0 0 1
Step 1714 1.714 0.001 3 3.81332e-07 0 0 1
Step 1715 1.715 0.001 3 2.24379e-07 0 0 1
Step 1716 1.716 0.001 3 4.13793e-07 0 0 1
Step 1717 1.717 0.001 3 9.979e-07 0 0 1
Step 1718 1.718 0.001 3 3.93199e-06 0 0 1
Step 1719 1.719 0.001 3 6.60599e-06 0 0 1
Step 1720 1.72 0.001 3 7.69015e-06 0 0 1
Step 1721 1.721 0.001 3 7.25294e-06 0 0 1
Step 1722 1.722 0.001 3 4.69696e-06 0 0 1
Step 1723 1.723 0.001 3 1.54806e-06 0 0 1
Step 1724 1.724 0.001 3 1.67048e-07 0 0 1
Step 1725 1.725 0.001 3 1.90273e-07 0 0 1
Step 1726 1.726 0.001 3 4.35892e-07 0 0 1
Step 1727 1.727 0.001 3 2.17579e-06 0 0 1
Step 1728 1.728 0.001 3 5.4073e-06 0 0 1
Step 1729 1.729 0.001 3 6.74366e-06 0 0 1
Step 1730 1.73 0.001 3 7.0201e-06 0 0 1
Step 1731 1.731 0.001 3 5.44039e-06 0 0 1
Step 1732 1.732 0.001 3 2.94715e-06 0 0 1
Step 1733 1.733 0.001 3 6.62461e-07 0 0 1
Step 1734 1.734 0.001 3 1.93563e-07 0 0 1
Step 1735 1.735 0.001 3 3.67929e-07 0 0 1
Step 1736 1.736 0.001 3 7.08657e-07 0 0 1
Step 1737 1.737 0.001 3 3.10519e-06 0 0 1
Step 1738 1.738 0.001 3 6.20528e-06 0 0 1
Step 1739 1.739 0.001 3 7.47096e-06 0 0 1
Step 1740 1.74 0.001 3 7.61928e-06 0 0 1
Step 1741 1.741 0.001 3 5.37565e-06 0 0 1
Step 1742 1.742 0.001 3 2.22e-06 0 0 1
Step 1743 1.743 0.001 3 2.58966e-07 0 0 1
Step 1744 1.744 0.001 3 1.73884e-07 0 0 1
Step 1745 1.745 0.001 3 3.34181e-07 0 0 1
Step 1746 1.746 0.001 3 1.61658e-06 0 0 1
Step 1747 1.747 0.001 3 4.74896e-06 0 0 1
Step 1748 1.748 0.001 3 6.59312e-06 0 0 1
Step 1749 1.749 0.001 3 7.06845e-06 0 0 1
Step 1750 1.75 0.001 3 5.9497e-06 0 0 1
Step 1751 1.751 0.001 3 3.56067e-06 0 0 1
Step 1752 1.752 0.001 3 1.05187e-06 0 0 1
Step 1753 1.753 0.001 3 1.83123e-07 0 0 1
Step 1754 1.754 0.001 3 3.22048e-07 0 0 1
Step 1755 1.755 0.001 3 5.54919e-07 0 0 1
Step 1756 1.756 0.001 3 2.32121e-06 0 0 1
Step 1757 1.757 0.001 3 5.67161e-06 0 0 1
Step 1758 1.758 0.001 3 7.23268e-06 0 0 1
Step 1759 1.759 0.001 3 7.82066e-06 0 0 1
Step 1760 1.76 0.001 3 6.01806e-06 0 0 1
Step 1761 1.761 0.001 3 2.95745e-06 0 0 1
Step 1762 1.762 0.001 3 4.81301e-07 0 0 1
Step 1763 1.763 0.001 3 1.55456e-07 0 0 1
Step 1764 1.764 0.001 3 2.77967e-07 0 0 1
Step 1765 1.765 0.001 3 1.03824e-06 0 0 1
Step 1766 1.766 0.001 3 3.98506e-06 0 0 1
Step 1767 1.767 0.001 3 6.38045e-06 0 0 1
Step 1768 1.768 0.001 3 7.01772e-06 0 0 1
Step 1769 1.769 0.001 3 6.39566e-06 0 0 1
Step 1770 1.77 0.001 3 4.1555e-06 0 0 1
Step 1771 1.771 0.001 3 1.5464e-06 0 0 1
Step 1772 1.772 0.001 3 1.9984e-07 0 0 1
Step 1773 1.773 0.001 3 2.74131e-07 0 0 1
Step 1774 1.774 0.001 3 4.80324e-07 0 0 1
Step 1775 1.775 0.001 3 1.64824e-06 0 0 1
Step 1776 1.776 0.001 3 4.99515e-06 0 0 1
Step 1777 1.777 0.001 3 6.98481e-06 0 0 1
Step 1778 1.778 0.001 3 7.86054e-06 0 0 1
Step 1779 1.779 0.001 3 6.59735e-06 0 0 1
Step 1780 1.78 0.001 3 3.7152e-06 0 0 1
Step 1781 1.781 0.001 3 8.38267e-07 0 0 1
Step 1782 1.782 0.001 3 1.41737e-07 0 0 1
Step 1783 1.783 0.001 3 2.2853e-07 0 0 1
Step 1784 1.784 0.001 3 6.90154e-07 0 0 1
Step 1785 1.785 0.001 3 3.18618e-06 0 0 1
Step 1786 1.786 0.001 3 6.06292e-06 0 0 1
Step 1787 1.787 0.001 3 6.91011e-06 0 0 1
Step 1788 1.788 0.001 3 6.75061e-06 0 0 1
Step 1789 1.789 0.001 3 4.71556e-06 0 0 1
Step 1790 1.79 0.001 3 2.12608e-06 0 0 1
Step 1791 1.791 0.001 3 3.18658e-07 0 0 1
Step 1792 1.792 0.001 3 2.34846e-07 0 0 1
Step 1793 1.793 0.001 3 4.2718e-07 0 0 1
Step 1794 1.794 0.001 3 1.13702e-06 0 0 1
Step 1795 1.795 0.001 3 4.2086e-06 0 0 1
Step 1796 1.796 0.001 3 6.71207e-06 0 0 1
Step 1797 1.797 0.001 3 7.75172e-06 0 0 1
Step 1798 1.798 0.001 3 7.11007e-06 0 0 1
Step 1799 1.799 0.001 3 4.45611e-06 0 0 1
Step 1800 1.8 0.001 3 1.34996e-06 0 0 1
Step 1801 1.801 0.001 3 1.54e-07 0 0 1
Step 1802 1.802 0.001 3 2.00256e-07 0 0 1
Step 1803 1.803 0.001 3 4.8676e-07 0 0 1
Step 1804 1.804 0.001 3 2.41441e-06 0 0 1
Step 1805 1.805 0.001 3 5.59892e-06 0 0 1
Step 1806 1.806 0.001 3 6.78962e-06 0 0 1
Step 1807 1.807 0.001 3 6.97622e-06 0 0 1
Step 1808 1.808 0.001 3 5.26718e-06 0 0 1
Step 1809 1.809 0.001 3 2.74157e-06 0 0 1
Step 1810 1.81 0.001 3 5.54532e-07 0 0 1
Step 1811 1.811 0.001 3 2.06328e-07 0 0 1
Step 1812 1.812 0.001 3 3.81971e-07 0 0 1
Step 1813 1.813 0.001 3 7.90011e-07 0 0 1
Step 1814 1.814 0.001 3 3.377e-06 0 0 1
Step 1815 1.815 0.001 3 6.35764e-06 0 0 1
Step 1816 1.816 0.001 3 7.54797e-06 0 0 1
Step 1817 1.817 0.001 3 7.50785e-06 0 0 1
Step 1818 1.818 0.001 3 5.15581e-06 0 0 1
Step 1819 1.819 0.001 3 1.98651e-06 0 0 1
Step 1820 1.82 0.001 3 2.1582e-07 0 0 1
Step 1821 1.821 0.001 3 1.73877e-07 0 0 1
Step 1822 1.822 0.001 3 3.59745e-07 0 0 1
Step 1823 1.823 0.001 3 1.73786e-06 0 0 1
Step 1824 1.824 0.001 3 4.98738e-06 0 0 1
Step 1825 1.825 0.001 3 6.64149e-06 0 0 1
Step 1826 1.826 0.001 3 7.06619e-06 0 0 1
Step 1827 1.827 0.001 3 5.78458e-06 0 0 1
Step 1828 1.828 0.001 3 3.3548e-06 0 0 1
Step 1829 1.829 0.001 3 9.15425e-07 0 0 1
Step 1830 1.83 0.001 3 1.76542e-07 0 0 1
Step 1831 1.831 0.001 3 3.35073e-07 0 0 1
Step 1832 1.832 0.001 3 5.96341e-07 0 0 1
Step 1833 1.833 0.001 3 2.57252e-06 0 0 1
Step 1834 1.834 0.001 3 5.86658e-06 0 0 1
Step 1835 1.835 0.001 3 7.31748e-06 0 0 1
Step 1836 1.836 0.001 3 7.77319e-06 0 0 1
Step 1837 1.837 0.001 3 5.80478e-06 0 0 1
Step 1838 1.838 0.001 3 2.70423e-06 0 0 1
Step 1839 1.839 0.001 3 3.9123e-07 0 0 1
Step 1840 1.84 0.001 3 1.57882e-07 0 0 1
Step 1841 1.841 0.001 3 2.94896e-07 0 0 1
Step 1842 1.842 0.001 3 1.18306e-06 0 0 1
Step 1843 1.843 0.001 3 4.25088e-06 0 0 1
Step 1844 1.844 0.001 3 6.45896e-06 0 0 1
Step 1845 1.845 0.001 3 7.04987e-06 0 0 1
Step 1846 1.846 0.001 3 6.25743e-06 0 0 1
Step 1847 1.847 0.001 3 3.95283e-06 0 0 1
Step 1848 1.848 0.001 3 1.37264e-06 0 0 1
Step 1849 1.849 0.001 3 1.7422e-07 0 0 1
Step 1850 1.85 0.001 3 2.91161e-07 0 0 1
Step 1851 1.851 0.001 3 5.04241e-07 0 0 1
Step 1852 1.852 0.001 3 1.85709e-06 0 0 1
Step 1853 1.853 0.001 3 5.23447e-06 0 0 1
Step 1854 1.854 0.001 3 7.07212e-06 0 0 1
Step 1855 1.855 0.001 3 7.86685e-06 0 0 1
Step 1856 1.856 0.001 3 6.40764e-06 0 0 1
Step 1857 1.857 0.001 3 3.46348e-06 0 0 1
Step 1858 1.858 0.001 3 7.05528e-07 0 0 1
Step 1859 1.859 0.001 3 1.44312e-07 0 0 1
Step 1860 1.86 0.001 3 2.43974e-07 0 0 1
Step 1861 1.861 0.001 3 7.88394e-07 0 0 1
Step 1862 1.862 0.001 3 3.44828e-06 0 0 1
Step 1863 1.863 0.001 3 6.1885e-06 0 0 1
Step 1864 1.864 0.001 3 6.94891e-06 0 0 1
Step 1865 1.865 0.001 3 6.6449e-06 0 0 1
Step 1866 1.866 0.001 3 4.53334e-06 0 0 1
Step 1867 1.867 0.001 3 1.92582e-06 0 0 1
Step 1868 1.868 0.001 3 2.63509e-07 0 0 1
Step 1869 1.869 0.001 3 2.49081e-07 0 0 1
Step 1870 1.87 0.001 3 4.45183e-07 0 0 1
Step 1871 1.871 0.001 3 1.2878e-06 0 0 1
Step 1872 1.872 0.001 3 4.48048e-06 0 0 1
Step 1873 1.873 0.001 3 6.80949e-06 0 0 1
Step 1874 1.874 0.001 3 7.80417e-06 0 0 1
Step 1875 1.875 0.001 3 6.93981e-06 0 0 1
Step 1876 1.876 0.001 3 4.21365e-06 0 0 1
Step 1877 1.877 0.001 3 1.16393e-06 0 0 1
Step 1878 1.878 0.001 3 1.44424e-07 0 0 1
Step 1879 1.879 0.001 3 2.07797e-07 0 0 1
Step 1880 1.88 0.001 3 5.41294e-07 0 0 1
Step 1881 1.881 0.001 3 2.6619e-06 0 0 1
Step 1882 1.882 0.001 3 5.77432e-06 0 0 1
Step 1883 1.883 0.001 3 6.83156e-06 0 0 1
Step 1884 1.884 0.001 3 6.91633e-06 0 0 1
Step 1885 1.885 0.001 3 5.08377e-06 0 0 1
Step 1886 1.886 0.001 3 2.53123e-06 0 0 1
Step 1887 1.887 0.001 3 4.67353e-07 0 0 1
Step 1888 1.888 0.001 3 2.16942e-07 0 0 1
Step 1889 1.889 0.001 3 3.95575e-07 0 0 1
Step 1890 1.89 0.001 3 8.81994e-07 0 0 1
Step 1891 1.891 0.001 3 3.6554e-06 0 0 1
Step 1892 1.892 0.001 3 6.49236e-06 0 0 1
Step 1893 1.893 0.001 3 7.62345e-06 0 0 1
Step 1894 1.894 0.001 3 7.38653e-06 0 0 1
Step 1895 1.895 0.001 3 4.93242e-06 0 0 1
Step 1896 1.896 0.001 3 1.75964e-06 0 0 1
Step 1897 1.897 0.001 3 1.81018e-07 0 0 1
Step 1898 1.898 0.001 3 1.79201e-07 0 0 1
Step 1899 1.899 0.001 3 3.97015e-07 0 0 1
Step 1900 1.9 0.001 3 1.95945e-06 0 0 1
Step 1901 1.901 0.001 3 5.20688e-06 0 0 1
Step 1902 1.902 0.001 3 6.68729e-06 0 0 1
Step 1903 1.903 0.001 3 7.05618e-06 0 0 1
Step 1904 1.904 0.001 3 5.61944e-06 0 0 1
Step 1905 1.905 0.001 3 3.14977e-06 0 0 1
Step 1906 1.906 0.001 3 7.81064e-07 0 0 1
Step 1907 1.907 0.001 3 1.85489e-07 0 0 1
Step 1908 1.908 0.001 3 3.53254e-07 0 0 1
Step 1909 1.909 0.001 3 6.40853e-07 0 0 1
Step 1910 1.91 0.001 3 2.83518e-06 0 0 1
Step 1911 1.911 0.001 3 6.04901e-06 0 0 1
Step 1912 1.912 0.001 3 7.38613e-06 0 0 1
Step 1913 1.913 0.001 3 7.70388e-06 0 0 1
Step 1914 1.914 0.001 3 5.59969e-06 0 0 1
Step 1915 1.915 0.001 3 2.46034e-06 0 0 1
Step 1916 1.916 0.001 3 3.19264e-07 0 0 1
Step 1917 1.917 0.001 3 1.64315e-07 0 0 1
Step 1918 1.918 0.001 3 3.12057e-07 0 0 1
Step 1919 1.919 0.001 3 1.35409e-06 0 0 1
Step 1920 1.92 0.001 3 4.49985e-06 0 0 1
Step 1921 1.921 0.001 3 6.52453e-06 0 0 1
Step 1922 1.922 0.001 3 7.06867e-06 0 0 1
Step 1923 1.923 0.001 3 6.10645e-06 0 0 1
Step 1924 1.924 0.001 3 3.76085e-06 0 0 1
Step 1925 1.925 0.001 3 1.21392e-06 0 0 1
Step 1926 1.926 0.001 3 1.76001e-07 0 0 1
Step 1927 1.927 0.001 3 3.07312e-07 0 0 1
Step 1928 1.928 0.001 3 5.25029e-07 0 0 1
Step 1929 1.929 0.001 3 2.08271e-06 0 0 1
Step 1930 1.93 0.001 3 5.4584e-06 0 0 1
Step 1931 1.931 0.001 3 7.15743e-06 0 0 1
Step 1932 1.932 0.001 3 7.85396e-06 0 0 1
Step 1933 1.933 0.001 3 6.21082e-06 0 0 1
Step 1934 1.934 0.001 3 3.21058e-06 0 0 1
Step 1935 1.935 0.001 3 5.88739e-07 0 0 1
Step 1936 1.936 0.001 3 1.52483e-07 0 0 1
Step 1937 1.937 0.001 3 2.58925e-07 0 0 1
Step 1938 1.938 0.001 3 9.0776e-07 0 0 1
Step 1939 1.939 0.001 3 3.72556e-06 0 0 1
Step 1940 1.94 0.001 3 6.29308e-06 0 0 1
Step 1941 1.941 0.001 3 6.97972e-06 0 0 1
Step 1942 1.942 0.001 3 6.52771e-06 0 0 1
Step 1943 1.943 0.001 3 4.34466e-06 0 0 1
Step 1944 1.944 0.001 3 1.73768e-06 0 0 1
Step 1945 1.945 0.001 3 2.18277e-07 0 0 1
Step 1946 1.946 0.001 3 2.6101e-07 0 0 1
Step 1947 1.947 0.001 3 4.60902e-07 0 0 1
Step 1948 1.948 0.001 3 1.46161e-06 0 0 1
Step 1949 1.949 0.001 3 4.74174e-06 0 0 1
Step 1950 1.95 0.001 3 6.90442e-06 0 0 1
Step 1951 1.951 0.001 3 7.84053e-06 0 0 1
Step 1952 1.952 0.001 3 6.78057e-06 0 0 1
Step 1953 1.953 0.001 3 3.97069e-06 0 0 1
Step 1954 1.954 0.001 3 9.95524e-07 0 0 1
Step 1955 1.955 0.001 3 1.4889e-07 0 0 1
Step 1956 1.956 0.001 3 2.22179e-07 0 0 1
Step 1957 1.957 0.001 3 6.11803e-07 0 0 1
Step 1958 1.958 0.001 3 2.91621e-06 0 0 1
Step 1959 1.959 0.001 3 5.92281e-06 0 0 1
Step 1960 1.96 0.001 3 6.86763e-06 0 0 1
Step 1961 1.961 0.001 3 6.84775e-06 0 0 1
Step 1962 1.962 0.001 3 4.8998e-06 0 0 1
Step 1963 1.963 0.001 3 2.32069e-06 0 0 1
Step 1964 1.964 0.001 3 3.85655e-07 0 0 1
Step 1965 1.965 0.001 3 2.35329e-07 0 0 1
Step 1966 1.966 0.001 3 4.09151e-07 0 0 1
Step 1967 1.967 0.001 3 9.98642e-07 0 0 1
Step 1968 1.968 0.001 3 3.93645e-06 0 0 1
Step 1969 1.969 0.001 3 6.60639e-06 0 0 1
Step 1970 1.97 0.001 3 7.68489e-06 0 0 1
Step 1971 1.971 0.001 3 7.25554e-06 0 0 1
Step 1972 1.972 0.001 3 4.69806e-06 0 0 1
Step 1973 1.973 0.001 3 1.55013e-06 0 0 1
Step 1974 1.974 0.001 3 1.66397e-07 0 0 1
Step 1975 1.975 0.001 3 1.95614e-07 0 0 1
Step 1976 1.976 0.001 3 4.33654e-07 0 0 1
Step 1977 1.977 0.001 3 2.17446e-06 0 0 1
Step 1978 1.978 0.001 3 5.40615e-06 0 0 1
Step 1979 1.979 0.001 3 6.74018e-06 0 0 1
Step 1980 1.98 0.001 3 7.01723e-06 0 0 1
Step 1981 1.981 0.001 3 5.4427e-06 0 0 1
Step 1982 1.982 0.001 3 2.93896e-06 0 0 1
Step 1983 1.983 0.001 3 6.59862e-07 0 0 1
Step 1984 1.984 0.001 3 1.96806e-07 0 0 1
Step 1985 1.985 0.001 3 3.68391e-07 0 0 1
Step 1986 1.986 0.001 3 7.1181e-07 0 0 1
Step 1987 1.987 0.001 3 3.10167e-06 0 0 1
Step 1988 1.988 0.001 3 6.20692e-06 0 0 1
Step 1989 1.989 0.001 3 7.4715e-06 0 0 1
Step 1990 1.99 0.001 3 7.61244e-06 0 0 1
Step 1991 1.991 0.001 3 5.38166e-06 0 0 1
Step 1992 1.992 0.001 3 2.21775e-06 0 0 1
Step 1993 1.993 0.001 3 2.59506e-07 0 0 1
Step 1994 1.994 0.001 3 1.67589e-07 0 0 1
Step 1995 1.995 0.001 3 3.37755e-07 0 0 1
Step 1996 1.996 0.001 3 1.5951e-06 0 0 1
Step 1997 1.997 0.001 3 4.75493e-06 0 0 1
Step 1998 1.998 0.001 3 6.59131e-06 0 0 1
Step 1999 1.999 0.001 3 7.07355e-06 0 0 1
Step 2000 2 0.001 3 5.95177e-06 0 0 1
Step 2001 2.001 0.001 3 3.55555e-06 0 0 1
