# Derivatives solution step at time 0 performed in 0 iterations with 0 error
# Key for lines starting with "Step":
# Step Time TStep NIter ResErr SolErr SolConv Out
Step 0 0 0 0 0 0 0 1
Step 1 0.005 0.005 0 0 0 0 1
Info: 0, success BALANC="P" ILO=7 IHI=342 ABNRM=5.87495e+08 BBNRM=5.87847e+08
Mode n.       Real           Imag             Damp %     Freq Hz
       7:    -0.834634 +      105.488 j        0.791186          16.789
       8:    -0.834634 +     -105.488 j        0.791186         -16.789
       9:     -1.07178 +      119.537 j         0.89657          19.025
      10:     -1.07178 +     -119.537 j         0.89657         -19.025
      11:     -2.89841 +      196.564 j         1.47438         31.2841
      12:     -2.89841 +     -196.564 j         1.47438        -31.2841
      13:     -5.07753 +      260.143 j         1.95145         41.4031
      14:     -5.07753 +     -260.143 j         1.95145        -41.4031
      15:     -6.87884 +      302.771 j         2.27137         48.1876
      16:     -6.87884 +     -302.771 j         2.27137        -48.1876
      17:     -8.01225 +       326.75 j         2.45136         52.0039
      18:     -8.01225 +      -326.75 j         2.45136        -52.0039
      19:     -14.2561 +       435.75 j         3.26987         69.3518
      20:     -14.2561 +      -435.75 j         3.26987        -69.3518
      21:     -16.1946 +      464.398 j          3.4851         73.9112
      22:     -16.1946 +     -464.398 j          3.4851        -73.9112
      23:     -29.3231 +      624.591 j         4.68959         99.4068
      24:     -29.3231 +     -624.591 j         4.68959        -99.4068
      25:     -44.9549 +      772.902 j         5.80656         123.011
      26:     -44.9549 +     -772.902 j         5.80656        -123.011
      27:     -9.08178 +      347.862 j         2.60985          55.364
      28:     -9.08178 +     -347.862 j         2.60985         -55.364
      29:     -9.08178 +      347.862 j         2.60985          55.364
      30:     -9.08178 +     -347.862 j         2.60985         -55.364
      31:       -495.6 +      2522.37 j         19.2795         401.448
      32:       -495.6 +     -2522.37 j         19.2795        -401.448
      33:     -592.025 +      2746.48 j         21.0718         437.116
      34:     -592.025 +     -2746.48 j         21.0718        -437.116
      35:     -688.929 +      2951.38 j         22.7316         469.726
      36:     -688.929 +     -2951.38 j         22.7316        -469.726
      37:     -1065.49 +      3615.43 j         28.2687         575.413
      38:     -1065.49 +     -3615.43 j         28.2687        -575.413
      39:     -1115.89 +      3692.33 j         28.9295         587.653
      40:     -1115.89 +     -3692.33 j         28.9295        -587.653
      41:     -1298.79 +      3953.53 j         31.2105         629.224
      42:     -1298.79 +     -3953.53 j         31.2105        -629.224
      43:     -1228.69 +      3856.52 j         30.3565         613.784
      44:     -1228.69 +     -3856.52 j         30.3565        -613.784
      45:     -1257.05 +      3896.21 j         30.7048         620.101
      46:     -1257.05 +     -3896.21 j         30.7048        -620.101
      47:     -1751.07 +      4503.48 j         36.2396         716.752
      48:     -1751.07 +     -4503.48 j         36.2396        -716.752
      49:     -1656.16 +      4397.64 j         35.2437         699.906
      50:     -1656.16 +     -4397.64 j         35.2437        -699.906
      51:     -1162.41 +      3761.34 j         29.5264         598.636
      52:     -1162.41 +     -3761.34 j         29.5264        -598.636
      53:     -1162.42 +      3761.34 j         29.5266         598.636
      54:     -1162.42 +     -3761.34 j         29.5266        -598.636
      55:     -3384.11 +      5802.52 j         50.3794           923.5
      56:     -3384.11 +     -5802.52 j         50.3794          -923.5
      57:     -3353.41 +      5785.05 j         50.1503          920.72
      58:     -3353.41 +     -5785.05 j         50.1503         -920.72
      59:     -3540.75 +      5888.31 j         51.5327         937.153
      60:     -3540.75 +     -5888.31 j         51.5327        -937.153
      61:     -3540.68 +      5888.43 j         51.5312         937.173
      62:     -3540.68 +     -5888.43 j         51.5312        -937.173
      63:     -6395.16 +      6661.14 j         69.2558         1060.15
      64:     -6395.16 +     -6661.14 j         69.2558        -1060.15
      65:     -6844.35 +       6664.9 j         71.6437         1060.75
      66:     -6844.35 +      -6664.9 j         71.6437        -1060.75
      67:     -7889.88 +      6554.28 j         76.9209         1043.15
      68:     -7889.88 +     -6554.28 j         76.9209        -1043.15
      69:     -9907.17 +      5826.13 j         86.1996         927.257
      70:     -9907.17 +     -5826.13 j         86.1996        -927.257
      71:     -10074.5 +      5729.93 j         86.9243         911.947
      72:     -10074.5 +     -5729.93 j         86.9243        -911.947
      73:       -11674 +      4401.21 j          93.571         700.474
      74:       -11674 +     -4401.21 j          93.571        -700.474
      75:       -11309 +      4784.72 j         92.0963         761.511
      76:       -11309 +     -4784.72 j         92.0963        -761.511
      77:     -10615.6 +      5371.21 j         89.2285         854.854
      78:     -10615.6 +     -5371.21 j         89.2285        -854.854
      79:     -10560.1 +       5411.6 j         88.9948         861.283
      80:     -10560.1 +      -5411.6 j         88.9948        -861.283
      81:     -10527.4 +      5435.06 j         88.8567         865.016
      82:     -10527.4 +     -5435.06 j         88.8567        -865.016
      83:     -10458.1 +      5483.49 j         88.5643         872.724
      84:     -10458.1 +     -5483.49 j         88.5643        -872.724
      85:     -10457.8 +      5483.78 j         88.5626         872.771
      86:     -10457.8 +     -5483.78 j         88.5626        -872.771
      87:     -40539.6 +            0 j             100               0
      88:     -7981.34 +            0 j             100               0
      89:     -48923.5 +            0 j             100               0
      90:     -49753.5 +            0 j             100               0
      91:     -52613.5 +            0 j             100               0
      92:     -48897.4 +            0 j             100               0
      93:     -7698.23 +            0 j             100               0
      94:     -7633.82 +            0 j             100               0
      95:     -7718.98 +            0 j             100               0
      96:     -65665.7 +            0 j             100               0
      97:     -7719.08 +            0 j             100               0
      98:     -7419.85 +            0 j             100               0
      99:     -7233.41 +            0 j             100               0
     100:     -7099.98 +            0 j             100               0
     101:     -7172.37 +            0 j             100               0
     102:     -7220.36 +            0 j             100               0
     103:     -7469.02 +            0 j             100               0
     104:     -7491.34 +            0 j             100               0
     105:     -7491.09 +            0 j             100               0
     106:     -7487.48 +            0 j             100               0
     107:     -7489.05 +            0 j             100               0
     108:       -62064 +            0 j             100               0
     109:     -85051.2 +            0 j             100               0
     110:     -94560.2 +            0 j             100               0
     111:      -109168 +            0 j             100               0
     112:     -86915.5 +            0 j             100               0
     113:     -60552.6 +            0 j             100               0
     114:     -60750.3 +            0 j             100               0
     115:     -60650.2 +            0 j             100               0
     116:     -60714.3 +            0 j             100               0
     117:     -60710.3 +            0 j             100               0
     118:      -148700 +            0 j             100               0
     119:     -7489.09 +            0 j             100               0
     120:      -162042 +            0 j             100               0
     121:     -6979.63 +            0 j             100               0
     122:     -6952.39 +            0 j             100               0
     123:      -220263 +            0 j             100               0
     124:      -218356 +            0 j             100               0
     125:      -251688 +            0 j             100               0
     126:      -244283 +            0 j             100               0
     127:     -6874.73 +            0 j             100               0
     128:      -280252 +            0 j             100               0
     129:      -309740 +            0 j             100               0
     130:      -333376 +            0 j             100               0
     131:     -6876.85 +            0 j             100               0
     132:      -6853.7 +            0 j             100               0
     133:     -6848.02 +            0 j             100               0
     134:     -6829.08 +            0 j             100               0
     135:     -6813.13 +            0 j             100               0
     136:     -6802.12 +            0 j             100               0
     137:     -6792.92 +            0 j             100               0
     138:      -359055 +            0 j             100               0
     139:      -439800 +            0 j             100               0
     140:      -373232 +            0 j             100               0
     141:      -581359 +            0 j             100               0
     142:     -6787.96 +            0 j             100               0
     143:     -6769.27 +            0 j             100               0
     144:     -6743.98 +            0 j             100               0
     145:      -829870 +            0 j             100               0
     146:      -6720.8 +            0 j             100               0
     147:     -6716.38 +            0 j             100               0
     148:      -903983 +            0 j             100               0
     149: -1.06394e+06 +      384.844 j             100         61.2499
     150: -1.06394e+06 +     -384.844 j             100        -61.2499
     151: -1.14652e+06 +            0 j             100               0
     152:      -959750 +            0 j             100               0
     153:      -966412 +            0 j             100               0
     154:      -970410 +       1164.7 j         99.9999         185.368
     155:      -970410 +      -1164.7 j         99.9999        -185.368
     156: -1.35601e+06 +            0 j             100               0
     157: -1.35971e+06 +            0 j             100               0
     158:     -6712.68 +            0 j             100               0
     159:     -6713.29 +            0 j             100               0
     160:     -6712.69 +            0 j             100               0
     161:     -6712.94 +            0 j             100               0
     162:     -6705.57 +            0 j             100               0
     163:     -6708.69 +            0 j             100               0
     164:     -6708.69 +            0 j             100               0
     165:     -6699.59 +            0 j             100               0
     166:     -6693.16 +            0 j             100               0
     167:     -6699.59 +            0 j             100               0
     168: -1.68354e+06 +            0 j             100               0
     169: -1.91736e+06 +            0 j             100               0
     170: -1.89617e+06 +            0 j             100               0
     171:     -6690.27 +            0 j             100               0
     172:     -6689.88 +            0 j             100               0
     173: -2.16839e+06 +            0 j             100               0
     174: -2.17137e+06 +            0 j             100               0
     175: -2.18937e+06 +            0 j             100               0
     176: -2.20656e+06 +            0 j             100               0
     177: -2.26479e+06 +            0 j             100               0
     178: -2.30196e+06 +            0 j             100               0
     179: -2.38028e+06 +            0 j             100               0
     180: -2.56297e+06 +            0 j             100               0
     181: -2.58971e+06 +            0 j             100               0
     182: -2.67856e+06 +            0 j             100               0
     183:     -6686.94 +            0 j             100               0
     184:     -6686.95 +            0 j             100               0
     185:     -6687.19 +  0.000244457 j             100     3.89066e-05
     186:     -6687.19 + -0.000244457 j             100    -3.89066e-05
     187:     -6686.26 +            0 j             100               0
     188:     -6685.85 +            0 j             100               0
     189:     -6685.98 +            0 j             100               0
     190:     -6684.05 +            0 j             100               0
     191:     -6683.98 +            0 j             100               0
     192:     -6683.36 +            0 j             100               0
     193: -2.84314e+06 +            0 j             100               0
     194: -2.86631e+06 +            0 j             100               0
     195:      -6682.3 +            0 j             100               0
     196:     -6682.05 +            0 j             100               0
     197:     -6681.38 +            0 j             100               0
     198:     -6681.18 +            0 j             100               0
     199: -3.04788e+06 +            0 j             100               0
     200: -3.00542e+06 +            0 j             100               0
     201: -3.19138e+06 +            0 j             100               0
     202: -3.28127e+06 +            0 j             100               0
     203: -3.20485e+06 +            0 j             100               0
     204: -3.31251e+06 +            0 j             100               0
     205: -4.09283e+06 +       428010 j         99.4576           68120
     206: -4.09283e+06 +      -428010 j         99.4576          -68120
     207: -3.37557e+06 +            0 j             100               0
     208: -3.43418e+06 +            0 j             100               0
     209: -3.54055e+06 +            0 j             100               0
     210: -3.40942e+06 +            0 j             100               0
     211: -4.08693e+06 +            0 j             100               0
     212: -4.18431e+06 +            0 j             100               0
     213: -4.39348e+06 +      91023.1 j         99.9785         14486.8
     214: -4.39348e+06 +     -91023.1 j         99.9785        -14486.8
     215: -3.90656e+06 +            0 j             100               0
     216: -3.78774e+06 +      42356.1 j         99.9937         6741.18
     217: -3.78774e+06 +     -42356.1 j         99.9937        -6741.18
     218: -3.78048e+06 +            0 j             100               0
     219: -3.76685e+06 +            0 j             100               0
     220: -3.67733e+06 +            0 j             100               0
     221:  -3.7009e+06 +            0 j             100               0
     222: -4.49746e+06 +            0 j             100               0
     223: -3.69547e+06 +            0 j             100               0
     224:  -4.8976e+06 +            0 j             100               0
     225: -4.92211e+06 +            0 j             100               0
     226: -5.13059e+06 +            0 j             100               0
     227: -4.81442e+06 +            0 j             100               0
     228: -5.52051e+06 +            0 j             100               0
     229: -7.65138e+06 +            0 j             100               0
     230: -5.85305e+06 +      50279.9 j         99.9963         8002.29
     231: -5.85305e+06 +     -50279.9 j         99.9963        -8002.29
     232:      -6680.3 +            0 j             100               0
     233:     -6680.26 +            0 j             100               0
     234:     -6680.57 +            0 j             100               0
     235:     -6680.57 +            0 j             100               0
     236:     -6679.59 +            0 j             100               0
     237:     -6679.67 +            0 j             100               0
     238:     -6679.14 +            0 j             100               0
     239:      -6679.7 +            0 j             100               0
     240:     -6678.72 +            0 j             100               0
     241:      -6678.1 +            0 j             100               0
     242:     -6677.87 +            0 j             100               0
     243:     -6678.65 +            0 j             100               0
     244:     -6678.65 +            0 j             100               0
     245:     -6678.49 +            0 j             100               0
     246:     -6677.32 +            0 j             100               0
     247:     -6677.13 +            0 j             100               0
     248:     -6676.91 +            0 j             100               0
     249:     -6676.69 +            0 j             100               0
     250:     -6678.74 +            0 j             100               0
     251:     -6678.48 +            0 j             100               0
     252:     -6676.39 +            0 j             100               0
     253:      -6676.1 +            0 j             100               0
     254:     -6676.28 +            0 j             100               0
     255:     -6675.81 +            0 j             100               0
     256:     -6675.66 +            0 j             100               0
     257:     -6675.53 +            0 j             100               0
     258:     -6674.74 +            0 j             100               0
     259:     -6678.49 +            0 j             100               0
     260:     -6674.32 +            0 j             100               0
     261:     -6674.39 +            0 j             100               0
     262:     -6672.53 +            0 j             100               0
     263:     -6672.57 +            0 j             100               0
     264: -6.11168e+06 +            0 j             100               0
     265: -6.14333e+06 +            0 j             100               0
     266: -7.53868e+06 +            0 j             100               0
     267: -7.58151e+06 +            0 j             100               0
     268: -7.53665e+06 +            0 j             100               0
     269: -6.17268e+06 +            0 j             100               0
     270:  -7.5177e+06 +            0 j             100               0
     271: -7.45584e+06 +            0 j             100               0
     272: -7.33468e+06 +       122363 j         99.9861         19474.6
     273: -7.33468e+06 +      -122363 j         99.9861        -19474.6
     274: -6.85516e+06 +       302227 j          99.903         48100.9
     275: -6.85516e+06 +      -302227 j          99.903        -48100.9
     276: -6.26737e+06 +            0 j             100               0
     277: -7.46208e+06 +            0 j             100               0
     278: -7.33514e+06 +            0 j             100               0
     279:  -6.3026e+06 +            0 j             100               0
     280:  -6.1654e+06 +            0 j             100               0
     281: -6.53617e+06 +      56628.7 j         99.9962         9012.73
     282: -6.53617e+06 +     -56628.7 j         99.9962        -9012.73
     283: -7.25833e+06 +            0 j             100               0
     284: -7.22622e+06 +            0 j             100               0
     285: -6.37011e+06 +            0 j             100               0
     286: -6.37173e+06 +            0 j             100               0
     287: -6.39479e+06 +            0 j             100               0
     288: -6.63087e+06 +            0 j             100               0
     289: -6.83612e+06 +       124843 j         99.9833         19869.4
     290: -6.83612e+06 +      -124843 j         99.9833        -19869.4
     291: -6.45466e+06 +            0 j             100               0
     292: -6.73584e+06 +            0 j             100               0
     293:  -6.9989e+06 +            0 j             100               0
     294: -7.14096e+06 +            0 j             100               0
     295: -7.05205e+06 +            0 j             100               0
     296:  -7.0578e+06 +            0 j             100               0
     297:  -6.7605e+06 +            0 j             100               0
     298:  -6.3741e+06 +            0 j             100               0
     299: -6.88365e+06 +            0 j             100               0
     300:     -6673.94 +            0 j             100               0
     301: -7.14697e+06 +            0 j             100               0
     302:     -6673.88 +            0 j             100               0
     303:     -6672.53 +            0 j             100               0
     304:     -6672.58 +            0 j             100               0
     305:     -6672.57 +            0 j             100               0
     306:     -6672.64 +            0 j             100               0
     307:     -6673.84 +            0 j             100               0
     308:     -6673.75 +            0 j             100               0
     309: -7.00487e+06 +            0 j             100               0
     310: -6.92812e+06 +            0 j             100               0
     311: -7.08539e+06 +            0 j             100               0
     312:     -6673.77 +            0 j             100               0
     313:     -6673.69 +            0 j             100               0
     314:      -6672.6 +            0 j             100               0
     315:     -6673.78 +            0 j             100               0
     316:     -6672.84 +            0 j             100               0
     317:     -6672.73 +            0 j             100               0
     318:     -6672.74 +            0 j             100               0
     319:     -6672.77 +            0 j             100               0
     320:     -6672.77 +            0 j             100               0
     321:     -6672.89 +            0 j             100               0
     322:     -6673.74 +            0 j             100               0
     323:     -6673.23 +            0 j             100               0
     324:     -6672.89 +            0 j             100               0
     325:     -6673.11 +            0 j             100               0
     326:     -6673.15 +            0 j             100               0
     327:     -6672.93 +            0 j             100               0
     328:     -6672.99 +            0 j             100               0
     329:     -6673.39 +            0 j             100               0
     330:     -6673.29 +            0 j             100               0
     331:     -6673.83 +            0 j             100               0
     332:     -6673.55 +            0 j             100               0
     333:      -6673.6 +            0 j             100               0
     334:     -6673.55 +            0 j             100               0
     335:     -6673.29 +            0 j             100               0
     336:     -6673.29 +            0 j             100               0
     337:      -6673.6 +            0 j             100               0
     338:     -6673.28 +            0 j             100               0
     339:     -6673.14 +            0 j             100               0
     340:        -6673 +            0 j             100               0
     341:     -6672.94 +            0 j             100               0
     342:     -6672.93 +            0 j             100               0
Step 2 0.01 0.005 0 1.03999e-08 0 0 1
Step 3 0.015 0.005 0 1.55009e-08 0 0 1
Step 4 0.02 0.005 0 7.76206e-08 0 0 1
Step 5 0.025 0.005 0 2.17971e-07 0 0 1
Step 6 0.03 0.005 0 5.05631e-07 0 0 1
Step 7 0.035 0.005 0 9.69465e-07 0 0 1
Step 8 0.04 0.005 0 1.60966e-06 0 0 1
Step 9 0.045 0.005 0 2.41654e-06 0 0 1
Step 10 0.05 0.005 0 3.41257e-06 0 0 1
Step 11 0.055 0.005 0 4.63947e-06 0 0 1
Step 12 0.06 0.005 0 6.10553e-06 0 0 1
Step 13 0.065 0.005 0 7.85349e-06 0 0 1
Step 14 0.07 0.005 0 9.95081e-06 0 0 1
Step 15 0.075 0.005 0 1.24493e-05 0 0 1
Step 16 0.08 0.005 0 1.53717e-05 0 0 1
Step 17 0.085 0.005 0 1.88103e-05 0 0 1
Step 18 0.09 0.005 0 2.27896e-05 0 0 1
Step 19 0.095 0.005 0 2.73467e-05 0 0 1
Step 20 0.1 0.005 0 3.24594e-05 0 0 1
Step 21 0.105 0.005 0 3.81452e-05 0 0 1
Step 22 0.11 0.005 0 4.44004e-05 0 0 1
Step 23 0.115 0.005 0 5.12164e-05 0 0 1
Step 24 0.12 0.005 0 5.86714e-05 0 0 1
Step 25 0.125 0.005 0 6.67574e-05 0 0 1
Step 26 0.13 0.005 0 7.55032e-05 0 0 1
Step 27 0.135 0.005 0 8.48905e-05 0 0 1
Step 28 0.14 0.005 0 9.49401e-05 0 0 1
Step 29 0.145 0.005 1 3.54425e-08 0 0 1
Step 30 0.15 0.005 1 3.48596e-08 0 0 1
Step 31 0.155 0.005 1 4.39707e-08 0 0 1
Step 32 0.16 0.005 1 4.08665e-08 0 0 1
Step 33 0.165 0.005 0 4.69324e-05 0 0 1
Step 34 0.17 0.005 1 3.64528e-08 0 0 1
Step 35 0.175 0.005 1 5.58301e-08 0 0 1
Step 36 0.18 0.005 1 5.39813e-08 0 0 1
Step 37 0.185 0.005 0 7.73394e-05 0 0 1
Step 38 0.19 0.005 1 4.05908e-08 0 0 1
Step 39 0.195 0.005 1 4.55585e-08 0 0 1
Step 40 0.2 0.005 1 3.89042e-08 0 0 1
Step 41 0.205 0.005 1 6.59475e-08 0 0 1
Step 42 0.21 0.005 0 5.2328e-05 0 0 1
Step 43 0.215 0.005 1 5.34427e-08 0 0 1
Step 44 0.22 0.005 1 2.99292e-08 0 0 1
Step 45 0.225 0.005 1 3.57814e-08 0 0 1
Step 46 0.23 0.005 0 8.64987e-05 0 0 1
Step 47 0.235 0.005 1 4.98899e-08 0 0 1
Step 48 0.24 0.005 1 5.49398e-08 0 0 1
Step 49 0.245 0.005 1 5.10446e-08 0 0 1
Step 50 0.25 0.005 1 4.89918e-08 0 0 1
Step 51 0.255 0.005 0 5.78516e-05 0 0 1
Step 52 0.26 0.005 1 2.89867e-08 0 0 1
Step 53 0.265 0.005 1 6.40542e-08 0 0 1
Step 54 0.27 0.005 1 5.43926e-08 0 0 1
Step 55 0.275 0.005 0 9.45983e-05 0 0 1
Step 56 0.28 0.005 1 3.55504e-08 0 0 1
Step 57 0.285 0.005 1 4.37153e-08 0 0 1
Step 58 0.29 0.005 1 6.06558e-08 0 0 1
Step 59 0.295 0.005 1 3.50296e-08 0 0 1
Step 60 0.3 0.005 0 6.11016e-05 0 0 1
Step 61 0.305 0.005 1 6.98671e-08 0 0 1
Step 62 0.31 0.005 1 6.05512e-08 0 0 1
Step 63 0.315 0.005 1 2.50213e-08 0 0 1
Step 64 0.32 0.005 0 9.675e-05 0 0 1
Step 65 0.325 0.005 1 4.74158e-08 0 0 1
Step 66 0.33 0.005 1 5.44042e-08 0 0 1
Step 67 0.335 0.005 1 4.11874e-08 0 0 1
Step 68 0.34 0.005 1 3.77252e-08 0 0 1
Step 69 0.345 0.005 0 5.46672e-05 0 0 1
Step 70 0.35 0.005 1 3.2963e-08 0 0 1
Step 71 0.355 0.005 1 4.60008e-08 0 0 1
Step 72 0.36 0.005 1 4.03139e-08 0 0 1
Step 73 0.365 0.005 0 8.04966e-05 0 0 1
Step 74 0.37 0.005 1 5.51651e-08 0 0 1
Step 75 0.375 0.005 93 5.62084e-06 0 0 1
Step 76 0.38 0.005 1 1.23016e-07 0 0 1
Step 77 0.385 0.005 209 1.43757e-05 0 0 1
Step 78 0.39 0.005 1 3.72766e-08 0 0 1
Step 79 0.395 0.005 1 3.10897e-08 0 0 1
Step 80 0.4 0.005 1 5.34589e-08 0 0 1
Step 81 0.405 0.005 1 6.03676e-08 0 0 1
Step 82 0.41 0.005 0 2.94467e-05 0 0 1
Step 83 0.415 0.005 0 8.22601e-05 0 0 1
Step 84 0.42 0.005 25 3.54103e-08 0 0 1
Step 85 0.425 0.005 11 1.93676e-05 0 0 1
Step 86 0.43 0.005 1 6.89009e-08 0 0 1
Step 87 0.435 0.005 45 1.54249e-05 0 0 1
Step 88 0.44 0.005 56 2.87648e-07 0 0 1
Step 89 0.445 0.005 114 5.15988e-05 0 0 1
Step 90 0.45 0.005 1 6.35983e-08 0 0 1
Step 91 0.455 0.005 2 3.31257e-05 0 0 1
Step 92 0.46 0.005 44 1.89244e-05 0 0 1
Step 93 0.465 0.005 101 2.74215e-05 0 0 1
Step 94 0.47 0.005 2 2.71098e-06 0 0 1
Step 95 0.475 0.005 25 3.6089e-05 0 0 1
Step 96 0.48 0.005 2 4.3595e-06 0 0 1
Step 97 0.485 0.005 142 2.15347e-05 0 0 1
Step 98 0.49 0.005 56 7.77189e-05 0 0 1
Step 99 0.495 0.005 97 5.51876e-06 0 0 1
Step 100 0.5 0.005 1 9.20405e-06 0 0 1
Step 101 0.505 0.005 1 2.138e-05 0 0 1
Step 102 0.51 0.005 1 4.69643e-05 0 0 1
