# Derivatives solution step at time 0 performed in 0 iterations with 1.18351 error
# Key for lines starting with "Step":
# Step Time TStep NIter ResErr SolErr SolConv Out
Step 0 0 0 0 1.18351 0 0 1
Step 1 0.005 0.005 2 1.64561e-05 0 0 1
Step 2 0.01 0.005 3 7.307e-07 0 0 1
Step 3 0.015 0.005 3 3.14422e-06 0 0 1
Step 4 0.02 0.005 3 4.76269e-07 0 0 1
Step 5 0.025 0.005 3 1.11553e-06 0 0 1
Step 6 0.03 0.005 3 3.25908e-05 0 0 1
Step 7 0.035 0.005 3 1.38113e-07 0 0 1
Step 8 0.04 0.005 3 5.01926e-07 0 0 1
Step 9 0.045 0.005 3 7.60531e-07 0 0 1
Step 10 0.05 0.005 3 1.30446e-07 0 0 1
Step 11 0.055 0.005 3 5.99344e-07 0 0 1
Step 12 0.06 0.005 3 2.06928e-06 0 0 1
Step 13 0.065 0.005 3 5.36562e-06 0 0 1
Step 14 0.07 0.005 4 9.51641e-05 0 0 1
Step 15 0.075 0.005 4 4.29955e-06 0 0 1
Step 16 0.08 0.005 3 8.30619e-05 0 0 1
Step 17 0.085 0.005 3 1.57232e-06 0 0 1
Step 18 0.09 0.005 3 1.06045e-05 0 0 1
Step 19 0.095 0.005 3 3.1353e-07 0 0 1
Step 20 0.1 0.005 4 7.57323e-06 0 0 1
Step 21 0.105 0.005 3 8.26693e-08 0 0 1
Step 22 0.11 0.005 3 8.53992e-07 0 0 1
Step 23 0.115 0.005 3 8.63806e-07 0 0 1
Step 24 0.12 0.005 3 7.38612e-07 0 0 1
Step 25 0.125 0.005 3 5.57105e-07 0 0 1
Step 26 0.13 0.005 4 2.67722e-05 0 0 1
Step 27 0.135 0.005 3 1.22616e-06 0 0 1
Step 28 0.14 0.005 3 4.28529e-05 0 0 1
Step 29 0.145 0.005 15 1.8942e-06 0 0 1
Step 30 0.15 0.005 4 9.51617e-06 0 0 1
Step 31 0.155 0.005 3 6.91267e-08 0 0 1
Step 32 0.16 0.005 2 8.79448e-06 0 0 1
Step 33 0.165 0.005 3 6.42771e-08 0 0 1
Step 34 0.17 0.005 3 6.46412e-08 0 0 1
Step 35 0.175 0.005 3 2.71099e-07 0 0 1
Step 36 0.18 0.005 3 1.99554e-07 0 0 1
Step 37 0.185 0.005 4 1.99895e-06 0 0 1
Step 38 0.19 0.005 3 8.52698e-08 0 0 1
Step 39 0.195 0.005 3 3.40458e-06 0 0 1
Step 40 0.2 0.005 3 1.40587e-06 0 0 1
Step 41 0.205 0.005 15 1.43614e-06 0 0 1
Step 42 0.21 0.005 3 3.9164e-07 0 0 1
Step 43 0.215 0.005 3 9.58445e-07 0 0 1
Step 44 0.22 0.005 12 1.50008e-07 0 0 1
Step 45 0.225 0.005 3 8.12639e-08 0 0 1
Step 46 0.23 0.005 3 1.59063e-07 0 0 1
Step 47 0.235 0.005 3 2.31607e-07 0 0 1
Step 48 0.24 0.005 3 4.82733e-07 0 0 1
Step 49 0.245 0.005 3 1.99045e-06 0 0 1
Step 50 0.25 0.005 3 6.55329e-06 0 0 1
Step 51 0.255 0.005 3 5.48288e-06 0 0 1
Step 52 0.26 0.005 3 3.39432e-06 0 0 1
Step 53 0.265 0.005 3 4.02304e-07 0 0 1
Step 54 0.27 0.005 6 7.69633e-05 0 0 1
Step 55 0.275 0.005 25 8.04712e-05 0 0 1
Step 56 0.28 0.005 4 6.21555e-07 0 0 1
Step 57 0.285 0.005 2 2.40319e-05 0 0 1
Step 58 0.29 0.005 3 2.29627e-07 0 0 1
Step 59 0.295 0.005 4 1.13227e-06 0 0 1
Step 60 0.3 0.005 3 2.06839e-05 0 0 1
Step 61 0.305 0.005 3 6.88872e-06 0 0 1
Step 62 0.31 0.005 3 6.80149e-07 0 0 1
Step 63 0.315 0.005 3 3.18204e-07 0 0 1
Step 64 0.32 0.005 3 1.91975e-06 0 0 1
Step 65 0.325 0.005 3 1.07503e-06 0 0 1
Step 66 0.33 0.005 3 3.83789e-07 0 0 1
Step 67 0.335 0.005 52 7.55532e-08 0 0 1
Step 68 0.34 0.005 5 9.48792e-06 0 0 1
Step 69 0.345 0.005 3 6.84619e-08 0 0 1
Step 70 0.35 0.005 3 4.17865e-07 0 0 1
Step 71 0.355 0.005 5 3.5357e-05 0 0 1
Step 72 0.36 0.005 3 8.30834e-06 0 0 1
Step 73 0.365 0.005 3 9.87621e-05 0 0 1
Step 74 0.37 0.005 4 1.39474e-05 0 0 1
Step 75 0.375 0.005 3 1.3342e-06 0 0 1
Step 76 0.38 0.005 3 1.99127e-05 0 0 1
Step 77 0.385 0.005 3 1.00305e-06 0 0 1
Step 78 0.39 0.005 6 2.24559e-05 0 0 1
Step 79 0.395 0.005 3 4.92402e-06 0 0 1
Step 80 0.4 0.005 3 1.79311e-07 0 0 1
Step 81 0.405 0.005 2 2.26631e-05 0 0 1
Step 82 0.41 0.005 25 2.98052e-07 0 0 1
Step 83 0.415 0.005 4 4.5598e-05 0 0 1
Step 84 0.42 0.005 8 4.48436e-05 0 0 1
Step 85 0.425 0.005 4 1.42992e-05 0 0 1
Step 86 0.43 0.005 3 3.25541e-06 0 0 1
Step 87 0.435 0.005 3 7.21254e-06 0 0 1
Step 88 0.44 0.005 3 1.71345e-07 0 0 1
Step 89 0.445 0.005 3 4.33668e-07 0 0 1
Step 90 0.45 0.005 7 9.66943e-08 0 0 1
Step 91 0.455 0.005 3 1.19702e-06 0 0 1
Step 92 0.46 0.005 3 2.54648e-05 0 0 1
Step 93 0.465 0.005 3 1.03394e-07 0 0 1
Step 94 0.47 0.005 3 3.84219e-07 0 0 1
Step 95 0.475 0.005 4 1.91796e-06 0 0 1
Step 96 0.48 0.005 3 5.65286e-07 0 0 1
Step 97 0.485 0.005 3 1.76874e-06 0 0 1
Step 98 0.49 0.005 3 4.42896e-06 0 0 1
Step 99 0.495 0.005 3 1.65295e-05 0 0 1
Step 100 0.5 0.005 3 2.60713e-06 0 0 1
Step 101 0.505 0.005 3 1.27502e-05 0 0 1
Step 102 0.51 0.005 13 1.81649e-05 0 0 1
Step 103 0.515 0.005 3 3.27263e-05 0 0 1
Step 104 0.52 0.005 3 4.86022e-06 0 0 1
Step 105 0.525 0.005 3 1.00187e-07 0 0 1
Step 106 0.53 0.005 2 2.27414e-05 0 0 1
Step 107 0.535 0.005 5 2.51071e-07 0 0 1
Step 108 0.54 0.005 3 1.22568e-06 0 0 1
Step 109 0.545 0.005 7 2.29892e-05 0 0 1
Step 110 0.55 0.005 3 8.63294e-05 0 0 1
Step 111 0.555 0.005 5 4.90543e-06 0 0 1
Step 112 0.56 0.005 3 2.87564e-07 0 0 1
Step 113 0.565 0.005 3 3.19121e-06 0 0 1
Step 114 0.57 0.005 3 1.56754e-06 0 0 1
Step 115 0.575 0.005 4 2.9487e-06 0 0 1
Step 116 0.58 0.005 34 9.80178e-06 0 0 1
Step 117 0.585 0.005 3 5.84268e-07 0 0 1
Step 118 0.59 0.005 2 8.83168e-06 0 0 1
Step 119 0.595 0.005 4 8.6925e-05 0 0 1
Step 120 0.6 0.005 3 1.27967e-06 0 0 1
Step 121 0.605 0.005 3 9.70285e-06 0 0 1
Step 122 0.61 0.005 3 9.21633e-06 0 0 1
Step 123 0.615 0.005 3 1.67763e-06 0 0 1
Step 124 0.62 0.005 3 1.66396e-05 0 0 1
Step 125 0.625 0.005 3 1.51709e-05 0 0 1
Step 126 0.63 0.005 39 5.56072e-07 0 0 1
Step 127 0.635 0.005 8 2.19923e-06 0 0 1
Step 128 0.64 0.005 86 8.70483e-07 0 0 1
Step 129 0.645 0.005 3 4.84223e-06 0 0 1
Step 130 0.65 0.005 2 1.14048e-05 0 0 1
Step 131 0.655 0.005 3 4.78352e-07 0 0 1
Step 132 0.66 0.005 17 5.01829e-05 0 0 1
Step 133 0.665 0.005 4 8.99271e-07 0 0 1
Step 134 0.67 0.005 5 8.90187e-05 0 0 1
Step 135 0.675 0.005 5 9.85205e-06 0 0 1
Step 136 0.68 0.005 3 2.37876e-06 0 0 1
Step 137 0.685 0.005 4 5.74337e-07 0 0 1
Step 138 0.69 0.005 20 2.99994e-05 0 0 1
Step 139 0.695 0.005 5 1.7903e-05 0 0 1
Step 140 0.7 0.005 4 2.15134e-06 0 0 1
Step 141 0.705 0.005 3 1.86916e-05 0 0 1
Step 142 0.71 0.005 2 7.23621e-05 0 0 1
Step 143 0.715 0.005 3 8.06446e-07 0 0 1
Step 144 0.72 0.005 3 8.96818e-06 0 0 1
Step 145 0.725 0.005 3 5.9004e-06 0 0 1
Step 146 0.73 0.005 5 6.4205e-06 0 0 1
Step 147 0.735 0.005 3 1.93875e-05 0 0 1
Step 148 0.74 0.005 13 1.50413e-05 0 0 1
Step 149 0.745 0.005 3 2.14396e-06 0 0 1
Step 150 0.75 0.005 3 1.01392e-06 0 0 1
Step 151 0.755 0.005 9 5.94971e-08 0 0 1
Step 152 0.76 0.005 3 5.51528e-06 0 0 1
Step 153 0.765 0.005 3 1.55955e-06 0 0 1
Step 154 0.77 0.005 3 4.83383e-06 0 0 1
Step 155 0.775 0.005 2 8.52537e-05 0 0 1
Step 156 0.78 0.005 9 2.93286e-06 0 0 1
Step 157 0.785 0.005 3 4.03112e-06 0 0 1
Step 158 0.79 0.005 3 6.94967e-06 0 0 1
Step 159 0.795 0.005 3 4.73212e-06 0 0 1
Step 160 0.8 0.005 3 4.73978e-06 0 0 1
Step 161 0.805 0.005 3 1.93626e-06 0 0 1
Step 162 0.81 0.005 3 8.59384e-07 0 0 1
Step 163 0.815 0.005 21 6.70345e-07 0 0 1
Step 164 0.82 0.005 14 7.27002e-06 0 0 1
Step 165 0.825 0.005 4 3.83025e-05 0 0 1
Step 166 0.83 0.005 3 7.28535e-07 0 0 1
Step 167 0.835 0.005 2 6.70224e-06 0 0 1
Step 168 0.84 0.005 4 1.42942e-06 0 0 1
Step 169 0.845 0.005 4 8.9725e-05 0 0 1
Step 170 0.85 0.005 3 1.42085e-05 0 0 1
Step 171 0.855 0.005 4 3.65327e-06 0 0 1
Step 172 0.86 0.005 4 1.46316e-06 0 0 1
Step 173 0.865 0.005 4 8.87226e-06 0 0 1
Step 174 0.87 0.005 5 2.08843e-05 0 0 1
Step 175 0.875 0.005 4 2.22291e-06 0 0 1
Step 176 0.88 0.005 4 1.59645e-06 0 0 1
Step 177 0.885 0.005 3 8.53906e-05 0 0 1
Step 178 0.89 0.005 3 1.11734e-06 0 0 1
Step 179 0.895 0.005 2 5.16027e-05 0 0 1
Step 180 0.9 0.005 3 2.54233e-06 0 0 1
Step 181 0.905 0.005 13 9.61637e-07 0 0 1
Step 182 0.91 0.005 16 1.71868e-06 0 0 1
Step 183 0.915 0.005 3 1.74807e-06 0 0 1
Step 184 0.92 0.005 5 1.83661e-05 0 0 1
Step 185 0.925 0.005 6 1.8956e-05 0 0 1
Step 186 0.93 0.005 3 4.53654e-05 0 0 1
Step 187 0.935 0.005 3 1.44353e-06 0 0 1
Step 188 0.94 0.005 4 9.26596e-05 0 0 1
Step 189 0.945 0.005 3 2.46399e-06 0 0 1
Step 190 0.95 0.005 4 7.98566e-06 0 0 1
Step 191 0.955 0.005 3 1.73795e-06 0 0 1
Step 192 0.96 0.005 3 1.01012e-06 0 0 1
Step 193 0.965 0.005 3 1.24074e-06 0 0 1
Step 194 0.97 0.005 4 2.74468e-05 0 0 1
Step 195 0.975 0.005 12 6.66752e-05 0 0 1
Step 196 0.98 0.005 4 5.21296e-05 0 0 1
Step 197 0.985 0.005 3 5.58797e-06 0 0 1
Step 198 0.99 0.005 3 2.1757e-06 0 0 1
Step 199 0.995 0.005 7 1.82383e-06 0 0 1
Step 200 1 0.005 15 6.507e-07 0 0 1
Info: 0, success BALANC="P" ILO=7 IHI=342 ABNRM=5.87975e+08 BBNRM=5.88328e+08
Mode n.       Real           Imag             Damp %     Freq Hz
       7:    -0.834761 +      105.381 j        0.792108          16.772
       8:    -0.834761 +     -105.381 j        0.792108         -16.772
       9:     -1.07163 +       119.47 j        0.896953         19.0142
      10:     -1.07163 +      -119.47 j        0.896953        -19.0142
      11:     -2.89892 +      196.558 j         1.47468         31.2831
      12:     -2.89892 +     -196.558 j         1.47468        -31.2831
      13:     -5.07824 +       260.15 j         1.95167         41.4042
      14:     -5.07824 +      -260.15 j         1.95167        -41.4042
      15:     -6.87775 +      302.754 j         2.27114         48.1848
      16:     -6.87775 +     -302.754 j         2.27114        -48.1848
      17:     -8.01162 +      326.744 j         2.45122          52.003
      18:     -8.01162 +     -326.744 j         2.45122         -52.003
      19:     -14.2546 +       435.73 j         3.26967         69.3486
      20:     -14.2546 +      -435.73 j         3.26967        -69.3486
      21:     -16.1901 +      464.333 j         3.48462         73.9009
      22:     -16.1901 +     -464.333 j         3.48462        -73.9009
      23:     -29.3262 +      624.626 j         4.68983         99.4123
      24:     -29.3262 +     -624.626 j         4.68983        -99.4123
      25:     -44.9594 +      772.869 j          5.8074         123.006
      26:     -44.9594 +     -772.869 j          5.8074        -123.006
      27:     -9.08178 +      347.862 j         2.60985          55.364
      28:     -9.08178 +     -347.862 j         2.60985         -55.364
      29:     -9.08174 +      347.862 j         2.60984          55.364
      30:     -9.08174 +     -347.862 j         2.60984         -55.364
      31:     -495.661 +      2522.42 j         19.2815         401.456
      32:     -495.661 +     -2522.42 j         19.2815        -401.456
      33:      -592.06 +      2746.42 j         21.0734         437.106
      34:      -592.06 +     -2746.42 j         21.0734        -437.106
      35:     -688.892 +      2951.37 j         22.7305         469.725
      36:     -688.892 +     -2951.37 j         22.7305        -469.725
      37:     -1065.56 +      3615.52 j         28.2696         575.427
      38:     -1065.56 +     -3615.52 j         28.2696        -575.427
      39:     -1115.95 +      3692.39 j         28.9306         587.662
      40:     -1115.95 +     -3692.39 j         28.9306        -587.662
      41:     -1228.61 +      3856.42 j         30.3556         613.769
      42:     -1228.61 +     -3856.42 j         30.3556        -613.769
      43:     -1298.84 +      3953.58 j         31.2111         629.231
      44:     -1298.84 +     -3953.58 j         31.2111        -629.231
      45:     -1257.07 +      3896.23 j         30.7051         620.105
      46:     -1257.07 +     -3896.23 j         30.7051        -620.105
      47:        -1751 +      4503.46 j         36.2383         716.748
      48:        -1751 +     -4503.46 j         36.2383        -716.748
      49:      -1655.8 +      4397.21 j           35.24         699.838
      50:      -1655.8 +     -4397.21 j           35.24        -699.838
      51:     -1162.36 +      3761.37 j         29.5249          598.64
      52:     -1162.36 +     -3761.37 j         29.5249         -598.64
      53:     -1162.41 +      3761.32 j         29.5264         598.633
      54:     -1162.41 +     -3761.32 j         29.5264        -598.633
      55:     -3384.06 +       5802.5 j          50.379         923.496
      56:     -3384.06 +      -5802.5 j          50.379        -923.496
      57:     -3353.22 +      5784.93 j          50.149           920.7
      58:     -3353.22 +     -5784.93 j          50.149          -920.7
      59:      -3540.3 +      5888.15 j         51.5289         937.128
      60:      -3540.3 +     -5888.15 j         51.5289        -937.128
      61:     -3541.06 +      5888.55 j         51.5344         937.192
      62:     -3541.06 +     -5888.55 j         51.5344        -937.192
      63:     -6393.97 +      6660.95 j         69.2501         1060.12
      64:     -6393.97 +     -6660.95 j         69.2501        -1060.12
      65:     -6842.78 +      6664.24 j         71.6391         1060.65
      66:     -6842.78 +     -6664.24 j         71.6391        -1060.65
      67:     -7886.95 +      6554.07 j         76.9102         1043.11
      68:     -7886.95 +     -6554.07 j         76.9102        -1043.11
      69:        -9907 +      5826.18 j          86.199         927.265
      70:        -9907 +     -5826.18 j          86.199        -927.265
      71:     -10074.6 +      5729.81 j         86.9248         911.928
      72:     -10074.6 +     -5729.81 j         86.9248        -911.928
      73:     -11673.8 +      4401.32 j         93.5705         700.491
      74:     -11673.8 +     -4401.32 j         93.5705        -700.491
      75:     -11310.1 +      4783.55 j         92.1011         761.325
      76:     -11310.1 +     -4783.55 j         92.1011        -761.325
      77:     -10615.6 +      5371.13 j         89.2287         854.842
      78:     -10615.6 +     -5371.13 j         89.2287        -854.842
      79:     -10526.4 +      5435.22 j         88.8543         865.042
      80:     -10526.4 +     -5435.22 j         88.8543        -865.042
      81:     -10561.1 +      5411.38 j         88.9973         861.248
      82:     -10561.1 +     -5411.38 j         88.9973        -861.248
      83:     -10457.7 +       5483.8 j         88.5623         872.774
      84:     -10457.7 +      -5483.8 j         88.5623        -872.774
      85:     -10457.7 +      5483.86 j         88.5622         872.783
      86:     -10457.7 +     -5483.86 j         88.5622        -872.783
      87:      -7982.5 +            0 j             100               0
      88:     -40448.6 +            0 j             100               0
      89:     -48835.7 +            0 j             100               0
      90:     -49750.3 +            0 j             100               0
      91:     -52619.5 +            0 j             100               0
      92:     -48915.1 +            0 j             100               0
      93:     -7698.16 +            0 j             100               0
      94:     -7633.83 +            0 j             100               0
      95:     -7719.32 +            0 j             100               0
      96:     -7719.01 +            0 j             100               0
      97:     -65684.6 +            0 j             100               0
      98:     -85092.1 +            0 j             100               0
      99:     -94563.2 +            0 j             100               0
     100:     -86907.2 +            0 j             100               0
     101:      -109246 +            0 j             100               0
     102:       -62060 +            0 j             100               0
     103:     -60552.9 +            0 j             100               0
     104:     -60574.6 +            0 j             100               0
     105:     -60809.4 +            0 j             100               0
     106:     -60708.6 +      1.58896 j             100         0.25289
     107:     -60708.6 +     -1.58896 j             100        -0.25289
     108:     -7419.68 +            0 j             100               0
     109:     -7233.38 +            0 j             100               0
     110:     -7099.98 +            0 j             100               0
     111:     -7172.26 +            0 j             100               0
     112:     -7220.57 +            0 j             100               0
     113:     -7468.97 +            0 j             100               0
     114:     -7491.25 +            0 j             100               0
     115:     -7487.58 +            0 j             100               0
     116:     -7491.32 +            0 j             100               0
     117:      -148670 +            0 j             100               0
     118:      -162332 +            0 j             100               0
     119:     -7489.08 +            0 j             100               0
     120:     -7489.11 +            0 j             100               0
     121:     -6979.61 +            0 j             100               0
     122:     -6952.32 +            0 j             100               0
     123:      -220272 +            0 j             100               0
     124:      -218186 +            0 j             100               0
     125:      -251748 +            0 j             100               0
     126:      -244264 +            0 j             100               0
     127:      -280255 +            0 j             100               0
     128:      -310182 +            0 j             100               0
     129:      -334876 +            0 j             100               0
     130:     -6874.69 +            0 j             100               0
     131:     -6876.84 +            0 j             100               0
     132:      -6853.7 +            0 j             100               0
     133:     -6848.01 +            0 j             100               0
     134:     -6829.08 +            0 j             100               0
     135:     -6813.12 +            0 j             100               0
     136:     -6802.11 +            0 j             100               0
     137:     -6792.85 +            0 j             100               0
     138:      -358994 +            0 j             100               0
     139:      -439905 +            0 j             100               0
     140:      -373121 +            0 j             100               0
     141:      -581062 +            0 j             100               0
     142:     -6787.95 +            0 j             100               0
     143:     -6769.28 +            0 j             100               0
     144:     -6744.02 +            0 j             100               0
     145:      -827823 +            0 j             100               0
     146: -1.06442e+06 +            0 j             100               0
     147:      -896307 +            0 j             100               0
     148:      -6716.4 +            0 j             100               0
     149:      -6720.8 +            0 j             100               0
     150: -1.06454e+06 +            0 j             100               0
     151: -1.14851e+06 +            0 j             100               0
     152:      -961804 +            0 j             100               0
     153:      -960553 +            0 j             100               0
     154:      -971776 +            0 j             100               0
     155:      -971565 +            0 j             100               0
     156: -1.35612e+06 +            0 j             100               0
     157: -1.35822e+06 +            0 j             100               0
     158:     -6712.74 +            0 j             100               0
     159:     -6712.73 +            0 j             100               0
     160:      -6713.2 +            0 j             100               0
     161:     -6713.27 +            0 j             100               0
     162:     -6708.69 +            0 j             100               0
     163:     -6708.69 +            0 j             100               0
     164:     -6705.57 +            0 j             100               0
     165:     -6699.59 +            0 j             100               0
     166:     -6693.16 +            0 j             100               0
     167:     -6699.59 +            0 j             100               0
     168: -1.68386e+06 +            0 j             100               0
     169:      -6690.3 +            0 j             100               0
     170: -1.91954e+06 +            0 j             100               0
     171: -1.86628e+06 +            0 j             100               0
     172: -2.20056e+06 +            0 j             100               0
     173: -2.17103e+06 +            0 j             100               0
     174:   -2.196e+06 +            0 j             100               0
     175: -2.17172e+06 +            0 j             100               0
     176: -2.27043e+06 +            0 j             100               0
     177: -2.32136e+06 +            0 j             100               0
     178: -2.30598e+06 +            0 j             100               0
     179: -2.66311e+06 +            0 j             100               0
     180: -2.56669e+06 +            0 j             100               0
     181: -2.55948e+06 +            0 j             100               0
     182: -2.84302e+06 +            0 j             100               0
     183:     -6689.88 +            0 j             100               0
     184: -2.90392e+06 +            0 j             100               0
     185: -3.02985e+06 +            0 j             100               0
     186: -3.07603e+06 +            0 j             100               0
     187:     -6687.18 +            0 j             100               0
     188:     -6686.94 +            0 j             100               0
     189:     -6686.95 +            0 j             100               0
     190:     -6687.18 +            0 j             100               0
     191:     -6686.26 +            0 j             100               0
     192:     -6685.99 +            0 j             100               0
     193:     -6685.85 +            0 j             100               0
     194:     -6684.05 +            0 j             100               0
     195:     -6683.98 +            0 j             100               0
     196:     -6683.36 +            0 j             100               0
     197: -3.20886e+06 +            0 j             100               0
     198:      -6682.3 +            0 j             100               0
     199:     -6682.05 +            0 j             100               0
     200:     -6681.38 +            0 j             100               0
     201:     -6681.17 +            0 j             100               0
     202:     -6679.67 +            0 j             100               0
     203:     -6680.31 +            0 j             100               0
     204:     -6680.26 +            0 j             100               0
     205:     -6680.57 +            0 j             100               0
     206:     -6680.56 +            0 j             100               0
     207: -3.29242e+06 +            0 j             100               0
     208: -3.19698e+06 +            0 j             100               0
     209: -3.27284e+06 +            0 j             100               0
     210:     -6679.58 +            0 j             100               0
     211: -3.41672e+06 +            0 j             100               0
     212: -3.42752e+06 +            0 j             100               0
     213: -3.47469e+06 +            0 j             100               0
     214: -4.02457e+06 +            0 j             100               0
     215: -4.17008e+06 +            0 j             100               0
     216: -4.32261e+06 +      35169.7 j         99.9967         5597.43
     217: -4.32261e+06 +     -35169.7 j         99.9967        -5597.43
     218: -4.40803e+06 +            0 j             100               0
     219: -4.63315e+06 +      75048.3 j         99.9869         11944.3
     220: -4.63315e+06 +     -75048.3 j         99.9869        -11944.3
     221: -4.63186e+06 +            0 j             100               0
     222: -5.01687e+06 +            0 j             100               0
     223: -4.88868e+06 +            0 j             100               0
     224:  -5.0831e+06 +            0 j             100               0
     225: -5.50557e+06 +            0 j             100               0
     226: -3.91347e+06 +            0 j             100               0
     227: -3.62257e+06 +      25376.3 j         99.9975         4038.76
     228: -3.62257e+06 +     -25376.3 j         99.9975        -4038.76
     229: -3.76944e+06 +            0 j             100               0
     230: -3.66429e+06 +            0 j             100               0
     231: -3.75418e+06 +            0 j             100               0
     232: -3.76656e+06 +            0 j             100               0
     233: -3.69544e+06 +            0 j             100               0
     234: -3.69697e+06 +            0 j             100               0
     235: -5.84412e+06 +            0 j             100               0
     236: -7.59828e+06 +            0 j             100               0
     237: -7.58087e+06 +            0 j             100               0
     238: -5.91981e+06 +            0 j             100               0
     239: -6.13254e+06 +      70511.6 j         99.9934         11222.3
     240: -6.13254e+06 +     -70511.6 j         99.9934        -11222.3
     241: -6.16807e+06 +            0 j             100               0
     242: -6.16348e+06 +            0 j             100               0
     243: -6.21396e+06 +            0 j             100               0
     244: -6.26706e+06 +            0 j             100               0
     245: -7.55784e+06 +            0 j             100               0
     246: -7.49773e+06 +            0 j             100               0
     247: -7.50902e+06 +            0 j             100               0
     248: -7.44159e+06 +            0 j             100               0
     249:  -7.4159e+06 +            0 j             100               0
     250: -7.21942e+06 +            0 j             100               0
     251: -7.34406e+06 +      91801.7 j         99.9922         14610.7
     252: -7.34406e+06 +     -91801.7 j         99.9922        -14610.7
     253: -7.06482e+06 +      39595.4 j         99.9984         6301.81
     254: -7.06482e+06 +     -39595.4 j         99.9984        -6301.81
     255: -7.20048e+06 +            0 j             100               0
     256: -7.25832e+06 +            0 j             100               0
     257: -6.29275e+06 +            0 j             100               0
     258: -6.41974e+06 +            0 j             100               0
     259: -6.83704e+06 +            0 j             100               0
     260: -6.82487e+06 +            0 j             100               0
     261: -6.75785e+06 +            0 j             100               0
     262: -6.74039e+06 +            0 j             100               0
     263: -6.78052e+06 +            0 j             100               0
     264:  -6.5498e+06 +            0 j             100               0
     265: -6.53656e+06 +            0 j             100               0
     266:     -6679.15 +            0 j             100               0
     267:      -6679.7 +            0 j             100               0
     268:     -6676.91 +            0 j             100               0
     269:     -6677.31 +            0 j             100               0
     270:     -6677.14 +            0 j             100               0
     271:     -6676.69 +            0 j             100               0
     272:     -6676.39 +            0 j             100               0
     273:     -6677.87 +            0 j             100               0
     274:     -6678.68 +            0 j             100               0
     275:     -6676.11 +            0 j             100               0
     276:     -6674.84 +            0 j             100               0
     277:     -6676.28 +            0 j             100               0
     278:     -6675.64 +            0 j             100               0
     279:     -6675.53 +            0 j             100               0
     280:     -6675.81 +            0 j             100               0
     281:     -6678.76 +            0 j             100               0
     282:     -6678.13 +            0 j             100               0
     283:     -6678.71 +            0 j             100               0
     284:     -6678.71 +            0 j             100               0
     285:     -6678.48 +            0 j             100               0
     286:     -6678.49 +            0 j             100               0
     287:     -6678.47 +            0 j             100               0
     288:      -6674.4 +            0 j             100               0
     289: -7.01515e+06 +            0 j             100               0
     290: -6.26302e+06 +            0 j             100               0
     291:      -6674.4 +            0 j             100               0
     292:     -6672.54 +            0 j             100               0
     293: -6.80476e+06 +            0 j             100               0
     294: -6.40242e+06 +            0 j             100               0
     295: -6.97776e+06 +            0 j             100               0
     296:     -6672.55 +            0 j             100               0
     297: -6.53384e+06 +            0 j             100               0
     298:     -6672.58 +            0 j             100               0
     299:     -6673.91 +            0 j             100               0
     300:     -6673.94 +            0 j             100               0
     301:     -6672.56 +            0 j             100               0
     302:     -6673.85 +            0 j             100               0
     303:     -6673.74 +            0 j             100               0
     304: -6.62641e+06 +            0 j             100               0
     305: -6.81713e+06 +            0 j             100               0
     306:     -6672.59 +            0 j             100               0
     307:     -6673.76 +            0 j             100               0
     308:  -6.6791e+06 +            0 j             100               0
     309: -6.94555e+06 +            0 j             100               0
     310:  -6.9839e+06 +            0 j             100               0
     311: -6.71886e+06 +            0 j             100               0
     312:     -6673.73 +            0 j             100               0
     313:     -6672.55 +            0 j             100               0
     314:     -6672.64 +            0 j             100               0
     315:      -6673.7 +            0 j             100               0
     316:     -6673.56 +            0 j             100               0
     317:     -6672.73 +            0 j             100               0
     318:     -6673.77 +            0 j             100               0
     319:     -6673.58 +            0 j             100               0
     320:     -6673.39 +            0 j             100               0
     321:     -6673.57 +            0 j             100               0
     322:     -6672.82 +            0 j             100               0
     323:     -6672.74 +            0 j             100               0
     324:     -6672.75 +            0 j             100               0
     325:     -6673.58 +            0 j             100               0
     326:     -6673.83 +            0 j             100               0
     327:     -6673.12 +            0 j             100               0
     328:     -6672.82 +            0 j             100               0
     329:     -6673.26 +            0 j             100               0
     330:     -6673.08 +            0 j             100               0
     331:      -6672.9 +            0 j             100               0
     332:     -6672.93 +            0 j             100               0
     333:     -6672.97 +            0 j             100               0
     334:     -6672.92 +            0 j             100               0
     335:      -6672.9 +            0 j             100               0
     336:      -6672.9 +            0 j             100               0
     337:     -6673.15 +            0 j             100               0
     338:     -6672.99 +            0 j             100               0
     339:     -6673.26 +            0 j             100               0
     340:     -6673.29 +            0 j             100               0
     341:     -6673.29 +            0 j             100               0
     342:     -6673.29 +            0 j             100               0
