# Derivatives solution step at time 0 performed in 0 iterations with 1.18351 error
# Key for lines starting with "Step":
# Step Time TStep NIter ResErr SolErr SolConv Out
Step 0 0 0 0 1.18351 0 0 1
Step 1 0.0005 0.0005 4 4.4006e-07 0 0 1
Step 2 0.001 0.0005 8 2.08375e-07 0 0 1
Step 3 0.0015 0.0005 2 1.63529e-07 0 0 1
Step 4 0.002 0.0005 4 2.04852e-08 0 0 1
Step 5 0.0025 0.0005 3 1.33251e-07 0 0 1
Step 6 0.003 0.0005 3 3.11929e-08 0 0 1
Step 7 0.0035 0.0005 3 3.99013e-08 0 0 1
Step 8 0.004 0.0005 2 1.37586e-07 0 0 1
Step 9 0.0045 0.0005 2 4.22735e-07 0 0 1
Step 10 0.005 0.0005 2 4.42156e-07 0 0 1
Step 11 0.0055 0.0005 2 3.40338e-07 0 0 1
Step 12 0.006 0.0005 2 1.0874e-07 0 0 1
Step 13 0.0065 0.0005 2 6.44349e-07 0 0 1
Step 14 0.007 0.0005 2 2.48035e-07 0 0 1
Step 15 0.0075 0.0005 2 3.97606e-07 0 0 1
Step 16 0.008 0.0005 2 6.83308e-07 0 0 1
Step 17 0.0085 0.0005 2 3.68982e-08 0 0 1
Step 18 0.009 0.0005 2 6.92169e-08 0 0 1
Step 19 0.0095 0.0005 2 8.59887e-08 0 0 1
Step 20 0.01 0.0005 2 1.15693e-07 0 0 1
Step 21 0.0105 0.0005 2 5.38022e-08 0 0 1
Step 22 0.011 0.0005 2 4.48049e-08 0 0 1
Step 23 0.0115 0.0005 2 3.99397e-08 0 0 1
Step 24 0.012 0.0005 2 5.56231e-08 0 0 1
Step 25 0.0125 0.0005 2 4.99259e-08 0 0 1
Step 26 0.013 0.0005 2 4.57826e-08 0 0 1
Step 27 0.0135 0.0005 2 4.23239e-08 0 0 1
Step 28 0.014 0.0005 2 7.04354e-08 0 0 1
Step 29 0.0145 0.0005 2 3.51767e-08 0 0 1
Step 30 0.015 0.0005 2 5.02425e-08 0 0 1
Step 31 0.0155 0.0005 2 5.15452e-08 0 0 1
Step 32 0.016 0.0005 2 3.69887e-08 0 0 1
Step 33 0.0165 0.0005 2 4.59799e-08 0 0 1
Step 34 0.017 0.0005 2 4.77007e-08 0 0 1
Step 35 0.0175 0.0005 2 5.14917e-08 0 0 1
Step 36 0.018 0.0005 2 1.38907e-07 0 0 1
Step 37 0.0185 0.0005 3 3.72888e-08 0 0 1
Step 38 0.019 0.0005 2 1.7921e-07 0 0 1
Step 39 0.0195 0.0005 2 4.89443e-08 0 0 1
Step 40 0.02 0.0005 2 6.46777e-08 0 0 1
Step 41 0.0205 0.0005 2 1.58567e-07 0 0 1
Step 42 0.021 0.0005 2 6.95116e-07 0 0 1
Step 43 0.0215 0.0005 2 1.33336e-07 0 0 1
Step 44 0.022 0.0005 2 7.73793e-08 0 0 1
Step 45 0.0225 0.0005 2 8.02049e-08 0 0 1
Step 46 0.023 0.0005 2 6.25555e-08 0 0 1
Step 47 0.0235 0.0005 2 7.06927e-08 0 0 1
Step 48 0.024 0.0005 2 2.38981e-08 0 0 1
Step 49 0.0245 0.0005 2 4.47554e-08 0 0 1
Step 50 0.025 0.0005 2 4.62879e-08 0 0 1
Step 51 0.0255 0.0005 2 4.39052e-08 0 0 1
Step 52 0.026 0.0005 2 8.43156e-08 0 0 1
Step 53 0.0265 0.0005 2 4.29622e-08 0 0 1
Step 54 0.027 0.0005 2 4.27479e-08 0 0 1
Step 55 0.0275 0.0005 2 4.4122e-08 0 0 1
Step 56 0.028 0.0005 2 4.13809e-08 0 0 1
Step 57 0.0285 0.0005 2 4.28053e-08 0 0 1
Step 58 0.029 0.0005 2 5.87967e-08 0 0 1
Step 59 0.0295 0.0005 2 4.08233e-08 0 0 1
Step 60 0.03 0.0005 2 3.93275e-08 0 0 1
Step 61 0.0305 0.0005 2 4.82705e-08 0 0 1
Step 62 0.031 0.0005 2 4.89544e-08 0 0 1
Step 63 0.0315 0.0005 2 5.2715e-08 0 0 1
Step 64 0.032 0.0005 2 5.29654e-08 0 0 1
Step 65 0.0325 0.0005 2 4.40783e-08 0 0 1
Step 66 0.033 0.0005 2 4.17186e-08 0 0 1
Step 67 0.0335 0.0005 2 4.43721e-08 0 0 1
Step 68 0.034 0.0005 2 5.4054e-08 0 0 1
Step 69 0.0345 0.0005 2 3.78369e-08 0 0 1
Step 70 0.035 0.0005 2 5.95435e-08 0 0 1
Step 71 0.0355 0.0005 2 3.89266e-08 0 0 1
Step 72 0.036 0.0005 2 5.41397e-08 0 0 1
Step 73 0.0365 0.0005 2 4.92407e-08 0 0 1
Step 74 0.037 0.0005 2 5.90846e-08 0 0 1
Step 75 0.0375 0.0005 2 3.20703e-08 0 0 1
Step 76 0.038 0.0005 2 5.22237e-08 0 0 1
Step 77 0.0385 0.0005 2 3.44656e-08 0 0 1
Step 78 0.039 0.0005 2 2.64462e-08 0 0 1
Step 79 0.0395 0.0005 2 3.90924e-08 0 0 1
Step 80 0.04 0.0005 2 4.2522e-08 0 0 1
Step 81 0.0405 0.0005 2 6.67356e-08 0 0 1
Step 82 0.041 0.0005 2 1.14101e-07 0 0 1
Step 83 0.0415 0.0005 2 6.33527e-08 0 0 1
Step 84 0.042 0.0005 2 4.94026e-08 0 0 1
Step 85 0.0425 0.0005 2 5.06925e-08 0 0 1
Step 86 0.043 0.0005 2 3.82229e-08 0 0 1
Step 87 0.0435 0.0005 2 4.50888e-08 0 0 1
Step 88 0.044 0.0005 2 5.39641e-08 0 0 1
Step 89 0.0445 0.0005 2 5.20384e-08 0 0 1
Step 90 0.045 0.0005 2 4.60571e-08 0 0 1
Step 91 0.0455 0.0005 2 3.61171e-08 0 0 1
Step 92 0.046 0.0005 2 6.40285e-08 0 0 1
Step 93 0.0465 0.0005 2 4.72527e-08 0 0 1
Step 94 0.047 0.0005 2 5.00256e-08 0 0 1
Step 95 0.0475 0.0005 2 4.51984e-08 0 0 1
Step 96 0.048 0.0005 2 3.62364e-08 0 0 1
Step 97 0.0485 0.0005 2 5.44187e-08 0 0 1
Step 98 0.049 0.0005 2 4.43811e-08 0 0 1
Step 99 0.0495 0.0005 2 5.07433e-08 0 0 1
Step 100 0.05 0.0005 2 4.27938e-08 0 0 1
Step 101 0.0505 0.0005 2 4.6952e-08 0 0 1
Step 102 0.051 0.0005 2 4.59099e-08 0 0 1
Step 103 0.0515 0.0005 2 5.7381e-08 0 0 1
Step 104 0.052 0.0005 2 5.21963e-08 0 0 1
Step 105 0.0525 0.0005 2 3.52286e-08 0 0 1
Step 106 0.053 0.0005 2 4.14533e-08 0 0 1
Step 107 0.0535 0.0005 2 6.68621e-08 0 0 1
Step 108 0.054 0.0005 2 5.16471e-08 0 0 1
Step 109 0.0545 0.0005 2 3.7643e-08 0 0 1
Step 110 0.055 0.0005 2 4.89935e-08 0 0 1
Step 111 0.0555 0.0005 2 6.70766e-08 0 0 1
Step 112 0.056 0.0005 2 3.70153e-08 0 0 1
Step 113 0.0565 0.0005 2 4.34528e-08 0 0 1
Step 114 0.057 0.0005 2 8.15005e-08 0 0 1
Step 115 0.0575 0.0005 2 5.18133e-08 0 0 1
Step 116 0.058 0.0005 2 4.35704e-08 0 0 1
Step 117 0.0585 0.0005 2 2.6025e-07 0 0 1
Step 118 0.059 0.0005 3 4.4656e-08 0 0 1
Step 119 0.0595 0.0005 2 3.88653e-07 0 0 1
Step 120 0.06 0.0005 2 6.62895e-08 0 0 1
Step 121 0.0605 0.0005 2 4.99849e-08 0 0 1
Step 122 0.061 0.0005 2 4.82908e-08 0 0 1
Step 123 0.0615 0.0005 2 5.28231e-08 0 0 1
Step 124 0.062 0.0005 2 6.26856e-08 0 0 1
Step 125 0.0625 0.0005 2 3.84977e-08 0 0 1
Step 126 0.063 0.0005 2 3.58643e-08 0 0 1
Step 127 0.0635 0.0005 2 5.14825e-08 0 0 1
Step 128 0.064 0.0005 2 4.4478e-08 0 0 1
Step 129 0.0645 0.0005 2 2.90586e-08 0 0 1
Step 130 0.065 0.0005 2 3.51422e-08 0 0 1
Step 131 0.0655 0.0005 2 4.81489e-08 0 0 1
Step 132 0.066 0.0005 2 4.27555e-08 0 0 1
Step 133 0.0665 0.0005 2 3.03591e-08 0 0 1
Step 134 0.067 0.0005 2 5.56331e-08 0 0 1
Step 135 0.0675 0.0005 2 5.806e-08 0 0 1
Step 136 0.068 0.0005 2 3.71098e-08 0 0 1
Step 137 0.0685 0.0005 2 4.15361e-08 0 0 1
Step 138 0.069 0.0005 2 7.60352e-08 0 0 1
Step 139 0.0695 0.0005 2 4.83924e-08 0 0 1
Step 140 0.07 0.0005 2 4.05328e-08 0 0 1
Step 141 0.0705 0.0005 2 4.97361e-08 0 0 1
Step 142 0.071 0.0005 2 4.13969e-08 0 0 1
Step 143 0.0715 0.0005 2 5.275e-08 0 0 1
Step 144 0.072 0.0005 2 4.97275e-08 0 0 1
Step 145 0.0725 0.0005 2 5.22571e-08 0 0 1
Step 146 0.073 0.0005 2 2.08049e-07 0 0 1
Step 147 0.0735 0.0005 2 8.69111e-08 0 0 1
Step 148 0.074 0.0005 2 6.78078e-08 0 0 1
Step 149 0.0745 0.0005 2 4.94652e-08 0 0 1
Step 150 0.075 0.0005 2 8.81878e-08 0 0 1
Step 151 0.0755 0.0005 2 7.17725e-08 0 0 1
Step 152 0.076 0.0005 2 4.8801e-08 0 0 1
Step 153 0.0765 0.0005 2 3.67387e-08 0 0 1
Step 154 0.077 0.0005 2 4.26867e-08 0 0 1
Step 155 0.0775 0.0005 2 3.74897e-08 0 0 1
Step 156 0.078 0.0005 2 4.47583e-08 0 0 1
Step 157 0.0785 0.0005 2 4.47515e-08 0 0 1
Step 158 0.079 0.0005 2 3.35877e-08 0 0 1
Step 159 0.0795 0.0005 2 7.44743e-08 0 0 1
Step 160 0.08 0.0005 2 5.0313e-08 0 0 1
Step 161 0.0805 0.0005 2 3.99144e-08 0 0 1
Step 162 0.081 0.0005 2 4.08723e-08 0 0 1
Step 163 0.0815 0.0005 2 3.48425e-08 0 0 1
Step 164 0.082 0.0005 2 5.26441e-08 0 0 1
Step 165 0.0825 0.0005 2 3.09451e-08 0 0 1
Step 166 0.083 0.0005 2 6.41792e-08 0 0 1
Step 167 0.0835 0.0005 2 6.66931e-08 0 0 1
Step 168 0.084 0.0005 2 5.69683e-08 0 0 1
Step 169 0.0845 0.0005 2 6.17649e-08 0 0 1
Step 170 0.085 0.0005 2 4.48585e-08 0 0 1
Step 171 0.0855 0.0005 2 3.01241e-08 0 0 1
Step 172 0.086 0.0005 2 4.11989e-08 0 0 1
Step 173 0.0865 0.0005 2 3.7757e-08 0 0 1
Step 174 0.087 0.0005 2 3.33547e-08 0 0 1
Step 175 0.0875 0.0005 2 3.38552e-08 0 0 1
Step 176 0.088 0.0005 2 4.26708e-08 0 0 1
Step 177 0.0885 0.0005 2 5.81589e-08 0 0 1
Step 178 0.089 0.0005 2 3.92302e-08 0 0 1
Step 179 0.0895 0.0005 2 4.37054e-08 0 0 1
Step 180 0.09 0.0005 2 5.5658e-08 0 0 1
Step 181 0.0905 0.0005 2 4.42391e-08 0 0 1
Step 182 0.091 0.0005 2 3.61451e-08 0 0 1
Step 183 0.0915 0.0005 2 5.72984e-08 0 0 1
Step 184 0.092 0.0005 2 3.80155e-08 0 0 1
Step 185 0.0925 0.0005 2 5.16075e-08 0 0 1
Step 186 0.093 0.0005 2 4.06305e-08 0 0 1
Step 187 0.0935 0.0005 2 3.56499e-08 0 0 1
Step 188 0.094 0.0005 2 3.63925e-08 0 0 1
Step 189 0.0945 0.0005 2 6.78389e-08 0 0 1
Step 190 0.095 0.0005 2 4.28729e-08 0 0 1
Step 191 0.0955 0.0005 2 3.88714e-08 0 0 1
Step 192 0.096 0.0005 2 4.17786e-08 0 0 1
Step 193 0.0965 0.0005 2 5.67917e-08 0 0 1
Step 194 0.097 0.0005 2 3.82986e-08 0 0 1
Step 195 0.0975 0.0005 2 2.9619e-08 0 0 1
Step 196 0.098 0.0005 2 5.09088e-08 0 0 1
Step 197 0.0985 0.0005 2 4.11182e-08 0 0 1
Step 198 0.099 0.0005 2 4.561e-08 0 0 1
Step 199 0.0995 0.0005 2 4.26354e-08 0 0 1
Step 200 0.1 0.0005 2 4.10889e-08 0 0 1
Step 201 0.1005 0.0005 2 4.22009e-08 0 0 1
Step 202 0.101 0.0005 2 4.40611e-08 0 0 1
Step 203 0.1015 0.0005 2 4.25295e-08 0 0 1
Step 204 0.102 0.0005 2 8.39493e-08 0 0 1
Step 205 0.1025 0.0005 2 5.48968e-08 0 0 1
Step 206 0.103 0.0005 2 4.25162e-08 0 0 1
Step 207 0.1035 0.0005 2 3.74522e-08 0 0 1
Step 208 0.104 0.0005 2 4.85994e-08 0 0 1
Step 209 0.1045 0.0005 2 4.53731e-08 0 0 1
Step 210 0.105 0.0005 2 8.60608e-08 0 0 1
Step 211 0.1055 0.0005 2 2.02324e-07 0 0 1
Step 212 0.106 0.0005 2 4.95662e-08 0 0 1
Step 213 0.1065 0.0005 2 5.24662e-08 0 0 1
Step 214 0.107 0.0005 2 4.35177e-08 0 0 1
Step 215 0.1075 0.0005 2 5.18378e-08 0 0 1
Step 216 0.108 0.0005 2 3.87315e-08 0 0 1
Step 217 0.1085 0.0005 2 5.5893e-08 0 0 1
Step 218 0.109 0.0005 2 3.74097e-08 0 0 1
Step 219 0.1095 0.0005 2 5.41532e-08 0 0 1
Step 220 0.11 0.0005 2 3.30736e-08 0 0 1
Step 221 0.1105 0.0005 2 3.07399e-08 0 0 1
Step 222 0.111 0.0005 2 5.04534e-08 0 0 1
Step 223 0.1115 0.0005 2 3.95832e-08 0 0 1
Step 224 0.112 0.0005 2 3.99212e-08 0 0 1
Step 225 0.1125 0.0005 2 4.13289e-08 0 0 1
Step 226 0.113 0.0005 2 6.2198e-08 0 0 1
Step 227 0.1135 0.0005 3 3.84133e-08 0 0 1
Step 228 0.114 0.0005 2 4.48083e-08 0 0 1
Step 229 0.1145 0.0005 2 1.47051e-07 0 0 1
Step 230 0.115 0.0005 2 9.08392e-08 0 0 1
Step 231 0.1155 0.0005 2 5.85079e-08 0 0 1
Step 232 0.116 0.0005 2 4.75458e-08 0 0 1
Step 233 0.1165 0.0005 2 6.56206e-08 0 0 1
Step 234 0.117 0.0005 2 4.78358e-08 0 0 1
Step 235 0.1175 0.0005 2 5.82648e-08 0 0 1
Step 236 0.118 0.0005 2 8.22389e-08 0 0 1
Step 237 0.1185 0.0005 3 4.91441e-08 0 0 1
Step 238 0.119 0.0005 2 6.85439e-07 0 0 1
Step 239 0.1195 0.0005 3 1.18237e-07 0 0 1
Step 240 0.12 0.0005 3 4.95944e-08 0 0 1
Step 241 0.1205 0.0005 3 4.68863e-08 0 0 1
Step 242 0.121 0.0005 3 5.01154e-08 0 0 1
Step 243 0.1215 0.0005 3 7.27813e-08 0 0 1
Step 244 0.122 0.0005 2 4.56537e-07 0 0 1
Step 245 0.1225 0.0005 2 5.61635e-08 0 0 1
Step 246 0.123 0.0005 2 4.33368e-08 0 0 1
Step 247 0.1235 0.0005 2 5.20033e-08 0 0 1
Step 248 0.124 0.0005 2 2.50473e-07 0 0 1
Step 249 0.1245 0.0005 2 5.26524e-08 0 0 1
Step 250 0.125 0.0005 2 5.43102e-08 0 0 1
Step 251 0.1255 0.0005 2 7.26923e-08 0 0 1
Step 252 0.126 0.0005 2 4.83018e-08 0 0 1
Step 253 0.1265 0.0005 2 5.4222e-08 0 0 1
Step 254 0.127 0.0005 2 5.22615e-08 0 0 1
Step 255 0.1275 0.0005 2 4.33803e-08 0 0 1
Step 256 0.128 0.0005 2 4.12598e-08 0 0 1
Step 257 0.1285 0.0005 2 4.2858e-08 0 0 1
Step 258 0.129 0.0005 2 4.61079e-08 0 0 1
Step 259 0.1295 0.0005 2 4.23346e-08 0 0 1
Step 260 0.13 0.0005 2 5.79088e-08 0 0 1
Step 261 0.1305 0.0005 2 6.33913e-08 0 0 1
Step 262 0.131 0.0005 2 4.46033e-08 0 0 1
Step 263 0.1315 0.0005 2 4.25582e-08 0 0 1
Step 264 0.132 0.0005 2 2.99226e-08 0 0 1
Step 265 0.1325 0.0005 2 5.75096e-08 0 0 1
Step 266 0.133 0.0005 2 2.41605e-08 0 0 1
Step 267 0.1335 0.0005 2 3.42719e-08 0 0 1
Step 268 0.134 0.0005 2 5.01155e-08 0 0 1
Step 269 0.1345 0.0005 2 2.82308e-08 0 0 1
Step 270 0.135 0.0005 2 4.67438e-08 0 0 1
Step 271 0.1355 0.0005 2 2.9921e-08 0 0 1
Step 272 0.136 0.0005 2 7.86445e-08 0 0 1
Step 273 0.1365 0.0005 2 4.83288e-08 0 0 1
Step 274 0.137 0.0005 2 6.16176e-08 0 0 1
Step 275 0.1375 0.0005 2 5.27024e-08 0 0 1
Step 276 0.138 0.0005 2 4.51668e-08 0 0 1
Step 277 0.1385 0.0005 2 4.58595e-08 0 0 1
Step 278 0.139 0.0005 2 3.30392e-08 0 0 1
Step 279 0.1395 0.0005 2 3.86616e-08 0 0 1
Step 280 0.14 0.0005 2 3.85686e-08 0 0 1
Step 281 0.1405 0.0005 2 5.21829e-08 0 0 1
Step 282 0.141 0.0005 2 4.89282e-08 0 0 1
Step 283 0.1415 0.0005 2 5.40589e-08 0 0 1
Step 284 0.142 0.0005 2 1.43274e-07 0 0 1
Step 285 0.1425 0.0005 2 3.52802e-08 0 0 1
Step 286 0.143 0.0005 2 3.87802e-08 0 0 1
Step 287 0.1435 0.0005 2 4.19574e-08 0 0 1
Step 288 0.144 0.0005 2 5.03161e-08 0 0 1
Step 289 0.1445 0.0005 2 3.86835e-08 0 0 1
Step 290 0.145 0.0005 2 2.99433e-08 0 0 1
Step 291 0.1455 0.0005 2 5.62067e-08 0 0 1
Step 292 0.146 0.0005 2 1.08203e-07 0 0 1
Step 293 0.1465 0.0005 2 3.17955e-08 0 0 1
Step 294 0.147 0.0005 2 4.03605e-08 0 0 1
Step 295 0.1475 0.0005 2 4.05378e-08 0 0 1
Step 296 0.148 0.0005 2 2.59304e-08 0 0 1
Step 297 0.1485 0.0005 2 5.72682e-08 0 0 1
Step 298 0.149 0.0005 2 4.19275e-08 0 0 1
Step 299 0.1495 0.0005 2 4.39677e-08 0 0 1
Step 300 0.15 0.0005 2 4.31064e-08 0 0 1
Step 301 0.1505 0.0005 2 2.65744e-08 0 0 1
Step 302 0.151 0.0005 2 4.49676e-08 0 0 1
Step 303 0.1515 0.0005 2 2.69113e-08 0 0 1
Step 304 0.152 0.0005 2 4.80527e-08 0 0 1
Step 305 0.1525 0.0005 2 5.14268e-08 0 0 1
Step 306 0.153 0.0005 2 4.38243e-08 0 0 1
Step 307 0.1535 0.0005 2 4.09182e-08 0 0 1
Step 308 0.154 0.0005 2 3.9815e-08 0 0 1
Step 309 0.1545 0.0005 2 5.46321e-08 0 0 1
Step 310 0.155 0.0005 2 3.80106e-08 0 0 1
Step 311 0.1555 0.0005 2 4.82399e-08 0 0 1
Step 312 0.156 0.0005 2 3.64242e-08 0 0 1
Step 313 0.1565 0.0005 2 6.3414e-08 0 0 1
Step 314 0.157 0.0005 2 6.27392e-08 0 0 1
Step 315 0.1575 0.0005 2 4.79197e-08 0 0 1
Step 316 0.158 0.0005 2 2.80034e-08 0 0 1
Step 317 0.1585 0.0005 2 6.78707e-08 0 0 1
Step 318 0.159 0.0005 2 3.73347e-08 0 0 1
Step 319 0.1595 0.0005 2 2.95628e-08 0 0 1
Step 320 0.16 0.0005 2 3.47129e-08 0 0 1
Step 321 0.1605 0.0005 2 4.04107e-08 0 0 1
Step 322 0.161 0.0005 2 5.14735e-08 0 0 1
Step 323 0.1615 0.0005 2 5.06951e-08 0 0 1
Step 324 0.162 0.0005 2 5.82966e-08 0 0 1
Step 325 0.1625 0.0005 2 4.70124e-08 0 0 1
Step 326 0.163 0.0005 2 4.02184e-08 0 0 1
Step 327 0.1635 0.0005 2 3.86527e-08 0 0 1
Step 328 0.164 0.0005 2 8.9674e-08 0 0 1
Step 329 0.1645 0.0005 2 7.67527e-08 0 0 1
Step 330 0.165 0.0005 2 6.99006e-08 0 0 1
Step 331 0.1655 0.0005 2 1.1059e-07 0 0 1
Step 332 0.166 0.0005 2 1.01363e-07 0 0 1
Step 333 0.1665 0.0005 2 6.08184e-08 0 0 1
Step 334 0.167 0.0005 2 4.84523e-08 0 0 1
Step 335 0.1675 0.0005 2 5.63592e-08 0 0 1
Step 336 0.168 0.0005 2 4.18946e-08 0 0 1
Step 337 0.1685 0.0005 2 4.49581e-08 0 0 1
Step 338 0.169 0.0005 2 3.30014e-08 0 0 1
Step 339 0.1695 0.0005 2 3.99392e-08 0 0 1
Step 340 0.17 0.0005 2 5.64305e-08 0 0 1
Step 341 0.1705 0.0005 2 6.19225e-08 0 0 1
Step 342 0.171 0.0005 2 1.58639e-07 0 0 1
Step 343 0.1715 0.0005 2 6.09989e-08 0 0 1
Step 344 0.172 0.0005 2 3.45358e-08 0 0 1
Step 345 0.1725 0.0005 2 4.98544e-08 0 0 1
Step 346 0.173 0.0005 2 4.39521e-08 0 0 1
Step 347 0.1735 0.0005 2 3.73918e-08 0 0 1
Step 348 0.174 0.0005 2 4.21177e-08 0 0 1
Step 349 0.1745 0.0005 2 3.94109e-08 0 0 1
Step 350 0.175 0.0005 2 5.24309e-08 0 0 1
Step 351 0.1755 0.0005 2 6.59576e-08 0 0 1
Step 352 0.176 0.0005 2 8.61934e-08 0 0 1
Step 353 0.1765 0.0005 2 4.28832e-08 0 0 1
Step 354 0.177 0.0005 2 5.47024e-08 0 0 1
Step 355 0.1775 0.0005 2 5.16668e-08 0 0 1
Step 356 0.178 0.0005 2 4.27643e-08 0 0 1
Step 357 0.1785 0.0005 2 7.18936e-08 0 0 1
Step 358 0.179 0.0005 2 4.25439e-08 0 0 1
Step 359 0.1795 0.0005 2 3.60471e-08 0 0 1
Step 360 0.18 0.0005 2 3.85863e-08 0 0 1
Step 361 0.1805 0.0005 2 4.79835e-08 0 0 1
Step 362 0.181 0.0005 2 3.35591e-08 0 0 1
Step 363 0.1815 0.0005 2 3.62717e-08 0 0 1
Step 364 0.182 0.0005 2 4.21617e-08 0 0 1
Step 365 0.1825 0.0005 2 3.54348e-08 0 0 1
Step 366 0.183 0.0005 2 4.66256e-08 0 0 1
Step 367 0.1835 0.0005 2 4.14933e-08 0 0 1
Step 368 0.184 0.0005 2 3.55636e-08 0 0 1
Step 369 0.1845 0.0005 2 4.30247e-08 0 0 1
Step 370 0.185 0.0005 2 6.97553e-08 0 0 1
Step 371 0.1855 0.0005 2 5.36106e-08 0 0 1
Step 372 0.186 0.0005 2 8.62264e-08 0 0 1
Step 373 0.1865 0.0005 2 5.01909e-08 0 0 1
Step 374 0.187 0.0005 2 4.57006e-07 0 0 1
Step 375 0.1875 0.0005 2 5.70342e-08 0 0 1
Step 376 0.188 0.0005 2 3.78741e-08 0 0 1
Step 377 0.1885 0.0005 2 6.20392e-08 0 0 1
Step 378 0.189 0.0005 2 3.58651e-08 0 0 1
Step 379 0.1895 0.0005 2 4.46717e-08 0 0 1
Step 380 0.19 0.0005 2 1.16953e-07 0 0 1
Step 381 0.1905 0.0005 2 6.5044e-08 0 0 1
Step 382 0.191 0.0005 2 5.7401e-08 0 0 1
Step 383 0.1915 0.0005 2 5.3606e-08 0 0 1
Step 384 0.192 0.0005 2 5.61061e-08 0 0 1
Step 385 0.1925 0.0005 2 5.0672e-08 0 0 1
Step 386 0.193 0.0005 2 5.22391e-08 0 0 1
Step 387 0.1935 0.0005 2 3.01276e-08 0 0 1
Step 388 0.194 0.0005 2 6.34104e-08 0 0 1
Step 389 0.1945 0.0005 2 4.65707e-08 0 0 1
Step 390 0.195 0.0005 2 5.1184e-08 0 0 1
Step 391 0.1955 0.0005 2 3.57988e-08 0 0 1
Step 392 0.196 0.0005 2 2.73633e-08 0 0 1
Step 393 0.1965 0.0005 2 5.97976e-08 0 0 1
Step 394 0.197 0.0005 2 1.41157e-07 0 0 1
Step 395 0.1975 0.0005 2 3.95433e-08 0 0 1
Step 396 0.198 0.0005 2 4.97746e-08 0 0 1
Step 397 0.1985 0.0005 2 5.24811e-08 0 0 1
Step 398 0.199 0.0005 2 5.55396e-08 0 0 1
Step 399 0.1995 0.0005 2 4.40851e-08 0 0 1
Step 400 0.2 0.0005 2 4.36666e-08 0 0 1
Info: 0, success BALANC="P" ILO=7 IHI=342 ABNRM=5.88367e+08 BBNRM=5.88367e+08
Mode n.       Real           Imag             Damp %     Freq Hz
       7:  3.18086e-07 +      105.363 j    -3.01897e-07          16.769
       8:  3.18086e-07 +     -105.363 j    -3.01896e-07         -16.769
       9:  6.30546e-07 +      119.456 j     -5.2785e-07         19.0119
      10:  6.30546e-07 +     -119.456 j     -5.2785e-07        -19.0119
      11: -1.74392e-06 +      196.581 j     8.87126e-07         31.2869
      12: -1.74392e-06 +     -196.581 j     8.87125e-07        -31.2869
      13:  3.45964e-07 +      260.205 j    -1.32958e-07         41.4129
      14:  3.45964e-07 +     -260.205 j    -1.32958e-07        -41.4129
      15:   9.3183e-07 +       302.83 j    -3.07707e-07         48.1969
      16:  9.31829e-07 +      -302.83 j    -3.07707e-07        -48.1969
      17: -4.04051e-07 +      326.844 j     1.23622e-07         52.0188
      18: -4.04048e-07 +     -326.844 j     1.23621e-07        -52.0188
      19:  1.26795e-06 +       435.96 j     -2.9084e-07         69.3852
      20:  1.26795e-06 +      -435.96 j    -2.90841e-07        -69.3852
      21:  9.14518e-06 +      464.578 j    -1.96849e-06         73.9399
      22:  9.14518e-06 +     -464.578 j    -1.96849e-06        -73.9399
      23: -7.98341e-07 +      625.386 j     1.27656e-07         99.5333
      24: -7.98328e-07 +     -625.386 j     1.27654e-07        -99.5333
      25: -7.00716e-07 +      774.218 j     9.05063e-08         123.221
      26: -7.00699e-07 +     -774.218 j     9.05042e-08        -123.221
      27:  1.96942e-05 +      347.981 j    -5.65957e-06         55.3828
      28:  1.96942e-05 +     -347.981 j    -5.65957e-06        -55.3828
      29: -1.62923e-06 +      347.981 j     4.68197e-07         55.3829
      30: -1.62923e-06 +     -347.981 j     4.68195e-07        -55.3829
      31:  0.000182292 +      2570.78 j    -7.09091e-06         409.152
      32:  0.000182292 +     -2570.78 j    -7.09092e-06        -409.152
      33: -0.000413815 +      2809.55 j     1.47289e-05         447.154
      34: -0.000413815 +     -2809.55 j     1.47289e-05        -447.154
      35: -7.91026e-05 +      3030.66 j     2.61008e-06         482.344
      36: -7.91025e-05 +     -3030.66 j     2.61008e-06        -482.344
      37:  -0.00107336 +      3769.34 j     2.84761e-05         599.908
      38:  -0.00107336 +     -3769.34 j     2.84761e-05        -599.908
      39:  -0.00110797 +      3857.36 j     2.87235e-05         613.917
      40:  -0.00110797 +     -3857.36 j     2.87235e-05        -613.917
      41:   0.00094953 +       4047.4 j    -2.34602e-05         644.164
      42:   0.00094953 +      -4047.4 j    -2.34602e-05        -644.164
      43:  -0.00138642 +      4094.03 j     3.38645e-05         651.586
      44:  -0.00138642 +     -4094.03 j     3.38645e-05        -651.586
      45:  0.000980279 +       4161.4 j    -2.35565e-05         662.307
      46:  0.000980279 +      -4161.4 j    -2.35565e-05        -662.307
      47:   0.00132503 +      4831.87 j    -2.74226e-05         769.017
      48:   0.00132503 +     -4831.87 j    -2.74226e-05        -769.017
      49:  -0.00269491 +      4698.43 j     5.73577e-05         747.778
      50:  -0.00269491 +     -4698.43 j     5.73577e-05        -747.778
      51: -0.000160483 +      3936.85 j     4.07641e-06          626.57
      52: -0.000160482 +     -3936.85 j     4.07641e-06         -626.57
      53: -0.000938668 +      3936.86 j      2.3843e-05         626.571
      54: -0.000938668 +     -3936.86 j      2.3843e-05        -626.571
      55:     0.244299 +       6712.3 j     -0.00363958         1068.29
      56:     0.244299 +      -6712.3 j     -0.00363958        -1068.29
      57:  -0.00255457 +      6686.39 j     3.82055e-05         1064.17
      58:  -0.00255457 +     -6686.39 j     3.82055e-05        -1064.17
      59:   0.00914901 +      6871.33 j    -0.000133148         1093.61
      60:   0.00914901 +     -6871.33 j    -0.000133148        -1093.61
      61:   -0.0059034 +      6871.31 j     8.59137e-05          1093.6
      62:   -0.0059034 +     -6871.31 j     8.59137e-05         -1093.6
      63:   -0.0057119 +      9232.99 j      6.1864e-05         1469.48
      64:  -0.00571191 +     -9232.99 j     6.18641e-05        -1469.48
      65:  -0.00516632 +      9551.91 j     5.40868e-05         1520.23
      66:  -0.00516632 +     -9551.91 j     5.40867e-05        -1520.23
      67:   -0.0391806 +        10256 j     0.000382026          1632.3
      68:   -0.0391806 +       -10256 j     0.000382025         -1632.3
      69:    0.0111961 +      11590.5 j    -9.65971e-05         1844.69
      70:    0.0111961 +     -11590.5 j    -9.65972e-05        -1844.69
      71:    0.0203134 +      11493.2 j    -0.000176742         1829.21
      72:    0.0203134 +     -11493.2 j    -0.000176742        -1829.21
      73:   -0.0852596 +      12476.3 j     0.000683371         1985.67
      74:   -0.0852596 +     -12476.3 j     0.000683371        -1985.67
      75:   0.00722004 +      12280.3 j    -5.87939e-05         1954.46
      76:   0.00722005 +     -12280.3 j    -5.87939e-05        -1954.46
      77:    0.0275842 +      11897.3 j    -0.000231852         1893.52
      78:    0.0275842 +     -11897.3 j    -0.000231852        -1893.52
      79:     0.117429 +      11862.2 j     -0.00098994         1887.93
      80:     0.117429 +     -11862.2 j     -0.00098994        -1887.93
      81:    0.0321709 +      11847.7 j    -0.000271537         1885.62
      82:    0.0321709 +     -11847.7 j    -0.000271537        -1885.62
      83:    0.0428035 +      11808.4 j    -0.000362484         1879.36
      84:    0.0428035 +     -11808.4 j    -0.000362484        -1879.36
      85:    -0.363204 +      11808.1 j      0.00307588         1879.32
      86:    -0.363204 +     -11808.1 j      0.00307588        -1879.32
      87:    0.0439174 +        17966 j    -0.000244447         2859.38
      88:    0.0439174 +       -17966 j    -0.000244447        -2859.38
      89:   -0.0839681 +      20041.9 j     0.000418963         3189.76
      90:    -0.083968 +     -20041.9 j     0.000418963        -3189.76
      91:   -0.0379396 +      19570.2 j     0.000193864         3114.69
      92:   -0.0379396 +     -19570.2 j     0.000193864        -3114.69
      93:   -0.0407504 +      19427.9 j     0.000209751         3092.05
      94:   -0.0407504 +     -19427.9 j     0.000209751        -3092.05
      95:   -0.0112805 +      19427.9 j     5.80633e-05         3092.05
      96:   -0.0112805 +     -19427.9 j     5.80633e-05        -3092.05
      97:     0.118626 +      22075.8 j    -0.000537354         3513.48
      98:     0.118626 +     -22075.8 j    -0.000537354        -3513.48
      99:       0.1041 +      21530.4 j    -0.000483501         3426.67
     100:       0.1041 +     -21530.4 j    -0.000483501        -3426.67
     101:     0.295379 +      21300.2 j     -0.00138674         3390.03
     102:     0.295379 +     -21300.2 j     -0.00138674        -3390.03
     103:   -0.0463963 +      21302.4 j     0.000217799         3390.38
     104:   -0.0463963 +     -21302.4 j     0.000217799        -3390.38
     105:     0.176644 +      21322.1 j    -0.000828458         3393.51
     106:     0.176644 +     -21322.1 j    -0.000828458        -3393.51
     107:     0.263367 +      21334.8 j     -0.00123445         3395.54
     108:     0.263367 +     -21334.8 j     -0.00123445        -3395.54
     109:     0.861469 +      27848.5 j     -0.00309341         4432.22
     110:     0.861469 +     -27848.5 j     -0.00309341        -4432.22
     111:     0.553384 +      26042.9 j      -0.0021249         4144.86
     112:     0.553384 +     -26042.9 j      -0.0021249        -4144.86
     113:      8.00239 +      24815.8 j      -0.0322471         3949.56
     114:      8.00239 +     -24815.8 j      -0.0322471        -3949.56
     115:    -0.787268 +      25048.8 j      0.00314293         3986.65
     116:    -0.787268 +     -25048.8 j      0.00314293        -3986.65
     117:   -0.0185004 +      21322.4 j     8.67651e-05         3393.56
     118:   -0.0185004 +     -21322.4 j     8.67651e-05        -3393.56
     119:    -0.279666 +      32215.1 j     0.000868122         5127.19
     120:    -0.279666 +     -32215.1 j     0.000868122        -5127.19
     121:     0.296329 +      33585.3 j    -0.000882319         5345.26
     122:     0.296329 +     -33585.3 j    -0.000882319        -5345.26
     123:    -0.379591 +        38915 j     0.000975438         6193.51
     124:    -0.379591 +       -38915 j     0.000975438        -6193.51
     125:    -0.804836 +        38730 j      0.00207807         6164.07
     126:    -0.804836 +       -38730 j      0.00207807        -6164.07
     127:      1.13679 +      40919.2 j     -0.00277812         6512.49
     128:      1.13679 +     -40919.2 j     -0.00277812        -6512.49
     129:     0.114741 +      41519.8 j    -0.000276353         6608.08
     130:     0.114741 +     -41519.8 j    -0.000276353        -6608.08
     131:     -0.52183 +      43752.8 j      0.00119268         6963.48
     132:     -0.52183 +     -43752.8 j      0.00119268        -6963.48
     133:    0.0309111 +      45968.5 j    -6.72441e-05         7316.11
     134:    0.0309112 +     -45968.5 j    -6.72442e-05        -7316.11
     135:      1.51402 +      47726.1 j     -0.00317231         7595.85
     136:      1.51402 +     -47726.1 j     -0.00317231        -7595.85
     137:     0.327705 +      49360.9 j    -0.000663895         7856.03
     138:     0.327705 +     -49360.9 j    -0.000663895        -7856.03
     139:     -1.87201 +      50328.3 j      0.00371959            8010
     140:     -1.87201 +     -50328.3 j      0.00371959           -8010
     141:    0.0925691 +      54565.6 j    -0.000169647         8684.39
     142:    0.0925691 +     -54565.6 j    -0.000169647        -8684.39
     143:      1.29305 +      62579.4 j     -0.00206625         9959.82
     144:      1.29305 +     -62579.4 j     -0.00206625        -9959.82
     145:     -26.3346 +      74580.9 j       0.0353101         11869.9
     146:     -26.3346 +     -74580.9 j       0.0353101        -11869.9
     147:      10.0872 +      77790.6 j      -0.0129671         12380.8
     148:      10.0872 +     -77790.6 j      -0.0129671        -12380.8
     149:     -75.8796 +      80265.5 j       0.0945357         12774.7
     150:     -75.8796 +     -80265.5 j       0.0945357        -12774.7
     151:      76.3015 +      80267.2 j      -0.0950593         12774.9
     152:      76.3015 +     -80267.2 j      -0.0950593        -12774.9
     153:     0.362515 +      80754.1 j    -0.000448912         12852.4
     154:     0.362515 +     -80754.1 j    -0.000448912        -12852.4
     155:     -2.40962 +      80763.9 j      0.00298354           12854
     156:     -2.40962 +     -80763.9 j      0.00298354          -12854
     157:    -0.735571 +      84499.1 j     0.000870507         13448.5
     158:    -0.735571 +     -84499.1 j     0.000870507        -13448.5
     159:     -1.49214 +      84498.1 j      0.00176588         13448.3
     160:     -1.49214 +     -84498.1 j      0.00176588        -13448.3
     161:      3.87581 +      87783.7 j     -0.00441518         13971.2
     162:      3.87581 +     -87783.7 j     -0.00441518        -13971.2
     163:     -2.50415 +      95332.5 j      0.00262675         15172.6
     164:     -2.50415 +     -95332.5 j      0.00262675        -15172.6
     165:      -6.1871 +        95338 j      0.00648964         15173.5
     166:      -6.1871 +       -95338 j      0.00648964        -15173.5
     167:     0.929508 +       106181 j    -0.000875403         16899.2
     168:     0.929507 +      -106181 j    -0.000875402        -16899.2
     169:      11.9477 +       112334 j      -0.0106359         17878.4
     170:      11.9477 +      -112334 j      -0.0106359        -17878.4
     171:      30.7795 +       113368 j        -0.02715         18043.1
     172:      30.7795 +      -113368 j        -0.02715        -18043.1
     173:     -4.72741 +       120535 j      0.00392201         19183.8
     174:     -4.72741 +      -120535 j      0.00392201        -19183.8
     175:      4.28296 +       120534 j     -0.00355332         19183.6
     176:      4.28296 +      -120534 j     -0.00355332        -19183.6
     177:     -5.10605 +       121224 j      0.00421207         19293.5
     178:     -5.10605 +      -121224 j      0.00421207        -19293.5
     179:      16.2212 +       121266 j      -0.0133766         19300.1
     180:      16.2212 +      -121266 j      -0.0133766        -19300.1
     181:      1.45786 +       123345 j     -0.00118193           19631
     182:      1.45785 +      -123345 j     -0.00118193          -19631
     183:      9.61937 +       124629 j     -0.00771839         19835.4
     184:      9.61936 +      -124629 j     -0.00771839        -19835.4
     185:     -2.53889 +       124211 j      0.00204401         19768.8
     186:     -2.53889 +      -124211 j      0.00204401        -19768.8
     187:      -2.6046 +       130888 j      0.00198995         20831.5
     188:      -2.6046 +      -130888 j      0.00198995        -20831.5
     189:     -23.6465 +       131161 j       0.0180286           20875
     190:     -23.6465 +      -131161 j       0.0180286          -20875
     191:      23.4828 +       133560 j      -0.0175822         21256.7
     192:      23.4828 +      -133560 j      -0.0175822        -21256.7
     193:     -2.26193 +       138014 j      0.00163891         21965.6
     194:     -2.26193 +      -138014 j      0.00163891        -21965.6
     195:      19.8753 +       139125 j      -0.0142859         22142.4
     196:      19.8753 +      -139125 j      -0.0142859        -22142.4
     197:     -22.4666 +       142237 j       0.0157952         22637.7
     198:     -22.4666 +      -142237 j       0.0157952        -22637.7
     199:      7.70937 +       143214 j     -0.00538313         22793.1
     200:      7.70937 +      -143214 j     -0.00538313        -22793.1
     201:     -15.2799 +       146286 j       0.0104452         23282.2
     202:     -15.2799 +      -146286 j       0.0104452        -23282.2
     203:     -1.25926 +       146288 j     0.000860807         23282.4
     204:     -1.25926 +      -146288 j     0.000860807        -23282.4
     205:      8.24927 +       147738 j     -0.00558372         23513.2
     206:      8.24927 +      -147738 j     -0.00558372        -23513.2
     207:     -24.7063 +       147944 j       0.0166998         23546.1
     208:     -24.7063 +      -147944 j       0.0166998        -23546.1
     209:     -40.9831 +       151075 j       0.0271276         24044.4
     210:     -40.9831 +      -151075 j       0.0271276        -24044.4
     211:      14.3539 +       151281 j     -0.00948823         24077.1
     212:      14.3539 +      -151281 j     -0.00948823        -24077.1
     213:     -12.9433 +       151712 j       0.0085315         24145.7
     214:     -12.9433 +      -151712 j       0.0085315        -24145.7
     215:      88.7744 +       154398 j      -0.0574972         24573.2
     216:      88.7744 +      -154398 j      -0.0574972        -24573.2
     217:      5.80174 +       161279 j     -0.00359734         25668.3
     218:      5.80174 +      -161279 j     -0.00359734        -25668.3
     219:     -151.934 +       162894 j       0.0932715         25925.4
     220:     -151.934 +      -162894 j       0.0932715        -25925.4
     221:      8.72899 +       156777 j     -0.00556777         24951.9
     222:      8.72899 +      -156777 j     -0.00556777        -24951.9
     223:      28.7106 +       157009 j      -0.0182859         24988.8
     224:      28.7106 +      -157009 j      -0.0182859        -24988.8
     225:     -21.0344 +       156949 j       0.0134021         24979.2
     226:     -21.0344 +      -156949 j       0.0134021        -24979.2
     227:     -95.5312 +       157517 j        0.060648         25069.7
     228:     -95.5312 +      -157517 j        0.060648        -25069.7
     229:      10.8295 +       158511 j     -0.00683202         25227.8
     230:      10.8295 +      -158511 j     -0.00683202        -25227.8
     231:     -1.71071 +       158622 j      0.00107848         25245.5
     232:     -1.71071 +      -158622 j      0.00107848        -25245.5
     233:     -1.04296 +       158608 j     0.000657568         25243.3
     234:     -1.04296 +      -158608 j     0.000657568        -25243.3
     235:      67.9095 +       167078 j      -0.0406453         26591.3
     236:      67.9095 +      -167078 j      -0.0406453        -26591.3
     237:      31.3164 +       168507 j      -0.0185847         26818.7
     238:      31.3164 +      -168507 j      -0.0185847        -26818.7
     239:      147.941 +       170319 j      -0.0868613         27107.1
     240:      147.941 +      -170319 j      -0.0868613        -27107.1
     241:    -0.274114 +       172131 j     0.000159248         27395.4
     242:    -0.274114 +      -172131 j     0.000159248        -27395.4
     243:     -21.1384 +       174832 j       0.0120907         27825.3
     244:     -21.1384 +      -174832 j       0.0120907        -27825.3
     245:      199.005 +       175798 j       -0.113201         27979.1
     246:      199.005 +      -175798 j       -0.113201        -27979.1
     247:     -585.642 +       177464 j        0.330003         28244.3
     248:     -585.642 +      -177464 j        0.330003        -28244.3
     249:     -12.2763 +       180307 j      0.00680853         28696.8
     250:     -12.2763 +      -180307 j      0.00680853        -28696.8
     251:     -79.9629 +       181865 j       0.0439684         28944.6
     252:     -79.9629 +      -181865 j       0.0439684        -28944.6
     253:      353.241 +       183143 j       -0.192877         29148.1
     254:      353.241 +      -183143 j       -0.192877        -29148.1
     255:     -20.8172 +       191794 j       0.0108539         30524.9
     256:     -20.8172 +      -191794 j       0.0108539        -30524.9
     257:     -38.8709 +       196030 j       0.0198291         31199.2
     258:     -38.8709 +      -196030 j       0.0198291        -31199.2
     259:     -15.1605 +       197089 j      0.00769222         31367.7
     260:     -15.1605 +      -197089 j      0.00769222        -31367.7
     261:      229.496 +       202019 j       -0.113601         32152.4
     262:      229.496 +      -202019 j       -0.113601        -32152.4
     263:      -137.69 +       202993 j       0.0678303         32307.3
     264:      -137.69 +      -202993 j       0.0678303        -32307.3
     265:      114.667 +       203250 j      -0.0564165         32348.2
     266:      114.667 +      -203250 j      -0.0564165        -32348.2
     267:     -58.7151 +       203305 j       0.0288803           32357
     268:     -58.7151 +      -203305 j       0.0288803          -32357
     269:     -36.8761 +       203790 j       0.0180952         32434.1
     270:     -36.8761 +      -203790 j       0.0180952        -32434.1
     271:      5.55302 +       203596 j     -0.00272747         32403.4
     272:      5.55302 +      -203596 j     -0.00272746        -32403.4
     273:      38.8326 +       203592 j      -0.0190737         32402.7
     274:      38.8326 +      -203592 j      -0.0190737        -32402.7
     275:     -17.0738 +       204821 j      0.00833595         32598.3
     276:     -17.0738 +      -204821 j      0.00833595        -32598.3
     277:     -24.5299 +       204836 j       0.0119754         32600.7
     278:     -24.5299 +      -204836 j       0.0119754        -32600.7
     279:     -6.09605 +       224941 j      0.00271006         35800.5
     280:     -6.09605 +      -224941 j      0.00271006        -35800.5
     281:    -0.758906 +       224938 j     0.000337384           35800
     282:    -0.758904 +      -224938 j     0.000337384          -35800
     283:     -8.18688 +       224506 j      0.00364661         35731.3
     284:     -8.18688 +      -224506 j      0.00364661        -35731.3
     285:      30.2014 +       224201 j      -0.0134707         35682.7
     286:      30.2014 +      -224201 j      -0.0134707        -35682.7
     287:     -14.2452 +       222933 j       0.0063899         35480.9
     288:     -14.2452 +      -222933 j       0.0063899        -35480.9
     289:       66.394 +       223529 j      -0.0297026         35575.8
     290:       66.394 +      -223529 j      -0.0297026        -35575.8
     291:      27.3989 +       223643 j      -0.0122512         35593.8
     292:      27.3989 +      -223643 j      -0.0122512        -35593.8
     293:     -17.4679 +       206910 j      0.00844228         32930.7
     294:     -17.4679 +      -206910 j      0.00844229        -32930.7
     295:      30.3286 +       207685 j      -0.0146032           33054
     296:      30.3286 +      -207685 j      -0.0146032          -33054
     297:     -174.366 +       206945 j        0.084257         32936.3
     298:     -174.366 +      -206945 j        0.084257        -32936.3
     299:     -15.7596 +       207638 j      0.00758995         33046.6
     300:     -15.7596 +      -207638 j      0.00758995        -33046.6
     301:      21.2968 +       210110 j       -0.010136         33440.1
     302:      21.2968 +      -210110 j       -0.010136        -33440.1
     303:     -16.1943 +       221182 j      0.00732171         35202.2
     304:     -16.1943 +      -221182 j      0.00732171        -35202.2
     305:     -39.4165 +       221194 j       0.0178198         35204.2
     306:     -39.4165 +      -221194 j       0.0178198        -35204.2
     307:      51.9159 +       220868 j      -0.0235054         35152.2
     308:      51.9159 +      -220868 j      -0.0235054        -35152.2
     309:        137.3 +       220198 j      -0.0623528         35045.6
     310:        137.3 +      -220198 j      -0.0623528        -35045.6
     311:     -15.7553 +       219246 j      0.00718614         34894.1
     312:     -15.7553 +      -219246 j      0.00718614        -34894.1
     313:     -198.832 +       218932 j       0.0908191         34844.1
     314:     -198.832 +      -218932 j       0.0908191        -34844.1
     315:      -68.677 +       218269 j       0.0314644         34738.5
     316:      -68.677 +      -218269 j       0.0314644        -34738.5
     317:      28.8456 +       211606 j      -0.0136318         33678.1
     318:      28.8456 +      -211606 j      -0.0136318        -33678.1
     319:      46.6913 +       211808 j      -0.0220442         33710.3
     320:      46.6913 +      -211808 j      -0.0220442        -33710.3
     321:      37.0237 +       211874 j      -0.0174744         33720.7
     322:      37.0237 +      -211874 j      -0.0174744        -33720.7
     323:     -290.825 +       211844 j        0.137282           33716
     324:     -290.825 +      -211844 j        0.137282          -33716
     325:      129.744 +       212732 j      -0.0609896         33857.3
     326:      129.744 +      -212732 j      -0.0609896        -33857.3
     327:      -11.438 +       217757 j      0.00525268           34657
     328:      -11.438 +      -217757 j      0.00525267          -34657
     329:      117.772 +       217585 j       -0.054127         34629.7
     330:      117.772 +      -217585 j      -0.0541269        -34629.7
     331:     -32.9804 +       213677 j       0.0154347         34007.8
     332:     -32.9804 +      -213677 j       0.0154347        -34007.8
     333:     -17.6428 +       214457 j      0.00822673         34131.8
     334:     -17.6428 +      -214457 j      0.00822673        -34131.8
     335:      4.23031 +       216704 j     -0.00195212         34489.5
     336:      4.23031 +      -216704 j     -0.00195212        -34489.5
     337:     -109.425 +       214066 j       0.0511175         34069.6
     338:     -109.425 +      -214066 j       0.0511175        -34069.6
     339:      143.747 +       217218 j      -0.0661763         34571.4
     340:      143.747 +      -217218 j      -0.0661763        -34571.4
     341:       18.376 +       216507 j      -0.0084875         34458.1
     342:       18.376 +      -216507 j      -0.0084875        -34458.1
