# Derivatives solution step at time 0 performed in 1 iterations with 5.90025e-11 error
# Key for lines starting with "Step":
# Step Time TStep NIter ResErr SolErr SolConv Out
Step 0 0 0 1 5.90025e-11 0 0 1
Step 1 0.0005 0.0005 3 1.4495e-07 0 0 1
Step 2 0.001 0.0005 3 5.31239e-08 0 0 1
Step 3 0.0015 0.0005 3 3.81759e-08 0 0 1
Step 4 0.002 0.0005 3 3.51149e-08 0 0 1
Step 5 0.0025 0.0005 3 5.48372e-08 0 0 1
Step 6 0.003 0.0005 3 4.43503e-08 0 0 1
Step 7 0.0035 0.0005 3 3.20623e-08 0 0 1
Step 8 0.004 0.0005 3 3.47717e-08 0 0 1
Step 9 0.0045 0.0005 3 4.06144e-08 0 0 1
Step 10 0.005 0.0005 3 4.96125e-08 0 0 1
Step 11 0.0055 0.0005 2 4.32263e-07 0 0 1
Step 12 0.006 0.0005 2 6.37086e-07 0 0 1
Step 13 0.0065 0.0005 3 3.68353e-08 0 0 1
Step 14 0.007 0.0005 2 5.08855e-07 0 0 1
Step 15 0.0075 0.0005 2 1.81842e-07 0 0 1
Step 16 0.008 0.0005 3 2.50283e-07 0 0 1
Step 17 0.0085 0.0005 4 3.167e-07 0 0 1
Step 18 0.009 0.0005 2 5.65367e-07 0 0 1
Step 19 0.0095 0.0005 2 3.78031e-07 0 0 1
Step 20 0.01 0.0005 3 3.02909e-08 0 0 1
Step 21 0.0105 0.0005 3 3.29803e-08 0 0 1
Step 22 0.011 0.0005 2 2.55604e-07 0 0 1
Step 23 0.0115 0.0005 3 1.49727e-07 0 0 1
Step 24 0.012 0.0005 3 3.6132e-08 0 0 1
Step 25 0.0125 0.0005 4 4.03046e-08 0 0 1
Step 26 0.013 0.0005 2 1.31662e-07 0 0 1
Step 27 0.0135 0.0005 4 1.1529e-07 0 0 1
Step 28 0.014 0.0005 2 4.64183e-07 0 0 1
Step 29 0.0145 0.0005 2 5.42249e-08 0 0 1
Step 30 0.015 0.0005 2 5.20656e-08 0 0 1
Step 31 0.0155 0.0005 2 1.20048e-07 0 0 1
Step 32 0.016 0.0005 2 6.90024e-08 0 0 1
Step 33 0.0165 0.0005 2 9.54525e-08 0 0 1
Step 34 0.017 0.0005 2 8.79426e-08 0 0 1
Step 35 0.0175 0.0005 2 4.10284e-07 0 0 1
Step 36 0.018 0.0005 3 2.68805e-08 0 0 1
Step 37 0.0185 0.0005 2 5.77094e-07 0 0 1
Step 38 0.019 0.0005 2 9.50409e-07 0 0 1
Step 39 0.0195 0.0005 2 2.23034e-07 0 0 1
Step 40 0.02 0.0005 2 5.88912e-08 0 0 1
Step 41 0.0205 0.0005 2 2.79242e-07 0 0 1
Step 42 0.021 0.0005 2 2.93251e-07 0 0 1
Step 43 0.0215 0.0005 2 4.25685e-07 0 0 1
Step 44 0.022 0.0005 2 7.29118e-08 0 0 1
Step 45 0.0225 0.0005 2 1.13651e-07 0 0 1
Step 46 0.023 0.0005 2 9.24228e-08 0 0 1
Step 47 0.0235 0.0005 2 2.93545e-07 0 0 1
Step 48 0.024 0.0005 2 5.7676e-08 0 0 1
Step 49 0.0245 0.0005 2 1.55452e-07 0 0 1
Step 50 0.025 0.0005 2 5.01461e-08 0 0 1
Step 51 0.0255 0.0005 2 1.05644e-07 0 0 1
Step 52 0.026 0.0005 2 5.32954e-08 0 0 1
Step 53 0.0265 0.0005 2 1.77705e-07 0 0 1
Step 54 0.027 0.0005 2 5.56896e-08 0 0 1
Step 55 0.0275 0.0005 2 6.70288e-08 0 0 1
Step 56 0.028 0.0005 2 6.30254e-08 0 0 1
Step 57 0.0285 0.0005 3 3.87157e-08 0 0 1
Step 58 0.029 0.0005 2 1.33669e-07 0 0 1
Step 59 0.0295 0.0005 2 4.40222e-08 0 0 1
Step 60 0.03 0.0005 2 4.71226e-08 0 0 1
Step 61 0.0305 0.0005 2 4.6024e-08 0 0 1
Step 62 0.031 0.0005 2 9.69556e-08 0 0 1
Step 63 0.0315 0.0005 2 7.13526e-08 0 0 1
Step 64 0.032 0.0005 2 5.97896e-08 0 0 1
Step 65 0.0325 0.0005 2 1.38576e-07 0 0 1
Step 66 0.033 0.0005 2 1.47762e-07 0 0 1
Step 67 0.0335 0.0005 2 9.84735e-08 0 0 1
Step 68 0.034 0.0005 2 9.98232e-08 0 0 1
Step 69 0.0345 0.0005 2 7.0284e-08 0 0 1
Step 70 0.035 0.0005 2 2.2835e-07 0 0 1
Step 71 0.0355 0.0005 2 8.57765e-08 0 0 1
Step 72 0.036 0.0005 2 2.1034e-07 0 0 1
Step 73 0.0365 0.0005 2 9.37215e-08 0 0 1
Step 74 0.037 0.0005 2 1.36638e-07 0 0 1
Step 75 0.0375 0.0005 2 3.13076e-07 0 0 1
Step 76 0.038 0.0005 2 5.48181e-08 0 0 1
Step 77 0.0385 0.0005 2 4.56563e-08 0 0 1
Step 78 0.039 0.0005 2 6.12884e-08 0 0 1
Step 79 0.0395 0.0005 2 7.2519e-08 0 0 1
Step 80 0.04 0.0005 2 8.91344e-08 0 0 1
Step 81 0.0405 0.0005 2 2.44249e-07 0 0 1
Step 82 0.041 0.0005 2 9.33266e-08 0 0 1
Step 83 0.0415 0.0005 2 6.60241e-08 0 0 1
Step 84 0.042 0.0005 3 6.10777e-08 0 0 1
Step 85 0.0425 0.0005 3 4.11399e-08 0 0 1
Step 86 0.043 0.0005 2 6.27012e-08 0 0 1
Step 87 0.0435 0.0005 2 3.74716e-08 0 0 1
Step 88 0.044 0.0005 2 6.30071e-08 0 0 1
Step 89 0.0445 0.0005 3 1.73586e-07 0 0 1
Step 90 0.045 0.0005 2 3.35361e-08 0 0 1
Step 91 0.0455 0.0005 2 5.21631e-08 0 0 1
Step 92 0.046 0.0005 2 2.27786e-07 0 0 1
Step 93 0.0465 0.0005 2 3.57994e-08 0 0 1
Step 94 0.047 0.0005 2 3.90506e-08 0 0 1
Step 95 0.0475 0.0005 2 4.72169e-08 0 0 1
Step 96 0.048 0.0005 2 4.57535e-08 0 0 1
Step 97 0.0485 0.0005 2 5.72735e-08 0 0 1
Step 98 0.049 0.0005 2 6.40823e-08 0 0 1
Step 99 0.0495 0.0005 2 5.36018e-08 0 0 1
Step 100 0.05 0.0005 2 5.19077e-08 0 0 1
Step 101 0.0505 0.0005 2 3.20415e-08 0 0 1
Step 102 0.051 0.0005 2 3.70934e-08 0 0 1
Step 103 0.0515 0.0005 2 3.43882e-08 0 0 1
Step 104 0.052 0.0005 2 3.592e-08 0 0 1
Step 105 0.0525 0.0005 2 5.88255e-08 0 0 1
Step 106 0.053 0.0005 2 7.84833e-08 0 0 1
Step 107 0.0535 0.0005 2 2.06088e-07 0 0 1
Step 108 0.054 0.0005 2 1.39884e-07 0 0 1
Step 109 0.0545 0.0005 2 7.03047e-08 0 0 1
Step 110 0.055 0.0005 2 4.70857e-08 0 0 1
Step 111 0.0555 0.0005 2 7.56546e-08 0 0 1
Step 112 0.056 0.0005 2 5.59956e-08 0 0 1
Step 113 0.0565 0.0005 2 5.07247e-08 0 0 1
Step 114 0.057 0.0005 2 5.31617e-08 0 0 1
Step 115 0.0575 0.0005 2 7.136e-08 0 0 1
Step 116 0.058 0.0005 2 6.11911e-08 0 0 1
Step 117 0.0585 0.0005 2 7.89673e-08 0 0 1
Step 118 0.059 0.0005 2 7.15886e-08 0 0 1
Step 119 0.0595 0.0005 2 5.12781e-08 0 0 1
Step 120 0.06 0.0005 2 6.95704e-08 0 0 1
Step 121 0.0605 0.0005 2 5.09721e-08 0 0 1
Step 122 0.061 0.0005 2 5.40839e-08 0 0 1
Step 123 0.0615 0.0005 2 6.3099e-08 0 0 1
Step 124 0.062 0.0005 2 5.59653e-08 0 0 1
Step 125 0.0625 0.0005 2 7.15278e-08 0 0 1
Step 126 0.063 0.0005 2 4.64197e-08 0 0 1
Step 127 0.0635 0.0005 2 3.92869e-08 0 0 1
Step 128 0.064 0.0005 2 4.52829e-08 0 0 1
Step 129 0.0645 0.0005 2 4.84658e-08 0 0 1
Step 130 0.065 0.0005 2 4.21861e-08 0 0 1
Step 131 0.0655 0.0005 2 7.29474e-08 0 0 1
Step 132 0.066 0.0005 2 3.78624e-08 0 0 1
Step 133 0.0665 0.0005 2 6.11098e-08 0 0 1
Step 134 0.067 0.0005 2 5.03592e-08 0 0 1
Step 135 0.0675 0.0005 2 9.40688e-08 0 0 1
Step 136 0.068 0.0005 2 5.03498e-08 0 0 1
Step 137 0.0685 0.0005 2 6.20816e-08 0 0 1
Step 138 0.069 0.0005 2 4.28241e-08 0 0 1
Step 139 0.0695 0.0005 2 4.42101e-08 0 0 1
Step 140 0.07 0.0005 4 5.78185e-08 0 0 1
Step 141 0.0705 0.0005 2 8.78696e-08 0 0 1
Step 142 0.071 0.0005 2 8.51264e-08 0 0 1
Step 143 0.0715 0.0005 2 5.56043e-08 0 0 1
Step 144 0.072 0.0005 2 1.49474e-07 0 0 1
Step 145 0.0725 0.0005 2 4.40616e-07 0 0 1
Step 146 0.073 0.0005 2 1.12487e-07 0 0 1
Step 147 0.0735 0.0005 2 7.52395e-08 0 0 1
Step 148 0.074 0.0005 3 9.95094e-08 0 0 1
Step 149 0.0745 0.0005 2 4.11826e-08 0 0 1
Step 150 0.075 0.0005 2 8.22917e-08 0 0 1
Step 151 0.0755 0.0005 2 4.90574e-08 0 0 1
Step 152 0.076 0.0005 2 6.3599e-08 0 0 1
Step 153 0.0765 0.0005 2 3.34857e-08 0 0 1
Step 154 0.077 0.0005 2 4.05572e-08 0 0 1
Step 155 0.0775 0.0005 2 2.8181e-08 0 0 1
Step 156 0.078 0.0005 2 3.30597e-08 0 0 1
Step 157 0.0785 0.0005 3 5.50191e-08 0 0 1
Step 158 0.079 0.0005 2 5.17667e-08 0 0 1
Step 159 0.0795 0.0005 2 5.24814e-08 0 0 1
Step 160 0.08 0.0005 2 3.6818e-08 0 0 1
Step 161 0.0805 0.0005 2 5.15348e-08 0 0 1
Step 162 0.081 0.0005 2 3.18718e-08 0 0 1
Step 163 0.0815 0.0005 2 6.07306e-08 0 0 1
Step 164 0.082 0.0005 2 4.46667e-08 0 0 1
Step 165 0.0825 0.0005 4 5.80197e-08 0 0 1
Step 166 0.083 0.0005 2 6.23452e-08 0 0 1
Step 167 0.0835 0.0005 2 7.07954e-08 0 0 1
Step 168 0.084 0.0005 2 3.74062e-08 0 0 1
Step 169 0.0845 0.0005 2 4.0545e-08 0 0 1
Step 170 0.085 0.0005 2 3.99177e-08 0 0 1
Step 171 0.0855 0.0005 2 3.97823e-08 0 0 1
Step 172 0.086 0.0005 2 4.45535e-08 0 0 1
Step 173 0.0865 0.0005 2 9.59301e-08 0 0 1
Step 174 0.087 0.0005 2 3.96813e-08 0 0 1
Step 175 0.0875 0.0005 2 5.725e-08 0 0 1
Step 176 0.088 0.0005 2 5.83723e-08 0 0 1
Step 177 0.0885 0.0005 2 4.20634e-08 0 0 1
Step 178 0.089 0.0005 2 6.50225e-08 0 0 1
Step 179 0.0895 0.0005 2 2.77011e-08 0 0 1
Step 180 0.09 0.0005 2 3.93771e-08 0 0 1
Step 181 0.0905 0.0005 2 5.37128e-08 0 0 1
Step 182 0.091 0.0005 2 2.17344e-08 0 0 1
Step 183 0.0915 0.0005 2 5.46812e-08 0 0 1
Step 184 0.092 0.0005 2 4.1987e-08 0 0 1
Step 185 0.0925 0.0005 2 3.85945e-08 0 0 1
Step 186 0.093 0.0005 2 3.2476e-08 0 0 1
Step 187 0.0935 0.0005 2 5.32589e-08 0 0 1
Step 188 0.094 0.0005 3 8.70219e-08 0 0 1
Step 189 0.0945 0.0005 4 4.66762e-08 0 0 1
Step 190 0.095 0.0005 2 4.51338e-08 0 0 1
Step 191 0.0955 0.0005 2 2.29304e-07 0 0 1
Step 192 0.096 0.0005 2 8.9971e-08 0 0 1
Step 193 0.0965 0.0005 2 2.70663e-08 0 0 1
Step 194 0.097 0.0005 2 4.09922e-08 0 0 1
Step 195 0.0975 0.0005 2 5.39381e-08 0 0 1
Step 196 0.098 0.0005 2 4.1897e-08 0 0 1
Step 197 0.0985 0.0005 2 3.6765e-08 0 0 1
Step 198 0.099 0.0005 3 1.23262e-07 0 0 1
Step 199 0.0995 0.0005 2 3.81152e-08 0 0 1
Step 200 0.1 0.0005 2 3.43864e-08 0 0 1
Step 201 0.1005 0.0005 2 5.7904e-08 0 0 1
Step 202 0.101 0.0005 2 5.04694e-08 0 0 1
Step 203 0.1015 0.0005 2 5.18273e-08 0 0 1
Step 204 0.102 0.0005 2 2.94528e-08 0 0 1
Step 205 0.1025 0.0005 2 5.21133e-08 0 0 1
Step 206 0.103 0.0005 2 5.25738e-08 0 0 1
Step 207 0.1035 0.0005 2 6.21946e-08 0 0 1
Step 208 0.104 0.0005 2 3.71477e-08 0 0 1
Step 209 0.1045 0.0005 2 4.98734e-08 0 0 1
Step 210 0.105 0.0005 2 7.58322e-08 0 0 1
Step 211 0.1055 0.0005 2 3.99347e-08 0 0 1
Step 212 0.106 0.0005 2 9.83299e-08 0 0 1
Step 213 0.1065 0.0005 2 4.29531e-08 0 0 1
Step 214 0.107 0.0005 2 5.59979e-08 0 0 1
Step 215 0.1075 0.0005 2 1.69209e-07 0 0 1
Step 216 0.108 0.0005 2 3.10498e-08 0 0 1
Step 217 0.1085 0.0005 2 4.46514e-08 0 0 1
Step 218 0.109 0.0005 2 7.11866e-08 0 0 1
Step 219 0.1095 0.0005 2 1.19011e-07 0 0 1
Step 220 0.11 0.0005 2 3.82245e-08 0 0 1
Step 221 0.1105 0.0005 2 3.19998e-07 0 0 1
Step 222 0.111 0.0005 2 2.71062e-07 0 0 1
Step 223 0.1115 0.0005 2 1.23963e-07 0 0 1
Step 224 0.112 0.0005 2 3.5261e-08 0 0 1
Step 225 0.1125 0.0005 2 3.77395e-08 0 0 1
Step 226 0.113 0.0005 2 4.96089e-08 0 0 1
Step 227 0.1135 0.0005 2 4.13568e-08 0 0 1
Step 228 0.114 0.0005 2 5.3243e-08 0 0 1
Step 229 0.1145 0.0005 2 3.61363e-07 0 0 1
Step 230 0.115 0.0005 2 1.22657e-07 0 0 1
Step 231 0.1155 0.0005 2 2.7414e-07 0 0 1
Step 232 0.116 0.0005 2 4.81793e-07 0 0 1
Step 233 0.1165 0.0005 2 9.72347e-08 0 0 1
Step 234 0.117 0.0005 2 9.47352e-08 0 0 1
Step 235 0.1175 0.0005 2 5.07829e-08 0 0 1
Step 236 0.118 0.0005 2 8.30131e-08 0 0 1
Step 237 0.1185 0.0005 2 5.16601e-07 0 0 1
Step 238 0.119 0.0005 2 3.89796e-07 0 0 1
Step 239 0.1195 0.0005 3 4.19381e-08 0 0 1
Step 240 0.12 0.0005 3 4.7763e-08 0 0 1
Step 241 0.1205 0.0005 2 6.04526e-07 0 0 1
Step 242 0.121 0.0005 2 1.32629e-07 0 0 1
Step 243 0.1215 0.0005 2 7.51104e-08 0 0 1
Step 244 0.122 0.0005 2 5.56095e-08 0 0 1
Step 245 0.1225 0.0005 2 1.10603e-07 0 0 1
Step 246 0.123 0.0005 2 4.91812e-07 0 0 1
Step 247 0.1235 0.0005 2 1.29842e-07 0 0 1
Step 248 0.124 0.0005 2 7.24774e-08 0 0 1
Step 249 0.1245 0.0005 2 5.97791e-08 0 0 1
Step 250 0.125 0.0005 2 3.89899e-07 0 0 1
Step 251 0.1255 0.0005 2 1.37742e-07 0 0 1
Step 252 0.126 0.0005 2 2.58505e-07 0 0 1
Step 253 0.1265 0.0005 2 6.50961e-08 0 0 1
Step 254 0.127 0.0005 2 3.2699e-08 0 0 1
Step 255 0.1275 0.0005 3 4.69629e-08 0 0 1
Step 256 0.128 0.0005 2 5.1911e-08 0 0 1
Step 257 0.1285 0.0005 2 3.93745e-08 0 0 1
Step 258 0.129 0.0005 3 7.80056e-08 0 0 1
Step 259 0.1295 0.0005 2 2.83276e-07 0 0 1
Step 260 0.13 0.0005 3 3.74957e-08 0 0 1
Step 261 0.1305 0.0005 2 4.60885e-08 0 0 1
Step 262 0.131 0.0005 2 5.41904e-08 0 0 1
Step 263 0.1315 0.0005 2 4.95668e-08 0 0 1
Step 264 0.132 0.0005 2 6.21878e-08 0 0 1
Step 265 0.1325 0.0005 3 8.43837e-07 0 0 1
Step 266 0.133 0.0005 2 3.26044e-08 0 0 1
Step 267 0.1335 0.0005 2 3.05871e-08 0 0 1
Step 268 0.134 0.0005 2 3.54757e-08 0 0 1
Step 269 0.1345 0.0005 2 4.10941e-08 0 0 1
Step 270 0.135 0.0005 2 3.92877e-08 0 0 1
Step 271 0.1355 0.0005 2 4.98366e-08 0 0 1
Step 272 0.136 0.0005 2 6.28703e-08 0 0 1
Step 273 0.1365 0.0005 2 5.61482e-08 0 0 1
Step 274 0.137 0.0005 2 2.4482e-07 0 0 1
Step 275 0.1375 0.0005 2 3.71971e-08 0 0 1
Step 276 0.138 0.0005 2 4.59905e-08 0 0 1
Step 277 0.1385 0.0005 2 4.54526e-08 0 0 1
Step 278 0.139 0.0005 2 3.81964e-08 0 0 1
Step 279 0.1395 0.0005 2 5.40628e-08 0 0 1
Step 280 0.14 0.0005 2 3.62895e-08 0 0 1
Step 281 0.1405 0.0005 3 4.876e-07 0 0 1
Step 282 0.141 0.0005 2 4.65136e-08 0 0 1
Step 283 0.1415 0.0005 2 5.82948e-08 0 0 1
Step 284 0.142 0.0005 2 7.7324e-08 0 0 1
Step 285 0.1425 0.0005 2 4.08925e-08 0 0 1
Step 286 0.143 0.0005 2 3.31764e-08 0 0 1
Step 287 0.1435 0.0005 2 4.89846e-08 0 0 1
Step 288 0.144 0.0005 2 4.8217e-08 0 0 1
Step 289 0.1445 0.0005 2 5.11322e-08 0 0 1
Step 290 0.145 0.0005 2 4.37391e-08 0 0 1
Step 291 0.1455 0.0005 2 1.68097e-07 0 0 1
Step 292 0.146 0.0005 2 3.91553e-08 0 0 1
Step 293 0.1465 0.0005 2 3.4405e-08 0 0 1
Step 294 0.147 0.0005 2 5.21444e-08 0 0 1
Step 295 0.1475 0.0005 2 4.29729e-08 0 0 1
Step 296 0.148 0.0005 2 3.45321e-08 0 0 1
Step 297 0.1485 0.0005 2 2.83793e-08 0 0 1
Step 298 0.149 0.0005 2 3.83133e-08 0 0 1
Step 299 0.1495 0.0005 2 3.71805e-08 0 0 1
Step 300 0.15 0.0005 2 4.31138e-08 0 0 1
Step 301 0.1505 0.0005 2 3.97372e-08 0 0 1
Step 302 0.151 0.0005 2 4.25524e-08 0 0 1
Step 303 0.1515 0.0005 3 7.14877e-08 0 0 1
Step 304 0.152 0.0005 2 6.65356e-08 0 0 1
Step 305 0.1525 0.0005 2 3.69969e-08 0 0 1
Step 306 0.153 0.0005 2 5.73298e-08 0 0 1
Step 307 0.1535 0.0005 2 5.69477e-08 0 0 1
Step 308 0.154 0.0005 2 4.62891e-08 0 0 1
Step 309 0.1545 0.0005 2 9.41225e-08 0 0 1
Step 310 0.155 0.0005 2 4.71925e-08 0 0 1
Step 311 0.1555 0.0005 2 7.01612e-08 0 0 1
Step 312 0.156 0.0005 2 1.1426e-07 0 0 1
Step 313 0.1565 0.0005 3 7.50763e-08 0 0 1
Step 314 0.157 0.0005 2 4.07469e-08 0 0 1
Step 315 0.1575 0.0005 2 3.88696e-08 0 0 1
Step 316 0.158 0.0005 2 3.91507e-08 0 0 1
Step 317 0.1585 0.0005 2 4.85028e-08 0 0 1
Step 318 0.159 0.0005 2 4.90561e-08 0 0 1
Step 319 0.1595 0.0005 2 5.75852e-08 0 0 1
Step 320 0.16 0.0005 2 4.75266e-08 0 0 1
Step 321 0.1605 0.0005 2 5.34811e-08 0 0 1
Step 322 0.161 0.0005 4 1.12235e-07 0 0 1
Step 323 0.1615 0.0005 4 1.32704e-07 0 0 1
Step 324 0.162 0.0005 2 5.55979e-08 0 0 1
Step 325 0.1625 0.0005 2 4.59686e-08 0 0 1
Step 326 0.163 0.0005 2 5.43953e-08 0 0 1
Step 327 0.1635 0.0005 2 4.3049e-08 0 0 1
Step 328 0.164 0.0005 2 8.43596e-08 0 0 1
Step 329 0.1645 0.0005 2 7.1211e-08 0 0 1
Step 330 0.165 0.0005 2 1.31495e-07 0 0 1
Step 331 0.1655 0.0005 2 1.02376e-07 0 0 1
Step 332 0.166 0.0005 2 5.69787e-08 0 0 1
Step 333 0.1665 0.0005 2 5.99634e-08 0 0 1
Step 334 0.167 0.0005 2 4.51657e-08 0 0 1
Step 335 0.1675 0.0005 2 5.14053e-08 0 0 1
Step 336 0.168 0.0005 2 4.14752e-08 0 0 1
Step 337 0.1685 0.0005 2 2.70004e-08 0 0 1
Step 338 0.169 0.0005 2 3.1924e-08 0 0 1
Step 339 0.1695 0.0005 2 4.68243e-08 0 0 1
Step 340 0.17 0.0005 2 8.60556e-08 0 0 1
Step 341 0.1705 0.0005 2 3.13923e-07 0 0 1
Step 342 0.171 0.0005 3 3.62766e-08 0 0 1
Step 343 0.1715 0.0005 2 7.70273e-08 0 0 1
Step 344 0.172 0.0005 2 6.40962e-08 0 0 1
Step 345 0.1725 0.0005 2 5.19066e-08 0 0 1
Step 346 0.173 0.0005 2 5.55772e-08 0 0 1
Step 347 0.1735 0.0005 2 7.65919e-08 0 0 1
Step 348 0.174 0.0005 2 6.46106e-08 0 0 1
Step 349 0.1745 0.0005 2 5.41369e-08 0 0 1
Step 350 0.175 0.0005 2 8.84133e-08 0 0 1
Step 351 0.1755 0.0005 2 2.03839e-07 0 0 1
Step 352 0.176 0.0005 2 9.26587e-08 0 0 1
Step 353 0.1765 0.0005 2 1.01862e-07 0 0 1
Step 354 0.177 0.0005 2 7.00608e-08 0 0 1
Step 355 0.1775 0.0005 3 3.57193e-08 0 0 1
Step 356 0.178 0.0005 2 4.08137e-08 0 0 1
Step 357 0.1785 0.0005 2 4.79219e-08 0 0 1
Step 358 0.179 0.0005 2 2.95568e-08 0 0 1
Step 359 0.1795 0.0005 2 2.9045e-08 0 0 1
Step 360 0.18 0.0005 2 4.38642e-08 0 0 1
Step 361 0.1805 0.0005 2 6.89373e-08 0 0 1
Step 362 0.181 0.0005 2 4.79156e-08 0 0 1
Step 363 0.1815 0.0005 2 4.02566e-08 0 0 1
Step 364 0.182 0.0005 2 4.15636e-08 0 0 1
Step 365 0.1825 0.0005 2 3.02244e-08 0 0 1
Step 366 0.183 0.0005 2 3.60601e-08 0 0 1
Step 367 0.1835 0.0005 2 4.54584e-08 0 0 1
Step 368 0.184 0.0005 2 5.12503e-08 0 0 1
Step 369 0.1845 0.0005 2 4.3986e-08 0 0 1
Step 370 0.185 0.0005 2 4.99125e-08 0 0 1
Step 371 0.1855 0.0005 2 4.11747e-08 0 0 1
Step 372 0.186 0.0005 2 4.47381e-08 0 0 1
Step 373 0.1865 0.0005 3 4.94615e-08 0 0 1
Step 374 0.187 0.0005 2 9.08453e-08 0 0 1
Step 375 0.1875 0.0005 2 4.99397e-08 0 0 1
Step 376 0.188 0.0005 2 1.09328e-07 0 0 1
Step 377 0.1885 0.0005 2 4.90418e-08 0 0 1
Step 378 0.189 0.0005 2 4.2349e-08 0 0 1
Step 379 0.1895 0.0005 2 6.41682e-08 0 0 1
Step 380 0.19 0.0005 2 2.0225e-07 0 0 1
Step 381 0.1905 0.0005 2 1.00601e-07 0 0 1
Step 382 0.191 0.0005 2 5.79231e-08 0 0 1
Step 383 0.1915 0.0005 2 5.84111e-08 0 0 1
Step 384 0.192 0.0005 2 3.5882e-08 0 0 1
Step 385 0.1925 0.0005 2 5.31249e-07 0 0 1
Step 386 0.193 0.0005 2 5.10952e-08 0 0 1
Step 387 0.1935 0.0005 2 5.70191e-08 0 0 1
Step 388 0.194 0.0005 2 4.01567e-08 0 0 1
Step 389 0.1945 0.0005 2 6.08974e-08 0 0 1
Step 390 0.195 0.0005 2 5.65743e-08 0 0 1
Step 391 0.1955 0.0005 2 3.43859e-08 0 0 1
Step 392 0.196 0.0005 2 6.05695e-08 0 0 1
Step 393 0.1965 0.0005 2 2.31677e-07 0 0 1
Step 394 0.197 0.0005 2 3.85764e-08 0 0 1
Step 395 0.1975 0.0005 2 5.79921e-08 0 0 1
Step 396 0.198 0.0005 2 5.60345e-08 0 0 1
Step 397 0.1985 0.0005 2 4.68632e-08 0 0 1
Step 398 0.199 0.0005 2 3.17769e-08 0 0 1
Step 399 0.1995 0.0005 2 3.96419e-08 0 0 1
Step 400 0.2 0.0005 2 5.05085e-08 0 0 1
Step 401 0.2005 0.0005 2 6.60631e-08 0 0 1
Step 402 0.201 0.0005 3 2.55795e-08 0 0 1
Step 403 0.2015 0.0005 2 6.85206e-08 0 0 1
Step 404 0.202 0.0005 2 5.05025e-08 0 0 1
Step 405 0.2025 0.0005 2 4.15151e-08 0 0 1
Step 406 0.203 0.0005 2 4.88829e-08 0 0 1
Step 407 0.2035 0.0005 2 3.45174e-08 0 0 1
Step 408 0.204 0.0005 2 5.08013e-08 0 0 1
Step 409 0.2045 0.0005 2 2.83031e-08 0 0 1
Step 410 0.205 0.0005 2 2.804e-08 0 0 1
Step 411 0.2055 0.0005 2 6.48338e-08 0 0 1
Step 412 0.206 0.0005 3 3.82563e-07 0 0 1
Step 413 0.2065 0.0005 2 3.60381e-08 0 0 1
Step 414 0.207 0.0005 2 4.06718e-08 0 0 1
Step 415 0.2075 0.0005 2 4.06358e-08 0 0 1
Step 416 0.208 0.0005 2 4.55034e-08 0 0 1
Step 417 0.2085 0.0005 2 5.44248e-08 0 0 1
Step 418 0.209 0.0005 2 4.13304e-08 0 0 1
Step 419 0.2095 0.0005 2 3.61982e-08 0 0 1
Step 420 0.21 0.0005 2 3.22741e-08 0 0 1
Step 421 0.2105 0.0005 2 3.5242e-08 0 0 1
Step 422 0.211 0.0005 2 4.31381e-08 0 0 1
Step 423 0.2115 0.0005 2 3.1452e-08 0 0 1
Step 424 0.212 0.0005 2 4.34179e-08 0 0 1
Step 425 0.2125 0.0005 2 3.49869e-08 0 0 1
Step 426 0.213 0.0005 2 4.34036e-08 0 0 1
Step 427 0.2135 0.0005 2 3.9586e-08 0 0 1
Step 428 0.214 0.0005 2 4.15582e-08 0 0 1
Step 429 0.2145 0.0005 2 3.36211e-08 0 0 1
Step 430 0.215 0.0005 2 3.36069e-08 0 0 1
Step 431 0.2155 0.0005 2 4.38281e-08 0 0 1
Step 432 0.216 0.0005 2 5.5311e-08 0 0 1
Step 433 0.2165 0.0005 2 5.03534e-08 0 0 1
Step 434 0.217 0.0005 2 5.63662e-08 0 0 1
Step 435 0.2175 0.0005 2 7.1258e-08 0 0 1
Step 436 0.218 0.0005 2 1.71278e-07 0 0 1
Step 437 0.2185 0.0005 2 8.23094e-08 0 0 1
Step 438 0.219 0.0005 3 5.66428e-07 0 0 1
Step 439 0.2195 0.0005 3 4.57647e-08 0 0 1
Step 440 0.22 0.0005 2 5.91446e-08 0 0 1
Step 441 0.2205 0.0005 2 6.40405e-08 0 0 1
Step 442 0.221 0.0005 3 3.6777e-07 0 0 1
Step 443 0.2215 0.0005 2 4.19765e-08 0 0 1
Step 444 0.222 0.0005 2 1.71806e-07 0 0 1
Step 445 0.2225 0.0005 2 8.22444e-08 0 0 1
Step 446 0.223 0.0005 2 3.2499e-08 0 0 1
Step 447 0.2235 0.0005 2 3.35624e-08 0 0 1
Step 448 0.224 0.0005 2 6.22733e-08 0 0 1
Step 449 0.2245 0.0005 2 3.79312e-08 0 0 1
Step 450 0.225 0.0005 2 3.86648e-08 0 0 1
Step 451 0.2255 0.0005 2 5.81842e-08 0 0 1
Step 452 0.226 0.0005 2 4.83567e-08 0 0 1
Step 453 0.2265 0.0005 3 4.78986e-08 0 0 1
Step 454 0.227 0.0005 2 4.49149e-08 0 0 1
Step 455 0.2275 0.0005 2 6.76432e-08 0 0 1
Step 456 0.228 0.0005 2 5.43091e-08 0 0 1
Step 457 0.2285 0.0005 2 3.94762e-08 0 0 1
Step 458 0.229 0.0005 2 4.30088e-08 0 0 1
Step 459 0.2295 0.0005 2 4.631e-08 0 0 1
Step 460 0.23 0.0005 2 2.0458e-07 0 0 1
Step 461 0.2305 0.0005 2 4.8288e-08 0 0 1
Step 462 0.231 0.0005 2 5.66959e-08 0 0 1
Step 463 0.2315 0.0005 2 8.72004e-08 0 0 1
Step 464 0.232 0.0005 2 3.60326e-08 0 0 1
Step 465 0.2325 0.0005 2 5.40892e-08 0 0 1
Step 466 0.233 0.0005 2 4.11539e-08 0 0 1
Step 467 0.2335 0.0005 2 6.48198e-08 0 0 1
Step 468 0.234 0.0005 2 4.18045e-08 0 0 1
Step 469 0.2345 0.0005 2 4.96471e-08 0 0 1
Step 470 0.235 0.0005 2 7.31274e-08 0 0 1
Step 471 0.2355 0.0005 2 1.1459e-07 0 0 1
Step 472 0.236 0.0005 2 1.10717e-07 0 0 1
Step 473 0.2365 0.0005 2 2.37064e-07 0 0 1
Step 474 0.237 0.0005 2 2.09735e-07 0 0 1
Step 475 0.2375 0.0005 3 4.51214e-08 0 0 1
Step 476 0.238 0.0005 2 3.92072e-07 0 0 1
Step 477 0.2385 0.0005 2 6.91181e-08 0 0 1
Step 478 0.239 0.0005 2 4.72096e-08 0 0 1
Step 479 0.2395 0.0005 2 4.32563e-08 0 0 1
Step 480 0.24 0.0005 2 1.75149e-07 0 0 1
Step 481 0.2405 0.0005 2 6.09319e-08 0 0 1
Step 482 0.241 0.0005 2 1.2801e-07 0 0 1
Step 483 0.2415 0.0005 2 4.99524e-08 0 0 1
Step 484 0.242 0.0005 2 8.29529e-08 0 0 1
Step 485 0.2425 0.0005 2 4.75325e-08 0 0 1
Step 486 0.243 0.0005 2 6.18653e-08 0 0 1
Step 487 0.2435 0.0005 2 5.24065e-08 0 0 1
Step 488 0.244 0.0005 2 4.97394e-08 0 0 1
Step 489 0.2445 0.0005 2 3.651e-08 0 0 1
Step 490 0.245 0.0005 2 4.58235e-08 0 0 1
Step 491 0.2455 0.0005 2 6.63873e-08 0 0 1
Step 492 0.246 0.0005 2 4.89312e-08 0 0 1
Step 493 0.2465 0.0005 2 5.74844e-08 0 0 1
Step 494 0.247 0.0005 2 5.90318e-08 0 0 1
Step 495 0.2475 0.0005 2 5.75108e-08 0 0 1
Step 496 0.248 0.0005 2 6.18336e-08 0 0 1
Step 497 0.2485 0.0005 2 6.78287e-08 0 0 1
Step 498 0.249 0.0005 2 4.44149e-08 0 0 1
Step 499 0.2495 0.0005 2 6.73114e-08 0 0 1
Step 500 0.25 0.0005 2 4.50159e-08 0 0 1
Step 501 0.2505 0.0005 2 6.14128e-08 0 0 1
Step 502 0.251 0.0005 2 4.36321e-08 0 0 1
Step 503 0.2515 0.0005 2 5.53396e-08 0 0 1
Step 504 0.252 0.0005 2 9.56658e-08 0 0 1
Step 505 0.2525 0.0005 2 1.30539e-07 0 0 1
Step 506 0.253 0.0005 2 1.69552e-07 0 0 1
Step 507 0.2535 0.0005 2 4.1906e-08 0 0 1
Step 508 0.254 0.0005 2 4.46837e-08 0 0 1
Step 509 0.2545 0.0005 2 6.95154e-08 0 0 1
Step 510 0.255 0.0005 2 4.72532e-08 0 0 1
Step 511 0.2555 0.0005 2 5.4237e-08 0 0 1
Step 512 0.256 0.0005 5 3.2127e-08 0 0 1
Step 513 0.2565 0.0005 3 6.87555e-07 0 0 1
Step 514 0.257 0.0005 2 5.04018e-08 0 0 1
Step 515 0.2575 0.0005 2 3.51534e-08 0 0 1
Step 516 0.258 0.0005 2 4.12561e-08 0 0 1
Step 517 0.2585 0.0005 5 3.89635e-08 0 0 1
Step 518 0.259 0.0005 3 1.08161e-07 0 0 1
Step 519 0.2595 0.0005 2 5.59344e-08 0 0 1
Step 520 0.26 0.0005 2 4.44218e-08 0 0 1
Step 521 0.2605 0.0005 2 3.7902e-08 0 0 1
Step 522 0.261 0.0005 2 6.12528e-08 0 0 1
Step 523 0.2615 0.0005 2 6.03028e-08 0 0 1
Step 524 0.262 0.0005 2 5.97023e-08 0 0 1
Step 525 0.2625 0.0005 2 4.82351e-08 0 0 1
Step 526 0.263 0.0005 2 4.32526e-08 0 0 1
Step 527 0.2635 0.0005 2 3.55715e-08 0 0 1
Step 528 0.264 0.0005 2 4.22995e-08 0 0 1
Step 529 0.2645 0.0005 2 5.31107e-08 0 0 1
Step 530 0.265 0.0005 2 6.40632e-08 0 0 1
Step 531 0.2655 0.0005 2 6.85816e-08 0 0 1
Step 532 0.266 0.0005 2 5.69722e-08 0 0 1
Step 533 0.2665 0.0005 2 6.32249e-08 0 0 1
Step 534 0.267 0.0005 2 6.15543e-08 0 0 1
Step 535 0.2675 0.0005 2 2.79061e-08 0 0 1
Step 536 0.268 0.0005 2 4.40097e-08 0 0 1
Step 537 0.2685 0.0005 2 5.07934e-08 0 0 1
Step 538 0.269 0.0005 2 6.58329e-08 0 0 1
Step 539 0.2695 0.0005 2 4.66079e-08 0 0 1
Step 540 0.27 0.0005 2 3.68955e-08 0 0 1
Step 541 0.2705 0.0005 2 4.9483e-08 0 0 1
Step 542 0.271 0.0005 2 4.35898e-08 0 0 1
Step 543 0.2715 0.0005 3 8.00823e-07 0 0 1
Step 544 0.272 0.0005 2 4.75384e-08 0 0 1
Step 545 0.2725 0.0005 2 4.2843e-08 0 0 1
Step 546 0.273 0.0005 2 4.52448e-08 0 0 1
Step 547 0.2735 0.0005 2 4.50618e-08 0 0 1
Step 548 0.274 0.0005 2 4.13844e-08 0 0 1
Step 549 0.2745 0.0005 2 3.66211e-08 0 0 1
Step 550 0.275 0.0005 2 5.33684e-08 0 0 1
Step 551 0.2755 0.0005 2 4.09297e-08 0 0 1
Step 552 0.276 0.0005 3 2.93328e-08 0 0 1
Step 553 0.2765 0.0005 4 6.55938e-08 0 0 1
Step 554 0.277 0.0005 2 4.38124e-08 0 0 1
Step 555 0.2775 0.0005 2 4.88911e-08 0 0 1
Step 556 0.278 0.0005 2 4.06854e-08 0 0 1
Step 557 0.2785 0.0005 2 2.56907e-08 0 0 1
Step 558 0.279 0.0005 2 5.15589e-08 0 0 1
Step 559 0.2795 0.0005 2 6.36533e-08 0 0 1
Step 560 0.28 0.0005 2 6.44449e-08 0 0 1
Step 561 0.2805 0.0005 2 6.80097e-08 0 0 1
Step 562 0.281 0.0005 2 7.32331e-08 0 0 1
Step 563 0.2815 0.0005 2 5.23021e-08 0 0 1
Step 564 0.282 0.0005 2 6.00466e-08 0 0 1
Step 565 0.2825 0.0005 2 2.64835e-07 0 0 1
Step 566 0.283 0.0005 2 1.13177e-07 0 0 1
Step 567 0.2835 0.0005 2 3.55301e-08 0 0 1
Step 568 0.284 0.0005 2 3.78133e-08 0 0 1
Step 569 0.2845 0.0005 2 4.16411e-08 0 0 1
Step 570 0.285 0.0005 3 1.38272e-07 0 0 1
Step 571 0.2855 0.0005 2 4.52285e-08 0 0 1
Step 572 0.286 0.0005 2 4.58016e-08 0 0 1
Step 573 0.2865 0.0005 2 5.23267e-08 0 0 1
Step 574 0.287 0.0005 2 5.28907e-08 0 0 1
Step 575 0.2875 0.0005 2 1.27369e-07 0 0 1
Step 576 0.288 0.0005 2 1.429e-07 0 0 1
Step 577 0.2885 0.0005 2 8.93884e-08 0 0 1
Step 578 0.289 0.0005 2 1.24463e-07 0 0 1
Step 579 0.2895 0.0005 2 9.7308e-08 0 0 1
Step 580 0.29 0.0005 2 4.85969e-08 0 0 1
Step 581 0.2905 0.0005 2 4.68008e-08 0 0 1
Step 582 0.291 0.0005 2 6.663e-08 0 0 1
Step 583 0.2915 0.0005 2 5.06695e-08 0 0 1
Step 584 0.292 0.0005 2 1.01483e-07 0 0 1
Step 585 0.2925 0.0005 2 1.47743e-07 0 0 1
Step 586 0.293 0.0005 2 8.94169e-08 0 0 1
Step 587 0.2935 0.0005 2 1.66079e-07 0 0 1
Step 588 0.294 0.0005 2 9.00871e-08 0 0 1
Step 589 0.2945 0.0005 2 3.19402e-08 0 0 1
Step 590 0.295 0.0005 2 6.41155e-08 0 0 1
Step 591 0.2955 0.0005 2 3.75958e-08 0 0 1
Step 592 0.296 0.0005 2 7.45782e-08 0 0 1
Step 593 0.2965 0.0005 2 6.40615e-08 0 0 1
Step 594 0.297 0.0005 2 7.09503e-08 0 0 1
Step 595 0.2975 0.0005 2 5.80688e-08 0 0 1
Step 596 0.298 0.0005 2 4.10061e-08 0 0 1
Step 597 0.2985 0.0005 2 4.56699e-08 0 0 1
Step 598 0.299 0.0005 2 3.65839e-08 0 0 1
Step 599 0.2995 0.0005 2 4.39434e-08 0 0 1
Step 600 0.3 0.0005 2 2.98657e-08 0 0 1
Step 601 0.3005 0.0005 2 5.11277e-08 0 0 1
Step 602 0.301 0.0005 2 2.92984e-08 0 0 1
Step 603 0.3015 0.0005 2 4.82258e-08 0 0 1
Step 604 0.302 0.0005 2 4.52926e-08 0 0 1
Step 605 0.3025 0.0005 2 5.62951e-08 0 0 1
Step 606 0.303 0.0005 2 3.83584e-08 0 0 1
Step 607 0.3035 0.0005 2 4.35974e-08 0 0 1
Step 608 0.304 0.0005 2 5.37668e-08 0 0 1
Step 609 0.3045 0.0005 2 4.62855e-08 0 0 1
Step 610 0.305 0.0005 2 4.13955e-08 0 0 1
Step 611 0.3055 0.0005 2 3.1496e-08 0 0 1
Step 612 0.306 0.0005 2 6.1126e-08 0 0 1
Step 613 0.3065 0.0005 2 5.77018e-08 0 0 1
Step 614 0.307 0.0005 2 4.95206e-08 0 0 1
Step 615 0.3075 0.0005 2 6.79898e-08 0 0 1
Step 616 0.308 0.0005 2 3.02479e-08 0 0 1
Step 617 0.3085 0.0005 2 3.35415e-08 0 0 1
Step 618 0.309 0.0005 4 6.67343e-08 0 0 1
Step 619 0.3095 0.0005 2 4.16905e-08 0 0 1
Step 620 0.31 0.0005 2 3.917e-08 0 0 1
Step 621 0.3105 0.0005 2 2.98462e-08 0 0 1
Step 622 0.311 0.0005 2 4.74923e-08 0 0 1
Step 623 0.3115 0.0005 2 5.11429e-08 0 0 1
Step 624 0.312 0.0005 2 5.01281e-08 0 0 1
Step 625 0.3125 0.0005 2 4.25601e-08 0 0 1
Step 626 0.313 0.0005 3 4.95517e-08 0 0 1
Step 627 0.3135 0.0005 2 4.27495e-08 0 0 1
Step 628 0.314 0.0005 2 4.1735e-08 0 0 1
Step 629 0.3145 0.0005 2 3.91932e-08 0 0 1
Step 630 0.315 0.0005 2 3.75607e-08 0 0 1
Step 631 0.3155 0.0005 2 3.9734e-08 0 0 1
Step 632 0.316 0.0005 2 7.14194e-08 0 0 1
Step 633 0.3165 0.0005 2 1.21466e-07 0 0 1
Step 634 0.317 0.0005 2 2.27755e-07 0 0 1
Step 635 0.3175 0.0005 2 2.24795e-07 0 0 1
Step 636 0.318 0.0005 2 1.22679e-07 0 0 1
Step 637 0.3185 0.0005 2 8.2821e-08 0 0 1
Step 638 0.319 0.0005 2 4.73526e-08 0 0 1
Step 639 0.3195 0.0005 2 2.18113e-08 0 0 1
Step 640 0.32 0.0005 2 4.24835e-08 0 0 1
Step 641 0.3205 0.0005 2 3.97613e-08 0 0 1
Step 642 0.321 0.0005 3 6.4678e-07 0 0 1
Step 643 0.3215 0.0005 2 3.4043e-08 0 0 1
Step 644 0.322 0.0005 2 3.97471e-08 0 0 1
Step 645 0.3225 0.0005 2 4.97871e-08 0 0 1
Step 646 0.323 0.0005 2 4.12609e-08 0 0 1
Step 647 0.3235 0.0005 2 3.87698e-08 0 0 1
Step 648 0.324 0.0005 2 9.73249e-08 0 0 1
Step 649 0.3245 0.0005 2 5.49005e-08 0 0 1
Step 650 0.325 0.0005 2 3.54777e-08 0 0 1
Step 651 0.3255 0.0005 2 4.57302e-08 0 0 1
Step 652 0.326 0.0005 2 4.39711e-08 0 0 1
Step 653 0.3265 0.0005 2 4.99885e-08 0 0 1
Step 654 0.327 0.0005 2 5.19291e-08 0 0 1
Step 655 0.3275 0.0005 2 3.62711e-08 0 0 1
Step 656 0.328 0.0005 2 3.6992e-08 0 0 1
Step 657 0.3285 0.0005 2 5.57178e-08 0 0 1
Step 658 0.329 0.0005 2 4.54896e-08 0 0 1
Step 659 0.3295 0.0005 2 4.02216e-08 0 0 1
Step 660 0.33 0.0005 2 5.84604e-08 0 0 1
Step 661 0.3305 0.0005 2 4.6868e-08 0 0 1
Step 662 0.331 0.0005 2 3.33698e-08 0 0 1
Step 663 0.3315 0.0005 2 6.74404e-08 0 0 1
Step 664 0.332 0.0005 2 4.02225e-08 0 0 1
Step 665 0.3325 0.0005 2 3.52204e-08 0 0 1
Step 666 0.333 0.0005 2 5.76248e-08 0 0 1
Step 667 0.3335 0.0005 2 4.91348e-08 0 0 1
Step 668 0.334 0.0005 2 4.98349e-08 0 0 1
Step 669 0.3345 0.0005 2 5.17817e-08 0 0 1
Step 670 0.335 0.0005 2 5.37601e-08 0 0 1
Step 671 0.3355 0.0005 2 4.73098e-08 0 0 1
Step 672 0.336 0.0005 2 4.62373e-08 0 0 1
Step 673 0.3365 0.0005 2 3.61789e-08 0 0 1
Step 674 0.337 0.0005 2 4.91867e-08 0 0 1
Step 675 0.3375 0.0005 4 5.45675e-08 0 0 1
Step 676 0.338 0.0005 2 1.21829e-07 0 0 1
Step 677 0.3385 0.0005 2 6.61741e-08 0 0 1
Step 678 0.339 0.0005 2 4.96458e-08 0 0 1
Step 679 0.3395 0.0005 2 3.14902e-08 0 0 1
Step 680 0.34 0.0005 2 4.88577e-08 0 0 1
Step 681 0.3405 0.0005 2 3.49175e-08 0 0 1
Step 682 0.341 0.0005 2 6.14888e-08 0 0 1
Step 683 0.3415 0.0005 2 2.1586e-08 0 0 1
Step 684 0.342 0.0005 2 3.93855e-08 0 0 1
Step 685 0.3425 0.0005 2 3.84952e-08 0 0 1
Step 686 0.343 0.0005 2 3.53386e-08 0 0 1
Step 687 0.3435 0.0005 2 4.12925e-08 0 0 1
Step 688 0.344 0.0005 2 3.45525e-08 0 0 1
Step 689 0.3445 0.0005 2 3.81791e-08 0 0 1
Step 690 0.345 0.0005 2 4.29861e-08 0 0 1
Step 691 0.3455 0.0005 3 4.31388e-07 0 0 1
Step 692 0.346 0.0005 2 5.43995e-08 0 0 1
Step 693 0.3465 0.0005 2 3.9071e-08 0 0 1
Step 694 0.347 0.0005 2 7.84437e-08 0 0 1
Step 695 0.3475 0.0005 2 6.21109e-08 0 0 1
Step 696 0.348 0.0005 2 5.81418e-08 0 0 1
Step 697 0.3485 0.0005 2 5.39233e-08 0 0 1
Step 698 0.349 0.0005 2 4.42307e-08 0 0 1
Step 699 0.3495 0.0005 2 5.30465e-08 0 0 1
Step 700 0.35 0.0005 2 3.0316e-08 0 0 1
Step 701 0.3505 0.0005 2 6.143e-08 0 0 1
Step 702 0.351 0.0005 2 4.4772e-08 0 0 1
Step 703 0.3515 0.0005 2 6.25704e-08 0 0 1
Step 704 0.352 0.0005 2 4.67024e-08 0 0 1
Step 705 0.3525 0.0005 2 1.08619e-07 0 0 1
Step 706 0.353 0.0005 2 1.3124e-07 0 0 1
Step 707 0.3535 0.0005 2 3.89492e-08 0 0 1
Step 708 0.354 0.0005 2 3.23919e-08 0 0 1
Step 709 0.3545 0.0005 2 6.26044e-08 0 0 1
Step 710 0.355 0.0005 2 4.7102e-08 0 0 1
Step 711 0.3555 0.0005 2 5.78423e-08 0 0 1
Step 712 0.356 0.0005 2 3.69382e-08 0 0 1
Step 713 0.3565 0.0005 2 3.2437e-08 0 0 1
Step 714 0.357 0.0005 2 5.39855e-08 0 0 1
Step 715 0.3575 0.0005 2 1.16757e-07 0 0 1
Step 716 0.358 0.0005 2 4.90816e-08 0 0 1
Step 717 0.3585 0.0005 2 5.98441e-08 0 0 1
Step 718 0.359 0.0005 2 4.23849e-08 0 0 1
Step 719 0.3595 0.0005 2 6.63243e-08 0 0 1
Step 720 0.36 0.0005 2 3.8197e-08 0 0 1
Step 721 0.3605 0.0005 2 4.40094e-08 0 0 1
Step 722 0.361 0.0005 2 3.97755e-08 0 0 1
Step 723 0.3615 0.0005 2 7.54622e-08 0 0 1
Step 724 0.362 0.0005 2 9.70442e-07 0 0 1
Step 725 0.3625 0.0005 2 2.01085e-07 0 0 1
Step 726 0.363 0.0005 2 3.91555e-07 0 0 1
Step 727 0.3635 0.0005 2 1.25316e-07 0 0 1
Step 728 0.364 0.0005 2 2.17078e-07 0 0 1
Step 729 0.3645 0.0005 2 1.25137e-07 0 0 1
Step 730 0.365 0.0005 2 1.24946e-07 0 0 1
Step 731 0.3655 0.0005 2 5.7054e-08 0 0 1
Step 732 0.366 0.0005 2 4.85481e-08 0 0 1
Step 733 0.3665 0.0005 2 7.86856e-08 0 0 1
Step 734 0.367 0.0005 2 7.81178e-08 0 0 1
Step 735 0.3675 0.0005 2 1.33988e-07 0 0 1
Step 736 0.368 0.0005 2 4.03926e-07 0 0 1
Step 737 0.3685 0.0005 2 1.6902e-07 0 0 1
Step 738 0.369 0.0005 2 6.08264e-08 0 0 1
Step 739 0.3695 0.0005 2 5.45993e-08 0 0 1
Step 740 0.37 0.0005 2 2.50303e-08 0 0 1
Step 741 0.3705 0.0005 2 4.44286e-08 0 0 1
Step 742 0.371 0.0005 2 5.4164e-08 0 0 1
Step 743 0.3715 0.0005 2 5.47503e-08 0 0 1
Step 744 0.372 0.0005 2 5.44301e-08 0 0 1
Step 745 0.3725 0.0005 2 5.83111e-08 0 0 1
Step 746 0.373 0.0005 2 5.87929e-08 0 0 1
Step 747 0.3735 0.0005 2 1.80654e-07 0 0 1
Step 748 0.374 0.0005 2 7.75795e-08 0 0 1
Step 749 0.3745 0.0005 2 3.6925e-08 0 0 1
Step 750 0.375 0.0005 3 1.87705e-07 0 0 1
Step 751 0.3755 0.0005 2 5.29433e-08 0 0 1
Step 752 0.376 0.0005 2 4.06332e-08 0 0 1
Step 753 0.3765 0.0005 2 3.45473e-08 0 0 1
Step 754 0.377 0.0005 2 5.14439e-08 0 0 1
Step 755 0.3775 0.0005 2 6.2018e-08 0 0 1
Step 756 0.378 0.0005 2 3.33038e-08 0 0 1
Step 757 0.3785 0.0005 2 4.75258e-08 0 0 1
Step 758 0.379 0.0005 2 4.09934e-08 0 0 1
Step 759 0.3795 0.0005 2 6.05968e-08 0 0 1
Step 760 0.38 0.0005 2 4.27786e-08 0 0 1
Step 761 0.3805 0.0005 2 4.39502e-08 0 0 1
Step 762 0.381 0.0005 2 4.34603e-08 0 0 1
Step 763 0.3815 0.0005 2 5.18835e-08 0 0 1
Step 764 0.382 0.0005 2 4.19332e-08 0 0 1
Step 765 0.3825 0.0005 2 6.9149e-08 0 0 1
Step 766 0.383 0.0005 2 5.19522e-08 0 0 1
Step 767 0.3835 0.0005 3 1.34277e-07 0 0 1
Step 768 0.384 0.0005 2 6.75249e-08 0 0 1
Step 769 0.3845 0.0005 2 5.73969e-08 0 0 1
Step 770 0.385 0.0005 2 7.60996e-08 0 0 1
Step 771 0.3855 0.0005 2 8.66806e-08 0 0 1
Step 772 0.386 0.0005 2 3.46095e-08 0 0 1
Step 773 0.3865 0.0005 2 3.84784e-08 0 0 1
Step 774 0.387 0.0005 2 3.91369e-08 0 0 1
Step 775 0.3875 0.0005 2 5.48081e-08 0 0 1
Step 776 0.388 0.0005 2 1.16738e-07 0 0 1
Step 777 0.3885 0.0005 2 1.50225e-07 0 0 1
Step 778 0.389 0.0005 2 7.35727e-08 0 0 1
Step 779 0.3895 0.0005 2 3.74935e-08 0 0 1
Step 780 0.39 0.0005 2 3.19634e-08 0 0 1
Step 781 0.3905 0.0005 2 3.68994e-08 0 0 1
Step 782 0.391 0.0005 2 5.4897e-08 0 0 1
Step 783 0.3915 0.0005 2 3.12093e-08 0 0 1
Step 784 0.392 0.0005 2 6.0729e-08 0 0 1
Step 785 0.3925 0.0005 2 2.38318e-08 0 0 1
Step 786 0.393 0.0005 2 3.52687e-08 0 0 1
Step 787 0.3935 0.0005 2 2.84545e-08 0 0 1
Step 788 0.394 0.0005 2 6.0037e-08 0 0 1
Step 789 0.3945 0.0005 2 5.30418e-08 0 0 1
Step 790 0.395 0.0005 2 4.25586e-08 0 0 1
Step 791 0.3955 0.0005 2 2.97025e-08 0 0 1
Step 792 0.396 0.0005 2 6.04714e-08 0 0 1
Step 793 0.3965 0.0005 2 4.095e-08 0 0 1
Step 794 0.397 0.0005 2 4.73969e-08 0 0 1
Step 795 0.3975 0.0005 2 1.8278e-07 0 0 1
Step 796 0.398 0.0005 2 3.60111e-08 0 0 1
Step 797 0.3985 0.0005 3 1.70883e-07 0 0 1
Step 798 0.399 0.0005 2 2.96505e-08 0 0 1
Step 799 0.3995 0.0005 2 4.20145e-08 0 0 1
Step 800 0.4 0.0005 2 5.07517e-08 0 0 1
Step 801 0.4005 0.0005 2 5.02564e-08 0 0 1
Step 802 0.401 0.0005 2 3.97798e-08 0 0 1
Step 803 0.4015 0.0005 2 1.49776e-07 0 0 1
Step 804 0.402 0.0005 2 7.85704e-08 0 0 1
Step 805 0.4025 0.0005 2 1.35468e-07 0 0 1
Step 806 0.403 0.0005 2 8.90925e-08 0 0 1
Step 807 0.4035 0.0005 2 1.79682e-07 0 0 1
Step 808 0.404 0.0005 2 1.53216e-07 0 0 1
Step 809 0.4045 0.0005 2 1.03908e-07 0 0 1
Step 810 0.405 0.0005 2 4.08332e-07 0 0 1
Step 811 0.4055 0.0005 2 7.08055e-08 0 0 1
Step 812 0.406 0.0005 2 4.03647e-08 0 0 1
Step 813 0.4065 0.0005 2 5.21612e-08 0 0 1
Step 814 0.407 0.0005 2 5.50425e-08 0 0 1
Step 815 0.4075 0.0005 2 5.20755e-07 0 0 1
Step 816 0.408 0.0005 2 4.63609e-08 0 0 1
Step 817 0.4085 0.0005 2 1.12784e-07 0 0 1
Step 818 0.409 0.0005 2 7.63367e-08 0 0 1
Step 819 0.4095 0.0005 2 8.36957e-08 0 0 1
Step 820 0.41 0.0005 2 6.18684e-08 0 0 1
Step 821 0.4105 0.0005 2 5.5618e-08 0 0 1
Step 822 0.411 0.0005 2 3.46883e-08 0 0 1
Step 823 0.4115 0.0005 2 5.0796e-08 0 0 1
Step 824 0.412 0.0005 2 3.59675e-08 0 0 1
Step 825 0.4125 0.0005 2 4.69517e-08 0 0 1
Step 826 0.413 0.0005 2 2.98921e-08 0 0 1
Step 827 0.4135 0.0005 2 4.94057e-08 0 0 1
Step 828 0.414 0.0005 2 3.29322e-08 0 0 1
Step 829 0.4145 0.0005 2 5.90709e-08 0 0 1
Step 830 0.415 0.0005 2 7.73938e-08 0 0 1
Step 831 0.4155 0.0005 2 3.17692e-08 0 0 1
Step 832 0.416 0.0005 2 4.56464e-08 0 0 1
Step 833 0.4165 0.0005 2 5.0601e-08 0 0 1
Step 834 0.417 0.0005 2 5.35953e-08 0 0 1
Step 835 0.4175 0.0005 2 3.61198e-08 0 0 1
Step 836 0.418 0.0005 2 5.73941e-08 0 0 1
Step 837 0.4185 0.0005 2 4.69516e-08 0 0 1
Step 838 0.419 0.0005 2 4.74053e-08 0 0 1
Step 839 0.4195 0.0005 2 6.1708e-08 0 0 1
Step 840 0.42 0.0005 2 1.11684e-07 0 0 1
Step 841 0.4205 0.0005 2 8.72995e-08 0 0 1
Step 842 0.421 0.0005 2 6.4601e-08 0 0 1
Step 843 0.4215 0.0005 2 4.47795e-08 0 0 1
Step 844 0.422 0.0005 2 2.94381e-08 0 0 1
Step 845 0.4225 0.0005 2 3.96638e-08 0 0 1
Step 846 0.423 0.0005 2 1.34734e-07 0 0 1
Step 847 0.4235 0.0005 2 4.07784e-08 0 0 1
Step 848 0.424 0.0005 2 6.059e-08 0 0 1
Step 849 0.4245 0.0005 2 6.40485e-08 0 0 1
Step 850 0.425 0.0005 2 1.92979e-07 0 0 1
Step 851 0.4255 0.0005 2 1.36274e-07 0 0 1
Step 852 0.426 0.0005 2 3.89139e-08 0 0 1
Step 853 0.4265 0.0005 2 7.30391e-08 0 0 1
Step 854 0.427 0.0005 2 3.66079e-08 0 0 1
Step 855 0.4275 0.0005 2 4.31943e-08 0 0 1
Step 856 0.428 0.0005 2 5.15452e-08 0 0 1
Step 857 0.4285 0.0005 2 4.26898e-08 0 0 1
Step 858 0.429 0.0005 2 7.15824e-08 0 0 1
Step 859 0.4295 0.0005 2 6.51611e-08 0 0 1
Step 860 0.43 0.0005 2 4.14975e-08 0 0 1
Step 861 0.4305 0.0005 2 3.91328e-08 0 0 1
Step 862 0.431 0.0005 2 4.93673e-08 0 0 1
Step 863 0.4315 0.0005 2 8.93772e-08 0 0 1
Step 864 0.432 0.0005 2 4.46147e-08 0 0 1
Step 865 0.4325 0.0005 2 5.23835e-08 0 0 1
Step 866 0.433 0.0005 2 4.78729e-08 0 0 1
Step 867 0.4335 0.0005 2 6.26171e-08 0 0 1
Step 868 0.434 0.0005 2 7.7117e-07 0 0 1
Step 869 0.4345 0.0005 2 1.40918e-07 0 0 1
Step 870 0.435 0.0005 2 3.80676e-07 0 0 1
Step 871 0.4355 0.0005 3 3.27533e-08 0 0 1
Step 872 0.436 0.0005 2 5.20701e-08 0 0 1
Step 873 0.4365 0.0005 2 4.92563e-08 0 0 1
Step 874 0.437 0.0005 2 3.47158e-08 0 0 1
Step 875 0.4375 0.0005 2 5.46024e-08 0 0 1
Step 876 0.438 0.0005 2 4.77766e-08 0 0 1
Step 877 0.4385 0.0005 2 5.97004e-08 0 0 1
Step 878 0.439 0.0005 2 3.36056e-08 0 0 1
Step 879 0.4395 0.0005 2 5.44337e-08 0 0 1
Step 880 0.44 0.0005 2 1.62119e-07 0 0 1
Step 881 0.4405 0.0005 2 4.05137e-08 0 0 1
Step 882 0.441 0.0005 3 5.16944e-08 0 0 1
Step 883 0.4415 0.0005 2 3.721e-08 0 0 1
Step 884 0.442 0.0005 2 7.60037e-08 0 0 1
Step 885 0.4425 0.0005 2 5.92846e-08 0 0 1
Step 886 0.443 0.0005 2 2.86903e-08 0 0 1
Step 887 0.4435 0.0005 2 3.30899e-08 0 0 1
Step 888 0.444 0.0005 2 6.66803e-08 0 0 1
Step 889 0.4445 0.0005 2 1.2903e-07 0 0 1
Step 890 0.445 0.0005 2 6.17693e-08 0 0 1
Step 891 0.4455 0.0005 2 3.75127e-08 0 0 1
Step 892 0.446 0.0005 2 3.16471e-08 0 0 1
Step 893 0.4465 0.0005 2 5.11166e-08 0 0 1
Step 894 0.447 0.0005 2 3.03731e-08 0 0 1
Step 895 0.4475 0.0005 2 4.01672e-08 0 0 1
Step 896 0.448 0.0005 2 1.53026e-07 0 0 1
Step 897 0.4485 0.0005 2 5.41917e-08 0 0 1
Step 898 0.449 0.0005 2 5.84484e-08 0 0 1
Step 899 0.4495 0.0005 2 5.94638e-08 0 0 1
Step 900 0.45 0.0005 2 3.24866e-08 0 0 1
Step 901 0.4505 0.0005 2 5.84461e-08 0 0 1
Step 902 0.451 0.0005 2 5.36569e-08 0 0 1
Step 903 0.4515 0.0005 2 4.77036e-08 0 0 1
Step 904 0.452 0.0005 2 3.30998e-08 0 0 1
Step 905 0.4525 0.0005 2 4.33305e-08 0 0 1
Step 906 0.453 0.0005 28 9.22792e-07 0 0 1
Step 907 0.4535 0.0005 2 5.59023e-08 0 0 1
Step 908 0.454 0.0005 2 6.12795e-08 0 0 1
Step 909 0.4545 0.0005 2 8.16341e-08 0 0 1
Step 910 0.455 0.0005 2 4.26133e-08 0 0 1
Step 911 0.4555 0.0005 2 4.59468e-08 0 0 1
Step 912 0.456 0.0005 2 6.52727e-08 0 0 1
Step 913 0.4565 0.0005 2 3.49867e-08 0 0 1
Step 914 0.457 0.0005 2 4.20586e-08 0 0 1
Step 915 0.4575 0.0005 2 3.44469e-08 0 0 1
Step 916 0.458 0.0005 2 5.18806e-08 0 0 1
Step 917 0.4585 0.0005 2 3.09636e-08 0 0 1
Step 918 0.459 0.0005 2 5.02502e-08 0 0 1
Step 919 0.4595 0.0005 2 5.38666e-08 0 0 1
Step 920 0.46 0.0005 2 6.15798e-08 0 0 1
Step 921 0.4605 0.0005 2 4.16343e-08 0 0 1
Step 922 0.461 0.0005 2 4.69013e-08 0 0 1
Step 923 0.4615 0.0005 2 3.75923e-08 0 0 1
Step 924 0.462 0.0005 2 4.18099e-08 0 0 1
Step 925 0.4625 0.0005 4 4.51833e-08 0 0 1
Step 926 0.463 0.0005 3 6.57387e-08 0 0 1
Step 927 0.4635 0.0005 2 4.63098e-08 0 0 1
Step 928 0.464 0.0005 2 3.22951e-08 0 0 1
Step 929 0.4645 0.0005 2 4.22036e-08 0 0 1
Step 930 0.465 0.0005 2 4.47583e-08 0 0 1
Step 931 0.4655 0.0005 2 4.88995e-08 0 0 1
Step 932 0.466 0.0005 2 3.49574e-08 0 0 1
Step 933 0.4665 0.0005 2 3.38111e-08 0 0 1
Step 934 0.467 0.0005 3 7.85239e-08 0 0 1
Step 935 0.4675 0.0005 2 5.43917e-08 0 0 1
Step 936 0.468 0.0005 2 5.99293e-08 0 0 1
Step 937 0.4685 0.0005 2 5.21323e-08 0 0 1
Step 938 0.469 0.0005 2 4.75617e-08 0 0 1
Step 939 0.4695 0.0005 2 6.57867e-08 0 0 1
Step 940 0.47 0.0005 2 1.50628e-07 0 0 1
Step 941 0.4705 0.0005 2 7.02719e-08 0 0 1
Step 942 0.471 0.0005 2 5.40896e-08 0 0 1
Step 943 0.4715 0.0005 2 4.32396e-08 0 0 1
Step 944 0.472 0.0005 2 4.37723e-08 0 0 1
Step 945 0.4725 0.0005 2 4.97388e-08 0 0 1
Step 946 0.473 0.0005 2 2.7716e-08 0 0 1
Step 947 0.4735 0.0005 2 5.62085e-08 0 0 1
Step 948 0.474 0.0005 2 6.47399e-08 0 0 1
Step 949 0.4745 0.0005 2 1.58127e-07 0 0 1
Step 950 0.475 0.0005 2 8.62328e-08 0 0 1
Step 951 0.4755 0.0005 2 1.34285e-07 0 0 1
Step 952 0.476 0.0005 2 1.80273e-07 0 0 1
Step 953 0.4765 0.0005 2 6.70315e-08 0 0 1
Step 954 0.477 0.0005 2 3.45067e-08 0 0 1
Step 955 0.4775 0.0005 2 4.73087e-08 0 0 1
Step 956 0.478 0.0005 2 6.82425e-08 0 0 1
Step 957 0.4785 0.0005 2 1.84997e-07 0 0 1
Step 958 0.479 0.0005 2 5.14632e-07 0 0 1
Step 959 0.4795 0.0005 2 8.79633e-08 0 0 1
Step 960 0.48 0.0005 2 5.17409e-07 0 0 1
Step 961 0.4805 0.0005 2 8.09553e-08 0 0 1
Step 962 0.481 0.0005 2 9.94772e-08 0 0 1
Step 963 0.4815 0.0005 2 3.85493e-08 0 0 1
Step 964 0.482 0.0005 2 3.77552e-08 0 0 1
Step 965 0.4825 0.0005 2 5.81817e-08 0 0 1
Step 966 0.483 0.0005 2 3.07408e-08 0 0 1
Step 967 0.4835 0.0005 3 1.31325e-07 0 0 1
Step 968 0.484 0.0005 3 1.21639e-07 0 0 1
Step 969 0.4845 0.0005 2 1.11252e-07 0 0 1
Step 970 0.485 0.0005 2 1.3046e-07 0 0 1
Step 971 0.4855 0.0005 2 4.63713e-08 0 0 1
Step 972 0.486 0.0005 3 3.51845e-07 0 0 1
Step 973 0.4865 0.0005 2 6.06579e-08 0 0 1
Step 974 0.487 0.0005 2 6.29409e-08 0 0 1
Step 975 0.4875 0.0005 2 5.56121e-08 0 0 1
Step 976 0.488 0.0005 2 3.48407e-08 0 0 1
Step 977 0.4885 0.0005 2 5.11956e-08 0 0 1
Step 978 0.489 0.0005 2 6.4132e-08 0 0 1
Step 979 0.4895 0.0005 2 8.75965e-08 0 0 1
Step 980 0.49 0.0005 2 1.28434e-07 0 0 1
Step 981 0.4905 0.0005 2 3.6323e-08 0 0 1
Step 982 0.491 0.0005 2 6.10785e-08 0 0 1
Step 983 0.4915 0.0005 2 2.86397e-08 0 0 1
Step 984 0.492 0.0005 2 4.29575e-08 0 0 1
Step 985 0.4925 0.0005 2 3.77032e-08 0 0 1
Step 986 0.493 0.0005 2 5.86973e-08 0 0 1
Step 987 0.4935 0.0005 2 6.92211e-08 0 0 1
Step 988 0.494 0.0005 2 4.67692e-08 0 0 1
Step 989 0.4945 0.0005 2 5.04151e-08 0 0 1
Step 990 0.495 0.0005 2 3.30411e-08 0 0 1
Step 991 0.4955 0.0005 2 3.71017e-08 0 0 1
Step 992 0.496 0.0005 2 5.71682e-08 0 0 1
Step 993 0.4965 0.0005 2 5.41787e-08 0 0 1
Step 994 0.497 0.0005 2 3.73306e-08 0 0 1
Step 995 0.4975 0.0005 2 3.62948e-08 0 0 1
Step 996 0.498 0.0005 2 4.1395e-08 0 0 1
Step 997 0.4985 0.0005 3 4.10772e-08 0 0 1
Step 998 0.499 0.0005 2 3.22891e-08 0 0 1
Step 999 0.4995 0.0005 2 4.5433e-08 0 0 1
Step 1000 0.5 0.0005 2 4.35191e-08 0 0 1
Step 1001 0.5005 0.0005 2 4.54777e-08 0 0 1
Step 1002 0.501 0.0005 2 5.31637e-08 0 0 1
Step 1003 0.5015 0.0005 2 4.48132e-08 0 0 1
Step 1004 0.502 0.0005 2 4.61671e-08 0 0 1
Step 1005 0.5025 0.0005 3 4.28594e-07 0 0 1
Step 1006 0.503 0.0005 2 3.75207e-08 0 0 1
Step 1007 0.5035 0.0005 2 3.69903e-08 0 0 1
Step 1008 0.504 0.0005 2 3.41457e-08 0 0 1
Step 1009 0.5045 0.0005 2 3.02155e-08 0 0 1
Step 1010 0.505 0.0005 2 3.74706e-08 0 0 1
Step 1011 0.5055 0.0005 2 5.08043e-08 0 0 1
Step 1012 0.506 0.0005 2 5.15872e-08 0 0 1
Step 1013 0.5065 0.0005 2 4.63905e-08 0 0 1
Step 1014 0.507 0.0005 2 4.54544e-08 0 0 1
Step 1015 0.5075 0.0005 2 3.52555e-08 0 0 1
Step 1016 0.508 0.0005 2 4.87713e-08 0 0 1
Step 1017 0.5085 0.0005 2 6.55748e-08 0 0 1
Step 1018 0.509 0.0005 2 6.92551e-08 0 0 1
Step 1019 0.5095 0.0005 2 3.70122e-08 0 0 1
Step 1020 0.51 0.0005 2 6.97702e-08 0 0 1
Step 1021 0.5105 0.0005 2 5.30929e-08 0 0 1
Step 1022 0.511 0.0005 3 6.5257e-08 0 0 1
Step 1023 0.5115 0.0005 2 3.21363e-07 0 0 1
Step 1024 0.512 0.0005 2 5.83496e-08 0 0 1
Step 1025 0.5125 0.0005 2 7.03115e-08 0 0 1
Step 1026 0.513 0.0005 2 4.29462e-08 0 0 1
Step 1027 0.5135 0.0005 2 5.36984e-08 0 0 1
Step 1028 0.514 0.0005 2 3.61802e-08 0 0 1
Step 1029 0.5145 0.0005 2 4.88712e-08 0 0 1
Step 1030 0.515 0.0005 2 3.18401e-08 0 0 1
Step 1031 0.5155 0.0005 2 5.15316e-08 0 0 1
Step 1032 0.516 0.0005 2 5.27517e-08 0 0 1
Step 1033 0.5165 0.0005 2 3.91881e-08 0 0 1
Step 1034 0.517 0.0005 2 4.88751e-08 0 0 1
Step 1035 0.5175 0.0005 2 1.30109e-07 0 0 1
Step 1036 0.518 0.0005 2 5.30813e-08 0 0 1
Step 1037 0.5185 0.0005 2 3.40949e-08 0 0 1
Step 1038 0.519 0.0005 2 4.89597e-08 0 0 1
Step 1039 0.5195 0.0005 2 1.97158e-07 0 0 1
Step 1040 0.52 0.0005 2 3.70218e-08 0 0 1
Step 1041 0.5205 0.0005 2 6.28646e-08 0 0 1
Step 1042 0.521 0.0005 2 7.21371e-08 0 0 1
Step 1043 0.5215 0.0005 2 7.8728e-08 0 0 1
Step 1044 0.522 0.0005 3 3.70198e-08 0 0 1
Step 1045 0.5225 0.0005 2 4.02605e-08 0 0 1
Step 1046 0.523 0.0005 2 6.3064e-08 0 0 1
Step 1047 0.5235 0.0005 2 4.14473e-08 0 0 1
Step 1048 0.524 0.0005 2 4.69447e-08 0 0 1
Step 1049 0.5245 0.0005 2 3.41535e-07 0 0 1
Step 1050 0.525 0.0005 2 2.21547e-07 0 0 1
Step 1051 0.5255 0.0005 2 6.39344e-07 0 0 1
Step 1052 0.526 0.0005 2 8.02859e-08 0 0 1
Step 1053 0.5265 0.0005 2 3.50592e-08 0 0 1
Step 1054 0.527 0.0005 2 5.60518e-08 0 0 1
Step 1055 0.5275 0.0005 2 5.26086e-08 0 0 1
Step 1056 0.528 0.0005 2 3.39683e-08 0 0 1
Step 1057 0.5285 0.0005 2 3.32688e-08 0 0 1
Step 1058 0.529 0.0005 2 5.42111e-08 0 0 1
Step 1059 0.5295 0.0005 2 4.45247e-08 0 0 1
Step 1060 0.53 0.0005 2 5.69401e-08 0 0 1
Step 1061 0.5305 0.0005 2 9.039e-08 0 0 1
Step 1062 0.531 0.0005 2 7.21993e-08 0 0 1
Step 1063 0.5315 0.0005 2 9.70063e-08 0 0 1
Step 1064 0.532 0.0005 2 5.45655e-08 0 0 1
Step 1065 0.5325 0.0005 2 1.95411e-07 0 0 1
Step 1066 0.533 0.0005 2 6.4254e-08 0 0 1
Step 1067 0.5335 0.0005 2 4.25356e-08 0 0 1
Step 1068 0.534 0.0005 2 3.64079e-08 0 0 1
Step 1069 0.5345 0.0005 2 5.4792e-08 0 0 1
Step 1070 0.535 0.0005 2 4.52075e-08 0 0 1
Step 1071 0.5355 0.0005 2 8.0643e-08 0 0 1
Step 1072 0.536 0.0005 2 5.43728e-08 0 0 1
Step 1073 0.5365 0.0005 2 4.50264e-08 0 0 1
Step 1074 0.537 0.0005 2 4.9332e-08 0 0 1
Step 1075 0.5375 0.0005 2 5.2232e-08 0 0 1
Step 1076 0.538 0.0005 2 4.28815e-08 0 0 1
Step 1077 0.5385 0.0005 2 3.01455e-08 0 0 1
Step 1078 0.539 0.0005 2 4.78186e-08 0 0 1
Step 1079 0.5395 0.0005 2 6.00113e-08 0 0 1
Step 1080 0.54 0.0005 2 3.76739e-07 0 0 1
Step 1081 0.5405 0.0005 2 6.05477e-07 0 0 1
Step 1082 0.541 0.0005 2 2.39883e-07 0 0 1
Step 1083 0.5415 0.0005 2 8.50133e-08 0 0 1
Step 1084 0.542 0.0005 2 4.45471e-08 0 0 1
Step 1085 0.5425 0.0005 2 4.07294e-08 0 0 1
Step 1086 0.543 0.0005 2 4.60616e-08 0 0 1
Step 1087 0.5435 0.0005 2 5.95088e-08 0 0 1
Step 1088 0.544 0.0005 2 6.80438e-08 0 0 1
Step 1089 0.5445 0.0005 2 4.34502e-08 0 0 1
Step 1090 0.545 0.0005 2 6.07368e-08 0 0 1
Step 1091 0.5455 0.0005 2 4.37196e-08 0 0 1
Step 1092 0.546 0.0005 2 4.5419e-08 0 0 1
Step 1093 0.5465 0.0005 2 1.25901e-07 0 0 1
Step 1094 0.547 0.0005 2 3.75022e-08 0 0 1
Step 1095 0.5475 0.0005 3 5.18984e-07 0 0 1
Step 1096 0.548 0.0005 2 4.90471e-08 0 0 1
Step 1097 0.5485 0.0005 2 2.75503e-08 0 0 1
Step 1098 0.549 0.0005 2 4.09661e-08 0 0 1
Step 1099 0.5495 0.0005 2 3.7596e-08 0 0 1
Step 1100 0.55 0.0005 2 4.03623e-08 0 0 1
Step 1101 0.5505 0.0005 2 1.80808e-07 0 0 1
Step 1102 0.551 0.0005 2 1.46055e-07 0 0 1
Step 1103 0.5515 0.0005 2 4.20017e-08 0 0 1
Step 1104 0.552 0.0005 2 4.47872e-08 0 0 1
Step 1105 0.5525 0.0005 2 5.0873e-08 0 0 1
Step 1106 0.553 0.0005 2 4.95786e-08 0 0 1
Step 1107 0.5535 0.0005 2 4.50365e-08 0 0 1
Step 1108 0.554 0.0005 2 2.67315e-08 0 0 1
Step 1109 0.5545 0.0005 2 7.6174e-08 0 0 1
Step 1110 0.555 0.0005 2 9.08433e-08 0 0 1
Step 1111 0.5555 0.0005 2 1.79848e-07 0 0 1
Step 1112 0.556 0.0005 2 7.01098e-08 0 0 1
Step 1113 0.5565 0.0005 2 5.93227e-08 0 0 1
Step 1114 0.557 0.0005 2 6.19704e-08 0 0 1
Step 1115 0.5575 0.0005 2 4.93529e-08 0 0 1
Step 1116 0.558 0.0005 2 5.52187e-08 0 0 1
Step 1117 0.5585 0.0005 2 1.38718e-07 0 0 1
Step 1118 0.559 0.0005 2 3.86601e-08 0 0 1
Step 1119 0.5595 0.0005 2 2.72514e-08 0 0 1
Step 1120 0.56 0.0005 2 3.69146e-08 0 0 1
Step 1121 0.5605 0.0005 3 5.61369e-08 0 0 1
Step 1122 0.561 0.0005 2 4.09667e-08 0 0 1
Step 1123 0.5615 0.0005 2 5.51421e-08 0 0 1
Step 1124 0.562 0.0005 2 3.95441e-08 0 0 1
Step 1125 0.5625 0.0005 2 7.02698e-08 0 0 1
Step 1126 0.563 0.0005 2 3.61756e-08 0 0 1
Step 1127 0.5635 0.0005 2 5.17701e-08 0 0 1
Step 1128 0.564 0.0005 2 4.71339e-08 0 0 1
Step 1129 0.5645 0.0005 2 4.33725e-08 0 0 1
Step 1130 0.565 0.0005 2 3.91423e-08 0 0 1
Step 1131 0.5655 0.0005 2 4.22541e-08 0 0 1
Step 1132 0.566 0.0005 2 3.8038e-08 0 0 1
Step 1133 0.5665 0.0005 2 3.63645e-08 0 0 1
Step 1134 0.567 0.0005 2 4.01385e-08 0 0 1
Step 1135 0.5675 0.0005 2 3.23497e-08 0 0 1
Step 1136 0.568 0.0005 2 3.84894e-08 0 0 1
Step 1137 0.5685 0.0005 2 3.70688e-08 0 0 1
Step 1138 0.569 0.0005 2 6.92634e-07 0 0 1
Step 1139 0.5695 0.0005 2 4.67794e-08 0 0 1
Step 1140 0.57 0.0005 2 5.75781e-08 0 0 1
Step 1141 0.5705 0.0005 2 3.16429e-08 0 0 1
Step 1142 0.571 0.0005 2 5.30621e-08 0 0 1
Step 1143 0.5715 0.0005 2 4.29546e-08 0 0 1
Step 1144 0.572 0.0005 2 1.0386e-07 0 0 1
Step 1145 0.5725 0.0005 2 4.77564e-08 0 0 1
Step 1146 0.573 0.0005 2 3.98783e-08 0 0 1
Step 1147 0.5735 0.0005 2 3.57259e-08 0 0 1
Step 1148 0.574 0.0005 2 2.87322e-08 0 0 1
Step 1149 0.5745 0.0005 2 3.38928e-08 0 0 1
Step 1150 0.575 0.0005 2 5.05718e-08 0 0 1
Step 1151 0.5755 0.0005 2 4.40634e-08 0 0 1
Step 1152 0.576 0.0005 2 4.1437e-08 0 0 1
Step 1153 0.5765 0.0005 2 5.18898e-07 0 0 1
Step 1154 0.577 0.0005 2 6.0673e-08 0 0 1
Step 1155 0.5775 0.0005 2 6.74057e-08 0 0 1
Step 1156 0.578 0.0005 2 5.91411e-08 0 0 1
Step 1157 0.5785 0.0005 2 4.53701e-08 0 0 1
Step 1158 0.579 0.0005 2 4.69809e-08 0 0 1
Step 1159 0.5795 0.0005 2 2.35973e-08 0 0 1
Step 1160 0.58 0.0005 2 6.89141e-08 0 0 1
Step 1161 0.5805 0.0005 2 1.24227e-07 0 0 1
Step 1162 0.581 0.0005 2 2.40809e-07 0 0 1
Step 1163 0.5815 0.0005 2 9.44869e-08 0 0 1
Step 1164 0.582 0.0005 2 7.35386e-08 0 0 1
Step 1165 0.5825 0.0005 2 2.49922e-07 0 0 1
Step 1166 0.583 0.0005 2 4.94431e-08 0 0 1
Step 1167 0.5835 0.0005 2 4.14236e-08 0 0 1
Step 1168 0.584 0.0005 2 4.11773e-08 0 0 1
Step 1169 0.5845 0.0005 3 7.79478e-08 0 0 1
Step 1170 0.585 0.0005 3 3.7372e-08 0 0 1
Step 1171 0.5855 0.0005 2 5.03059e-08 0 0 1
Step 1172 0.586 0.0005 2 4.95321e-08 0 0 1
Step 1173 0.5865 0.0005 2 4.49507e-08 0 0 1
Step 1174 0.587 0.0005 2 4.91667e-08 0 0 1
Step 1175 0.5875 0.0005 2 4.57226e-08 0 0 1
Step 1176 0.588 0.0005 2 4.73834e-08 0 0 1
Step 1177 0.5885 0.0005 2 6.4489e-07 0 0 1
Step 1178 0.589 0.0005 2 7.48651e-07 0 0 1
Step 1179 0.5895 0.0005 2 3.61615e-08 0 0 1
Step 1180 0.59 0.0005 2 4.06827e-08 0 0 1
Step 1181 0.5905 0.0005 2 4.25159e-08 0 0 1
Step 1182 0.591 0.0005 2 4.96579e-08 0 0 1
Step 1183 0.5915 0.0005 2 3.96462e-08 0 0 1
Step 1184 0.592 0.0005 2 4.13752e-08 0 0 1
Step 1185 0.5925 0.0005 2 6.56003e-08 0 0 1
Step 1186 0.593 0.0005 2 3.25904e-08 0 0 1
Step 1187 0.5935 0.0005 2 4.54006e-08 0 0 1
Step 1188 0.594 0.0005 2 3.86835e-08 0 0 1
Step 1189 0.5945 0.0005 2 5.12868e-08 0 0 1
Step 1190 0.595 0.0005 2 3.52481e-08 0 0 1
Step 1191 0.5955 0.0005 2 1.18101e-07 0 0 1
Step 1192 0.596 0.0005 2 1.1939e-07 0 0 1
Step 1193 0.5965 0.0005 2 1.58583e-07 0 0 1
Step 1194 0.597 0.0005 2 3.01124e-07 0 0 1
Step 1195 0.5975 0.0005 2 2.30689e-07 0 0 1
Step 1196 0.598 0.0005 2 6.68688e-08 0 0 1
Step 1197 0.5985 0.0005 2 3.25079e-08 0 0 1
Step 1198 0.599 0.0005 2 3.64118e-08 0 0 1
Step 1199 0.5995 0.0005 2 3.88359e-08 0 0 1
Step 1200 0.6 0.0005 2 6.35681e-08 0 0 1
Step 1201 0.6005 0.0005 2 1.57294e-07 0 0 1
Step 1202 0.601 0.0005 2 8.66991e-08 0 0 1
Step 1203 0.6015 0.0005 2 1.0006e-07 0 0 1
Step 1204 0.602 0.0005 2 1.04041e-07 0 0 1
Step 1205 0.6025 0.0005 2 3.24243e-07 0 0 1
Step 1206 0.603 0.0005 2 1.06158e-07 0 0 1
Step 1207 0.6035 0.0005 2 5.03353e-08 0 0 1
Step 1208 0.604 0.0005 2 3.77604e-08 0 0 1
Step 1209 0.6045 0.0005 2 3.94188e-08 0 0 1
Step 1210 0.605 0.0005 2 3.49361e-08 0 0 1
Step 1211 0.6055 0.0005 2 3.87719e-08 0 0 1
Step 1212 0.606 0.0005 2 2.89918e-08 0 0 1
Step 1213 0.6065 0.0005 2 7.22489e-08 0 0 1
Step 1214 0.607 0.0005 2 1.0234e-07 0 0 1
Step 1215 0.6075 0.0005 2 8.71977e-08 0 0 1
Step 1216 0.608 0.0005 2 7.13702e-08 0 0 1
Step 1217 0.6085 0.0005 2 6.92747e-08 0 0 1
Step 1218 0.609 0.0005 2 6.84853e-08 0 0 1
Step 1219 0.6095 0.0005 2 4.87374e-08 0 0 1
Step 1220 0.61 0.0005 5 5.89424e-08 0 0 1
Step 1221 0.6105 0.0005 3 5.53129e-07 0 0 1
Step 1222 0.611 0.0005 2 3.25709e-08 0 0 1
Step 1223 0.6115 0.0005 2 6.688e-08 0 0 1
Step 1224 0.612 0.0005 2 6.42802e-08 0 0 1
Step 1225 0.6125 0.0005 3 5.23097e-08 0 0 1
Step 1226 0.613 0.0005 2 5.5813e-08 0 0 1
Step 1227 0.6135 0.0005 2 2.8784e-08 0 0 1
Step 1228 0.614 0.0005 2 2.6377e-08 0 0 1
Step 1229 0.6145 0.0005 2 4.49406e-08 0 0 1
Step 1230 0.615 0.0005 2 4.99201e-08 0 0 1
Step 1231 0.6155 0.0005 2 4.23207e-08 0 0 1
Step 1232 0.616 0.0005 2 7.43821e-08 0 0 1
Step 1233 0.6165 0.0005 2 4.53017e-08 0 0 1
Step 1234 0.617 0.0005 2 5.96044e-08 0 0 1
Step 1235 0.6175 0.0005 2 4.82482e-08 0 0 1
Step 1236 0.618 0.0005 2 1.25939e-07 0 0 1
Step 1237 0.6185 0.0005 2 8.01991e-08 0 0 1
Step 1238 0.619 0.0005 2 3.78575e-08 0 0 1
Step 1239 0.6195 0.0005 2 4.01952e-08 0 0 1
Step 1240 0.62 0.0005 2 3.89348e-08 0 0 1
Step 1241 0.6205 0.0005 2 6.02536e-08 0 0 1
Step 1242 0.621 0.0005 2 4.48287e-08 0 0 1
Step 1243 0.6215 0.0005 2 9.46798e-07 0 0 1
Step 1244 0.622 0.0005 2 5.30272e-08 0 0 1
Step 1245 0.6225 0.0005 2 6.50318e-08 0 0 1
Step 1246 0.623 0.0005 2 5.45414e-08 0 0 1
Step 1247 0.6235 0.0005 2 5.8172e-08 0 0 1
Step 1248 0.624 0.0005 2 4.42544e-08 0 0 1
Step 1249 0.6245 0.0005 2 3.94651e-08 0 0 1
Step 1250 0.625 0.0005 2 4.63735e-08 0 0 1
Step 1251 0.6255 0.0005 2 4.52484e-08 0 0 1
Step 1252 0.626 0.0005 2 3.10283e-08 0 0 1
Step 1253 0.6265 0.0005 2 5.19599e-08 0 0 1
Step 1254 0.627 0.0005 2 2.00888e-07 0 0 1
Step 1255 0.6275 0.0005 2 1.07593e-07 0 0 1
Step 1256 0.628 0.0005 2 4.99332e-08 0 0 1
Step 1257 0.6285 0.0005 2 4.03939e-08 0 0 1
Step 1258 0.629 0.0005 2 3.58555e-08 0 0 1
Step 1259 0.6295 0.0005 2 3.92688e-08 0 0 1
Step 1260 0.63 0.0005 2 5.77265e-08 0 0 1
Step 1261 0.6305 0.0005 2 5.15704e-08 0 0 1
Step 1262 0.631 0.0005 2 3.04309e-08 0 0 1
Step 1263 0.6315 0.0005 2 5.36941e-08 0 0 1
Step 1264 0.632 0.0005 2 5.58325e-08 0 0 1
Step 1265 0.6325 0.0005 2 3.79047e-08 0 0 1
Step 1266 0.633 0.0005 2 6.22865e-08 0 0 1
Step 1267 0.6335 0.0005 2 5.19684e-08 0 0 1
Step 1268 0.634 0.0005 2 3.49619e-08 0 0 1
Step 1269 0.6345 0.0005 2 7.95619e-08 0 0 1
Step 1270 0.635 0.0005 2 3.16086e-08 0 0 1
Step 1271 0.6355 0.0005 2 4.78483e-08 0 0 1
Step 1272 0.636 0.0005 2 5.7179e-08 0 0 1
Step 1273 0.6365 0.0005 2 4.13846e-08 0 0 1
Step 1274 0.637 0.0005 3 4.25633e-08 0 0 1
Step 1275 0.6375 0.0005 2 3.86952e-08 0 0 1
Step 1276 0.638 0.0005 2 3.83137e-08 0 0 1
Step 1277 0.6385 0.0005 2 5.18068e-08 0 0 1
Step 1278 0.639 0.0005 2 4.66846e-08 0 0 1
Step 1279 0.6395 0.0005 3 4.21639e-08 0 0 1
Step 1280 0.64 0.0005 4 3.40833e-08 0 0 1
Step 1281 0.6405 0.0005 2 3.75978e-08 0 0 1
Step 1282 0.641 0.0005 2 3.89207e-08 0 0 1
Step 1283 0.6415 0.0005 2 3.74769e-08 0 0 1
Step 1284 0.642 0.0005 2 5.38223e-08 0 0 1
Step 1285 0.6425 0.0005 2 3.47395e-08 0 0 1
Step 1286 0.643 0.0005 2 7.90011e-08 0 0 1
Step 1287 0.6435 0.0005 3 3.74602e-08 0 0 1
Step 1288 0.644 0.0005 2 4.60577e-08 0 0 1
Step 1289 0.6445 0.0005 2 3.64466e-08 0 0 1
Step 1290 0.645 0.0005 2 3.47664e-08 0 0 1
Step 1291 0.6455 0.0005 2 3.96632e-08 0 0 1
Step 1292 0.646 0.0005 2 3.70459e-08 0 0 1
Step 1293 0.6465 0.0005 2 8.28886e-07 0 0 1
Step 1294 0.647 0.0005 2 4.51021e-08 0 0 1
Step 1295 0.6475 0.0005 2 7.36041e-08 0 0 1
Step 1296 0.648 0.0005 2 5.81381e-08 0 0 1
Step 1297 0.6485 0.0005 2 3.96986e-08 0 0 1
Step 1298 0.649 0.0005 2 5.20315e-08 0 0 1
Step 1299 0.6495 0.0005 2 3.28057e-08 0 0 1
Step 1300 0.65 0.0005 2 3.92393e-08 0 0 1
Step 1301 0.6505 0.0005 2 4.81386e-08 0 0 1
Step 1302 0.651 0.0005 2 7.37339e-08 0 0 1
Step 1303 0.6515 0.0005 2 1.83364e-07 0 0 1
Step 1304 0.652 0.0005 2 5.75724e-07 0 0 1
Step 1305 0.6525 0.0005 2 4.82933e-07 0 0 1
Step 1306 0.653 0.0005 2 5.81668e-08 0 0 1
Step 1307 0.6535 0.0005 2 4.40862e-08 0 0 1
Step 1308 0.654 0.0005 2 1.22743e-07 0 0 1
Step 1309 0.6545 0.0005 2 7.00667e-08 0 0 1
Step 1310 0.655 0.0005 2 4.09827e-08 0 0 1
Step 1311 0.6555 0.0005 2 5.21932e-08 0 0 1
Step 1312 0.656 0.0005 2 5.75301e-08 0 0 1
Step 1313 0.6565 0.0005 2 5.50295e-08 0 0 1
Step 1314 0.657 0.0005 2 4.49426e-08 0 0 1
Step 1315 0.6575 0.0005 2 6.05528e-08 0 0 1
Step 1316 0.658 0.0005 2 5.5316e-08 0 0 1
Step 1317 0.6585 0.0005 2 6.44094e-08 0 0 1
Step 1318 0.659 0.0005 2 4.76221e-08 0 0 1
Step 1319 0.6595 0.0005 2 3.78803e-08 0 0 1
Step 1320 0.66 0.0005 2 5.29916e-08 0 0 1
Step 1321 0.6605 0.0005 2 4.66462e-08 0 0 1
Step 1322 0.661 0.0005 2 4.30507e-08 0 0 1
Step 1323 0.6615 0.0005 2 4.57393e-08 0 0 1
Step 1324 0.662 0.0005 2 5.5691e-08 0 0 1
Step 1325 0.6625 0.0005 2 1.21447e-07 0 0 1
Step 1326 0.663 0.0005 2 3.08292e-08 0 0 1
Step 1327 0.6635 0.0005 3 5.04937e-08 0 0 1
Step 1328 0.664 0.0005 2 5.71507e-08 0 0 1
Step 1329 0.6645 0.0005 2 2.61979e-08 0 0 1
Step 1330 0.665 0.0005 2 3.51205e-08 0 0 1
Step 1331 0.6655 0.0005 2 5.04019e-08 0 0 1
Step 1332 0.666 0.0005 2 9.27034e-08 0 0 1
Step 1333 0.6665 0.0005 2 5.52627e-08 0 0 1
Step 1334 0.667 0.0005 2 5.21076e-08 0 0 1
Step 1335 0.6675 0.0005 2 4.37861e-07 0 0 1
Step 1336 0.668 0.0005 2 4.18261e-08 0 0 1
Step 1337 0.6685 0.0005 2 3.17805e-08 0 0 1
Step 1338 0.669 0.0005 2 3.66545e-08 0 0 1
Step 1339 0.6695 0.0005 2 3.68801e-08 0 0 1
Step 1340 0.67 0.0005 2 6.0481e-08 0 0 1
Step 1341 0.6705 0.0005 2 4.5637e-08 0 0 1
Step 1342 0.671 0.0005 2 4.14803e-08 0 0 1
Step 1343 0.6715 0.0005 2 1.26553e-07 0 0 1
Step 1344 0.672 0.0005 2 3.43977e-08 0 0 1
Step 1345 0.6725 0.0005 2 3.60762e-08 0 0 1
Step 1346 0.673 0.0005 2 5.03936e-08 0 0 1
Step 1347 0.6735 0.0005 2 5.52024e-08 0 0 1
Step 1348 0.674 0.0005 2 9.70871e-08 0 0 1
Step 1349 0.6745 0.0005 2 3.44609e-08 0 0 1
Step 1350 0.675 0.0005 2 5.28478e-08 0 0 1
Step 1351 0.6755 0.0005 2 3.25787e-08 0 0 1
Step 1352 0.676 0.0005 3 1.41145e-07 0 0 1
Step 1353 0.6765 0.0005 2 3.26958e-08 0 0 1
Step 1354 0.677 0.0005 2 4.64085e-08 0 0 1
Step 1355 0.6775 0.0005 2 9.93795e-08 0 0 1
Step 1356 0.678 0.0005 2 7.78096e-08 0 0 1
Step 1357 0.6785 0.0005 2 6.58191e-08 0 0 1
Step 1358 0.679 0.0005 2 5.72853e-08 0 0 1
Step 1359 0.6795 0.0005 2 6.73311e-08 0 0 1
Step 1360 0.68 0.0005 2 4.65101e-08 0 0 1
Step 1361 0.6805 0.0005 2 5.09419e-08 0 0 1
Step 1362 0.681 0.0005 2 4.24141e-08 0 0 1
Step 1363 0.6815 0.0005 2 4.62707e-08 0 0 1
Step 1364 0.682 0.0005 2 3.00608e-08 0 0 1
Step 1365 0.6825 0.0005 2 3.63501e-08 0 0 1
Step 1366 0.683 0.0005 2 5.65512e-08 0 0 1
Step 1367 0.6835 0.0005 2 3.91269e-08 0 0 1
Step 1368 0.684 0.0005 2 4.06558e-08 0 0 1
Step 1369 0.6845 0.0005 2 4.63095e-08 0 0 1
Step 1370 0.685 0.0005 2 4.87625e-08 0 0 1
Step 1371 0.6855 0.0005 2 3.51044e-08 0 0 1
Step 1372 0.686 0.0005 2 4.05563e-08 0 0 1
Step 1373 0.6865 0.0005 2 6.41755e-08 0 0 1
Step 1374 0.687 0.0005 2 5.2175e-08 0 0 1
Step 1375 0.6875 0.0005 2 8.06098e-07 0 0 1
Step 1376 0.688 0.0005 2 1.63098e-07 0 0 1
Step 1377 0.6885 0.0005 2 3.32942e-08 0 0 1
Step 1378 0.689 0.0005 2 4.54923e-08 0 0 1
Step 1379 0.6895 0.0005 2 2.90189e-08 0 0 1
Step 1380 0.69 0.0005 2 2.55839e-08 0 0 1
Step 1381 0.6905 0.0005 2 6.14588e-08 0 0 1
Step 1382 0.691 0.0005 2 3.98445e-08 0 0 1
Step 1383 0.6915 0.0005 2 4.30543e-08 0 0 1
Step 1384 0.692 0.0005 2 4.21814e-08 0 0 1
Step 1385 0.6925 0.0005 2 4.18434e-08 0 0 1
Step 1386 0.693 0.0005 2 4.68488e-08 0 0 1
Step 1387 0.6935 0.0005 2 7.14891e-08 0 0 1
Step 1388 0.694 0.0005 2 4.13079e-08 0 0 1
Step 1389 0.6945 0.0005 2 5.87336e-08 0 0 1
Step 1390 0.695 0.0005 2 3.85546e-08 0 0 1
Step 1391 0.6955 0.0005 2 4.36412e-08 0 0 1
Step 1392 0.696 0.0005 2 5.299e-08 0 0 1
Step 1393 0.6965 0.0005 2 4.51371e-08 0 0 1
Step 1394 0.697 0.0005 3 4.98985e-08 0 0 1
Step 1395 0.6975 0.0005 3 7.65034e-08 0 0 1
Step 1396 0.698 0.0005 4 4.33134e-08 0 0 1
Step 1397 0.6985 0.0005 3 8.29769e-08 0 0 1
Step 1398 0.699 0.0005 2 5.29718e-08 0 0 1
Step 1399 0.6995 0.0005 2 7.37453e-08 0 0 1
Step 1400 0.7 0.0005 2 6.727e-08 0 0 1
Step 1401 0.7005 0.0005 2 4.60305e-08 0 0 1
Step 1402 0.701 0.0005 2 5.49774e-08 0 0 1
Step 1403 0.7015 0.0005 2 4.16118e-08 0 0 1
Step 1404 0.702 0.0005 2 9.9321e-08 0 0 1
Step 1405 0.7025 0.0005 2 5.79039e-08 0 0 1
Step 1406 0.703 0.0005 2 6.11148e-08 0 0 1
Step 1407 0.7035 0.0005 2 7.87018e-08 0 0 1
Step 1408 0.704 0.0005 2 5.97156e-08 0 0 1
Step 1409 0.7045 0.0005 2 3.92935e-08 0 0 1
Step 1410 0.705 0.0005 2 4.04401e-08 0 0 1
Step 1411 0.7055 0.0005 2 5.30099e-08 0 0 1
Step 1412 0.706 0.0005 2 3.34942e-08 0 0 1
Step 1413 0.7065 0.0005 2 3.72251e-08 0 0 1
Step 1414 0.707 0.0005 2 3.15568e-08 0 0 1
Step 1415 0.7075 0.0005 2 3.8655e-08 0 0 1
Step 1416 0.708 0.0005 2 4.17079e-08 0 0 1
Step 1417 0.7085 0.0005 2 5.61106e-08 0 0 1
Step 1418 0.709 0.0005 2 3.95018e-08 0 0 1
Step 1419 0.7095 0.0005 2 3.72975e-08 0 0 1
Step 1420 0.71 0.0005 2 4.60856e-08 0 0 1
Step 1421 0.7105 0.0005 2 5.47625e-08 0 0 1
Step 1422 0.711 0.0005 2 3.69939e-08 0 0 1
Step 1423 0.7115 0.0005 2 4.60851e-08 0 0 1
Step 1424 0.712 0.0005 2 6.87099e-08 0 0 1
Step 1425 0.7125 0.0005 2 4.98789e-08 0 0 1
Step 1426 0.713 0.0005 2 6.8599e-08 0 0 1
Step 1427 0.7135 0.0005 2 7.93314e-08 0 0 1
Step 1428 0.714 0.0005 2 1.45195e-07 0 0 1
Step 1429 0.7145 0.0005 2 6.91736e-08 0 0 1
Step 1430 0.715 0.0005 2 8.03968e-08 0 0 1
Step 1431 0.7155 0.0005 2 4.19256e-08 0 0 1
Step 1432 0.716 0.0005 2 2.95842e-08 0 0 1
Step 1433 0.7165 0.0005 2 2.89701e-08 0 0 1
Step 1434 0.717 0.0005 2 5.96128e-08 0 0 1
Step 1435 0.7175 0.0005 2 5.61048e-08 0 0 1
Step 1436 0.718 0.0005 2 4.30515e-08 0 0 1
Step 1437 0.7185 0.0005 2 5.24319e-08 0 0 1
Step 1438 0.719 0.0005 2 4.30374e-08 0 0 1
Step 1439 0.7195 0.0005 2 5.33445e-08 0 0 1
Step 1440 0.72 0.0005 2 4.04594e-08 0 0 1
Step 1441 0.7205 0.0005 2 3.81143e-08 0 0 1
Step 1442 0.721 0.0005 2 4.13852e-08 0 0 1
Step 1443 0.7215 0.0005 2 6.38298e-08 0 0 1
Step 1444 0.722 0.0005 2 3.49766e-08 0 0 1
Step 1445 0.7225 0.0005 2 5.98327e-08 0 0 1
Step 1446 0.723 0.0005 2 3.68112e-08 0 0 1
Step 1447 0.7235 0.0005 2 3.07381e-08 0 0 1
Step 1448 0.724 0.0005 2 6.98968e-08 0 0 1
Step 1449 0.7245 0.0005 4 8.18562e-08 0 0 1
Step 1450 0.725 0.0005 2 3.33259e-08 0 0 1
Step 1451 0.7255 0.0005 2 4.65233e-08 0 0 1
Step 1452 0.726 0.0005 2 5.55547e-08 0 0 1
Step 1453 0.7265 0.0005 2 5.55943e-08 0 0 1
Step 1454 0.727 0.0005 2 4.51679e-08 0 0 1
Step 1455 0.7275 0.0005 2 5.57861e-08 0 0 1
Step 1456 0.728 0.0005 2 7.91511e-08 0 0 1
Step 1457 0.7285 0.0005 3 5.83799e-08 0 0 1
Step 1458 0.729 0.0005 2 5.75366e-08 0 0 1
Step 1459 0.7295 0.0005 2 6.60284e-08 0 0 1
Step 1460 0.73 0.0005 2 4.80698e-08 0 0 1
Step 1461 0.7305 0.0005 2 3.23285e-08 0 0 1
Step 1462 0.731 0.0005 2 2.09209e-07 0 0 1
Step 1463 0.7315 0.0005 2 3.66434e-08 0 0 1
Step 1464 0.732 0.0005 2 1.36286e-07 0 0 1
Step 1465 0.7325 0.0005 2 8.50876e-08 0 0 1
Step 1466 0.733 0.0005 2 4.59995e-08 0 0 1
Step 1467 0.7335 0.0005 2 2.84853e-07 0 0 1
Step 1468 0.734 0.0005 2 6.95273e-08 0 0 1
Step 1469 0.7345 0.0005 2 5.53211e-08 0 0 1
Step 1470 0.735 0.0005 2 5.10376e-08 0 0 1
Step 1471 0.7355 0.0005 2 6.46217e-08 0 0 1
Step 1472 0.736 0.0005 2 6.38133e-08 0 0 1
Step 1473 0.7365 0.0005 4 3.75008e-07 0 0 1
Step 1474 0.737 0.0005 2 7.77704e-07 0 0 1
Step 1475 0.7375 0.0005 2 2.86374e-08 0 0 1
Step 1476 0.738 0.0005 2 3.8251e-08 0 0 1
Step 1477 0.7385 0.0005 2 4.26382e-08 0 0 1
Step 1478 0.739 0.0005 2 4.79598e-08 0 0 1
Step 1479 0.7395 0.0005 2 1.08933e-07 0 0 1
Step 1480 0.74 0.0005 2 5.66914e-08 0 0 1
Step 1481 0.7405 0.0005 3 1.22987e-07 0 0 1
Step 1482 0.741 0.0005 2 5.97172e-08 0 0 1
Step 1483 0.7415 0.0005 2 4.19659e-08 0 0 1
Step 1484 0.742 0.0005 2 4.57785e-08 0 0 1
Step 1485 0.7425 0.0005 2 5.85997e-08 0 0 1
Step 1486 0.743 0.0005 2 5.65829e-08 0 0 1
Step 1487 0.7435 0.0005 2 3.06792e-08 0 0 1
Step 1488 0.744 0.0005 2 4.44197e-08 0 0 1
Step 1489 0.7445 0.0005 2 4.5374e-08 0 0 1
Step 1490 0.745 0.0005 2 4.52203e-08 0 0 1
Step 1491 0.7455 0.0005 2 4.75413e-08 0 0 1
Step 1492 0.746 0.0005 2 3.93987e-08 0 0 1
Step 1493 0.7465 0.0005 2 4.99615e-08 0 0 1
Step 1494 0.747 0.0005 2 5.61864e-08 0 0 1
Step 1495 0.7475 0.0005 2 4.61329e-08 0 0 1
Step 1496 0.748 0.0005 2 4.05964e-08 0 0 1
Step 1497 0.7485 0.0005 2 1.71252e-07 0 0 1
Step 1498 0.749 0.0005 4 1.28657e-07 0 0 1
Step 1499 0.7495 0.0005 2 7.34618e-08 0 0 1
Step 1500 0.75 0.0005 2 4.86607e-08 0 0 1
Step 1501 0.7505 0.0005 2 3.75367e-08 0 0 1
Step 1502 0.751 0.0005 2 2.59722e-08 0 0 1
Step 1503 0.7515 0.0005 2 5.1481e-08 0 0 1
Step 1504 0.752 0.0005 2 5.17366e-08 0 0 1
Step 1505 0.7525 0.0005 2 4.54909e-08 0 0 1
Step 1506 0.753 0.0005 2 4.60231e-08 0 0 1
Step 1507 0.7535 0.0005 3 8.99224e-08 0 0 1
Step 1508 0.754 0.0005 2 2.76353e-07 0 0 1
Step 1509 0.7545 0.0005 2 4.83945e-08 0 0 1
Step 1510 0.755 0.0005 2 5.80529e-08 0 0 1
Step 1511 0.7555 0.0005 2 3.96226e-08 0 0 1
Step 1512 0.756 0.0005 2 3.22508e-08 0 0 1
Step 1513 0.7565 0.0005 2 4.63768e-08 0 0 1
Step 1514 0.757 0.0005 2 4.74009e-08 0 0 1
Step 1515 0.7575 0.0005 2 5.36935e-08 0 0 1
Step 1516 0.758 0.0005 2 4.25891e-08 0 0 1
Step 1517 0.7585 0.0005 2 1.38981e-07 0 0 1
Step 1518 0.759 0.0005 2 6.65762e-08 0 0 1
Step 1519 0.7595 0.0005 2 4.65513e-08 0 0 1
Step 1520 0.76 0.0005 2 5.88319e-08 0 0 1
Step 1521 0.7605 0.0005 2 4.14436e-08 0 0 1
Step 1522 0.761 0.0005 2 4.95732e-08 0 0 1
Step 1523 0.7615 0.0005 2 4.45361e-08 0 0 1
Step 1524 0.762 0.0005 2 6.60344e-08 0 0 1
Step 1525 0.7625 0.0005 2 4.94399e-08 0 0 1
Step 1526 0.763 0.0005 2 4.48474e-08 0 0 1
Step 1527 0.7635 0.0005 2 5.41855e-08 0 0 1
Step 1528 0.764 0.0005 2 1.83816e-07 0 0 1
Step 1529 0.7645 0.0005 2 6.41719e-08 0 0 1
Step 1530 0.765 0.0005 2 9.02545e-08 0 0 1
Step 1531 0.7655 0.0005 2 1.07665e-07 0 0 1
Step 1532 0.766 0.0005 2 4.68693e-08 0 0 1
Step 1533 0.7665 0.0005 2 4.55102e-08 0 0 1
Step 1534 0.767 0.0005 2 4.70206e-08 0 0 1
Step 1535 0.7675 0.0005 2 6.43804e-08 0 0 1
Step 1536 0.768 0.0005 2 1.13558e-07 0 0 1
Step 1537 0.7685 0.0005 2 9.00727e-08 0 0 1
Step 1538 0.769 0.0005 2 3.7493e-07 0 0 1
Step 1539 0.7695 0.0005 2 7.73312e-08 0 0 1
Step 1540 0.77 0.0005 2 9.27191e-08 0 0 1
Step 1541 0.7705 0.0005 2 5.07381e-08 0 0 1
Step 1542 0.771 0.0005 2 7.11782e-08 0 0 1
Step 1543 0.7715 0.0005 2 5.35385e-08 0 0 1
Step 1544 0.772 0.0005 2 4.52248e-08 0 0 1
Step 1545 0.7725 0.0005 2 5.56571e-08 0 0 1
Step 1546 0.773 0.0005 2 2.46295e-07 0 0 1
Step 1547 0.7735 0.0005 3 3.88509e-08 0 0 1
Step 1548 0.774 0.0005 2 4.31566e-07 0 0 1
Step 1549 0.7745 0.0005 2 8.02942e-07 0 0 1
Step 1550 0.775 0.0005 2 9.13417e-08 0 0 1
Step 1551 0.7755 0.0005 2 3.92987e-08 0 0 1
Step 1552 0.776 0.0005 2 5.88239e-08 0 0 1
Step 1553 0.7765 0.0005 2 3.20291e-08 0 0 1
Step 1554 0.777 0.0005 2 4.38244e-08 0 0 1
Step 1555 0.7775 0.0005 2 5.30595e-08 0 0 1
Step 1556 0.778 0.0005 2 2.87982e-08 0 0 1
Step 1557 0.7785 0.0005 2 6.04337e-08 0 0 1
Step 1558 0.779 0.0005 2 2.14619e-07 0 0 1
Step 1559 0.7795 0.0005 2 3.86479e-07 0 0 1
Step 1560 0.78 0.0005 2 1.35503e-07 0 0 1
Step 1561 0.7805 0.0005 2 4.3841e-08 0 0 1
Step 1562 0.781 0.0005 2 4.69281e-08 0 0 1
Step 1563 0.7815 0.0005 2 4.58528e-08 0 0 1
Step 1564 0.782 0.0005 2 5.12015e-08 0 0 1
Step 1565 0.7825 0.0005 2 4.5349e-08 0 0 1
Step 1566 0.783 0.0005 2 7.80294e-08 0 0 1
Step 1567 0.7835 0.0005 2 6.14072e-08 0 0 1
Step 1568 0.784 0.0005 2 4.309e-08 0 0 1
Step 1569 0.7845 0.0005 2 4.26078e-08 0 0 1
Step 1570 0.785 0.0005 2 4.14647e-08 0 0 1
Step 1571 0.7855 0.0005 2 5.43959e-08 0 0 1
Step 1572 0.786 0.0005 2 4.4992e-08 0 0 1
Step 1573 0.7865 0.0005 2 6.59633e-08 0 0 1
Step 1574 0.787 0.0005 2 3.3585e-08 0 0 1
Step 1575 0.7875 0.0005 2 4.4702e-08 0 0 1
Step 1576 0.788 0.0005 2 6.30464e-08 0 0 1
Step 1577 0.7885 0.0005 2 4.07276e-08 0 0 1
Step 1578 0.789 0.0005 2 4.02532e-08 0 0 1
Step 1579 0.7895 0.0005 2 5.83403e-08 0 0 1
Step 1580 0.79 0.0005 2 5.10363e-08 0 0 1
Step 1581 0.7905 0.0005 2 2.8001e-07 0 0 1
Step 1582 0.791 0.0005 2 4.45393e-08 0 0 1
Step 1583 0.7915 0.0005 2 7.32057e-08 0 0 1
Step 1584 0.792 0.0005 2 3.67735e-08 0 0 1
Step 1585 0.7925 0.0005 2 5.26427e-08 0 0 1
Step 1586 0.793 0.0005 2 5.11645e-08 0 0 1
Step 1587 0.7935 0.0005 2 5.05161e-08 0 0 1
Step 1588 0.794 0.0005 2 9.89169e-08 0 0 1
Step 1589 0.7945 0.0005 2 4.67559e-08 0 0 1
Step 1590 0.795 0.0005 3 6.44539e-08 0 0 1
Step 1591 0.7955 0.0005 2 5.17753e-08 0 0 1
Step 1592 0.796 0.0005 2 3.03173e-08 0 0 1
Step 1593 0.7965 0.0005 2 3.89905e-08 0 0 1
Step 1594 0.797 0.0005 2 4.06238e-08 0 0 1
Step 1595 0.7975 0.0005 2 2.9322e-08 0 0 1
Step 1596 0.798 0.0005 2 5.80507e-08 0 0 1
Step 1597 0.7985 0.0005 2 5.45421e-08 0 0 1
Step 1598 0.799 0.0005 2 5.65515e-08 0 0 1
Step 1599 0.7995 0.0005 2 1.90763e-07 0 0 1
Step 1600 0.8 0.0005 2 6.53848e-08 0 0 1
Step 1601 0.8005 0.0005 2 4.28015e-08 0 0 1
Step 1602 0.801 0.0005 2 5.61038e-08 0 0 1
Step 1603 0.8015 0.0005 2 3.31811e-08 0 0 1
Step 1604 0.802 0.0005 2 8.6482e-08 0 0 1
Step 1605 0.8025 0.0005 2 5.5918e-08 0 0 1
Step 1606 0.803 0.0005 2 4.02888e-08 0 0 1
Step 1607 0.8035 0.0005 3 3.99131e-08 0 0 1
Step 1608 0.804 0.0005 2 3.58742e-08 0 0 1
Step 1609 0.8045 0.0005 2 5.57303e-08 0 0 1
Step 1610 0.805 0.0005 2 4.95892e-08 0 0 1
Step 1611 0.8055 0.0005 2 3.23613e-08 0 0 1
Step 1612 0.806 0.0005 2 3.16337e-08 0 0 1
Step 1613 0.8065 0.0005 2 4.39494e-08 0 0 1
Step 1614 0.807 0.0005 2 4.15513e-08 0 0 1
Step 1615 0.8075 0.0005 2 3.07194e-08 0 0 1
Step 1616 0.808 0.0005 2 4.20759e-08 0 0 1
Step 1617 0.8085 0.0005 2 3.32829e-08 0 0 1
Step 1618 0.809 0.0005 2 4.34475e-08 0 0 1
Step 1619 0.8095 0.0005 2 3.4886e-08 0 0 1
Step 1620 0.81 0.0005 2 5.30572e-08 0 0 1
Step 1621 0.8105 0.0005 2 4.53503e-08 0 0 1
Step 1622 0.811 0.0005 2 4.07301e-08 0 0 1
Step 1623 0.8115 0.0005 2 4.45111e-08 0 0 1
Step 1624 0.812 0.0005 2 4.61322e-08 0 0 1
Step 1625 0.8125 0.0005 2 4.14867e-08 0 0 1
Step 1626 0.813 0.0005 2 3.14979e-08 0 0 1
Step 1627 0.8135 0.0005 2 5.07885e-08 0 0 1
Step 1628 0.814 0.0005 2 5.81917e-08 0 0 1
Step 1629 0.8145 0.0005 2 6.35731e-08 0 0 1
Step 1630 0.815 0.0005 2 6.64141e-08 0 0 1
Step 1631 0.8155 0.0005 2 5.31858e-08 0 0 1
Step 1632 0.816 0.0005 2 4.11439e-08 0 0 1
Step 1633 0.8165 0.0005 2 4.36069e-08 0 0 1
Step 1634 0.817 0.0005 2 3.85377e-08 0 0 1
Step 1635 0.8175 0.0005 2 5.52507e-08 0 0 1
Step 1636 0.818 0.0005 2 3.33671e-08 0 0 1
Step 1637 0.8185 0.0005 2 3.97121e-08 0 0 1
Step 1638 0.819 0.0005 2 6.20227e-08 0 0 1
Step 1639 0.8195 0.0005 2 6.78509e-08 0 0 1
Step 1640 0.82 0.0005 2 9.56738e-07 0 0 1
Step 1641 0.8205 0.0005 2 6.09209e-07 0 0 1
Step 1642 0.821 0.0005 2 1.32883e-07 0 0 1
Step 1643 0.8215 0.0005 2 6.30749e-08 0 0 1
Step 1644 0.822 0.0005 2 4.97994e-08 0 0 1
Step 1645 0.8225 0.0005 2 3.91362e-08 0 0 1
Step 1646 0.823 0.0005 2 4.33676e-08 0 0 1
Step 1647 0.8235 0.0005 3 7.62226e-08 0 0 1
Step 1648 0.824 0.0005 2 4.98479e-08 0 0 1
Step 1649 0.8245 0.0005 2 5.37492e-08 0 0 1
Step 1650 0.825 0.0005 2 7.4946e-08 0 0 1
Step 1651 0.8255 0.0005 2 4.84394e-08 0 0 1
Step 1652 0.826 0.0005 2 6.51328e-08 0 0 1
Step 1653 0.8265 0.0005 2 5.5791e-08 0 0 1
Step 1654 0.827 0.0005 2 7.24433e-08 0 0 1
Step 1655 0.8275 0.0005 3 1.7816e-07 0 0 1
Step 1656 0.828 0.0005 2 3.118e-08 0 0 1
Step 1657 0.8285 0.0005 2 4.91353e-08 0 0 1
Step 1658 0.829 0.0005 2 5.20326e-08 0 0 1
Step 1659 0.8295 0.0005 2 5.80635e-08 0 0 1
Step 1660 0.83 0.0005 2 4.52256e-08 0 0 1
Step 1661 0.8305 0.0005 2 4.58625e-08 0 0 1
Step 1662 0.831 0.0005 2 3.07621e-08 0 0 1
Step 1663 0.8315 0.0005 2 6.25132e-08 0 0 1
Step 1664 0.832 0.0005 2 5.64139e-08 0 0 1
Step 1665 0.8325 0.0005 2 4.06108e-08 0 0 1
Step 1666 0.833 0.0005 2 3.69946e-08 0 0 1
Step 1667 0.8335 0.0005 2 4.88834e-08 0 0 1
Step 1668 0.834 0.0005 2 3.55781e-08 0 0 1
Step 1669 0.8345 0.0005 2 1.77648e-07 0 0 1
Step 1670 0.835 0.0005 2 5.95952e-08 0 0 1
Step 1671 0.8355 0.0005 2 7.43781e-08 0 0 1
Step 1672 0.836 0.0005 2 4.1642e-08 0 0 1
Step 1673 0.8365 0.0005 2 3.55762e-08 0 0 1
Step 1674 0.837 0.0005 2 5.03369e-08 0 0 1
Step 1675 0.8375 0.0005 2 3.32225e-08 0 0 1
Step 1676 0.838 0.0005 2 4.52426e-08 0 0 1
Step 1677 0.8385 0.0005 2 4.62185e-08 0 0 1
Step 1678 0.839 0.0005 2 3.55532e-08 0 0 1
Step 1679 0.8395 0.0005 2 5.94269e-08 0 0 1
Step 1680 0.84 0.0005 2 9.70809e-08 0 0 1
Step 1681 0.8405 0.0005 2 4.8203e-08 0 0 1
Step 1682 0.841 0.0005 2 1.94947e-07 0 0 1
Step 1683 0.8415 0.0005 2 5.38821e-08 0 0 1
Step 1684 0.842 0.0005 2 3.59825e-08 0 0 1
Step 1685 0.8425 0.0005 2 7.08126e-08 0 0 1
Step 1686 0.843 0.0005 2 4.78776e-08 0 0 1
Step 1687 0.8435 0.0005 2 5.10817e-08 0 0 1
Step 1688 0.844 0.0005 2 6.23436e-08 0 0 1
Step 1689 0.8445 0.0005 3 5.21733e-08 0 0 1
Step 1690 0.845 0.0005 2 9.69685e-08 0 0 1
Step 1691 0.8455 0.0005 2 5.45956e-08 0 0 1
Step 1692 0.846 0.0005 2 1.09449e-07 0 0 1
Step 1693 0.8465 0.0005 2 6.16397e-08 0 0 1
Step 1694 0.847 0.0005 2 3.80935e-08 0 0 1
Step 1695 0.8475 0.0005 4 4.03871e-07 0 0 1
Step 1696 0.848 0.0005 2 2.70854e-08 0 0 1
Step 1697 0.8485 0.0005 2 4.90807e-08 0 0 1
Step 1698 0.849 0.0005 2 5.15194e-08 0 0 1
Step 1699 0.8495 0.0005 2 4.79035e-08 0 0 1
Step 1700 0.85 0.0005 2 4.42739e-08 0 0 1
Step 1701 0.8505 0.0005 2 4.27018e-08 0 0 1
Step 1702 0.851 0.0005 2 4.99164e-08 0 0 1
Step 1703 0.8515 0.0005 3 2.67005e-08 0 0 1
Step 1704 0.852 0.0005 2 4.10188e-08 0 0 1
Step 1705 0.8525 0.0005 2 4.34344e-08 0 0 1
Step 1706 0.853 0.0005 3 1.78115e-07 0 0 1
Step 1707 0.8535 0.0005 2 3.55589e-08 0 0 1
Step 1708 0.854 0.0005 2 5.0538e-08 0 0 1
Step 1709 0.8545 0.0005 2 3.95827e-08 0 0 1
Step 1710 0.855 0.0005 2 4.06016e-08 0 0 1
Step 1711 0.8555 0.0005 2 1.33451e-07 0 0 1
Step 1712 0.856 0.0005 2 6.20307e-08 0 0 1
Step 1713 0.8565 0.0005 2 5.83296e-08 0 0 1
Step 1714 0.857 0.0005 2 4.49217e-08 0 0 1
Step 1715 0.8575 0.0005 2 6.26407e-08 0 0 1
Step 1716 0.858 0.0005 2 5.89962e-08 0 0 1
Step 1717 0.8585 0.0005 2 5.53981e-08 0 0 1
Step 1718 0.859 0.0005 2 5.5819e-08 0 0 1
Step 1719 0.8595 0.0005 2 4.13839e-08 0 0 1
Step 1720 0.86 0.0005 2 4.14912e-08 0 0 1
Step 1721 0.8605 0.0005 2 4.47209e-08 0 0 1
Step 1722 0.861 0.0005 3 8.78322e-08 0 0 1
Step 1723 0.8615 0.0005 2 3.36428e-08 0 0 1
Step 1724 0.862 0.0005 2 4.42093e-08 0 0 1
Step 1725 0.8625 0.0005 2 4.36589e-08 0 0 1
Step 1726 0.863 0.0005 2 3.83195e-08 0 0 1
Step 1727 0.8635 0.0005 2 4.88048e-08 0 0 1
Step 1728 0.864 0.0005 2 4.5307e-08 0 0 1
Step 1729 0.8645 0.0005 3 6.18619e-08 0 0 1
Step 1730 0.865 0.0005 2 4.28452e-08 0 0 1
Step 1731 0.8655 0.0005 2 3.41742e-08 0 0 1
Step 1732 0.866 0.0005 2 4.12623e-08 0 0 1
Step 1733 0.8665 0.0005 2 4.48989e-08 0 0 1
Step 1734 0.867 0.0005 2 5.22093e-08 0 0 1
Step 1735 0.8675 0.0005 2 4.1964e-08 0 0 1
Step 1736 0.868 0.0005 2 3.76459e-08 0 0 1
Step 1737 0.8685 0.0005 2 6.38876e-08 0 0 1
Step 1738 0.869 0.0005 2 3.17361e-08 0 0 1
Step 1739 0.8695 0.0005 2 5.64679e-08 0 0 1
Step 1740 0.87 0.0005 2 3.34916e-08 0 0 1
Step 1741 0.8705 0.0005 2 4.69939e-08 0 0 1
Step 1742 0.871 0.0005 2 4.61682e-08 0 0 1
Step 1743 0.8715 0.0005 2 4.47728e-08 0 0 1
Step 1744 0.872 0.0005 2 5.03998e-08 0 0 1
Step 1745 0.8725 0.0005 2 5.16221e-08 0 0 1
Step 1746 0.873 0.0005 2 4.54674e-08 0 0 1
Step 1747 0.8735 0.0005 3 4.53648e-08 0 0 1
Step 1748 0.874 0.0005 2 6.14512e-07 0 0 1
Step 1749 0.8745 0.0005 2 6.17824e-08 0 0 1
Step 1750 0.875 0.0005 2 3.35587e-08 0 0 1
Step 1751 0.8755 0.0005 3 3.88466e-08 0 0 1
Step 1752 0.876 0.0005 3 5.66122e-08 0 0 1
Step 1753 0.8765 0.0005 2 3.39181e-08 0 0 1
Step 1754 0.877 0.0005 2 5.88744e-08 0 0 1
Step 1755 0.8775 0.0005 2 4.34309e-08 0 0 1
Step 1756 0.878 0.0005 2 5.09896e-08 0 0 1
Step 1757 0.8785 0.0005 2 4.97331e-08 0 0 1
Step 1758 0.879 0.0005 2 3.63153e-08 0 0 1
Step 1759 0.8795 0.0005 2 5.30521e-08 0 0 1
Step 1760 0.88 0.0005 2 5.76066e-08 0 0 1
Step 1761 0.8805 0.0005 2 5.27184e-08 0 0 1
Step 1762 0.881 0.0005 2 1.03333e-07 0 0 1
Step 1763 0.8815 0.0005 2 6.53421e-08 0 0 1
Step 1764 0.882 0.0005 2 6.00641e-07 0 0 1
Step 1765 0.8825 0.0005 2 3.29388e-08 0 0 1
Step 1766 0.883 0.0005 2 3.69851e-08 0 0 1
Step 1767 0.8835 0.0005 2 4.19674e-08 0 0 1
Step 1768 0.884 0.0005 2 3.35803e-08 0 0 1
Step 1769 0.8845 0.0005 2 4.16232e-08 0 0 1
Step 1770 0.885 0.0005 2 9.2966e-08 0 0 1
Step 1771 0.8855 0.0005 2 4.44308e-07 0 0 1
Step 1772 0.886 0.0005 2 5.02051e-08 0 0 1
Step 1773 0.8865 0.0005 2 8.90589e-08 0 0 1
Step 1774 0.887 0.0005 2 5.15449e-08 0 0 1
Step 1775 0.8875 0.0005 2 4.71355e-08 0 0 1
Step 1776 0.888 0.0005 2 6.76897e-08 0 0 1
Step 1777 0.8885 0.0005 2 5.20934e-08 0 0 1
Step 1778 0.889 0.0005 2 4.58214e-08 0 0 1
Step 1779 0.8895 0.0005 2 1.08493e-07 0 0 1
Step 1780 0.89 0.0005 2 6.56609e-08 0 0 1
Step 1781 0.8905 0.0005 2 5.68412e-08 0 0 1
Step 1782 0.891 0.0005 2 6.52916e-08 0 0 1
Step 1783 0.8915 0.0005 2 9.59927e-08 0 0 1
Step 1784 0.892 0.0005 2 5.03294e-08 0 0 1
Step 1785 0.8925 0.0005 2 5.12653e-08 0 0 1
Step 1786 0.893 0.0005 2 3.6676e-08 0 0 1
Step 1787 0.8935 0.0005 2 3.11673e-08 0 0 1
Step 1788 0.894 0.0005 2 6.19592e-08 0 0 1
Step 1789 0.8945 0.0005 2 5.43e-07 0 0 1
Step 1790 0.895 0.0005 2 9.50428e-08 0 0 1
Step 1791 0.8955 0.0005 2 2.25398e-07 0 0 1
Step 1792 0.896 0.0005 2 1.25101e-07 0 0 1
Step 1793 0.8965 0.0005 2 4.99687e-07 0 0 1
Step 1794 0.897 0.0005 2 6.06437e-08 0 0 1
Step 1795 0.8975 0.0005 2 6.76433e-08 0 0 1
Step 1796 0.898 0.0005 2 4.26323e-08 0 0 1
Step 1797 0.8985 0.0005 2 4.20551e-08 0 0 1
Step 1798 0.899 0.0005 2 4.5199e-08 0 0 1
Step 1799 0.8995 0.0005 2 2.55847e-08 0 0 1
Step 1800 0.9 0.0005 2 4.16558e-08 0 0 1
Step 1801 0.9005 0.0005 2 7.26098e-08 0 0 1
Step 1802 0.901 0.0005 2 6.33816e-08 0 0 1
Step 1803 0.9015 0.0005 2 5.58153e-08 0 0 1
Step 1804 0.902 0.0005 2 3.79032e-08 0 0 1
Step 1805 0.9025 0.0005 2 4.00129e-08 0 0 1
Step 1806 0.903 0.0005 2 3.96332e-08 0 0 1
Step 1807 0.9035 0.0005 2 3.58456e-08 0 0 1
Step 1808 0.904 0.0005 2 3.39745e-08 0 0 1
Step 1809 0.9045 0.0005 2 4.11479e-08 0 0 1
Step 1810 0.905 0.0005 2 4.65505e-08 0 0 1
Step 1811 0.9055 0.0005 2 4.74018e-08 0 0 1
Step 1812 0.906 0.0005 2 4.81107e-08 0 0 1
Step 1813 0.9065 0.0005 2 5.42702e-08 0 0 1
Step 1814 0.907 0.0005 2 2.98766e-07 0 0 1
Step 1815 0.9075 0.0005 2 6.90809e-08 0 0 1
Step 1816 0.908 0.0005 2 3.57369e-08 0 0 1
Step 1817 0.9085 0.0005 2 7.56944e-08 0 0 1
Step 1818 0.909 0.0005 2 6.01728e-08 0 0 1
Step 1819 0.9095 0.0005 2 9.12054e-08 0 0 1
Step 1820 0.91 0.0005 2 5.38444e-08 0 0 1
Step 1821 0.9105 0.0005 2 2.86974e-07 0 0 1
Step 1822 0.911 0.0005 2 2.66482e-07 0 0 1
Step 1823 0.9115 0.0005 2 8.50368e-08 0 0 1
Step 1824 0.912 0.0005 2 1.0163e-07 0 0 1
Step 1825 0.9125 0.0005 2 2.64436e-07 0 0 1
Step 1826 0.913 0.0005 3 3.84173e-07 0 0 1
Step 1827 0.9135 0.0005 2 4.52288e-08 0 0 1
Step 1828 0.914 0.0005 2 5.67939e-08 0 0 1
Step 1829 0.9145 0.0005 2 2.94532e-08 0 0 1
Step 1830 0.915 0.0005 2 3.64917e-08 0 0 1
Step 1831 0.9155 0.0005 2 4.34019e-08 0 0 1
Step 1832 0.916 0.0005 2 6.0402e-08 0 0 1
Step 1833 0.9165 0.0005 2 5.11527e-08 0 0 1
Step 1834 0.917 0.0005 2 1.76207e-07 0 0 1
Step 1835 0.9175 0.0005 2 7.13266e-08 0 0 1
Step 1836 0.918 0.0005 2 4.22861e-08 0 0 1
Step 1837 0.9185 0.0005 2 5.39332e-08 0 0 1
Step 1838 0.919 0.0005 2 4.38631e-08 0 0 1
Step 1839 0.9195 0.0005 2 3.00398e-08 0 0 1
Step 1840 0.92 0.0005 2 3.86907e-08 0 0 1
Step 1841 0.9205 0.0005 2 4.28972e-08 0 0 1
Step 1842 0.921 0.0005 2 5.89525e-08 0 0 1
Step 1843 0.9215 0.0005 2 5.10149e-08 0 0 1
Step 1844 0.922 0.0005 2 3.98333e-08 0 0 1
Step 1845 0.9225 0.0005 4 5.09802e-08 0 0 1
Step 1846 0.923 0.0005 2 3.79943e-08 0 0 1
Step 1847 0.9235 0.0005 2 3.32561e-08 0 0 1
Step 1848 0.924 0.0005 2 5.29354e-08 0 0 1
Step 1849 0.9245 0.0005 2 5.62972e-08 0 0 1
Step 1850 0.925 0.0005 2 4.31786e-08 0 0 1
Step 1851 0.9255 0.0005 2 3.4809e-08 0 0 1
Step 1852 0.926 0.0005 3 3.68532e-08 0 0 1
Step 1853 0.9265 0.0005 2 7.3858e-08 0 0 1
Step 1854 0.927 0.0005 2 4.93718e-08 0 0 1
Step 1855 0.9275 0.0005 2 4.59841e-08 0 0 1
Step 1856 0.928 0.0005 2 4.37359e-08 0 0 1
Step 1857 0.9285 0.0005 2 2.8988e-08 0 0 1
Step 1858 0.929 0.0005 2 5.00385e-08 0 0 1
Step 1859 0.9295 0.0005 2 5.70513e-08 0 0 1
Step 1860 0.93 0.0005 2 3.79224e-08 0 0 1
Step 1861 0.9305 0.0005 3 3.43838e-08 0 0 1
Step 1862 0.931 0.0005 4 4.42344e-08 0 0 1
Step 1863 0.9315 0.0005 2 3.76601e-08 0 0 1
Step 1864 0.932 0.0005 2 3.07725e-08 0 0 1
Step 1865 0.9325 0.0005 2 4.51109e-08 0 0 1
Step 1866 0.933 0.0005 2 3.46792e-08 0 0 1
Step 1867 0.9335 0.0005 2 4.22751e-08 0 0 1
Step 1868 0.934 0.0005 2 3.85412e-08 0 0 1
Step 1869 0.9345 0.0005 2 5.28579e-08 0 0 1
Step 1870 0.935 0.0005 2 4.723e-08 0 0 1
Step 1871 0.9355 0.0005 2 1.41861e-07 0 0 1
Step 1872 0.936 0.0005 2 8.09722e-08 0 0 1
Step 1873 0.9365 0.0005 2 6.55076e-08 0 0 1
Step 1874 0.937 0.0005 2 4.79489e-08 0 0 1
Step 1875 0.9375 0.0005 2 5.09332e-08 0 0 1
Step 1876 0.938 0.0005 2 3.92585e-08 0 0 1
Step 1877 0.9385 0.0005 2 4.76529e-08 0 0 1
Step 1878 0.939 0.0005 2 7.57105e-08 0 0 1
Step 1879 0.9395 0.0005 2 4.58119e-08 0 0 1
Step 1880 0.94 0.0005 3 8.76429e-08 0 0 1
Step 1881 0.9405 0.0005 3 3.56549e-08 0 0 1
Step 1882 0.941 0.0005 3 3.13899e-08 0 0 1
Step 1883 0.9415 0.0005 3 7.38851e-08 0 0 1
Step 1884 0.942 0.0005 3 5.19119e-07 0 0 1
Step 1885 0.9425 0.0005 2 6.16899e-08 0 0 1
Step 1886 0.943 0.0005 2 3.82474e-08 0 0 1
Step 1887 0.9435 0.0005 2 4.99246e-08 0 0 1
Step 1888 0.944 0.0005 2 5.98577e-08 0 0 1
Step 1889 0.9445 0.0005 2 3.70662e-08 0 0 1
Step 1890 0.945 0.0005 2 5.69709e-08 0 0 1
Step 1891 0.9455 0.0005 2 6.45603e-08 0 0 1
Step 1892 0.946 0.0005 2 6.86686e-08 0 0 1
Step 1893 0.9465 0.0005 2 8.76204e-08 0 0 1
Step 1894 0.947 0.0005 2 9.26037e-08 0 0 1
Step 1895 0.9475 0.0005 2 1.09287e-07 0 0 1
Step 1896 0.948 0.0005 2 8.56554e-08 0 0 1
Step 1897 0.9485 0.0005 3 6.97754e-07 0 0 1
Step 1898 0.949 0.0005 2 7.27512e-08 0 0 1
Step 1899 0.9495 0.0005 2 4.81475e-08 0 0 1
Step 1900 0.95 0.0005 2 4.1416e-08 0 0 1
Step 1901 0.9505 0.0005 2 4.63144e-08 0 0 1
Step 1902 0.951 0.0005 2 3.61422e-08 0 0 1
Step 1903 0.9515 0.0005 2 4.80117e-08 0 0 1
Step 1904 0.952 0.0005 2 7.2421e-08 0 0 1
Step 1905 0.9525 0.0005 2 5.45064e-08 0 0 1
Step 1906 0.953 0.0005 2 1.01538e-07 0 0 1
Step 1907 0.9535 0.0005 2 3.09335e-08 0 0 1
Step 1908 0.954 0.0005 2 5.37666e-08 0 0 1
Step 1909 0.9545 0.0005 2 4.59994e-08 0 0 1
Step 1910 0.955 0.0005 2 5.52263e-08 0 0 1
Step 1911 0.9555 0.0005 2 4.12549e-08 0 0 1
Step 1912 0.956 0.0005 2 6.50205e-08 0 0 1
Step 1913 0.9565 0.0005 2 3.92882e-08 0 0 1
Step 1914 0.957 0.0005 2 4.44108e-08 0 0 1
Step 1915 0.9575 0.0005 2 2.97288e-08 0 0 1
Step 1916 0.958 0.0005 2 5.77194e-08 0 0 1
Step 1917 0.9585 0.0005 2 4.33254e-08 0 0 1
Step 1918 0.959 0.0005 2 4.36815e-08 0 0 1
Step 1919 0.9595 0.0005 2 5.60663e-08 0 0 1
Step 1920 0.96 0.0005 2 3.43506e-08 0 0 1
Step 1921 0.9605 0.0005 2 3.36111e-08 0 0 1
Step 1922 0.961 0.0005 2 5.4012e-08 0 0 1
Step 1923 0.9615 0.0005 2 6.81647e-08 0 0 1
Step 1924 0.962 0.0005 2 5.66953e-08 0 0 1
Step 1925 0.9625 0.0005 2 5.06828e-08 0 0 1
Step 1926 0.963 0.0005 2 4.06942e-08 0 0 1
Step 1927 0.9635 0.0005 4 5.12854e-08 0 0 1
Step 1928 0.964 0.0005 2 2.84731e-08 0 0 1
Step 1929 0.9645 0.0005 2 5.52332e-08 0 0 1
Step 1930 0.965 0.0005 2 3.97998e-08 0 0 1
Step 1931 0.9655 0.0005 2 4.62027e-08 0 0 1
Step 1932 0.966 0.0005 2 6.1059e-08 0 0 1
Step 1933 0.9665 0.0005 2 3.06133e-08 0 0 1
Step 1934 0.967 0.0005 2 5.94385e-08 0 0 1
Step 1935 0.9675 0.0005 2 5.52773e-08 0 0 1
Step 1936 0.968 0.0005 3 4.35925e-07 0 0 1
Step 1937 0.9685 0.0005 2 4.1742e-08 0 0 1
Step 1938 0.969 0.0005 2 3.18128e-08 0 0 1
Step 1939 0.9695 0.0005 2 4.22008e-08 0 0 1
Step 1940 0.97 0.0005 2 4.60134e-08 0 0 1
Step 1941 0.9705 0.0005 2 7.21447e-08 0 0 1
Step 1942 0.971 0.0005 2 5.33486e-08 0 0 1
Step 1943 0.9715 0.0005 2 1.78023e-07 0 0 1
Step 1944 0.972 0.0005 2 6.64978e-08 0 0 1
Step 1945 0.9725 0.0005 2 3.53973e-08 0 0 1
Step 1946 0.973 0.0005 2 3.8525e-08 0 0 1
Step 1947 0.9735 0.0005 2 5.20797e-08 0 0 1
Step 1948 0.974 0.0005 2 5.04934e-08 0 0 1
Step 1949 0.9745 0.0005 2 3.20258e-08 0 0 1
Step 1950 0.975 0.0005 2 6.22285e-08 0 0 1
Step 1951 0.9755 0.0005 2 5.0017e-08 0 0 1
Step 1952 0.976 0.0005 3 5.36499e-07 0 0 1
Step 1953 0.9765 0.0005 2 4.50485e-08 0 0 1
Step 1954 0.977 0.0005 2 6.33782e-08 0 0 1
Step 1955 0.9775 0.0005 2 4.19121e-08 0 0 1
Step 1956 0.978 0.0005 2 5.95135e-08 0 0 1
Step 1957 0.9785 0.0005 2 5.51558e-08 0 0 1
Step 1958 0.979 0.0005 2 5.88712e-08 0 0 1
Step 1959 0.9795 0.0005 2 4.16339e-08 0 0 1
Step 1960 0.98 0.0005 2 4.46608e-08 0 0 1
Step 1961 0.9805 0.0005 2 2.17102e-07 0 0 1
Step 1962 0.981 0.0005 2 5.58046e-08 0 0 1
Step 1963 0.9815 0.0005 2 3.81967e-08 0 0 1
Step 1964 0.982 0.0005 2 6.94888e-08 0 0 1
Step 1965 0.9825 0.0005 2 8.56045e-08 0 0 1
Step 1966 0.983 0.0005 2 4.92132e-08 0 0 1
Step 1967 0.9835 0.0005 2 4.38691e-08 0 0 1
Step 1968 0.984 0.0005 2 5.33212e-08 0 0 1
Step 1969 0.9845 0.0005 2 4.26164e-08 0 0 1
Step 1970 0.985 0.0005 2 5.19249e-08 0 0 1
Step 1971 0.9855 0.0005 2 4.42371e-08 0 0 1
Step 1972 0.986 0.0005 2 4.56863e-08 0 0 1
Step 1973 0.9865 0.0005 2 4.00604e-08 0 0 1
Step 1974 0.987 0.0005 2 5.0785e-08 0 0 1
Step 1975 0.9875 0.0005 2 3.14596e-08 0 0 1
Step 1976 0.988 0.0005 2 5.57645e-08 0 0 1
Step 1977 0.9885 0.0005 3 8.16022e-08 0 0 1
Step 1978 0.989 0.0005 2 4.37123e-08 0 0 1
Step 1979 0.9895 0.0005 2 3.31477e-08 0 0 1
Step 1980 0.99 0.0005 2 4.98809e-08 0 0 1
Step 1981 0.9905 0.0005 2 4.01486e-08 0 0 1
Step 1982 0.991 0.0005 2 5.21572e-08 0 0 1
Step 1983 0.9915 0.0005 2 4.39681e-08 0 0 1
Step 1984 0.992 0.0005 3 1.43161e-07 0 0 1
Step 1985 0.9925 0.0005 2 5.55582e-08 0 0 1
Step 1986 0.993 0.0005 2 6.86084e-08 0 0 1
Step 1987 0.9935 0.0005 2 3.99919e-08 0 0 1
Step 1988 0.994 0.0005 2 3.01713e-08 0 0 1
Step 1989 0.9945 0.0005 2 4.12771e-08 0 0 1
Step 1990 0.995 0.0005 2 5.04326e-08 0 0 1
Step 1991 0.9955 0.0005 2 3.88522e-08 0 0 1
Step 1992 0.996 0.0005 2 4.70979e-08 0 0 1
Step 1993 0.9965 0.0005 2 4.49655e-08 0 0 1
Step 1994 0.997 0.0005 2 8.44976e-08 0 0 1
Step 1995 0.9975 0.0005 2 9.15281e-08 0 0 1
Step 1996 0.998 0.0005 2 3.47947e-08 0 0 1
Step 1997 0.9985 0.0005 2 6.86324e-08 0 0 1
Step 1998 0.999 0.0005 2 7.24478e-07 0 0 1
Step 1999 0.9995 0.0005 2 3.85637e-08 0 0 1
Step 2000 1 0.0005 2 3.87362e-08 0 0 1
Step 2001 1.0005 0.0005 2 2.94478e-08 0 0 1
