# Derivatives solution step at time 0 performed in 0 iterations with 1.18351 error
# Key for lines starting with "Step":
# Step Time TStep NIter ResErr SolErr SolConv Out
Step 0 0 0 0 1.18351 0 0 1
Step 1 0.001 0.001 2 1.3787e-07 0 0 1
Step 2 0.002 0.001 2 1.15478e-05 0 0 1
Step 3 0.003 0.001 2 9.67449e-05 0 0 1
Step 4 0.004 0.001 2 2.13293e-05 0 0 1
Step 5 0.005 0.001 2 8.10158e-06 0 0 1
Step 6 0.006 0.001 2 1.36725e-06 0 0 1
Step 7 0.007 0.001 2 4.33426e-06 0 0 1
Step 8 0.008 0.001 2 3.07717e-05 0 0 1
Step 9 0.009 0.001 2 3.04859e-06 0 0 1
Step 10 0.01 0.001 6 4.80734e-08 0 0 1
Step 11 0.011 0.001 2 1.99661e-06 0 0 1
Step 12 0.012 0.001 2 2.93213e-07 0 0 1
Step 13 0.013 0.001 2 6.42677e-08 0 0 1
Step 14 0.014 0.001 2 3.96294e-08 0 0 1
Step 15 0.015 0.001 2 3.85987e-08 0 0 1
Step 16 0.016 0.001 2 5.17571e-08 0 0 1
Step 17 0.017 0.001 2 4.43537e-08 0 0 1
Step 18 0.018 0.001 2 4.66865e-08 0 0 1
Step 19 0.019 0.001 1 7.7159e-05 0 0 1
Step 20 0.02 0.001 1 8.82429e-05 0 0 1
Step 21 0.021 0.001 2 6.31491e-08 0 0 1
Step 22 0.022 0.001 2 6.07189e-08 0 0 1
Step 23 0.023 0.001 2 4.96507e-08 0 0 1
Step 24 0.024 0.001 2 8.83287e-08 0 0 1
Step 25 0.025 0.001 2 1.1422e-07 0 0 1
Step 26 0.026 0.001 2 5.26387e-08 0 0 1
Step 27 0.027 0.001 2 7.17754e-08 0 0 1
Step 28 0.028 0.001 2 7.33472e-08 0 0 1
Step 29 0.029 0.001 2 5.60832e-08 0 0 1
Step 30 0.03 0.001 1 8.82976e-05 0 0 1
Step 31 0.031 0.001 1 6.57839e-05 0 0 1
Step 32 0.032 0.001 1 4.81655e-05 0 0 1
Step 33 0.033 0.001 1 3.68828e-05 0 0 1
Step 34 0.034 0.001 1 3.17527e-05 0 0 1
Step 35 0.035 0.001 1 2.93553e-05 0 0 1
Step 36 0.036 0.001 1 2.41564e-05 0 0 1
Step 37 0.037 0.001 1 1.77718e-05 0 0 1
Step 38 0.038 0.001 1 1.23655e-05 0 0 1
Step 39 0.039 0.001 1 1.0268e-05 0 0 1
Step 40 0.04 0.001 1 1.47309e-05 0 0 1
Step 41 0.041 0.001 1 2.63455e-05 0 0 1
Step 42 0.042 0.001 1 4.32045e-05 0 0 1
Step 43 0.043 0.001 1 6.44422e-05 0 0 1
Step 44 0.044 0.001 1 8.92928e-05 0 0 1
Step 45 0.045 0.001 2 5.63087e-08 0 0 1
Step 46 0.046 0.001 2 4.47673e-08 0 0 1
Step 47 0.047 0.001 2 1.05519e-07 0 0 1
Step 48 0.048 0.001 2 1.13906e-07 0 0 1
Step 49 0.049 0.001 2 1.86803e-07 0 0 1
Step 50 0.05 0.001 2 4.60765e-07 0 0 1
Step 51 0.051 0.001 2 8.75816e-08 0 0 1
Step 52 0.052 0.001 2 1.17721e-07 0 0 1
Step 53 0.053 0.001 2 5.53172e-08 0 0 1
Step 54 0.054 0.001 2 6.42648e-08 0 0 1
Step 55 0.055 0.001 2 8.12739e-08 0 0 1
Step 56 0.056 0.001 2 6.25957e-08 0 0 1
Step 57 0.057 0.001 2 5.44196e-08 0 0 1
Step 58 0.058 0.001 2 4.32145e-08 0 0 1
Step 59 0.059 0.001 2 8.66581e-08 0 0 1
Step 60 0.06 0.001 2 6.6948e-08 0 0 1
Step 61 0.061 0.001 1 8.86593e-05 0 0 1
Step 62 0.062 0.001 1 5.67547e-05 0 0 1
Step 63 0.063 0.001 1 3.36217e-05 0 0 1
Step 64 0.064 0.001 1 3.24376e-05 0 0 1
Step 65 0.065 0.001 1 1.51122e-05 0 0 1
Step 66 0.066 0.001 1 1.55205e-05 0 0 1
Step 67 0.067 0.001 1 1.59056e-05 0 0 1
Step 68 0.068 0.001 1 2.4338e-05 0 0 1
Step 69 0.069 0.001 1 4.40302e-05 0 0 1
Step 70 0.07 0.001 1 7.1898e-05 0 0 1
Step 71 0.071 0.001 2 3.99816e-08 0 0 1
Step 72 0.072 0.001 2 4.59855e-08 0 0 1
Step 73 0.073 0.001 2 5.03281e-08 0 0 1
Step 74 0.074 0.001 2 4.49707e-08 0 0 1
Step 75 0.075 0.001 2 8.35856e-08 0 0 1
Step 76 0.076 0.001 2 4.78273e-07 0 0 1
Step 77 0.077 0.001 2 6.12273e-08 0 0 1
Step 78 0.078 0.001 2 3.89733e-08 0 0 1
Step 79 0.079 0.001 2 5.51974e-08 0 0 1
Step 80 0.08 0.001 2 1.62786e-07 0 0 1
Step 81 0.081 0.001 2 1.92813e-07 0 0 1
Step 82 0.082 0.001 2 9.33977e-08 0 0 1
Step 83 0.083 0.001 2 5.02204e-08 0 0 1
Step 84 0.084 0.001 2 5.55506e-08 0 0 1
Step 85 0.085 0.001 2 4.53202e-08 0 0 1
Step 86 0.086 0.001 2 5.53588e-08 0 0 1
Step 87 0.087 0.001 2 5.94878e-08 0 0 1
Step 88 0.088 0.001 2 5.14463e-08 0 0 1
Step 89 0.089 0.001 2 3.09013e-08 0 0 1
Step 90 0.09 0.001 2 3.91046e-08 0 0 1
Step 91 0.091 0.001 2 9.02115e-08 0 0 1
Step 92 0.092 0.001 1 6.73656e-05 0 0 1
Step 93 0.093 0.001 1 3.53791e-05 0 0 1
Step 94 0.094 0.001 1 2.76771e-05 0 0 1
Step 95 0.095 0.001 1 7.81961e-06 0 0 1
Step 96 0.096 0.001 1 1.20224e-05 0 0 1
Step 97 0.097 0.001 1 2.25009e-05 0 0 1
Step 98 0.098 0.001 1 4.66336e-05 0 0 1
Step 99 0.099 0.001 1 8.46351e-05 0 0 1
Step 100 0.1 0.001 2 3.50781e-08 0 0 1
Step 101 0.101 0.001 2 2.94592e-08 0 0 1
Step 102 0.102 0.001 2 4.94301e-08 0 0 1
Step 103 0.103 0.001 2 5.51061e-08 0 0 1
Step 104 0.104 0.001 2 6.67978e-08 0 0 1
Step 105 0.105 0.001 2 4.47749e-08 0 0 1
Step 106 0.106 0.001 2 6.57149e-08 0 0 1
Step 107 0.107 0.001 2 7.11324e-08 0 0 1
Step 108 0.108 0.001 2 3.46212e-07 0 0 1
Step 109 0.109 0.001 2 9.68807e-06 0 0 1
Step 110 0.11 0.001 2 1.66575e-07 0 0 1
Step 111 0.111 0.001 2 6.77111e-08 0 0 1
Step 112 0.112 0.001 2 4.77695e-08 0 0 1
Step 113 0.113 0.001 2 4.84934e-08 0 0 1
Step 114 0.114 0.001 2 6.98737e-08 0 0 1
Step 115 0.115 0.001 2 4.67977e-08 0 0 1
Step 116 0.116 0.001 2 3.19393e-08 0 0 1
Step 117 0.117 0.001 2 4.03316e-08 0 0 1
Step 118 0.118 0.001 2 4.37696e-08 0 0 1
Step 119 0.119 0.001 2 5.03774e-08 0 0 1
Step 120 0.12 0.001 2 4.98817e-08 0 0 1
Step 121 0.121 0.001 2 4.78361e-08 0 0 1
Step 122 0.122 0.001 2 4.67989e-08 0 0 1
Step 123 0.123 0.001 1 5.21993e-05 0 0 1
Step 124 0.124 0.001 1 2.15014e-05 0 0 1
Step 125 0.125 0.001 1 4.63088e-06 0 0 1
Step 126 0.126 0.001 1 7.36969e-06 0 0 1
Step 127 0.127 0.001 1 2.55323e-05 0 0 1
Step 128 0.128 0.001 1 6.19362e-05 0 0 1
Step 129 0.129 0.001 2 4.67616e-08 0 0 1
Step 130 0.13 0.001 2 2.92924e-08 0 0 1
Step 131 0.131 0.001 2 2.98049e-08 0 0 1
Step 132 0.132 0.001 2 4.59866e-08 0 0 1
Step 133 0.133 0.001 2 7.39335e-08 0 0 1
Step 134 0.134 0.001 2 5.72084e-08 0 0 1
Step 135 0.135 0.001 2 4.75267e-08 0 0 1
Step 136 0.136 0.001 2 5.62232e-08 0 0 1
Step 137 0.137 0.001 2 1.07161e-07 0 0 1
Step 138 0.138 0.001 2 1.9608e-07 0 0 1
Step 139 0.139 0.001 2 9.67316e-08 0 0 1
Step 140 0.14 0.001 2 6.89156e-07 0 0 1
Step 141 0.141 0.001 2 1.21195e-07 0 0 1
Step 142 0.142 0.001 2 9.01471e-08 0 0 1
Step 143 0.143 0.001 2 5.4995e-08 0 0 1
Step 144 0.144 0.001 2 6.16898e-08 0 0 1
Step 145 0.145 0.001 2 7.24833e-08 0 0 1
Step 146 0.146 0.001 2 4.53866e-08 0 0 1
Step 147 0.147 0.001 2 6.64159e-08 0 0 1
Step 148 0.148 0.001 2 3.94997e-08 0 0 1
Step 149 0.149 0.001 2 5.04003e-08 0 0 1
Step 150 0.15 0.001 2 5.84163e-08 0 0 1
Step 151 0.151 0.001 2 3.36717e-08 0 0 1
Step 152 0.152 0.001 2 4.71001e-08 0 0 1
Step 153 0.153 0.001 1 8.28433e-05 0 0 1
Step 154 0.154 0.001 1 3.22381e-05 0 0 1
Step 155 0.155 0.001 1 5.60499e-06 0 0 1
Step 156 0.156 0.001 1 2.61968e-06 0 0 1
Step 157 0.157 0.001 1 2.22122e-05 0 0 1
Step 158 0.158 0.001 1 6.49262e-05 0 0 1
Step 159 0.159 0.001 2 3.65483e-08 0 0 1
Step 160 0.16 0.001 2 3.07044e-08 0 0 1
Step 161 0.161 0.001 2 4.18835e-08 0 0 1
Step 162 0.162 0.001 2 4.3248e-08 0 0 1
Step 163 0.163 0.001 2 4.56808e-08 0 0 1
Step 164 0.164 0.001 2 5.53245e-08 0 0 1
Step 165 0.165 0.001 2 6.25753e-08 0 0 1
Step 166 0.166 0.001 2 3.72391e-08 0 0 1
Step 167 0.167 0.001 2 7.99997e-08 0 0 1
Step 168 0.168 0.001 2 5.93953e-08 0 0 1
Step 169 0.169 0.001 2 1.63786e-07 0 0 1
Step 170 0.17 0.001 2 1.86461e-07 0 0 1
Step 171 0.171 0.001 2 7.71321e-08 0 0 1
Step 172 0.172 0.001 2 7.03682e-08 0 0 1
Step 173 0.173 0.001 2 4.27874e-08 0 0 1
Step 174 0.174 0.001 2 6.55845e-08 0 0 1
Step 175 0.175 0.001 2 5.47895e-08 0 0 1
Step 176 0.176 0.001 2 5.89519e-08 0 0 1
Step 177 0.177 0.001 2 4.11291e-08 0 0 1
Step 178 0.178 0.001 2 3.4972e-08 0 0 1
Step 179 0.179 0.001 2 6.12887e-08 0 0 1
Step 180 0.18 0.001 2 4.87646e-08 0 0 1
Step 181 0.181 0.001 2 6.77706e-08 0 0 1
Step 182 0.182 0.001 2 5.10938e-08 0 0 1
Step 183 0.183 0.001 2 4.67002e-08 0 0 1
Step 184 0.184 0.001 1 8.47924e-05 0 0 1
Step 185 0.185 0.001 1 2.29347e-05 0 0 1
Step 186 0.186 0.001 1 2.14612e-06 0 0 1
Step 187 0.187 0.001 1 1.11757e-05 0 0 1
Step 188 0.188 0.001 1 4.88495e-05 0 0 1
Step 189 0.189 0.001 2 4.42711e-08 0 0 1
Step 190 0.19 0.001 2 3.94548e-08 0 0 1
Step 191 0.191 0.001 2 4.9505e-08 0 0 1
Step 192 0.192 0.001 2 3.72149e-08 0 0 1
Step 193 0.193 0.001 2 3.35253e-08 0 0 1
Step 194 0.194 0.001 2 6.37793e-08 0 0 1
Step 195 0.195 0.001 2 5.8401e-08 0 0 1
Step 196 0.196 0.001 2 6.67516e-08 0 0 1
Step 197 0.197 0.001 2 6.02872e-08 0 0 1
Step 198 0.198 0.001 2 6.52189e-08 0 0 1
Step 199 0.199 0.001 2 3.52488e-07 0 0 1
Step 200 0.2 0.001 2 1.06032e-07 0 0 1
Step 201 0.201 0.001 2 4.3399e-07 0 0 1
Step 202 0.202 0.001 2 7.24611e-08 0 0 1
Step 203 0.203 0.001 2 7.96946e-08 0 0 1
Step 204 0.204 0.001 2 5.28953e-08 0 0 1
Step 205 0.205 0.001 2 5.28282e-08 0 0 1
Step 206 0.206 0.001 2 3.44132e-08 0 0 1
Step 207 0.207 0.001 2 6.12888e-08 0 0 1
Step 208 0.208 0.001 2 5.48555e-08 0 0 1
Step 209 0.209 0.001 2 2.73671e-08 0 0 1
Step 210 0.21 0.001 2 7.09209e-08 0 0 1
Step 211 0.211 0.001 2 5.74914e-08 0 0 1
Step 212 0.212 0.001 2 4.56894e-08 0 0 1
Step 213 0.213 0.001 2 3.48161e-08 0 0 1
Step 214 0.214 0.001 2 3.80664e-08 0 0 1
Step 215 0.215 0.001 1 4.28765e-05 0 0 1
Step 216 0.216 0.001 1 6.32333e-06 0 0 1
Step 217 0.217 0.001 1 2.44138e-06 0 0 1
Step 218 0.218 0.001 1 3.10103e-05 0 0 1
Step 219 0.219 0.001 1 9.1253e-05 0 0 1
Step 220 0.22 0.001 2 5.01844e-08 0 0 1
Step 221 0.221 0.001 2 3.65553e-08 0 0 1
Step 222 0.222 0.001 2 3.54305e-08 0 0 1
Step 223 0.223 0.001 2 3.73566e-08 0 0 1
Step 224 0.224 0.001 2 5.81103e-08 0 0 1
Step 225 0.225 0.001 2 6.13501e-08 0 0 1
Step 226 0.226 0.001 2 6.18773e-08 0 0 1
Step 227 0.227 0.001 2 6.4234e-08 0 0 1
Step 228 0.228 0.001 2 5.93253e-08 0 0 1
Step 229 0.229 0.001 2 6.07474e-08 0 0 1
Step 230 0.23 0.001 2 1.70266e-07 0 0 1
Step 231 0.231 0.001 2 1.44474e-06 0 0 1
Step 232 0.232 0.001 2 1.21549e-07 0 0 1
Step 233 0.233 0.001 2 8.65486e-08 0 0 1
Step 234 0.234 0.001 2 4.71985e-08 0 0 1
Step 235 0.235 0.001 2 6.85521e-08 0 0 1
Step 236 0.236 0.001 2 4.90103e-08 0 0 1
Step 237 0.237 0.001 2 5.92213e-08 0 0 1
Step 238 0.238 0.001 2 3.75231e-08 0 0 1
Step 239 0.239 0.001 2 5.19253e-08 0 0 1
Step 240 0.24 0.001 2 4.96618e-08 0 0 1
Step 241 0.241 0.001 2 4.2816e-08 0 0 1
Step 242 0.242 0.001 2 5.7684e-08 0 0 1
Step 243 0.243 0.001 2 6.94123e-08 0 0 1
Step 244 0.244 0.001 2 3.54231e-08 0 0 1
Step 245 0.245 0.001 2 4.0076e-08 0 0 1
Step 246 0.246 0.001 1 3.62155e-05 0 0 1
Step 247 0.247 0.001 1 4.88774e-06 0 0 1
Step 248 0.248 0.001 1 9.09662e-06 0 0 1
Step 249 0.249 0.001 1 5.12818e-05 0 0 1
Step 250 0.25 0.001 2 7.53763e-08 0 0 1
Step 251 0.251 0.001 2 4.83514e-08 0 0 1
Step 252 0.252 0.001 2 4.58691e-08 0 0 1
Step 253 0.253 0.001 2 4.90932e-08 0 0 1
Step 254 0.254 0.001 2 4.71928e-08 0 0 1
Step 255 0.255 0.001 2 4.06863e-08 0 0 1
Step 256 0.256 0.001 2 4.53424e-08 0 0 1
Step 257 0.257 0.001 2 6.37748e-08 0 0 1
Step 258 0.258 0.001 2 6.2215e-08 0 0 1
Step 259 0.259 0.001 2 5.34252e-08 0 0 1
Step 260 0.26 0.001 2 1.20895e-07 0 0 1
Step 261 0.261 0.001 2 2.84445e-07 0 0 1
Step 262 0.262 0.001 2 1.10445e-06 0 0 1
Step 263 0.263 0.001 2 7.0892e-08 0 0 1
Step 264 0.264 0.001 2 4.65218e-08 0 0 1
Step 265 0.265 0.001 2 6.63492e-08 0 0 1
Step 266 0.266 0.001 2 5.71749e-08 0 0 1
Step 267 0.267 0.001 2 6.43006e-08 0 0 1
Step 268 0.268 0.001 2 6.59111e-08 0 0 1
Step 269 0.269 0.001 2 6.30869e-08 0 0 1
Step 270 0.27 0.001 2 5.16693e-08 0 0 1
Step 271 0.271 0.001 2 3.96908e-08 0 0 1
Step 272 0.272 0.001 2 3.8185e-08 0 0 1
Step 273 0.273 0.001 2 4.69456e-08 0 0 1
Step 274 0.274 0.001 2 4.02792e-08 0 0 1
Step 275 0.275 0.001 2 3.15156e-08 0 0 1
Step 276 0.276 0.001 1 7.15555e-05 0 0 1
Step 277 0.277 0.001 1 1.6737e-05 0 0 1
Step 278 0.278 0.001 1 1.88465e-07 0 0 1
Step 279 0.279 0.001 1 2.30918e-05 0 0 1
Step 280 0.28 0.001 1 8.44458e-05 0 0 1
Step 281 0.281 0.001 2 4.1517e-08 0 0 1
Step 282 0.282 0.001 2 4.05149e-08 0 0 1
Step 283 0.283 0.001 2 3.74619e-08 0 0 1
Step 284 0.284 0.001 2 4.7661e-08 0 0 1
Step 285 0.285 0.001 2 6.07096e-08 0 0 1
Step 286 0.286 0.001 2 4.70034e-08 0 0 1
Step 287 0.287 0.001 2 5.54824e-08 0 0 1
Step 288 0.288 0.001 2 5.51922e-08 0 0 1
Step 289 0.289 0.001 2 6.39053e-08 0 0 1
Step 290 0.29 0.001 2 6.74859e-08 0 0 1
Step 291 0.291 0.001 2 5.69432e-08 0 0 1
Step 292 0.292 0.001 2 6.54084e-07 0 0 1
Step 293 0.293 0.001 2 8.99094e-08 0 0 1
Step 294 0.294 0.001 2 9.47451e-08 0 0 1
Step 295 0.295 0.001 2 7.12646e-08 0 0 1
Step 296 0.296 0.001 2 6.4253e-08 0 0 1
Step 297 0.297 0.001 2 5.85383e-08 0 0 1
Step 298 0.298 0.001 2 3.38894e-08 0 0 1
Step 299 0.299 0.001 2 5.32941e-08 0 0 1
Step 300 0.3 0.001 2 4.75197e-08 0 0 1
Step 301 0.301 0.001 2 5.41403e-08 0 0 1
Step 302 0.302 0.001 2 4.41615e-08 0 0 1
Step 303 0.303 0.001 2 5.68535e-08 0 0 1
Step 304 0.304 0.001 2 4.01085e-08 0 0 1
Step 305 0.305 0.001 2 3.72266e-08 0 0 1
Step 306 0.306 0.001 2 3.85451e-08 0 0 1
Step 307 0.307 0.001 1 7.00514e-05 0 0 1
Step 308 0.308 0.001 1 1.61741e-05 0 0 1
Step 309 0.309 0.001 1 2.17716e-06 0 0 1
Step 310 0.31 0.001 1 3.15389e-05 0 0 1
Step 311 0.311 0.001 2 3.27101e-08 0 0 1
Step 312 0.312 0.001 2 4.87052e-08 0 0 1
Step 313 0.313 0.001 2 3.73567e-08 0 0 1
Step 314 0.314 0.001 2 4.98666e-08 0 0 1
Step 315 0.315 0.001 2 5.72555e-08 0 0 1
Step 316 0.316 0.001 2 5.44586e-08 0 0 1
Step 317 0.317 0.001 2 5.39515e-08 0 0 1
Step 318 0.318 0.001 2 5.55343e-08 0 0 1
Step 319 0.319 0.001 2 8.32125e-08 0 0 1
Step 320 0.32 0.001 2 1.01012e-07 0 0 1
Step 321 0.321 0.001 2 7.82376e-08 0 0 1
Step 322 0.322 0.001 2 1.11773e-07 0 0 1
Step 323 0.323 0.001 2 5.0666e-07 0 0 1
Step 324 0.324 0.001 2 1.8694e-07 0 0 1
Step 325 0.325 0.001 2 5.55117e-08 0 0 1
Step 326 0.326 0.001 2 7.04011e-08 0 0 1
Step 327 0.327 0.001 2 5.98568e-08 0 0 1
Step 328 0.328 0.001 2 6.73234e-08 0 0 1
Step 329 0.329 0.001 2 6.54385e-08 0 0 1
Step 330 0.33 0.001 2 9.26066e-08 0 0 1
Step 331 0.331 0.001 2 6.8095e-08 0 0 1
Step 332 0.332 0.001 2 5.4576e-08 0 0 1
Step 333 0.333 0.001 2 6.31757e-08 0 0 1
Step 334 0.334 0.001 2 4.62468e-08 0 0 1
Step 335 0.335 0.001 2 4.45137e-08 0 0 1
Step 336 0.336 0.001 2 4.87244e-08 0 0 1
Step 337 0.337 0.001 2 7.90106e-08 0 0 1
Step 338 0.338 0.001 1 4.53039e-05 0 0 1
Step 339 0.339 0.001 1 4.51017e-06 0 0 1
Step 340 0.34 0.001 1 6.61478e-06 0 0 1
Step 341 0.341 0.001 1 5.13157e-05 0 0 1
Step 342 0.342 0.001 2 3.96444e-08 0 0 1
Step 343 0.343 0.001 2 4.30144e-08 0 0 1
Step 344 0.344 0.001 2 3.31724e-08 0 0 1
Step 345 0.345 0.001 2 5.44964e-08 0 0 1
Step 346 0.346 0.001 2 3.39935e-08 0 0 1
Step 347 0.347 0.001 2 5.24141e-08 0 0 1
Step 348 0.348 0.001 2 7.76124e-08 0 0 1
Step 349 0.349 0.001 2 6.71849e-08 0 0 1
Step 350 0.35 0.001 2 6.52732e-08 0 0 1
Step 351 0.351 0.001 2 5.19906e-08 0 0 1
Step 352 0.352 0.001 2 8.48725e-08 0 0 1
Step 353 0.353 0.001 2 9.97953e-08 0 0 1
Step 354 0.354 0.001 2 2.35867e-06 0 0 1
Step 355 0.355 0.001 2 1.61024e-07 0 0 1
Step 356 0.356 0.001 2 5.3069e-08 0 0 1
Step 357 0.357 0.001 2 5.84114e-08 0 0 1
Step 358 0.358 0.001 2 5.56763e-08 0 0 1
Step 359 0.359 0.001 2 4.30462e-08 0 0 1
Step 360 0.36 0.001 2 6.29479e-08 0 0 1
Step 361 0.361 0.001 2 5.64731e-08 0 0 1
Step 362 0.362 0.001 2 5.73705e-08 0 0 1
Step 363 0.363 0.001 2 4.57831e-08 0 0 1
Step 364 0.364 0.001 2 4.95199e-08 0 0 1
Step 365 0.365 0.001 2 4.50724e-08 0 0 1
Step 366 0.366 0.001 2 4.31019e-08 0 0 1
Step 367 0.367 0.001 2 3.59803e-08 0 0 1
Step 368 0.368 0.001 2 4.1259e-08 0 0 1
Step 369 0.369 0.001 1 5.03843e-05 0 0 1
Step 370 0.37 0.001 1 6.80349e-06 0 0 1
Step 371 0.371 0.001 1 7.64321e-06 0 0 1
Step 372 0.372 0.001 1 5.39846e-05 0 0 1
Step 373 0.373 0.001 2 4.42276e-08 0 0 1
Step 374 0.374 0.001 2 2.97489e-08 0 0 1
Step 375 0.375 0.001 2 4.26848e-08 0 0 1
Step 376 0.376 0.001 2 4.21095e-08 0 0 1
Step 377 0.377 0.001 2 3.50219e-08 0 0 1
Step 378 0.378 0.001 2 4.29916e-08 0 0 1
Step 379 0.379 0.001 2 7.16915e-08 0 0 1
Step 380 0.38 0.001 2 7.06643e-08 0 0 1
Step 381 0.381 0.001 2 8.15052e-08 0 0 1
Step 382 0.382 0.001 2 1.01736e-07 0 0 1
Step 383 0.383 0.001 2 9.54434e-08 0 0 1
Step 384 0.384 0.001 2 2.08642e-07 0 0 1
Step 385 0.385 0.001 2 1.83846e-06 0 0 1
Step 386 0.386 0.001 2 9.19304e-08 0 0 1
Step 387 0.387 0.001 2 7.22106e-08 0 0 1
Step 388 0.388 0.001 2 7.26778e-08 0 0 1
Step 389 0.389 0.001 2 6.02241e-08 0 0 1
Step 390 0.39 0.001 2 6.41173e-08 0 0 1
Step 391 0.391 0.001 2 7.84118e-08 0 0 1
Step 392 0.392 0.001 2 7.32272e-08 0 0 1
Step 393 0.393 0.001 2 6.6079e-08 0 0 1
Step 394 0.394 0.001 2 4.42369e-08 0 0 1
Step 395 0.395 0.001 2 4.2594e-08 0 0 1
Step 396 0.396 0.001 2 3.25826e-08 0 0 1
Step 397 0.397 0.001 2 4.99198e-08 0 0 1
Step 398 0.398 0.001 2 5.08853e-08 0 0 1
Step 399 0.399 0.001 2 3.47916e-08 0 0 1
Step 400 0.4 0.001 1 4.04492e-05 0 0 1
Step 401 0.401 0.001 1 1.01253e-06 0 0 1
Step 402 0.402 0.001 1 1.471e-05 0 0 1
Step 403 0.403 0.001 1 7.16659e-05 0 0 1
Step 404 0.404 0.001 2 4.1192e-08 0 0 1
Step 405 0.405 0.001 2 6.16793e-08 0 0 1
Step 406 0.406 0.001 2 4.49613e-08 0 0 1
Step 407 0.407 0.001 2 4.76438e-08 0 0 1
Step 408 0.408 0.001 2 4.87392e-08 0 0 1
Step 409 0.409 0.001 2 5.00908e-08 0 0 1
Step 410 0.41 0.001 2 7.8742e-08 0 0 1
Step 411 0.411 0.001 2 6.84083e-08 0 0 1
Step 412 0.412 0.001 2 7.90793e-08 0 0 1
Step 413 0.413 0.001 2 7.11692e-08 0 0 1
Step 414 0.414 0.001 2 9.62703e-08 0 0 1
Step 415 0.415 0.001 2 2.41414e-07 0 0 1
Step 416 0.416 0.001 2 4.96129e-07 0 0 1
Step 417 0.417 0.001 2 7.43743e-08 0 0 1
Step 418 0.418 0.001 2 8.25018e-08 0 0 1
Step 419 0.419 0.001 2 6.14402e-08 0 0 1
Step 420 0.42 0.001 2 6.89682e-08 0 0 1
Step 421 0.421 0.001 2 6.29051e-08 0 0 1
Step 422 0.422 0.001 2 5.30555e-08 0 0 1
Step 423 0.423 0.001 2 5.30629e-08 0 0 1
Step 424 0.424 0.001 2 5.98981e-08 0 0 1
Step 425 0.425 0.001 2 5.32366e-08 0 0 1
Step 426 0.426 0.001 2 5.35594e-08 0 0 1
Step 427 0.427 0.001 2 4.78306e-08 0 0 1
Step 428 0.428 0.001 2 3.40656e-08 0 0 1
Step 429 0.429 0.001 2 7.09737e-08 0 0 1
Step 430 0.43 0.001 2 4.36617e-08 0 0 1
Step 431 0.431 0.001 1 4.02958e-05 0 0 1
Step 432 0.432 0.001 1 3.68345e-06 0 0 1
Step 433 0.433 0.001 1 1.18413e-05 0 0 1
Step 434 0.434 0.001 1 6.51348e-05 0 0 1
Step 435 0.435 0.001 2 3.10461e-08 0 0 1
Step 436 0.436 0.001 2 3.55641e-08 0 0 1
Step 437 0.437 0.001 2 6.59822e-08 0 0 1
Step 438 0.438 0.001 2 4.68666e-08 0 0 1
Step 439 0.439 0.001 2 4.16905e-08 0 0 1
Step 440 0.44 0.001 2 5.70651e-08 0 0 1
Step 441 0.441 0.001 2 8.17622e-08 0 0 1
Step 442 0.442 0.001 2 5.90778e-08 0 0 1
Step 443 0.443 0.001 2 7.01794e-08 0 0 1
Step 444 0.444 0.001 2 9.43699e-08 0 0 1
Step 445 0.445 0.001 2 1.24948e-07 0 0 1
Step 446 0.446 0.001 2 2.93279e-07 0 0 1
Step 447 0.447 0.001 2 2.07932e-07 0 0 1
Step 448 0.448 0.001 2 8.43684e-08 0 0 1
Step 449 0.449 0.001 2 4.87812e-08 0 0 1
Step 450 0.45 0.001 2 6.94714e-08 0 0 1
Step 451 0.451 0.001 2 6.23133e-08 0 0 1
Step 452 0.452 0.001 2 6.38662e-08 0 0 1
Step 453 0.453 0.001 2 6.86947e-08 0 0 1
Step 454 0.454 0.001 2 6.91432e-08 0 0 1
Step 455 0.455 0.001 2 5.71401e-08 0 0 1
Step 456 0.456 0.001 2 4.47299e-08 0 0 1
Step 457 0.457 0.001 2 6.64874e-08 0 0 1
Step 458 0.458 0.001 2 4.08113e-08 0 0 1
Step 459 0.459 0.001 2 5.45924e-08 0 0 1
Step 460 0.46 0.001 2 5.04052e-08 0 0 1
Step 461 0.461 0.001 1 9.75096e-05 0 0 1
Step 462 0.462 0.001 1 3.10809e-05 0 0 1
Step 463 0.463 0.001 1 5.83323e-07 0 0 1
Step 464 0.464 0.001 1 1.73329e-05 0 0 1
Step 465 0.465 0.001 1 7.64083e-05 0 0 1
Step 466 0.466 0.001 2 4.55725e-08 0 0 1
Step 467 0.467 0.001 2 4.63511e-08 0 0 1
Step 468 0.468 0.001 2 4.20488e-08 0 0 1
Step 469 0.469 0.001 2 4.03685e-08 0 0 1
Step 470 0.47 0.001 2 4.55146e-08 0 0 1
Step 471 0.471 0.001 2 5.72165e-08 0 0 1
Step 472 0.472 0.001 2 5.65505e-08 0 0 1
Step 473 0.473 0.001 2 7.65e-08 0 0 1
Step 474 0.474 0.001 2 6.78701e-08 0 0 1
Step 475 0.475 0.001 2 7.75292e-08 0 0 1
Step 476 0.476 0.001 2 9.73771e-08 0 0 1
Step 477 0.477 0.001 2 2.21708e-07 0 0 1
Step 478 0.478 0.001 2 2.52747e-07 0 0 1
Step 479 0.479 0.001 2 1.12037e-07 0 0 1
Step 480 0.48 0.001 2 7.66741e-08 0 0 1
Step 481 0.481 0.001 2 6.34848e-08 0 0 1
Step 482 0.482 0.001 2 5.90862e-08 0 0 1
Step 483 0.483 0.001 2 6.5559e-08 0 0 1
Step 484 0.484 0.001 2 7.10023e-08 0 0 1
Step 485 0.485 0.001 2 7.26384e-08 0 0 1
Step 486 0.486 0.001 2 6.3982e-08 0 0 1
Step 487 0.487 0.001 2 6.6631e-08 0 0 1
Step 488 0.488 0.001 2 5.57633e-08 0 0 1
Step 489 0.489 0.001 2 5.20923e-08 0 0 1
Step 490 0.49 0.001 2 7.026e-08 0 0 1
Step 491 0.491 0.001 2 3.8297e-08 0 0 1
Step 492 0.492 0.001 2 3.58966e-08 0 0 1
Step 493 0.493 0.001 1 4.01208e-05 0 0 1
Step 494 0.494 0.001 1 3.55614e-06 0 0 1
Step 495 0.495 0.001 1 1.08877e-05 0 0 1
Step 496 0.496 0.001 1 6.22464e-05 0 0 1
Step 497 0.497 0.001 2 4.51017e-08 0 0 1
Step 498 0.498 0.001 2 3.9963e-08 0 0 1
Step 499 0.499 0.001 2 5.72116e-08 0 0 1
Step 500 0.5 0.001 2 4.02765e-08 0 0 1
Step 501 0.501 0.001 2 4.17496e-08 0 0 1
Step 502 0.502 0.001 2 4.76194e-08 0 0 1
Step 503 0.503 0.001 2 6.05127e-08 0 0 1
Step 504 0.504 0.001 2 6.16372e-08 0 0 1
Step 505 0.505 0.001 2 8.8248e-08 0 0 1
Step 506 0.506 0.001 2 8.19652e-08 0 0 1
Step 507 0.507 0.001 2 8.00846e-08 0 0 1
Step 508 0.508 0.001 2 3.17717e-07 0 0 1
Step 509 0.509 0.001 2 3.61343e-07 0 0 1
Step 510 0.51 0.001 2 8.57592e-08 0 0 1
Step 511 0.511 0.001 2 7.65544e-08 0 0 1
Step 512 0.512 0.001 2 4.88523e-08 0 0 1
Step 513 0.513 0.001 2 8.0436e-08 0 0 1
Step 514 0.514 0.001 2 8.17025e-08 0 0 1
Step 515 0.515 0.001 2 6.14701e-08 0 0 1
Step 516 0.516 0.001 2 5.09873e-08 0 0 1
Step 517 0.517 0.001 2 6.53258e-08 0 0 1
Step 518 0.518 0.001 2 5.87933e-08 0 0 1
Step 519 0.519 0.001 2 3.69135e-08 0 0 1
Step 520 0.52 0.001 2 4.52217e-08 0 0 1
Step 521 0.521 0.001 2 5.41904e-08 0 0 1
Step 522 0.522 0.001 2 4.33546e-08 0 0 1
Step 523 0.523 0.001 2 3.45575e-08 0 0 1
Step 524 0.524 0.001 1 3.15475e-05 0 0 1
Step 525 0.525 0.001 1 1.25779e-06 0 0 1
Step 526 0.526 0.001 1 1.35073e-05 0 0 1
Step 527 0.527 0.001 1 6.67557e-05 0 0 1
Step 528 0.528 0.001 2 4.22922e-08 0 0 1
Step 529 0.529 0.001 2 7.18899e-08 0 0 1
Step 530 0.53 0.001 2 4.86449e-08 0 0 1
Step 531 0.531 0.001 2 3.95034e-08 0 0 1
Step 532 0.532 0.001 2 5.46332e-08 0 0 1
Step 533 0.533 0.001 2 5.84691e-08 0 0 1
Step 534 0.534 0.001 2 5.98063e-08 0 0 1
Step 535 0.535 0.001 2 6.40404e-08 0 0 1
Step 536 0.536 0.001 2 5.58106e-08 0 0 1
Step 537 0.537 0.001 2 7.83157e-08 0 0 1
Step 538 0.538 0.001 2 7.08343e-08 0 0 1
Step 539 0.539 0.001 2 1.42742e-07 0 0 1
Step 540 0.54 0.001 2 1.97552e-06 0 0 1
Step 541 0.541 0.001 2 8.29457e-08 0 0 1
Step 542 0.542 0.001 2 7.96904e-08 0 0 1
Step 543 0.543 0.001 2 7.89885e-08 0 0 1
Step 544 0.544 0.001 2 6.62644e-08 0 0 1
Step 545 0.545 0.001 2 4.20263e-08 0 0 1
Step 546 0.546 0.001 2 7.14588e-08 0 0 1
Step 547 0.547 0.001 2 5.84625e-08 0 0 1
Step 548 0.548 0.001 2 5.79439e-08 0 0 1
Step 549 0.549 0.001 2 7.52801e-08 0 0 1
Step 550 0.55 0.001 2 5.54039e-08 0 0 1
Step 551 0.551 0.001 2 4.35202e-08 0 0 1
Step 552 0.552 0.001 2 2.6078e-08 0 0 1
Step 553 0.553 0.001 2 5.58299e-08 0 0 1
Step 554 0.554 0.001 2 5.97187e-08 0 0 1
Step 555 0.555 0.001 1 4.76585e-05 0 0 1
Step 556 0.556 0.001 1 6.19281e-06 0 0 1
Step 557 0.557 0.001 1 6.1901e-06 0 0 1
Step 558 0.558 0.001 1 4.8682e-05 0 0 1
Step 559 0.559 0.001 2 5.09548e-08 0 0 1
Step 560 0.56 0.001 2 4.48682e-08 0 0 1
Step 561 0.561 0.001 2 4.71629e-08 0 0 1
Step 562 0.562 0.001 2 3.61599e-08 0 0 1
Step 563 0.563 0.001 2 4.30817e-08 0 0 1
Step 564 0.564 0.001 2 4.95106e-08 0 0 1
Step 565 0.565 0.001 2 5.11842e-08 0 0 1
Step 566 0.566 0.001 2 6.69745e-08 0 0 1
Step 567 0.567 0.001 2 7.10246e-08 0 0 1
Step 568 0.568 0.001 2 7.12638e-08 0 0 1
Step 569 0.569 0.001 2 4.95677e-08 0 0 1
Step 570 0.57 0.001 2 8.74028e-08 0 0 1
Step 571 0.571 0.001 2 9.55323e-07 0 0 1
Step 572 0.572 0.001 2 1.48838e-07 0 0 1
Step 573 0.573 0.001 2 8.70229e-08 0 0 1
Step 574 0.574 0.001 2 6.67988e-08 0 0 1
Step 575 0.575 0.001 2 5.49002e-08 0 0 1
Step 576 0.576 0.001 2 6.05636e-08 0 0 1
Step 577 0.577 0.001 2 6.70871e-08 0 0 1
Step 578 0.578 0.001 2 6.49121e-08 0 0 1
Step 579 0.579 0.001 2 6.60987e-08 0 0 1
Step 580 0.58 0.001 2 5.38488e-08 0 0 1
Step 581 0.581 0.001 2 6.03518e-08 0 0 1
Step 582 0.582 0.001 2 7.49196e-08 0 0 1
Step 583 0.583 0.001 2 4.11788e-08 0 0 1
Step 584 0.584 0.001 2 4.09539e-08 0 0 1
Step 585 0.585 0.001 2 4.8217e-08 0 0 1
Step 586 0.586 0.001 1 4.28076e-05 0 0 1
Step 587 0.587 0.001 1 4.44498e-06 0 0 1
Step 588 0.588 0.001 1 6.62949e-06 0 0 1
Step 589 0.589 0.001 1 4.84318e-05 0 0 1
Step 590 0.59 0.001 2 3.89707e-08 0 0 1
Step 591 0.591 0.001 2 4.42563e-08 0 0 1
Step 592 0.592 0.001 2 4.76484e-08 0 0 1
Step 593 0.593 0.001 2 4.60001e-08 0 0 1
Step 594 0.594 0.001 2 5.12843e-08 0 0 1
Step 595 0.595 0.001 2 5.53312e-08 0 0 1
Step 596 0.596 0.001 2 6.03515e-08 0 0 1
Step 597 0.597 0.001 2 6.23866e-08 0 0 1
Step 598 0.598 0.001 2 4.68953e-08 0 0 1
Step 599 0.599 0.001 2 6.33222e-08 0 0 1
Step 600 0.6 0.001 2 6.20913e-08 0 0 1
Step 601 0.601 0.001 2 1.19158e-07 0 0 1
Step 602 0.602 0.001 2 1.57649e-06 0 0 1
Step 603 0.603 0.001 2 1.48448e-07 0 0 1
Step 604 0.604 0.001 2 6.70676e-08 0 0 1
Step 605 0.605 0.001 2 7.07862e-08 0 0 1
Step 606 0.606 0.001 2 6.49188e-08 0 0 1
Step 607 0.607 0.001 2 7.15745e-08 0 0 1
Step 608 0.608 0.001 2 6.34785e-08 0 0 1
Step 609 0.609 0.001 2 7.39411e-08 0 0 1
Step 610 0.61 0.001 2 5.49042e-08 0 0 1
Step 611 0.611 0.001 2 5.21535e-08 0 0 1
Step 612 0.612 0.001 2 4.63676e-08 0 0 1
Step 613 0.613 0.001 2 4.10191e-08 0 0 1
Step 614 0.614 0.001 2 4.60189e-08 0 0 1
Step 615 0.615 0.001 2 3.2491e-08 0 0 1
Step 616 0.616 0.001 2 4.11913e-08 0 0 1
Step 617 0.617 0.001 1 6.4809e-05 0 0 1
Step 618 0.618 0.001 1 1.36036e-05 0 0 1
Step 619 0.619 0.001 1 1.51357e-06 0 0 1
Step 620 0.62 0.001 1 3.04522e-05 0 0 1
Step 621 0.621 0.001 1 9.86844e-05 0 0 1
Step 622 0.622 0.001 2 4.06826e-08 0 0 1
Step 623 0.623 0.001 2 3.22329e-08 0 0 1
Step 624 0.624 0.001 2 4.17311e-08 0 0 1
Step 625 0.625 0.001 2 5.72272e-08 0 0 1
Step 626 0.626 0.001 2 6.68667e-08 0 0 1
Step 627 0.627 0.001 2 6.87018e-08 0 0 1
Step 628 0.628 0.001 2 6.69586e-08 0 0 1
Step 629 0.629 0.001 2 5.57111e-08 0 0 1
Step 630 0.63 0.001 2 7.33749e-08 0 0 1
Step 631 0.631 0.001 2 7.5619e-08 0 0 1
Step 632 0.632 0.001 2 1.65094e-07 0 0 1
Step 633 0.633 0.001 2 5.2301e-07 0 0 1
Step 634 0.634 0.001 2 2.56418e-07 0 0 1
Step 635 0.635 0.001 2 9.48406e-08 0 0 1
Step 636 0.636 0.001 2 5.20622e-08 0 0 1
Step 637 0.637 0.001 2 8.48115e-08 0 0 1
Step 638 0.638 0.001 2 6.07516e-08 0 0 1
Step 639 0.639 0.001 2 7.10934e-08 0 0 1
Step 640 0.64 0.001 2 6.06933e-08 0 0 1
Step 641 0.641 0.001 2 5.33787e-08 0 0 1
Step 642 0.642 0.001 2 5.33285e-08 0 0 1
Step 643 0.643 0.001 2 4.20902e-08 0 0 1
Step 644 0.644 0.001 2 3.4246e-08 0 0 1
Step 645 0.645 0.001 2 4.08388e-08 0 0 1
Step 646 0.646 0.001 2 3.84328e-08 0 0 1
Step 647 0.647 0.001 2 5.88657e-08 0 0 1
Step 648 0.648 0.001 1 6.29884e-05 0 0 1
Step 649 0.649 0.001 1 1.28764e-05 0 0 1
Step 650 0.65 0.001 1 1.29133e-06 0 0 1
Step 651 0.651 0.001 1 2.79915e-05 0 0 1
Step 652 0.652 0.001 1 9.19151e-05 0 0 1
Step 653 0.653 0.001 2 4.10023e-08 0 0 1
Step 654 0.654 0.001 2 4.06115e-08 0 0 1
Step 655 0.655 0.001 2 5.19508e-08 0 0 1
Step 656 0.656 0.001 2 4.49048e-08 0 0 1
Step 657 0.657 0.001 2 5.62733e-08 0 0 1
Step 658 0.658 0.001 2 5.01909e-08 0 0 1
Step 659 0.659 0.001 2 6.47578e-08 0 0 1
Step 660 0.66 0.001 2 5.56054e-08 0 0 1
Step 661 0.661 0.001 2 6.02858e-08 0 0 1
Step 662 0.662 0.001 2 8.79625e-08 0 0 1
Step 663 0.663 0.001 2 1.2176e-07 0 0 1
Step 664 0.664 0.001 2 4.1566e-07 0 0 1
Step 665 0.665 0.001 2 2.21413e-07 0 0 1
Step 666 0.666 0.001 2 8.64202e-08 0 0 1
Step 667 0.667 0.001 2 5.39682e-08 0 0 1
Step 668 0.668 0.001 2 6.25149e-08 0 0 1
Step 669 0.669 0.001 2 4.02822e-08 0 0 1
Step 670 0.67 0.001 2 5.90775e-08 0 0 1
Step 671 0.671 0.001 2 5.42499e-08 0 0 1
Step 672 0.672 0.001 2 7.57266e-08 0 0 1
Step 673 0.673 0.001 2 7.00485e-08 0 0 1
Step 674 0.674 0.001 2 5.90186e-08 0 0 1
Step 675 0.675 0.001 2 5.10731e-08 0 0 1
Step 676 0.676 0.001 2 4.12551e-08 0 0 1
Step 677 0.677 0.001 2 5.18363e-08 0 0 1
Step 678 0.678 0.001 2 5.67016e-08 0 0 1
Step 679 0.679 0.001 1 9.18986e-05 0 0 1
Step 680 0.68 0.001 1 2.86722e-05 0 0 1
Step 681 0.681 0.001 1 1.65109e-06 0 0 1
Step 682 0.682 0.001 1 1.36363e-05 0 0 1
Step 683 0.683 0.001 1 6.44536e-05 0 0 1
Step 684 0.684 0.001 2 5.27547e-08 0 0 1
Step 685 0.685 0.001 2 2.57558e-08 0 0 1
Step 686 0.686 0.001 2 5.18488e-08 0 0 1
Step 687 0.687 0.001 2 4.26131e-08 0 0 1
Step 688 0.688 0.001 2 5.05902e-08 0 0 1
Step 689 0.689 0.001 2 6.63304e-08 0 0 1
Step 690 0.69 0.001 2 5.18057e-08 0 0 1
Step 691 0.691 0.001 2 4.85832e-08 0 0 1
Step 692 0.692 0.001 2 7.46871e-08 0 0 1
Step 693 0.693 0.001 2 7.65269e-08 0 0 1
Step 694 0.694 0.001 2 9.28696e-08 0 0 1
Step 695 0.695 0.001 2 3.79762e-07 0 0 1
Step 696 0.696 0.001 2 4.05823e-07 0 0 1
Step 697 0.697 0.001 2 8.96362e-08 0 0 1
Step 698 0.698 0.001 2 6.11689e-08 0 0 1
Step 699 0.699 0.001 2 5.82705e-08 0 0 1
Step 700 0.7 0.001 2 6.05491e-08 0 0 1
Step 701 0.701 0.001 2 5.3293e-08 0 0 1
Step 702 0.702 0.001 2 5.51269e-08 0 0 1
Step 703 0.703 0.001 2 4.90814e-08 0 0 1
Step 704 0.704 0.001 2 5.16167e-08 0 0 1
Step 705 0.705 0.001 2 4.00873e-08 0 0 1
Step 706 0.706 0.001 2 6.14361e-08 0 0 1
Step 707 0.707 0.001 2 3.68514e-08 0 0 1
Step 708 0.708 0.001 2 3.77726e-08 0 0 1
Step 709 0.709 0.001 2 3.78439e-08 0 0 1
Step 710 0.71 0.001 1 9.31388e-05 0 0 1
Step 711 0.711 0.001 1 2.92225e-05 0 0 1
Step 712 0.712 0.001 1 1.33065e-06 0 0 1
Step 713 0.713 0.001 1 1.1069e-05 0 0 1
Step 714 0.714 0.001 1 5.72018e-05 0 0 1
Step 715 0.715 0.001 2 4.52689e-08 0 0 1
Step 716 0.716 0.001 2 4.50384e-08 0 0 1
Step 717 0.717 0.001 2 5.44884e-08 0 0 1
Step 718 0.718 0.001 2 3.8795e-08 0 0 1
Step 719 0.719 0.001 2 5.31616e-08 0 0 1
Step 720 0.72 0.001 2 6.25818e-08 0 0 1
Step 721 0.721 0.001 2 5.47357e-08 0 0 1
Step 722 0.722 0.001 2 3.88808e-08 0 0 1
Step 723 0.723 0.001 2 4.48751e-08 0 0 1
Step 724 0.724 0.001 2 7.8947e-08 0 0 1
Step 725 0.725 0.001 2 5.59389e-08 0 0 1
Step 726 0.726 0.001 2 1.45283e-07 0 0 1
Step 727 0.727 0.001 2 6.98961e-07 0 0 1
Step 728 0.728 0.001 2 1.71907e-07 0 0 1
Step 729 0.729 0.001 2 5.62566e-08 0 0 1
Step 730 0.73 0.001 2 6.62002e-08 0 0 1
Step 731 0.731 0.001 2 7.69113e-08 0 0 1
Step 732 0.732 0.001 2 4.88426e-08 0 0 1
Step 733 0.733 0.001 2 6.98002e-08 0 0 1
Step 734 0.734 0.001 2 5.1878e-08 0 0 1
Step 735 0.735 0.001 2 5.69783e-08 0 0 1
Step 736 0.736 0.001 2 5.35125e-08 0 0 1
Step 737 0.737 0.001 2 4.37386e-08 0 0 1
Step 738 0.738 0.001 2 4.01523e-08 0 0 1
Step 739 0.739 0.001 2 6.97361e-08 0 0 1
Step 740 0.74 0.001 2 3.27722e-08 0 0 1
Step 741 0.741 0.001 2 3.45e-08 0 0 1
Step 742 0.742 0.001 1 5.17283e-05 0 0 1
Step 743 0.743 0.001 1 8.92601e-06 0 0 1
Step 744 0.744 0.001 1 2.8849e-06 0 0 1
Step 745 0.745 0.001 1 3.47419e-05 0 0 1
Step 746 0.746 0.001 2 4.50352e-08 0 0 1
Step 747 0.747 0.001 2 4.37533e-08 0 0 1
Step 748 0.748 0.001 2 6.93079e-08 0 0 1
Step 749 0.749 0.001 2 4.89443e-08 0 0 1
Step 750 0.75 0.001 2 4.57659e-08 0 0 1
Step 751 0.751 0.001 2 6.5178e-08 0 0 1
Step 752 0.752 0.001 2 5.8852e-08 0 0 1
Step 753 0.753 0.001 2 6.63441e-08 0 0 1
Step 754 0.754 0.001 2 5.94077e-08 0 0 1
Step 755 0.755 0.001 2 7.57902e-08 0 0 1
Step 756 0.756 0.001 2 7.2955e-08 0 0 1
Step 757 0.757 0.001 2 1.23918e-07 0 0 1
Step 758 0.758 0.001 2 3.36669e-07 0 0 1
Step 759 0.759 0.001 2 1.2897e-07 0 0 1
Step 760 0.76 0.001 2 7.504e-08 0 0 1
Step 761 0.761 0.001 2 6.28871e-08 0 0 1
Step 762 0.762 0.001 2 5.07486e-08 0 0 1
Step 763 0.763 0.001 2 6.84412e-08 0 0 1
Step 764 0.764 0.001 2 5.89483e-08 0 0 1
Step 765 0.765 0.001 2 4.64579e-08 0 0 1
Step 766 0.766 0.001 2 6.22987e-08 0 0 1
Step 767 0.767 0.001 2 7.84638e-08 0 0 1
Step 768 0.768 0.001 2 5.46999e-08 0 0 1
Step 769 0.769 0.001 2 3.58152e-08 0 0 1
Step 770 0.77 0.001 2 5.76733e-08 0 0 1
Step 771 0.771 0.001 2 5.94853e-08 0 0 1
Step 772 0.772 0.001 2 4.40655e-08 0 0 1
Step 773 0.773 0.001 1 5.48442e-05 0 0 1
Step 774 0.774 0.001 1 1.01844e-05 0 0 1
Step 775 0.775 0.001 1 1.58793e-06 0 0 1
Step 776 0.776 0.001 1 2.88407e-05 0 0 1
Step 777 0.777 0.001 1 9.07591e-05 0 0 1
Step 778 0.778 0.001 2 6.95759e-08 0 0 1
Step 779 0.779 0.001 2 5.22162e-08 0 0 1
Step 780 0.78 0.001 2 4.64875e-08 0 0 1
Step 781 0.781 0.001 2 4.56994e-08 0 0 1
Step 782 0.782 0.001 2 5.063e-08 0 0 1
Step 783 0.783 0.001 2 4.26185e-08 0 0 1
Step 784 0.784 0.001 2 7.68824e-08 0 0 1
Step 785 0.785 0.001 2 4.61263e-08 0 0 1
Step 786 0.786 0.001 2 7.32168e-08 0 0 1
Step 787 0.787 0.001 2 8.36981e-08 0 0 1
Step 788 0.788 0.001 2 9.7708e-08 0 0 1
Step 789 0.789 0.001 2 5.17162e-07 0 0 1
Step 790 0.79 0.001 2 3.12664e-07 0 0 1
Step 791 0.791 0.001 2 5.49803e-08 0 0 1
Step 792 0.792 0.001 2 6.05947e-08 0 0 1
Step 793 0.793 0.001 2 6.46266e-08 0 0 1
Step 794 0.794 0.001 2 4.96877e-08 0 0 1
Step 795 0.795 0.001 2 5.22046e-08 0 0 1
Step 796 0.796 0.001 2 5.37408e-08 0 0 1
Step 797 0.797 0.001 2 5.57247e-08 0 0 1
Step 798 0.798 0.001 2 5.45375e-08 0 0 1
Step 799 0.799 0.001 2 4.21268e-08 0 0 1
Step 800 0.8 0.001 2 6.04983e-08 0 0 1
Step 801 0.801 0.001 2 5.00207e-08 0 0 1
Step 802 0.802 0.001 2 6.91545e-08 0 0 1
Step 803 0.803 0.001 2 3.88735e-08 0 0 1
Step 804 0.804 0.001 1 8.54597e-05 0 0 1
Step 805 0.805 0.001 1 2.5912e-05 0 0 1
Step 806 0.806 0.001 1 1.49472e-06 0 0 1
Step 807 0.807 0.001 1 1.34047e-05 0 0 1
Step 808 0.808 0.001 1 6.18668e-05 0 0 1
Step 809 0.809 0.001 2 4.03231e-08 0 0 1
Step 810 0.81 0.001 2 3.51676e-08 0 0 1
Step 811 0.811 0.001 2 3.48708e-08 0 0 1
Step 812 0.812 0.001 2 3.85885e-08 0 0 1
Step 813 0.813 0.001 2 3.48887e-08 0 0 1
Step 814 0.814 0.001 2 4.83291e-08 0 0 1
Step 815 0.815 0.001 2 5.4021e-08 0 0 1
Step 816 0.816 0.001 2 7.85646e-08 0 0 1
Step 817 0.817 0.001 2 6.7589e-08 0 0 1
Step 818 0.818 0.001 2 5.26624e-08 0 0 1
Step 819 0.819 0.001 2 5.68544e-08 0 0 1
Step 820 0.82 0.001 2 5.23369e-07 0 0 1
Step 821 0.821 0.001 2 3.37752e-07 0 0 1
Step 822 0.822 0.001 2 7.71515e-08 0 0 1
Step 823 0.823 0.001 2 8.07416e-08 0 0 1
Step 824 0.824 0.001 2 5.18805e-08 0 0 1
Step 825 0.825 0.001 2 5.78677e-08 0 0 1
Step 826 0.826 0.001 2 6.06039e-08 0 0 1
Step 827 0.827 0.001 2 5.99154e-08 0 0 1
Step 828 0.828 0.001 2 6.39857e-08 0 0 1
Step 829 0.829 0.001 2 5.57179e-08 0 0 1
Step 830 0.83 0.001 2 7.47139e-08 0 0 1
Step 831 0.831 0.001 2 4.47286e-08 0 0 1
Step 832 0.832 0.001 2 5.40826e-08 0 0 1
Step 833 0.833 0.001 2 5.00862e-08 0 0 1
Step 834 0.834 0.001 2 6.76858e-08 0 0 1
Step 835 0.835 0.001 1 9.07972e-05 0 0 1
Step 836 0.836 0.001 1 2.9286e-05 0 0 1
Step 837 0.837 0.001 1 1.48128e-06 0 0 1
Step 838 0.838 0.001 1 9.65347e-06 0 0 1
Step 839 0.839 0.001 1 5.24691e-05 0 0 1
Step 840 0.84 0.001 2 4.71734e-08 0 0 1
Step 841 0.841 0.001 2 4.45111e-08 0 0 1
Step 842 0.842 0.001 2 5.27555e-08 0 0 1
Step 843 0.843 0.001 2 6.84661e-08 0 0 1
Step 844 0.844 0.001 2 5.75396e-08 0 0 1
Step 845 0.845 0.001 2 6.3262e-08 0 0 1
Step 846 0.846 0.001 2 5.33046e-08 0 0 1
Step 847 0.847 0.001 2 4.86768e-08 0 0 1
Step 848 0.848 0.001 2 6.84575e-08 0 0 1
Step 849 0.849 0.001 2 6.31387e-08 0 0 1
Step 850 0.85 0.001 2 5.60976e-08 0 0 1
Step 851 0.851 0.001 2 1.02472e-07 0 0 1
Step 852 0.852 0.001 2 6.49702e-07 0 0 1
Step 853 0.853 0.001 2 1.30368e-07 0 0 1
Step 854 0.854 0.001 2 5.36362e-08 0 0 1
Step 855 0.855 0.001 2 4.08451e-08 0 0 1
Step 856 0.856 0.001 2 5.45203e-08 0 0 1
Step 857 0.857 0.001 2 5.19391e-08 0 0 1
Step 858 0.858 0.001 2 5.67523e-08 0 0 1
Step 859 0.859 0.001 2 6.12178e-08 0 0 1
Step 860 0.86 0.001 2 4.49059e-08 0 0 1
Step 861 0.861 0.001 2 6.82289e-08 0 0 1
Step 862 0.862 0.001 2 5.14602e-08 0 0 1
Step 863 0.863 0.001 2 4.82706e-08 0 0 1
Step 864 0.864 0.001 2 4.94133e-08 0 0 1
Step 865 0.865 0.001 2 4.39881e-08 0 0 1
Step 866 0.866 0.001 2 5.6335e-08 0 0 1
Step 867 0.867 0.001 1 5.29236e-05 0 0 1
Step 868 0.868 0.001 1 9.99993e-06 0 0 1
Step 869 0.869 0.001 1 2.15027e-06 0 0 1
Step 870 0.87 0.001 1 3.07327e-05 0 0 1
Step 871 0.871 0.001 1 9.42933e-05 0 0 1
Step 872 0.872 0.001 2 3.9871e-08 0 0 1
Step 873 0.873 0.001 2 4.45621e-08 0 0 1
Step 874 0.874 0.001 2 3.03127e-08 0 0 1
Step 875 0.875 0.001 2 5.50169e-08 0 0 1
Step 876 0.876 0.001 2 3.76914e-08 0 0 1
Step 877 0.877 0.001 2 6.42858e-08 0 0 1
Step 878 0.878 0.001 2 4.04076e-08 0 0 1
Step 879 0.879 0.001 2 6.34385e-08 0 0 1
Step 880 0.88 0.001 2 6.72585e-08 0 0 1
Step 881 0.881 0.001 2 8.51893e-08 0 0 1
Step 882 0.882 0.001 2 9.64146e-08 0 0 1
Step 883 0.883 0.001 2 2.46966e-07 0 0 1
Step 884 0.884 0.001 2 9.17587e-08 0 0 1
Step 885 0.885 0.001 2 1.2448e-07 0 0 1
Step 886 0.886 0.001 2 5.54569e-08 0 0 1
Step 887 0.887 0.001 2 5.6573e-08 0 0 1
Step 888 0.888 0.001 2 5.12945e-08 0 0 1
Step 889 0.889 0.001 2 5.58357e-08 0 0 1
Step 890 0.89 0.001 2 7.16319e-08 0 0 1
Step 891 0.891 0.001 2 5.52643e-08 0 0 1
Step 892 0.892 0.001 2 6.01991e-08 0 0 1
Step 893 0.893 0.001 2 5.79757e-08 0 0 1
Step 894 0.894 0.001 2 5.2794e-08 0 0 1
Step 895 0.895 0.001 2 4.79809e-08 0 0 1
Step 896 0.896 0.001 2 3.53577e-08 0 0 1
Step 897 0.897 0.001 2 4.01079e-08 0 0 1
Step 898 0.898 0.001 1 5.77945e-05 0 0 1
Step 899 0.899 0.001 1 1.19868e-05 0 0 1
Step 900 0.9 0.001 1 8.74085e-07 0 0 1
Step 901 0.901 0.001 1 2.44389e-05 0 0 1
Step 902 0.902 0.001 1 8.17724e-05 0 0 1
Step 903 0.903 0.001 2 4.06554e-08 0 0 1
Step 904 0.904 0.001 2 4.47363e-08 0 0 1
Step 905 0.905 0.001 2 3.54394e-08 0 0 1
Step 906 0.906 0.001 2 3.09563e-08 0 0 1
Step 907 0.907 0.001 2 5.28251e-08 0 0 1
Step 908 0.908 0.001 2 4.79532e-08 0 0 1
Step 909 0.909 0.001 2 6.08674e-08 0 0 1
Step 910 0.91 0.001 2 6.64515e-08 0 0 1
Step 911 0.911 0.001 2 6.71753e-08 0 0 1
Step 912 0.912 0.001 2 5.89105e-08 0 0 1
Step 913 0.913 0.001 2 6.80243e-08 0 0 1
Step 914 0.914 0.001 2 3.64293e-07 0 0 1
Step 915 0.915 0.001 2 2.17374e-07 0 0 1
Step 916 0.916 0.001 2 8.373e-08 0 0 1
Step 917 0.917 0.001 2 5.76623e-08 0 0 1
Step 918 0.918 0.001 2 6.95249e-08 0 0 1
Step 919 0.919 0.001 2 6.86212e-08 0 0 1
Step 920 0.92 0.001 2 5.98867e-08 0 0 1
Step 921 0.921 0.001 2 5.6847e-08 0 0 1
Step 922 0.922 0.001 2 4.07402e-08 0 0 1
Step 923 0.923 0.001 2 4.99986e-08 0 0 1
Step 924 0.924 0.001 2 4.66717e-08 0 0 1
Step 925 0.925 0.001 2 5.23692e-08 0 0 1
Step 926 0.926 0.001 2 3.34904e-08 0 0 1
Step 927 0.927 0.001 2 3.77499e-08 0 0 1
Step 928 0.928 0.001 2 5.39537e-08 0 0 1
Step 929 0.929 0.001 1 8.99444e-05 0 0 1
Step 930 0.93 0.001 1 3.00644e-05 0 0 1
Step 931 0.931 0.001 1 2.1887e-06 0 0 1
Step 932 0.932 0.001 1 1.06191e-05 0 0 1
Step 933 0.933 0.001 1 5.47724e-05 0 0 1
Step 934 0.934 0.001 2 4.80119e-08 0 0 1
Step 935 0.935 0.001 2 3.24944e-08 0 0 1
Step 936 0.936 0.001 2 4.98877e-08 0 0 1
Step 937 0.937 0.001 2 3.626e-08 0 0 1
Step 938 0.938 0.001 2 6.61656e-08 0 0 1
Step 939 0.939 0.001 2 6.55183e-08 0 0 1
Step 940 0.94 0.001 2 6.65042e-08 0 0 1
Step 941 0.941 0.001 2 5.72043e-08 0 0 1
Step 942 0.942 0.001 2 8.32835e-08 0 0 1
Step 943 0.943 0.001 2 5.44739e-08 0 0 1
Step 944 0.944 0.001 2 7.6496e-08 0 0 1
Step 945 0.945 0.001 2 3.32697e-07 0 0 1
Step 946 0.946 0.001 2 9.68233e-07 0 0 1
Step 947 0.947 0.001 2 9.53301e-08 0 0 1
Step 948 0.948 0.001 2 6.92578e-08 0 0 1
Step 949 0.949 0.001 2 5.48918e-08 0 0 1
Step 950 0.95 0.001 2 5.87148e-08 0 0 1
Step 951 0.951 0.001 2 6.09001e-08 0 0 1
Step 952 0.952 0.001 2 5.73991e-08 0 0 1
Step 953 0.953 0.001 2 6.38999e-08 0 0 1
Step 954 0.954 0.001 2 6.3348e-08 0 0 1
Step 955 0.955 0.001 2 4.45544e-08 0 0 1
Step 956 0.956 0.001 2 4.07077e-08 0 0 1
Step 957 0.957 0.001 2 4.91647e-08 0 0 1
Step 958 0.958 0.001 2 5.46431e-08 0 0 1
Step 959 0.959 0.001 2 6.30388e-08 0 0 1
Step 960 0.96 0.001 1 9.65112e-05 0 0 1
Step 961 0.961 0.001 1 3.27127e-05 0 0 1
Step 962 0.962 0.001 1 2.53221e-06 0 0 1
Step 963 0.963 0.001 1 7.13532e-06 0 0 1
Step 964 0.964 0.001 1 4.5951e-05 0 0 1
Step 965 0.965 0.001 2 8.27611e-08 0 0 1
Step 966 0.966 0.001 2 6.52201e-08 0 0 1
Step 967 0.967 0.001 2 6.75912e-08 0 0 1
Step 968 0.968 0.001 2 5.5856e-08 0 0 1
Step 969 0.969 0.001 2 6.08823e-08 0 0 1
Step 970 0.97 0.001 2 5.0277e-08 0 0 1
Step 971 0.971 0.001 2 4.91971e-08 0 0 1
Step 972 0.972 0.001 2 5.62167e-08 0 0 1
Step 973 0.973 0.001 2 5.31172e-08 0 0 1
Step 974 0.974 0.001 2 6.47572e-08 0 0 1
Step 975 0.975 0.001 2 9.08902e-08 0 0 1
Step 976 0.976 0.001 2 2.11462e-07 0 0 1
Step 977 0.977 0.001 2 4.90616e-07 0 0 1
Step 978 0.978 0.001 2 1.07109e-07 0 0 1
Step 979 0.979 0.001 2 9.23804e-08 0 0 1
Step 980 0.98 0.001 2 6.87239e-08 0 0 1
Step 981 0.981 0.001 2 4.78602e-08 0 0 1
Step 982 0.982 0.001 2 3.87388e-08 0 0 1
Step 983 0.983 0.001 2 4.96887e-08 0 0 1
Step 984 0.984 0.001 2 5.07393e-08 0 0 1
Step 985 0.985 0.001 2 4.92898e-08 0 0 1
Step 986 0.986 0.001 2 5.40466e-08 0 0 1
Step 987 0.987 0.001 2 4.53476e-08 0 0 1
Step 988 0.988 0.001 2 4.06735e-08 0 0 1
Step 989 0.989 0.001 2 2.58794e-08 0 0 1
Step 990 0.99 0.001 2 5.58769e-08 0 0 1
Step 991 0.991 0.001 2 4.83697e-08 0 0 1
Step 992 0.992 0.001 1 5.78924e-05 0 0 1
Step 993 0.993 0.001 1 1.24644e-05 0 0 1
Step 994 0.994 0.001 1 1.30581e-06 0 0 1
Step 995 0.995 0.001 1 2.62762e-05 0 0 1
Step 996 0.996 0.001 1 8.58406e-05 0 0 1
Step 997 0.997 0.001 2 3.96281e-08 0 0 1
Step 998 0.998 0.001 2 4.95593e-08 0 0 1
Step 999 0.999 0.001 2 4.31716e-08 0 0 1
Step 1000 1 0.001 2 4.93147e-08 0 0 1
Info: 0, success BALANC="P" ILO=14 IHI=351 ABNRM=5.91914e+08 BBNRM=5.92269e+08
Mode n.       Real           Imag             Damp %     Freq Hz
      14:     -40.6136 +            0 j             100               0
      15:     -1.07684 +      119.652 j        0.899935         19.0432
      16:     -1.07684 +     -119.652 j        0.899935        -19.0432
      17:      -4.6565 +      106.153 j         4.38238         16.8947
      18:      -4.6565 +     -106.153 j         4.38238        -16.8947
      19:     -2.89592 +      196.609 j         1.47277         31.2914
      20:     -2.89592 +     -196.609 j         1.47277        -31.2914
      21:     -6.87989 +      302.825 j         2.27132         48.1961
      22:     -6.87989 +     -302.825 j         2.27132        -48.1961
      23:     -140.512 +      260.471 j         47.4775         41.4553
      24:     -140.512 +     -260.471 j         47.4775        -41.4553
      25:     -10.8741 +       322.42 j         3.37073         51.3148
      26:     -10.8741 +      -322.42 j         3.37073        -51.3148
      27:     -44.7835 +      771.996 j         5.79126         122.867
      28:     -44.7835 +     -771.996 j         5.79126        -122.867
      29:       -9.082 +      347.865 j         2.60989         55.3644
      30:       -9.082 +     -347.865 j         2.60989        -55.3644
      31:     -14.2631 +      435.709 j         3.27178         69.3452
      32:     -14.2631 +     -435.709 j         3.27178        -69.3452
      33:     -9.08203 +      347.865 j          2.6099         55.3644
      34:     -9.08203 +     -347.865 j          2.6099        -55.3644
      35:     -16.4765 +      464.861 j         3.54217         73.9849
      36:     -16.4765 +     -464.861 j         3.54217        -73.9849
      37:     -177.672 +      548.197 j         30.8314         87.2482
      38:     -177.672 +     -548.197 j         30.8314        -87.2482
      39:     -1842.96 +            0 j             100               0
      40:     -591.259 +      2745.87 j         21.0502         437.019
      41:     -591.259 +     -2745.87 j         21.0502        -437.019
      42:     -640.223 +      2599.15 j         23.9171         413.668
      43:     -640.223 +     -2599.15 j         23.9171        -413.668
      44:     -689.443 +       2951.8 j         22.7446         469.793
      45:     -689.443 +      -2951.8 j         22.7446        -469.793
      46:     -1115.59 +         3692 j         28.9249           587.6
      47:     -1115.59 +        -3692 j         28.9249          -587.6
      48:     -1751.35 +      4503.14 j         36.2469         716.697
      49:     -1751.35 +     -4503.14 j         36.2469        -716.697
      50:      -1177.2 +      3716.45 j         30.1968         591.491
      51:      -1177.2 +     -3716.45 j         30.1968        -591.491
      52:     -1256.83 +      3896.01 j         30.7013         620.069
      53:     -1256.83 +     -3896.01 j         30.7013        -620.069
      54:     -1162.41 +      3761.34 j         29.5263         598.636
      55:     -1162.41 +     -3761.34 j         29.5263        -598.636
      56:      -1162.4 +      3761.31 j         29.5262         598.631
      57:      -1162.4 +     -3761.31 j         29.5262        -598.631
      58:     -1303.53 +       3896.6 j         31.7248         620.164
      59:     -1303.53 +      -3896.6 j         31.7248        -620.164
      60:     -1302.18 +      3954.28 j         31.2786         629.344
      61:     -1302.18 +     -3954.28 j         31.2786        -629.344
      62:     -3127.08 +      4583.94 j         56.3542         729.556
      63:     -3127.08 +     -4583.94 j         56.3542        -729.556
      64:     -3384.29 +      5802.59 j         50.3809         923.511
      65:     -3384.29 +     -5802.59 j         50.3809        -923.511
      66:     -3391.39 +      5762.42 j         50.7212         917.118
      67:     -3391.39 +     -5762.42 j         50.7212        -917.118
      68:     -3540.68 +      5888.35 j         51.5316          937.16
      69:     -3540.68 +     -5888.35 j         51.5316         -937.16
      70:     -3540.84 +      5888.44 j         51.5327         937.174
      71:     -3540.84 +     -5888.44 j         51.5327        -937.174
      72:     -6841.02 +      6665.35 j         71.6243         1060.82
      73:     -6841.02 +     -6665.35 j         71.6243        -1060.82
      74:     -7889.43 +      6553.23 j         76.9241         1042.98
      75:     -7889.43 +     -6553.23 j         76.9241        -1042.98
      76:     -6911.84 +      6512.26 j         72.7832         1036.46
      77:     -6911.84 +     -6512.26 j         72.7832        -1036.46
      78:     -11675.7 +      4396.24 j         93.5858         699.684
      79:     -11675.7 +     -4396.24 j         93.5858        -699.684
      80:     -10073.6 +      5730.41 j         86.9205         912.023
      81:     -10073.6 +     -5730.41 j         86.9205        -912.023
      82:     -22714.7 +            0 j             100               0
      83:       -10317 +      5553.31 j         88.0542         883.836
      84:       -10317 +     -5553.31 j         88.0542        -883.836
      85:     -10560.4 +       5411.4 j         88.9961         861.252
      86:     -10560.4 +      -5411.4 j         88.9961        -861.252
      87:     -10654.5 +      5332.15 j         89.4262         848.639
      88:     -10654.5 +     -5332.15 j         89.4262        -848.639
      89:       -10580 +      5393.29 j         89.0921         858.368
      90:       -10580 +     -5393.29 j         89.0921        -858.368
      91:     -10457.6 +      5483.94 j         88.5618         872.796
      92:     -10457.6 +     -5483.94 j         88.5618        -872.796
      93:       -10458 +      5483.61 j         88.5637         872.744
      94:       -10458 +     -5483.61 j         88.5637        -872.744
      95:     -40446.6 +            0 j             100               0
      96:     -8345.85 +            0 j             100               0
      97:     -7982.39 +            0 j             100               0
      98:     -52616.4 +            0 j             100               0
      99:     -50550.4 +            0 j             100               0
     100:     -48897.4 +            0 j             100               0
     101:     -48896.9 +            0 j             100               0
     102:     -65640.5 +            0 j             100               0
     103:     -85127.8 +            0 j             100               0
     104:     -91326.7 +            0 j             100               0
     105:      -109244 +            0 j             100               0
     106:     -62605.6 +            0 j             100               0
     107:      -104067 +            0 j             100               0
     108:     -60939.4 +            0 j             100               0
     109:     -60553.2 +            0 j             100               0
     110:       -60563 +            0 j             100               0
     111:     -60718.4 +            0 j             100               0
     112:     -60705.6 +            0 j             100               0
     113:      -148626 +            0 j             100               0
     114:      -167027 +            0 j             100               0
     115:     -7634.06 +            0 j             100               0
     116:     -7641.14 +            0 j             100               0
     117:     -7719.08 +            0 j             100               0
     118:     -7719.09 +            0 j             100               0
     119:     -7420.82 +            0 j             100               0
     120:      -220141 +            0 j             100               0
     121:      -244540 +            0 j             100               0
     122:      -229025 +            0 j             100               0
     123:      -280308 +            0 j             100               0
     124:      -253896 +            0 j             100               0
     125:      -315795 +            0 j             100               0
     126:      -358592 +            0 j             100               0
     127:      -341569 +            0 j             100               0
     128:      -372988 +            0 j             100               0
     129:      -441311 +            0 j             100               0
     130:      -581369 +            0 j             100               0
     131:     -7232.29 +            0 j             100               0
     132:     -7100.19 +            0 j             100               0
     133:     -7443.77 +            0 j             100               0
     134:     -7186.21 +            0 j             100               0
     135:     -7484.26 +            0 j             100               0
     136:     -7489.94 +            0 j             100               0
     137:     -7490.41 +            0 j             100               0
     138:     -7491.02 +            0 j             100               0
     139:     -7489.09 +            0 j             100               0
     140:     -6979.52 +            0 j             100               0
     141:     -7002.88 +            0 j             100               0
     142:     -6913.42 +            0 j             100               0
     143:     -6875.27 +            0 j             100               0
     144:     -6852.63 +            0 j             100               0
     145:     -6551.82 +            0 j             100               0
     146:     -6828.55 +            0 j             100               0
     147:     -6851.24 +            0 j             100               0
     148:      -826462 +            0 j             100               0
     149:      -899995 +            0 j             100               0
     150:     -6822.39 +            0 j             100               0
     151:     -6792.69 +            0 j             100               0
     152:     -6805.96 +            0 j             100               0
     153:     -6788.07 +            0 j             100               0
     154:     -6771.27 +            0 j             100               0
     155:     -6744.35 +            0 j             100               0
     156: -1.14851e+06 +            0 j             100               0
     157: -1.06479e+06 +            0 j             100               0
     158:      -972263 +            0 j             100               0
     159:      -972658 +            0 j             100               0
     160:      -961173 +            0 j             100               0
     161:      -961257 +            0 j             100               0
     162: -1.06451e+06 +            0 j             100               0
     163: -1.35228e+06 +            0 j             100               0
     164: -1.35802e+06 +            0 j             100               0
     165:     -6723.06 +            0 j             100               0
     166: -1.68746e+06 +            0 j             100               0
     167: -1.86941e+06 +            0 j             100               0
     168:      -6719.5 +            0 j             100               0
     169:     -6715.29 +            0 j             100               0
     170:     -6712.69 +    0.0450766 j             100      0.00717416
     171:     -6712.69 +   -0.0450766 j             100     -0.00717416
     172:     -6713.23 +   0.00678547 j             100      0.00107994
     173:     -6713.23 +  -0.00678547 j             100     -0.00107994
     174: -1.91464e+06 +            0 j             100               0
     175:     -6705.57 +            0 j             100               0
     176:     -6708.69 +            0 j             100               0
     177:     -6708.69 +            0 j             100               0
     178:     -6699.59 +            0 j             100               0
     179:     -6693.18 +            0 j             100               0
     180:     -6699.61 +            0 j             100               0
     181:     -6690.39 +            0 j             100               0
     182: -2.28849e+06 +            0 j             100               0
     183: -2.30765e+06 +            0 j             100               0
     184: -2.20409e+06 +            0 j             100               0
     185: -2.17766e+06 +            0 j             100               0
     186:  -2.1684e+06 +            0 j             100               0
     187: -2.18654e+06 +            0 j             100               0
     188: -2.65069e+06 +            0 j             100               0
     189: -2.56117e+06 +            0 j             100               0
     190: -2.58446e+06 +            0 j             100               0
     191:  -2.8045e+06 +            0 j             100               0
     192:     -6689.75 +            0 j             100               0
     193: -2.85881e+06 +            0 j             100               0
     194: -3.00332e+06 +            0 j             100               0
     195: -3.05617e+06 +            0 j             100               0
     196:     -6686.95 +     0.612816 j             100       0.0975327
     197:     -6686.95 +    -0.612816 j             100      -0.0975327
     198:     -6685.98 +            0 j             100               0
     199:     -6686.94 +     0.558369 j             100       0.0888671
     200:     -6686.94 +    -0.558369 j             100      -0.0888671
     201:     -6686.14 +            0 j             100               0
     202: -3.12807e+06 +            0 j             100               0
     203:     -6684.01 +            0 j             100               0
     204: -3.20839e+06 +      11452.4 j         99.9994          1822.7
     205: -3.20839e+06 +     -11452.4 j         99.9994         -1822.7
     206: -3.24944e+06 +            0 j             100               0
     207: -3.37373e+06 +      25144.8 j         99.9972         4001.92
     208: -3.37373e+06 +     -25144.8 j         99.9972        -4001.92
     209: -3.44119e+06 +            0 j             100               0
     210: -3.48727e+06 +            0 j             100               0
     211: -3.57879e+06 +            0 j             100               0
     212: -3.92739e+06 +            0 j             100               0
     213: -4.24311e+06 +       109184 j         99.9669         17377.1
     214: -4.24311e+06 +      -109184 j         99.9669        -17377.1
     215: -4.84562e+06 +       267606 j         99.8479         42590.7
     216: -4.84562e+06 +      -267606 j         99.8479        -42590.7
     217: -4.49321e+06 +            0 j             100               0
     218: -5.10478e+06 +            0 j             100               0
     219: -4.32097e+06 +            0 j             100               0
     220: -4.63606e+06 +            0 j             100               0
     221: -4.83144e+06 +            0 j             100               0
     222: -4.81931e+06 +            0 j             100               0
     223: -4.06736e+06 +            0 j             100               0
     224: -3.76877e+06 +            0 j             100               0
     225: -5.53839e+06 +            0 j             100               0
     226: -5.83933e+06 +       112103 j         99.9816         17841.7
     227: -5.83933e+06 +      -112103 j         99.9816        -17841.7
     228: -3.67151e+06 +            0 j             100               0
     229: -3.77147e+06 +            0 j             100               0
     230: -3.69695e+06 +            0 j             100               0
     231: -3.69484e+06 +            0 j             100               0
     232: -3.75596e+06 +            0 j             100               0
     233: -7.62069e+06 +            0 j             100               0
     234: -7.54406e+06 +      47703.3 j          99.998         7592.22
     235: -7.54406e+06 +     -47703.3 j          99.998        -7592.22
     236: -7.51267e+06 +            0 j             100               0
     237: -7.47317e+06 +            0 j             100               0
     238: -3.69559e+06 +            0 j             100               0
     239: -7.53127e+06 +            0 j             100               0
     240: -7.30443e+06 +            0 j             100               0
     241: -7.26228e+06 +            0 j             100               0
     242: -7.15154e+06 +       180796 j         99.9681         28774.6
     243: -7.15154e+06 +      -180796 j         99.9681        -28774.6
     244: -6.20017e+06 +            0 j             100               0
     245: -6.17447e+06 +            0 j             100               0
     246: -6.18296e+06 +            0 j             100               0
     247: -6.23191e+06 +            0 j             100               0
     248: -6.22467e+06 +            0 j             100               0
     249: -6.77365e+06 +            0 j             100               0
     250: -7.20018e+06 +            0 j             100               0
     251: -7.19571e+06 +            0 j             100               0
     252: -6.99767e+06 +       117582 j         99.9859         18713.8
     253: -6.99767e+06 +      -117582 j         99.9859        -18713.8
     254: -6.82334e+06 +            0 j             100               0
     255: -6.82364e+06 +            0 j             100               0
     256: -6.83127e+06 +            0 j             100               0
     257: -6.22108e+06 +            0 j             100               0
     258: -6.61479e+06 +            0 j             100               0
     259: -6.46648e+06 +            0 j             100               0
     260: -6.48027e+06 +            0 j             100               0
     261:     -6683.68 +     0.182287 j             100       0.0290119
     262:     -6683.68 +    -0.182287 j             100      -0.0290119
     263:      -6681.8 +     0.457985 j             100       0.0728906
     264:      -6681.8 +    -0.457985 j             100      -0.0728906
     265:     -6682.11 +            0 j             100               0
     266:     -6680.37 +     0.976105 j             100        0.155352
     267:     -6680.37 +    -0.976105 j             100       -0.155352
     268:     -6680.78 +     0.693997 j             100        0.110453
     269:     -6680.78 +    -0.693997 j             100       -0.110453
     270:     -6679.58 +    0.0827715 j             100       0.0131735
     271:     -6679.58 +   -0.0827715 j             100      -0.0131735
     272:     -6679.89 +     0.442746 j             100       0.0704652
     273:     -6679.89 +    -0.442746 j             100      -0.0704652
     274: -6.26115e+06 +            0 j             100               0
     275: -7.12909e+06 +            0 j             100               0
     276: -6.72755e+06 +            0 j             100               0
     277: -6.71353e+06 +            0 j             100               0
     278: -6.55026e+06 +            0 j             100               0
     279:     -6679.11 +            0 j             100               0
     280:      -6676.4 +       1.0658 j             100        0.169628
     281:      -6676.4 +      -1.0658 j             100       -0.169628
     282:     -6678.17 +            0 j             100               0
     283:     -6678.41 +            0 j             100               0
     284:     -6678.65 +            0 j             100               0
     285:     -6678.65 +            0 j             100               0
     286:     -6678.06 +            0 j             100               0
     287:      -6677.1 +            0 j             100               0
     288:     -6675.87 +     0.693729 j             100         0.11041
     289:     -6675.87 +    -0.693729 j             100        -0.11041
     290:     -6678.63 +            0 j             100               0
     291:      -6677.3 +            0 j             100               0
     292:     -6676.41 +     0.269738 j             100       0.0429301
     293:     -6676.41 +    -0.269738 j             100      -0.0429301
     294:     -6676.44 +            0 j             100               0
     295:     -6675.75 +            0 j             100               0
     296:     -6678.65 +            0 j             100               0
     297:     -6678.59 +            0 j             100               0
     298:      -6678.6 +            0 j             100               0
     299:     -6674.78 +            0 j             100               0
     300:     -6672.75 +     0.820907 j             100        0.130651
     301:     -6672.75 +    -0.820907 j             100       -0.130651
     302:     -6672.55 +     0.158657 j             100       0.0252511
     303:     -6672.55 +    -0.158657 j             100      -0.0252511
     304:      -6672.9 +     0.877607 j             100        0.139675
     305:      -6672.9 +    -0.877607 j             100       -0.139675
     306:     -6672.87 +     0.863313 j             100        0.137401
     307:     -6672.87 +    -0.863313 j             100       -0.137401
     308:      -6672.9 +     0.868023 j             100         0.13815
     309:      -6672.9 +    -0.868023 j             100        -0.13815
     310:     -6673.29 +     0.849251 j             100        0.135162
     311:     -6673.29 +    -0.849251 j             100       -0.135162
     312:     -6674.62 +            0 j             100               0
     313:     -6673.57 +     0.886194 j             100        0.141042
     314:     -6673.57 +    -0.886194 j             100       -0.141042
     315:     -6673.51 +     0.869773 j             100        0.138429
     316:     -6673.51 +    -0.869773 j             100       -0.138429
     317:     -6674.47 +            0 j             100               0
     318:     -6672.54 +            0 j             100               0
     319:     -6672.66 +            0 j             100               0
     320: -7.14528e+06 +            0 j             100               0
     321: -6.35185e+06 +            0 j             100               0
     322: -6.84228e+06 +            0 j             100               0
     323:  -7.0127e+06 +            0 j             100               0
     324:     -6673.53 +     0.851239 j             100        0.135479
     325:     -6673.53 +    -0.851239 j             100       -0.135479
     326:        -6674 +            0 j             100               0
     327:     -6672.75 +            0 j             100               0
     328:     -6672.59 +            0 j             100               0
     329:     -6673.84 +            0 j             100               0
     330:     -6672.94 +            0 j             100               0
     331:     -6673.74 +            0 j             100               0
     332:     -6673.87 +            0 j             100               0
     333:     -6673.87 +            0 j             100               0
     334:     -6673.13 +            0 j             100               0
     335:     -6672.72 +            0 j             100               0
     336:     -6673.31 +            0 j             100               0
     337:     -6673.17 +            0 j             100               0
     338:     -6672.83 +            0 j             100               0
     339: -6.45497e+06 +            0 j             100               0
     340:     -6673.88 +            0 j             100               0
     341:     -6673.76 +            0 j             100               0
     342:     -6673.24 +            0 j             100               0
     343:     -6672.99 +            0 j             100               0
     344:     -6673.02 +            0 j             100               0
     345:     -6673.65 +            0 j             100               0
     346: -6.79515e+06 +            0 j             100               0
     347:     -6673.73 +            0 j             100               0
     348: -6.62652e+06 +            0 j             100               0
     349:     -6673.85 +            0 j             100               0
     350: -6.78166e+06 +            0 j             100               0
     351: -7.07713e+06 +            0 j             100               0
